<?xml version="1.0" encoding="UTF-8"?>
<testsuite name="TaxiForSureBookingsTest"
           tests="3"
           failures="1"
           errors="0"
           skipped="0"
           time="60.084">
  <properties />
            <testcase name="afterMethodconfig" time="0.000" classname="com.taxiforsure.testCases.PointToPointBookingsTest">
                <failure type="java.lang.ExceptionInInitializerError"
                  message="(null)"
              >
<![CDATA[java.lang.ExceptionInInitializerError
  com.taxiforsure.projectCommonLib.ProjectCommonUtils.logOut(ProjectCommonUtils.java:83)
  com.taxiforsure.testCases.PointToPointBookingsTest.afterMethodconfig(PointToPointBookingsTest.java:148)
  sun.reflect.NativeMethodAccessorImpl.invoke0(Native Method)
  sun.reflect.NativeMethodAccessorImpl.invoke(Unknown Source)
  sun.reflect.DelegatingMethodAccessorImpl.invoke(Unknown Source)
  java.lang.reflect.Method.invoke(Unknown Source)
  org.testng.internal.MethodInvocationHelper.invokeMethod(MethodInvocationHelper.java:84)
  org.testng.internal.Invoker.invokeConfigurationMethod(Invoker.java:564)
  org.testng.internal.Invoker.invokeConfigurations(Invoker.java:213)
  org.testng.internal.Invoker.invokeConfigurations(Invoker.java:138)
  org.testng.internal.TestMethodWorker.invokeAfterClassMethods(TestMethodWorker.java:225)
  org.testng.internal.TestMethodWorker.run(TestMethodWorker.java:114)
  java.util.concurrent.ThreadPoolExecutor.runWorker(Unknown Source)
  java.util.concurrent.ThreadPoolExecutor$Worker.run(Unknown Source)
  java.lang.Thread.run(Unknown Source)
Caused by: org.openqa.selenium.NoSuchElementException: Unable to locate element: {"method":"xpath","selector":".//*[@id='topList']/li[3]/a/em"}
Command duration or timeout: 20.12 seconds
For documentation on this error, please visit: http://seleniumhq.org/exceptions/no_such_element.html
Build info: version: '2.42.2', revision: '6a6995d', time: '2014-06-03 17:42:30'
System info: host: 'SABYA-TI8237', ip: '192.168.19.1', os.name: 'Windows 7', os.arch: 'x86', os.version: '6.1', java.version: '1.7.0_65'
Session ID: fe841cb3-4b2e-451e-8212-82aed982d577
Driver info: org.openqa.selenium.firefox.FirefoxDriver
Capabilities [{platform=XP, databaseEnabled=true, cssSelectorsEnabled=true, javascriptEnabled=true, acceptSslCerts=true, handlesAlerts=true, browserName=firefox, webStorageEnabled=true, nativeEvents=false, rotatable=false, locationContextEnabled=true, applicationCacheEnabled=true, takesScreenshot=true, version=31.0}]
  sun.reflect.NativeConstructorAccessorImpl.newInstance0(Native Method)
  sun.reflect.NativeConstructorAccessorImpl.newInstance(Unknown Source)
  sun.reflect.DelegatingConstructorAccessorImpl.newInstance(Unknown Source)
  java.lang.reflect.Constructor.newInstance(Unknown Source)
  org.openqa.selenium.remote.ErrorHandler.createThrowable(ErrorHandler.java:204)
  org.openqa.selenium.remote.ErrorHandler.throwIfResponseFailed(ErrorHandler.java:156)
  org.openqa.selenium.remote.RemoteWebDriver.execute(RemoteWebDriver.java:599)
  org.openqa.selenium.remote.RemoteWebDriver.findElement(RemoteWebDriver.java:352)
  org.openqa.selenium.remote.RemoteWebDriver.findElementByXPath(RemoteWebDriver.java:449)
  org.openqa.selenium.By$ByXPath.findElement(By.java:357)
  org.openqa.selenium.remote.RemoteWebDriver.findElement(RemoteWebDriver.java:344)
  com.taxiforsure.pagelib.CommonPage.<clinit>(CommonPage.java:10)
  com.taxiforsure.projectCommonLib.ProjectCommonUtils.logOut(ProjectCommonUtils.java:83)
  com.taxiforsure.testCases.PointToPointBookingsTest.afterMethodconfig(PointToPointBookingsTest.java:148)
  sun.reflect.NativeMethodAccessorImpl.invoke0(Native Method)
  sun.reflect.NativeMethodAccessorImpl.invoke(Unknown Source)
  sun.reflect.DelegatingMethodAccessorImpl.invoke(Unknown Source)
  java.lang.reflect.Method.invoke(Unknown Source)
  org.testng.internal.MethodInvocationHelper.invokeMethod(MethodInvocationHelper.java:84)
  org.testng.internal.Invoker.invokeConfigurationMethod(Invoker.java:564)
  org.testng.internal.Invoker.invokeConfigurations(Invoker.java:213)
  org.testng.internal.Invoker.invokeConfigurations(Invoker.java:138)
  org.testng.internal.TestMethodWorker.invokeAfterClassMethods(TestMethodWorker.java:225)
  org.testng.internal.TestMethodWorker.run(TestMethodWorker.java:114)
  java.util.concurrent.ThreadPoolExecutor.runWorker(Unknown Source)
  java.util.concurrent.ThreadPoolExecutor$Worker.run(Unknown Source)
  java.lang.Thread.run(Unknown Source)
Caused by: org.openqa.selenium.remote.ErrorHandler$UnknownServerException: Unable to locate element: {"method":"xpath","selector":".//*[@id='topList']/li[3]/a/em"}
Build info: version: '2.42.2', revision: '6a6995d', time: '2014-06-03 17:42:30'
System info: host: 'SABYA-TI8237', ip: '192.168.19.1', os.name: 'Windows 7', os.arch: 'x86', os.version: '6.1', java.version: '1.7.0_65'
Driver info: driver.version: unknown
  <anonymous class>.FirefoxDriver.prototype.findElementInternal_(file:///C:/Users/SABYAS~1.MIS/AppData/Local/Temp/anonymous4730729097864127196webdriver-profile/extensions/fxdriver@googlecode.com/components/driver_component.js:9470:133)
  <anonymous class>.fxdriver.Timer.prototype.setTimeout/<.notify(file:///C:/Users/SABYAS~1.MIS/AppData/Local/Temp/anonymous4730729097864127196webdriver-profile/extensions/fxdriver@googlecode.com/components/driver_component.js:407:5)
]]>
      </failure>

          </testcase>
  
  
            <testcase name="pointToPointBookingTest" time="36.159" classname="com.taxiforsure.testCases.PointToPointBookingsTest" />
                <testcase name="pointToPointBookingTest" time="23.925" classname="com.taxiforsure.testCases.PointToPointBookingsTest" />
      
</testsuite>
