<?xml version="1.0" encoding="UTF-8"?>
<testsuite name="OutstationBookingTest"
           tests="2"
           failures="1"
           errors="0"
           skipped="0"
           time="49.748">
  <properties />
            <testcase name="afterClassConfig" time="0.000" classname="com.taxiforsure.testCases.OutstationTest">
                <failure type="org.openqa.selenium.StaleElementReferenceException"
                  message="Element not found in the cache - perhaps the page has changed since it was looked up
Command duration or timeout: 20.06 seconds
For documentation on this error, please visit: http://seleniumhq.org/exceptions/stale_element_reference.html
Build info: version: &apos;2.42.2&apos;, revision: &apos;6a6995d&apos;, time: &apos;2014-06-03 17:42:30&apos;
System info: host: &apos;SABYA-TI8237&apos;, ip: &apos;192.168.19.1&apos;, os.name: &apos;Windows 7&apos;, os.arch: &apos;x86&apos;, os.version: &apos;6.1&apos;, java.version: &apos;1.7.0_65&apos;
Session ID: 2271716c-6f59-4a70-9d50-d38a2c199040
Driver info: org.openqa.selenium.firefox.FirefoxDriver
Capabilities [{platform=XP, databaseEnabled=true, cssSelectorsEnabled=true, javascriptEnabled=true, acceptSslCerts=true, handlesAlerts=true, browserName=firefox, webStorageEnabled=true, nativeEvents=false, rotatable=false, locationContextEnabled=true, applicationCacheEnabled=true, takesScreenshot=true, version=31.0}]"
              >
<![CDATA[org.openqa.selenium.StaleElementReferenceException: Element not found in the cache - perhaps the page has changed since it was looked up
Command duration or timeout: 20.06 seconds
For documentation on this error, please visit: http://seleniumhq.org/exceptions/stale_element_reference.html
Build info: version: '2.42.2', revision: '6a6995d', time: '2014-06-03 17:42:30'
System info: host: 'SABYA-TI8237', ip: '192.168.19.1', os.name: 'Windows 7', os.arch: 'x86', os.version: '6.1', java.version: '1.7.0_65'
Session ID: 2271716c-6f59-4a70-9d50-d38a2c199040
Driver info: org.openqa.selenium.firefox.FirefoxDriver
Capabilities [{platform=XP, databaseEnabled=true, cssSelectorsEnabled=true, javascriptEnabled=true, acceptSslCerts=true, handlesAlerts=true, browserName=firefox, webStorageEnabled=true, nativeEvents=false, rotatable=false, locationContextEnabled=true, applicationCacheEnabled=true, takesScreenshot=true, version=31.0}]
  sun.reflect.NativeConstructorAccessorImpl.newInstance0(Native Method)
  sun.reflect.NativeConstructorAccessorImpl.newInstance(Unknown Source)
  sun.reflect.DelegatingConstructorAccessorImpl.newInstance(Unknown Source)
  java.lang.reflect.Constructor.newInstance(Unknown Source)
  org.openqa.selenium.remote.ErrorHandler.createThrowable(ErrorHandler.java:204)
  org.openqa.selenium.remote.ErrorHandler.throwIfResponseFailed(ErrorHandler.java:156)
  org.openqa.selenium.remote.RemoteWebDriver.execute(RemoteWebDriver.java:599)
  org.openqa.selenium.remote.RemoteExecuteMethod.execute(RemoteExecuteMethod.java:34)
  org.openqa.selenium.remote.RemoteMouse.mouseMove(RemoteMouse.java:88)
  org.openqa.selenium.interactions.MoveMouseAction.perform(MoveMouseAction.java:35)
  org.openqa.selenium.interactions.CompositeAction.perform(CompositeAction.java:31)
  org.openqa.selenium.interactions.Actions.perform(Actions.java:367)
  com.taxiforsure.projectCommonLib.AccountMouseOver.mouseOverAction(AccountMouseOver.java:16)
  com.taxiforsure.pagelib.CommonPage.logout(CommonPage.java:22)
  com.taxiforsure.projectCommonLib.ProjectCommonUtils.logOut(ProjectCommonUtils.java:83)
  com.taxiforsure.testCases.OutstationTest.afterClassConfig(OutstationTest.java:140)
  sun.reflect.NativeMethodAccessorImpl.invoke0(Native Method)
  sun.reflect.NativeMethodAccessorImpl.invoke(Unknown Source)
  sun.reflect.DelegatingMethodAccessorImpl.invoke(Unknown Source)
  java.lang.reflect.Method.invoke(Unknown Source)
  org.testng.internal.MethodInvocationHelper.invokeMethod(MethodInvocationHelper.java:84)
  org.testng.internal.Invoker.invokeConfigurationMethod(Invoker.java:564)
  org.testng.internal.Invoker.invokeConfigurations(Invoker.java:213)
  org.testng.internal.Invoker.invokeConfigurations(Invoker.java:138)
  org.testng.internal.TestMethodWorker.invokeAfterClassMethods(TestMethodWorker.java:225)
  org.testng.internal.TestMethodWorker.run(TestMethodWorker.java:114)
  org.testng.TestRunner.privateRun(TestRunner.java:767)
  org.testng.TestRunner.run(TestRunner.java:617)
  org.testng.SuiteRunner.runTest(SuiteRunner.java:334)
  org.testng.SuiteRunner.runSequentially(SuiteRunner.java:329)
  org.testng.SuiteRunner.privateRun(SuiteRunner.java:291)
  org.testng.SuiteRunner.run(SuiteRunner.java:240)
  org.testng.SuiteRunnerWorker.runSuite(SuiteRunnerWorker.java:52)
  org.testng.SuiteRunnerWorker.run(SuiteRunnerWorker.java:86)
  org.testng.TestNG.runSuitesSequentially(TestNG.java:1224)
  org.testng.TestNG.runSuitesLocally(TestNG.java:1149)
  org.testng.TestNG.run(TestNG.java:1057)
  org.testng.TestNG.privateMain(TestNG.java:1364)
  org.testng.TestNG.main(TestNG.java:1333)
Caused by: org.openqa.selenium.remote.ErrorHandler$UnknownServerException: Element not found in the cache - perhaps the page has changed since it was looked up
Build info: version: '2.42.2', revision: '6a6995d', time: '2014-06-03 17:42:30'
System info: host: 'SABYA-TI8237', ip: '192.168.19.1', os.name: 'Windows 7', os.arch: 'x86', os.version: '6.1', java.version: '1.7.0_65'
Driver info: driver.version: unknown
  <anonymous class>.fxdriver.cache.getElementAt(resource://fxdriver/modules/web_element_cache.js:8180:5)
  <anonymous class>.Utils.getElementAt(file:///C:/Users/SABYAS~1.MIS/AppData/Local/Temp/anonymous8697793666468631552webdriver-profile/extensions/fxdriver@googlecode.com/components/driver_component.js:7783:3)
  <anonymous class>.fxdriver.events.buildCoordinates(file:///C:/Users/SABYAS~1.MIS/AppData/Local/Temp/anonymous8697793666468631552webdriver-profile/extensions/fxdriver@googlecode.com/components/driver_component.js:8977:7)
  <anonymous class>.FirefoxDriver.prototype.mouseMoveTo(file:///C:/Users/SABYAS~1.MIS/AppData/Local/Temp/anonymous8697793666468631552webdriver-profile/extensions/fxdriver@googlecode.com/components/driver_component.js:9776:36)
  <anonymous class>.DelayedCommand.prototype.executeInternal_/h(file:///C:/Users/SABYAS~1.MIS/AppData/Local/Temp/anonymous8697793666468631552webdriver-profile/extensions/fxdriver@googlecode.com/components/command_processor.js:11455:16)
  <anonymous class>.fxdriver.Timer.prototype.setTimeout/<.notify(file:///C:/Users/SABYAS~1.MIS/AppData/Local/Temp/anonymous8697793666468631552webdriver-profile/extensions/fxdriver@googlecode.com/components/command_processor.js:407:5)
]]>
      </failure>

          </testcase>
  
  
            <testcase name="outstationBookingTest" time="49.748" classname="com.taxiforsure.testCases.OutstationTest" />
      
</testsuite>
