<?xml version="1.0" encoding="UTF-8"?>
<testsuite name="TaxiforsureTest"
           tests="20"
           failures="2"
           errors="0"
           skipped="18"
           time="0.032">
  <properties />
            <testcase name="configBeforeClass" time="0.000" classname="com.taxiforsure.testCases.TaxiForSureTest">
                <failure type="org.openqa.selenium.NoSuchElementException"
                  message="Unable to locate element: {&quot;method&quot;:&quot;xpath&quot;,&quot;selector&quot;:&quot;//img[@alt=&apos;Book a Taxi&apos;]&quot;}
Command duration or timeout: 47 milliseconds
For documentation on this error, please visit: http://seleniumhq.org/exceptions/no_such_element.html
Build info: version: &apos;2.44.0&apos;, revision: &apos;76d78cf&apos;, time: &apos;2014-10-23 20:03:00&apos;
System info: host: &apos;SABYA-TI8158&apos;, ip: &apos;172.16.10.175&apos;, os.name: &apos;Windows 7&apos;, os.arch: &apos;x86&apos;, os.version: &apos;6.1&apos;, java.version: &apos;1.7.0_71&apos;
Session ID: 4c4cc91a-6c4d-497e-afe0-15601686f426
Driver info: org.openqa.selenium.firefox.FirefoxDriver
Capabilities [{platform=WINDOWS, acceptSslCerts=true, javascriptEnabled=true, cssSelectorsEnabled=true, databaseEnabled=true, browserName=firefox, handlesAlerts=true, nativeEvents=true, webStorageEnabled=true, rotatable=false, locationContextEnabled=true, applicationCacheEnabled=true, takesScreenshot=true, version=33.0.2}]"
              >
<![CDATA[org.openqa.selenium.NoSuchElementException: Unable to locate element: {"method":"xpath","selector":"//img[@alt='Book a Taxi']"}
Command duration or timeout: 47 milliseconds
For documentation on this error, please visit: http://seleniumhq.org/exceptions/no_such_element.html
Build info: version: '2.44.0', revision: '76d78cf', time: '2014-10-23 20:03:00'
System info: host: 'SABYA-TI8158', ip: '172.16.10.175', os.name: 'Windows 7', os.arch: 'x86', os.version: '6.1', java.version: '1.7.0_71'
Session ID: 4c4cc91a-6c4d-497e-afe0-15601686f426
Driver info: org.openqa.selenium.firefox.FirefoxDriver
Capabilities [{platform=WINDOWS, acceptSslCerts=true, javascriptEnabled=true, cssSelectorsEnabled=true, databaseEnabled=true, browserName=firefox, handlesAlerts=true, nativeEvents=true, webStorageEnabled=true, rotatable=false, locationContextEnabled=true, applicationCacheEnabled=true, takesScreenshot=true, version=33.0.2}]
  sun.reflect.NativeConstructorAccessorImpl.newInstance0(Native Method)
  sun.reflect.NativeConstructorAccessorImpl.newInstance(Unknown Source)
  sun.reflect.DelegatingConstructorAccessorImpl.newInstance(Unknown Source)
  java.lang.reflect.Constructor.newInstance(Unknown Source)
  org.openqa.selenium.remote.ErrorHandler.createThrowable(ErrorHandler.java:204)
  org.openqa.selenium.remote.ErrorHandler.throwIfResponseFailed(ErrorHandler.java:156)
  org.openqa.selenium.remote.RemoteWebDriver.execute(RemoteWebDriver.java:599)
  org.openqa.selenium.remote.RemoteWebDriver.findElement(RemoteWebDriver.java:352)
  org.openqa.selenium.remote.RemoteWebDriver.findElementByXPath(RemoteWebDriver.java:449)
  org.openqa.selenium.By$ByXPath.findElement(By.java:357)
  org.openqa.selenium.remote.RemoteWebDriver.findElement(RemoteWebDriver.java:344)
  org.openqa.selenium.support.pagefactory.DefaultElementLocator.findElement(DefaultElementLocator.java:59)
  org.openqa.selenium.support.pagefactory.internal.LocatingElementHandler.invoke(LocatingElementHandler.java:37)
  com.sun.proxy.$Proxy8.click(Unknown Source)
  com.taxiforsure.testCases.TaxiForSureTest.configBeforeClass(TaxiForSureTest.java:104)
  sun.reflect.NativeMethodAccessorImpl.invoke0(Native Method)
  sun.reflect.NativeMethodAccessorImpl.invoke(Unknown Source)
  sun.reflect.DelegatingMethodAccessorImpl.invoke(Unknown Source)
  java.lang.reflect.Method.invoke(Unknown Source)
  org.testng.internal.MethodInvocationHelper.invokeMethod(MethodInvocationHelper.java:84)
  org.testng.internal.Invoker.invokeConfigurationMethod(Invoker.java:564)
  org.testng.internal.Invoker.invokeConfigurations(Invoker.java:213)
  org.testng.internal.Invoker.invokeConfigurations(Invoker.java:138)
  org.testng.internal.TestMethodWorker.invokeBeforeClassMethods(TestMethodWorker.java:175)
  org.testng.internal.TestMethodWorker.run(TestMethodWorker.java:107)
  org.testng.TestRunner.privateRun(TestRunner.java:767)
  org.testng.TestRunner.run(TestRunner.java:617)
  org.testng.SuiteRunner.runTest(SuiteRunner.java:334)
  org.testng.SuiteRunner.runSequentially(SuiteRunner.java:329)
  org.testng.SuiteRunner.privateRun(SuiteRunner.java:291)
  org.testng.SuiteRunner.run(SuiteRunner.java:240)
  org.testng.SuiteRunnerWorker.runSuite(SuiteRunnerWorker.java:52)
  org.testng.SuiteRunnerWorker.run(SuiteRunnerWorker.java:86)
  org.testng.TestNG.runSuitesSequentially(TestNG.java:1224)
  org.testng.TestNG.runSuitesLocally(TestNG.java:1149)
  org.testng.TestNG.run(TestNG.java:1057)
  org.testng.remote.RemoteTestNG.run(RemoteTestNG.java:111)
  org.testng.remote.RemoteTestNG.initAndRun(RemoteTestNG.java:204)
  org.testng.remote.RemoteTestNG.main(RemoteTestNG.java:175)
Caused by: org.openqa.selenium.NoSuchElementException: Unable to locate element: {"method":"xpath","selector":"//img[@alt='Book a Taxi']"}
For documentation on this error, please visit: http://seleniumhq.org/exceptions/no_such_element.html
Build info: version: '2.44.0', revision: '76d78cf', time: '2014-10-23 20:03:00'
System info: host: 'SABYA-TI8158', ip: '172.16.10.175', os.name: 'Windows 7', os.arch: 'x86', os.version: '6.1', java.version: '1.7.0_71'
Driver info: driver.version: unknown
  <anonymous class>.FirefoxDriver.prototype.findElementInternal_(file:///C:/Users/SABYAS~1.MIS/AppData/Local/Temp/anonymous8910743203062570352webdriver-profile/extensions/fxdriver@googlecode.com/components/driver-component.js:9641:26)
  <anonymous class>.FirefoxDriver.prototype.findElement(file:///C:/Users/SABYAS~1.MIS/AppData/Local/Temp/anonymous8910743203062570352webdriver-profile/extensions/fxdriver@googlecode.com/components/driver-component.js:9650:3)
  <anonymous class>.DelayedCommand.prototype.executeInternal_/h(file:///C:/Users/SABYAS~1.MIS/AppData/Local/Temp/anonymous8910743203062570352webdriver-profile/extensions/fxdriver@googlecode.com/components/command-processor.js:11635:16)
  <anonymous class>.DelayedCommand.prototype.executeInternal_(file:///C:/Users/SABYAS~1.MIS/AppData/Local/Temp/anonymous8910743203062570352webdriver-profile/extensions/fxdriver@googlecode.com/components/command-processor.js:11640:7)
  <anonymous class>.DelayedCommand.prototype.execute/<(file:///C:/Users/SABYAS~1.MIS/AppData/Local/Temp/anonymous8910743203062570352webdriver-profile/extensions/fxdriver@googlecode.com/components/command-processor.js:11582:5)
]]>
      </failure>

          </testcase>
            <testcase name="outstationBookingTest" time="0.000" classname="com.taxiforsure.testCases.TaxiForSureTest">
                <failure type="java.lang.RuntimeException"
                  message="java.lang.NullPointerException"
              >
<![CDATA[java.lang.RuntimeException: java.lang.NullPointerException
  org.testng.internal.MethodInvocationHelper.invokeDataProvider(MethodInvocationHelper.java:161)
  org.testng.internal.Parameters.handleParameters(Parameters.java:429)
  org.testng.internal.Invoker.handleParameters(Invoker.java:1383)
  org.testng.internal.Invoker.createParameters(Invoker.java:1075)
  org.testng.internal.Invoker.invokeTestMethods(Invoker.java:1180)
  org.testng.internal.TestMethodWorker.invokeTestMethods(TestMethodWorker.java:127)
  org.testng.internal.TestMethodWorker.run(TestMethodWorker.java:111)
  org.testng.TestRunner.privateRun(TestRunner.java:767)
  org.testng.TestRunner.run(TestRunner.java:617)
  org.testng.SuiteRunner.runTest(SuiteRunner.java:334)
  org.testng.SuiteRunner.runSequentially(SuiteRunner.java:329)
  org.testng.SuiteRunner.privateRun(SuiteRunner.java:291)
  org.testng.SuiteRunner.run(SuiteRunner.java:240)
  org.testng.SuiteRunnerWorker.runSuite(SuiteRunnerWorker.java:52)
  org.testng.SuiteRunnerWorker.run(SuiteRunnerWorker.java:86)
  org.testng.TestNG.runSuitesSequentially(TestNG.java:1224)
  org.testng.TestNG.runSuitesLocally(TestNG.java:1149)
  org.testng.TestNG.run(TestNG.java:1057)
  org.testng.remote.RemoteTestNG.run(RemoteTestNG.java:111)
  org.testng.remote.RemoteTestNG.initAndRun(RemoteTestNG.java:204)
  org.testng.remote.RemoteTestNG.main(RemoteTestNG.java:175)
Caused by: java.lang.NullPointerException
  com.taxiforsure.utility.ReadDataFromExcel.getCellData(ReadDataFromExcel.java:84)
  com.taxiforsure.utility.ReadDataFromExcel.testData(ReadDataFromExcel.java:58)
  com.taxiforsure.testCases.TaxiForSureTest.getData3(TaxiForSureTest.java:717)
  sun.reflect.NativeMethodAccessorImpl.invoke0(Native Method)
  sun.reflect.NativeMethodAccessorImpl.invoke(Unknown Source)
  sun.reflect.DelegatingMethodAccessorImpl.invoke(Unknown Source)
  java.lang.reflect.Method.invoke(Unknown Source)
  org.testng.internal.MethodInvocationHelper.invokeMethod(MethodInvocationHelper.java:84)
  org.testng.internal.MethodInvocationHelper.invokeDataProvider(MethodInvocationHelper.java:135)
  org.testng.internal.Parameters.handleParameters(Parameters.java:429)
  org.testng.internal.Invoker.handleParameters(Invoker.java:1383)
  org.testng.internal.Invoker.createParameters(Invoker.java:1075)
  org.testng.internal.Invoker.invokeTestMethods(Invoker.java:1180)
  org.testng.internal.TestMethodWorker.invokeTestMethods(TestMethodWorker.java:127)
  org.testng.internal.TestMethodWorker.run(TestMethodWorker.java:111)
  org.testng.TestRunner.privateRun(TestRunner.java:767)
  org.testng.TestRunner.run(TestRunner.java:617)
  org.testng.SuiteRunner.runTest(SuiteRunner.java:334)
  org.testng.SuiteRunner.runSequentially(SuiteRunner.java:329)
  org.testng.SuiteRunner.privateRun(SuiteRunner.java:291)
  org.testng.SuiteRunner.run(SuiteRunner.java:240)
  org.testng.SuiteRunnerWorker.runSuite(SuiteRunnerWorker.java:52)
  org.testng.SuiteRunnerWorker.run(SuiteRunnerWorker.java:86)
  org.testng.TestNG.runSuitesSequentially(TestNG.java:1224)
  org.testng.TestNG.runSuitesLocally(TestNG.java:1149)
  org.testng.TestNG.run(TestNG.java:1057)
  org.testng.remote.RemoteTestNG.run(RemoteTestNG.java:111)
  org.testng.remote.RemoteTestNG.initAndRun(RemoteTestNG.java:204)
  org.testng.remote.RemoteTestNG.main(RemoteTestNG.java:175)
]]>
      </failure>

          </testcase>
  
            <testcase name="showBookings" time="0.0" classname="com.taxiforsure.testCases.TaxiForSureTest">
          <skipped />
    </testcase>
            <testcase name="afterClassConfig" time="0.0" classname="com.taxiforsure.testCases.TaxiForSureTest">
          <skipped />
    </testcase>
            <testcase name="goToAirportTest" time="0.0" classname="com.taxiforsure.testCases.TaxiForSureTest">
          <skipped />
    </testcase>
            <testcase name="pointToPointBookingTest" time="0.0" classname="com.taxiforsure.testCases.TaxiForSureTest">
          <skipped />
    </testcase>
            <testcase name="commingFromAirportTest" time="0.0" classname="com.taxiforsure.testCases.TaxiForSureTest">
          <skipped />
    </testcase>
            <testcase name="goToAirportTest" time="0.0" classname="com.taxiforsure.testCases.TaxiForSureTest">
          <skipped />
    </testcase>
            <testcase name="commingFromAirportTest" time="0.0" classname="com.taxiforsure.testCases.TaxiForSureTest">
          <skipped />
    </testcase>
            <testcase name="pointToPointBookingTest" time="0.0" classname="com.taxiforsure.testCases.TaxiForSureTest">
          <skipped />
    </testcase>
            <testcase name="HalfDayOrFullDayTest" time="0.0" classname="com.taxiforsure.testCases.TaxiForSureTest">
          <skipped />
    </testcase>
            <testcase name="HalfDayOrFullDayTest" time="0.0" classname="com.taxiforsure.testCases.TaxiForSureTest">
          <skipped />
    </testcase>
            <testcase name="HalfDayOrFullDayTest" time="0.0" classname="com.taxiforsure.testCases.TaxiForSureTest">
          <skipped />
    </testcase>
            <testcase name="HalfDayOrFullDayTest" time="0.0" classname="com.taxiforsure.testCases.TaxiForSureTest">
          <skipped />
    </testcase>
            <testcase name="goToAirportTest" time="0.0" classname="com.taxiforsure.testCases.TaxiForSureTest">
          <skipped />
    </testcase>
            <testcase name="commingFromAirportTest" time="0.0" classname="com.taxiforsure.testCases.TaxiForSureTest">
          <skipped />
    </testcase>
            <testcase name="goToAirportTest" time="0.0" classname="com.taxiforsure.testCases.TaxiForSureTest">
          <skipped />
    </testcase>
            <testcase name="pointToPointBookingTest" time="0.0" classname="com.taxiforsure.testCases.TaxiForSureTest">
          <skipped />
    </testcase>
            <testcase name="pointToPointBookingTest" time="0.0" classname="com.taxiforsure.testCases.TaxiForSureTest">
          <skipped />
    </testcase>
            <testcase name="commingFromAirportTest" time="0.0" classname="com.taxiforsure.testCases.TaxiForSureTest">
          <skipped />
    </testcase>
  
  
</testsuite>
