<html xmlns:math="http://exslt.org/math" xmlns:testng="http://testng.org">
   <head>
      <title>Sears Automation Results</title>
      <meta http-equiv="content-type" content="text/html; charset=utf-8"></meta>
      <meta http-equiv="pragma" content="no-cache"></meta>
      <meta http-equiv="cache-control" content="max-age=0"></meta>
      <meta http-equiv="cache-control" content="no-cache"></meta>
      <meta http-equiv="cache-control" content="no-store"></meta>
      <LINK rel="stylesheet" href="style.css"></LINK>
      <script type="text/javascript" src="main.js"></script>
   </head>
   <body>
      <table width="100%" style="font-size: 16px; margin-bottom: 10px;" cellspacing="1">
         <tr>
            <td width="100%">
               All methods in suite
               
               <b>Suite</b>
            </td>
            <td style="background-color: #FFBBBB; padding: 3px 3px 3px 0;" align="center">
               <div style="width: 50px;">5</div>
            </td>
            <td style="background-color: lightgreen; padding: 3px 3px 3px 0;" align="center">
               <div style="width: 50px;">0</div>
            </td>
            <td style="background-color: #FFFFBB; padding: 3px 3px 3px 0;" align="center">
               <div style="width: 50px;">0</div>
            </td>
            <td align="center" style="background-color: #eaf0f7; padding: 3px 3px 3px 0;">
               <div style="width: 50px;">5</div>
            </td>
            <td align="center"
                style="font-weight: bold; background-color: #eaf0f7; padding: 3px 3px 3px 0;">
               <div style="width: 50px;">0%</div>
            </td>
            <td style="background-color: #eaf0f7; padding: 3px 3px 3px 0;" align="center"
                nowrap="true">47 ms
               
            </td>
         </tr>
      </table>
      <div style="width: 200px;">
         <label for="groupMethodsCheckBox" style="font-weight: bold; margin: 0;">
            <input id="groupMethodsCheckBox" type="checkbox" onclick="switchTestMethodsView(this)"></input>
            Group by class
            
         </label>
         <br></br>
         <label for="methodsFilter_ALL" style="font-weight: bold; margin: 0;">
            <input id="methodsFilter_ALL" type="checkbox"
                   onclick="testMethodsFilterChanged(this, 'ALL')"></input>
            All
            
         </label>
      </div>
      <label for="methodsFilter_FAIL" style="margin-left: 20px;">
         <input id="methodsFilter_FAIL" type="checkbox"
                onclick="testMethodsFilterChanged(this, 'FAIL')"
                checked=""></input>
         Failed
         
      </label>
      <label for="methodsFilter_PASS">
         <input id="methodsFilter_PASS" type="checkbox"
                onclick="testMethodsFilterChanged(this, 'PASS')"
                checked=""></input>
         Passed
         
      </label>
      <label for="methodsFilter_SKIP">
         <input id="methodsFilter_SKIP" type="checkbox"
                onclick="testMethodsFilterChanged(this, 'SKIP')"
                checked=""></input>
         Skipped
         
      </label>
      <label for="methodsFilter_CONF">
         <input id="methodsFilter_CONF" type="checkbox"
                onclick="testMethodsFilterChanged(this, 'CONF')"></input>
         Config
         
      </label>
      <br></br>
      <div id="testMethodsByStatus">
         <table class="testMethodsTable" cellpadding="0" cellspacing="0">
            <tr class="methodsTableHeader">
               <td width="100%">Name</td>
               <td nowrap="true">Started</td>
               <td nowrap="true">Duration</td>
               <td>Exception</td>
               <td>ScreenShots</td>
            </tr>
            <tr id="com.taxiforsure.testCases.TaxiForSureTest_nameBefore_byStatus_failed_FAIL1_row"
                class="testMethodStatusFAIL testMethodStatusCONF">
               <td width="100%" class="firstMethodCell">
                  <a onclick="toggleDetailsVisibility('com.taxiforsure.testCases.TaxiForSureTest_nameBefore_byStatus_failed_FAIL1_details')">nameBefore()</a>
               </td>
               <td nowrap="true">16:55:26</td>
               <td nowrap="true" align="right">0 ms
                  
               </td>
               <td nowrap="true">
                  <a onclick="toggleDetailsVisibility('com.taxiforsure.testCases.TaxiForSureTest_nameBefore_byStatus_failed_FAIL1_exception')">java.lang.IllegalArgumentException: 
                     wrong number of arguments
                     
                  </a>
                   
                  
               </td>
               <td nowrap="true">
                  <a href="../screenShots/nameBefore().png" target="_blank">ScreenShot</a>
                   
                  
               </td>
            </tr>
            <tr>
               <td colspan="4" class="detailsBox">
                  <div id="com.taxiforsure.testCases.TaxiForSureTest_nameBefore_byStatus_failed_FAIL1_details"
                       class="testMethodDetails">
                     <div>
                        <b>Name: </b>nameBefore
                     </div>
                     <div>
                        <b>Signature: </b>nameBefore(java.lang.reflect.Method)[pri:0, instance:com.taxiforsure.testCases.TaxiForSureTest@161e946]
                     </div>
                     <div>
                        <b>Start time: </b>16:55:26
                     </div>
                     <div>
                        <b>End time: </b>16:55:26
                     </div>
                     <div>
                        <b>Duration: </b>0 ms
                        
                     </div>
                  </div>
               </td>
            </tr>
            <tr>
               <td colspan="4" class="detailsBox">
                  <div id="com.taxiforsure.testCases.TaxiForSureTest_nameBefore_byStatus_failed_FAIL1_exception"
                       class="testMethodDetails">
                     <pre style="padding: 5px; margin: 0;">java.lang.IllegalArgumentException: wrong number of arguments
                        	at sun.reflect.NativeMethodAccessorImpl.invoke0(Native Method)
                        	at sun.reflect.NativeMethodAccessorImpl.invoke(NativeMethodAccessorImpl.java:57)
                        	at sun.reflect.DelegatingMethodAccessorImpl.invoke(DelegatingMethodAccessorImpl.java:43)
                        	at java.lang.reflect.Method.invoke(Method.java:601)
                        	at org.testng.internal.MethodInvocationHelper.invokeMethod(MethodInvocationHelper.java:84)
                        	at org.testng.internal.Invoker.invokeConfigurationMethod(Invoker.java:564)
                        	at org.testng.internal.Invoker.invokeConfigurations(Invoker.java:213)
                        	at org.testng.internal.Invoker.invokeConfigurations(Invoker.java:138)
                        	at org.testng.TestRunner.beforeRun(TestRunner.java:641)
                        	at org.testng.TestRunner.run(TestRunner.java:609)
                        	at org.testng.SuiteRunner.runTest(SuiteRunner.java:334)
                        	at org.testng.SuiteRunner.runSequentially(SuiteRunner.java:329)
                        	at org.testng.SuiteRunner.privateRun(SuiteRunner.java:291)
                        	at org.testng.SuiteRunner.run(SuiteRunner.java:240)
                        	at org.testng.SuiteRunnerWorker.runSuite(SuiteRunnerWorker.java:52)
                        	at org.testng.SuiteRunnerWorker.run(SuiteRunnerWorker.java:86)
                        	at org.testng.TestNG.runSuitesSequentially(TestNG.java:1224)
                        	at org.testng.TestNG.runSuitesLocally(TestNG.java:1149)
                        	at org.testng.TestNG.run(TestNG.java:1057)
                        	at org.testng.remote.RemoteTestNG.run(RemoteTestNG.java:111)
                        	at org.testng.remote.RemoteTestNG.initAndRun(RemoteTestNG.java:204)
                        	at org.testng.remote.RemoteTestNG.main(RemoteTestNG.java:175)
                     </pre>
                  </div>
               </td>
            </tr>
            <tr id="com.taxiforsure.testCases.TaxiForSureTest_commingFromAirportTest_byStatus_failed_FAIL2_row"
                class="testMethodStatusFAIL">
               <td width="100%" class="firstMethodCell">
                  <a onclick="toggleDetailsVisibility('com.taxiforsure.testCases.TaxiForSureTest_commingFromAirportTest_byStatus_failed_FAIL2_details')">commingFromAirportTest()</a>
               </td>
               <td nowrap="true">16:55:26</td>
               <td nowrap="true" align="right">0 ms
                  
               </td>
               <td nowrap="true">
                  <a onclick="toggleDetailsVisibility('com.taxiforsure.testCases.TaxiForSureTest_commingFromAirportTest_byStatus_failed_FAIL2_exception')">java.lang.RuntimeException: 
                     java.lang.NullPointerException
                     
                  </a>
                   
                  
               </td>
               <td nowrap="true">
                  <a href="../screenShots/commingFromAirportTest().png" target="_blank">ScreenShot</a>
                   
                  
               </td>
            </tr>
            <tr>
               <td colspan="4" class="detailsBox">
                  <div id="com.taxiforsure.testCases.TaxiForSureTest_commingFromAirportTest_byStatus_failed_FAIL2_details"
                       class="testMethodDetails">
                     <div>
                        <b>Name: </b>commingFromAirportTest
                     </div>
                     <div>
                        <b>Signature: </b>commingFromAirportTest(java.lang.String, java.lang.String, java.lang.String, java.lang.String, java.lang.String, java.lang.String,
                        java.lang.String, java.lang.String, java.lang.String)[pri:0, instance:com.taxiforsure.testCases.TaxiForSureTest@161e946]
                     </div>
                     <div>
                        <b>Start time: </b>16:55:26
                     </div>
                     <div>
                        <b>End time: </b>16:55:26
                     </div>
                     <div>
                        <b>Duration: </b>0 ms
                        
                     </div>
                  </div>
               </td>
            </tr>
            <tr>
               <td colspan="4" class="detailsBox">
                  <div id="com.taxiforsure.testCases.TaxiForSureTest_commingFromAirportTest_byStatus_failed_FAIL2_exception"
                       class="testMethodDetails">
                     <pre style="padding: 5px; margin: 0;">java.lang.RuntimeException: java.lang.NullPointerException
                        	at org.testng.internal.MethodInvocationHelper.invokeDataProvider(MethodInvocationHelper.java:161)
                        	at org.testng.internal.Parameters.handleParameters(Parameters.java:429)
                        	at org.testng.internal.Invoker.handleParameters(Invoker.java:1383)
                        	at org.testng.internal.Invoker.createParameters(Invoker.java:1075)
                        	at org.testng.internal.Invoker.invokeTestMethods(Invoker.java:1180)
                        	at org.testng.internal.TestMethodWorker.invokeTestMethods(TestMethodWorker.java:127)
                        	at org.testng.internal.TestMethodWorker.run(TestMethodWorker.java:111)
                        	at org.testng.TestRunner.privateRun(TestRunner.java:767)
                        	at org.testng.TestRunner.run(TestRunner.java:617)
                        	at org.testng.SuiteRunner.runTest(SuiteRunner.java:334)
                        	at org.testng.SuiteRunner.runSequentially(SuiteRunner.java:329)
                        	at org.testng.SuiteRunner.privateRun(SuiteRunner.java:291)
                        	at org.testng.SuiteRunner.run(SuiteRunner.java:240)
                        	at org.testng.SuiteRunnerWorker.runSuite(SuiteRunnerWorker.java:52)
                        	at org.testng.SuiteRunnerWorker.run(SuiteRunnerWorker.java:86)
                        	at org.testng.TestNG.runSuitesSequentially(TestNG.java:1224)
                        	at org.testng.TestNG.runSuitesLocally(TestNG.java:1149)
                        	at org.testng.TestNG.run(TestNG.java:1057)
                        	at org.testng.remote.RemoteTestNG.run(RemoteTestNG.java:111)
                        	at org.testng.remote.RemoteTestNG.initAndRun(RemoteTestNG.java:204)
                        	at org.testng.remote.RemoteTestNG.main(RemoteTestNG.java:175)
                        Caused by: java.lang.NullPointerException
                        	at com.taxiforsure.testCases.TaxiForSureTest.getTestData(TaxiForSureTest.java:440)
                        	at sun.reflect.NativeMethodAccessorImpl.invoke0(Native Method)
                        	at sun.reflect.NativeMethodAccessorImpl.invoke(NativeMethodAccessorImpl.java:57)
                        	at sun.reflect.DelegatingMethodAccessorImpl.invoke(DelegatingMethodAccessorImpl.java:43)
                        	at java.lang.reflect.Method.invoke(Method.java:601)
                        	at org.testng.internal.MethodInvocationHelper.invokeMethod(MethodInvocationHelper.java:84)
                        	at org.testng.internal.MethodInvocationHelper.invokeDataProvider(MethodInvocationHelper.java:135)
                        	... 20 more
                     </pre>
                  </div>
               </td>
            </tr>
            <tr id="com.taxiforsure.testCases.TaxiForSureTest_pointToPointBookingTest_byStatus_failed_FAIL3_row"
                class="testMethodStatusFAIL">
               <td width="100%" class="firstMethodCell">
                  <a onclick="toggleDetailsVisibility('com.taxiforsure.testCases.TaxiForSureTest_pointToPointBookingTest_byStatus_failed_FAIL3_details')">pointToPointBookingTest()</a>
               </td>
               <td nowrap="true">16:55:26</td>
               <td nowrap="true" align="right">0 ms
                  
               </td>
               <td nowrap="true">
                  <a onclick="toggleDetailsVisibility('com.taxiforsure.testCases.TaxiForSureTest_pointToPointBookingTest_byStatus_failed_FAIL3_exception')">java.lang.RuntimeException: 
                     java.lang.NullPointerException
                     
                  </a>
                   
                  
               </td>
               <td nowrap="true">
                  <a href="../screenShots/pointToPointBookingTest().png" target="_blank">ScreenShot</a>
                   
                  
               </td>
            </tr>
            <tr>
               <td colspan="4" class="detailsBox">
                  <div id="com.taxiforsure.testCases.TaxiForSureTest_pointToPointBookingTest_byStatus_failed_FAIL3_details"
                       class="testMethodDetails">
                     <div>
                        <b>Name: </b>pointToPointBookingTest
                     </div>
                     <div>
                        <b>Signature: </b>pointToPointBookingTest(java.lang.String, java.lang.String, java.lang.String, java.lang.String, java.lang.String, java.lang.String,
                        java.lang.String, java.lang.String, java.lang.String, java.lang.String)[pri:0, instance:com.taxiforsure.testCases.TaxiForSureTest@161e946]
                     </div>
                     <div>
                        <b>Start time: </b>16:55:26
                     </div>
                     <div>
                        <b>End time: </b>16:55:26
                     </div>
                     <div>
                        <b>Duration: </b>0 ms
                        
                     </div>
                  </div>
               </td>
            </tr>
            <tr>
               <td colspan="4" class="detailsBox">
                  <div id="com.taxiforsure.testCases.TaxiForSureTest_pointToPointBookingTest_byStatus_failed_FAIL3_exception"
                       class="testMethodDetails">
                     <pre style="padding: 5px; margin: 0;">java.lang.RuntimeException: java.lang.NullPointerException
                        	at org.testng.internal.MethodInvocationHelper.invokeDataProvider(MethodInvocationHelper.java:161)
                        	at org.testng.internal.Parameters.handleParameters(Parameters.java:429)
                        	at org.testng.internal.Invoker.handleParameters(Invoker.java:1383)
                        	at org.testng.internal.Invoker.createParameters(Invoker.java:1075)
                        	at org.testng.internal.Invoker.invokeTestMethods(Invoker.java:1180)
                        	at org.testng.internal.TestMethodWorker.invokeTestMethods(TestMethodWorker.java:127)
                        	at org.testng.internal.TestMethodWorker.run(TestMethodWorker.java:111)
                        	at org.testng.TestRunner.privateRun(TestRunner.java:767)
                        	at org.testng.TestRunner.run(TestRunner.java:617)
                        	at org.testng.SuiteRunner.runTest(SuiteRunner.java:334)
                        	at org.testng.SuiteRunner.runSequentially(SuiteRunner.java:329)
                        	at org.testng.SuiteRunner.privateRun(SuiteRunner.java:291)
                        	at org.testng.SuiteRunner.run(SuiteRunner.java:240)
                        	at org.testng.SuiteRunnerWorker.runSuite(SuiteRunnerWorker.java:52)
                        	at org.testng.SuiteRunnerWorker.run(SuiteRunnerWorker.java:86)
                        	at org.testng.TestNG.runSuitesSequentially(TestNG.java:1224)
                        	at org.testng.TestNG.runSuitesLocally(TestNG.java:1149)
                        	at org.testng.TestNG.run(TestNG.java:1057)
                        	at org.testng.remote.RemoteTestNG.run(RemoteTestNG.java:111)
                        	at org.testng.remote.RemoteTestNG.initAndRun(RemoteTestNG.java:204)
                        	at org.testng.remote.RemoteTestNG.main(RemoteTestNG.java:175)
                        Caused by: java.lang.NullPointerException
                        	at com.taxiforsure.testCases.TaxiForSureTest.getData(TaxiForSureTest.java:127)
                        	at sun.reflect.NativeMethodAccessorImpl.invoke0(Native Method)
                        	at sun.reflect.NativeMethodAccessorImpl.invoke(NativeMethodAccessorImpl.java:57)
                        	at sun.reflect.DelegatingMethodAccessorImpl.invoke(DelegatingMethodAccessorImpl.java:43)
                        	at java.lang.reflect.Method.invoke(Method.java:601)
                        	at org.testng.internal.MethodInvocationHelper.invokeMethod(MethodInvocationHelper.java:84)
                        	at org.testng.internal.MethodInvocationHelper.invokeDataProvider(MethodInvocationHelper.java:135)
                        	... 20 more
                     </pre>
                  </div>
               </td>
            </tr>
            <tr id="com.taxiforsure.testCases.TaxiForSureTest_goToAirportTest_byStatus_failed_FAIL4_row"
                class="testMethodStatusFAIL">
               <td width="100%" class="firstMethodCell">
                  <a onclick="toggleDetailsVisibility('com.taxiforsure.testCases.TaxiForSureTest_goToAirportTest_byStatus_failed_FAIL4_details')">goToAirportTest()</a>
               </td>
               <td nowrap="true">16:55:26</td>
               <td nowrap="true" align="right">0 ms
                  
               </td>
               <td nowrap="true">
                  <a onclick="toggleDetailsVisibility('com.taxiforsure.testCases.TaxiForSureTest_goToAirportTest_byStatus_failed_FAIL4_exception')">java.lang.RuntimeException: 
                     java.lang.NullPointerException
                     
                  </a>
                   
                  
               </td>
               <td nowrap="true">
                  <a href="../screenShots/goToAirportTest().png" target="_blank">ScreenShot</a>
                   
                  
               </td>
            </tr>
            <tr>
               <td colspan="4" class="detailsBox">
                  <div id="com.taxiforsure.testCases.TaxiForSureTest_goToAirportTest_byStatus_failed_FAIL4_details"
                       class="testMethodDetails">
                     <div>
                        <b>Name: </b>goToAirportTest
                     </div>
                     <div>
                        <b>Signature: </b>goToAirportTest(java.lang.String, java.lang.String, java.lang.String, java.lang.String, java.lang.String, java.lang.String,
                        java.lang.String, java.lang.String, java.lang.String, java.lang.String, java.lang.String)[pri:0, instance:com.taxiforsure.testCases.TaxiForSureTest@161e946]
                     </div>
                     <div>
                        <b>Start time: </b>16:55:26
                     </div>
                     <div>
                        <b>End time: </b>16:55:26
                     </div>
                     <div>
                        <b>Duration: </b>0 ms
                        
                     </div>
                  </div>
               </td>
            </tr>
            <tr>
               <td colspan="4" class="detailsBox">
                  <div id="com.taxiforsure.testCases.TaxiForSureTest_goToAirportTest_byStatus_failed_FAIL4_exception"
                       class="testMethodDetails">
                     <pre style="padding: 5px; margin: 0;">java.lang.RuntimeException: java.lang.NullPointerException
                        	at org.testng.internal.MethodInvocationHelper.invokeDataProvider(MethodInvocationHelper.java:161)
                        	at org.testng.internal.Parameters.handleParameters(Parameters.java:429)
                        	at org.testng.internal.Invoker.handleParameters(Invoker.java:1383)
                        	at org.testng.internal.Invoker.createParameters(Invoker.java:1075)
                        	at org.testng.internal.Invoker.invokeTestMethods(Invoker.java:1180)
                        	at org.testng.internal.TestMethodWorker.invokeTestMethods(TestMethodWorker.java:127)
                        	at org.testng.internal.TestMethodWorker.run(TestMethodWorker.java:111)
                        	at org.testng.TestRunner.privateRun(TestRunner.java:767)
                        	at org.testng.TestRunner.run(TestRunner.java:617)
                        	at org.testng.SuiteRunner.runTest(SuiteRunner.java:334)
                        	at org.testng.SuiteRunner.runSequentially(SuiteRunner.java:329)
                        	at org.testng.SuiteRunner.privateRun(SuiteRunner.java:291)
                        	at org.testng.SuiteRunner.run(SuiteRunner.java:240)
                        	at org.testng.SuiteRunnerWorker.runSuite(SuiteRunnerWorker.java:52)
                        	at org.testng.SuiteRunnerWorker.run(SuiteRunnerWorker.java:86)
                        	at org.testng.TestNG.runSuitesSequentially(TestNG.java:1224)
                        	at org.testng.TestNG.runSuitesLocally(TestNG.java:1149)
                        	at org.testng.TestNG.run(TestNG.java:1057)
                        	at org.testng.remote.RemoteTestNG.run(RemoteTestNG.java:111)
                        	at org.testng.remote.RemoteTestNG.initAndRun(RemoteTestNG.java:204)
                        	at org.testng.remote.RemoteTestNG.main(RemoteTestNG.java:175)
                        Caused by: java.lang.NullPointerException
                        	at com.taxiforsure.testCases.TaxiForSureTest.getData1(TaxiForSureTest.java:291)
                        	at sun.reflect.NativeMethodAccessorImpl.invoke0(Native Method)
                        	at sun.reflect.NativeMethodAccessorImpl.invoke(NativeMethodAccessorImpl.java:57)
                        	at sun.reflect.DelegatingMethodAccessorImpl.invoke(DelegatingMethodAccessorImpl.java:43)
                        	at java.lang.reflect.Method.invoke(Method.java:601)
                        	at org.testng.internal.MethodInvocationHelper.invokeMethod(MethodInvocationHelper.java:84)
                        	at org.testng.internal.MethodInvocationHelper.invokeDataProvider(MethodInvocationHelper.java:135)
                        	... 20 more
                     </pre>
                  </div>
               </td>
            </tr>
            <tr id="com.taxiforsure.testCases.TaxiForSureTest_outstationBookingTest_byStatus_failed_FAIL5_row"
                class="testMethodStatusFAIL">
               <td width="100%" class="firstMethodCell">
                  <a onclick="toggleDetailsVisibility('com.taxiforsure.testCases.TaxiForSureTest_outstationBookingTest_byStatus_failed_FAIL5_details')">outstationBookingTest()</a>
               </td>
               <td nowrap="true">16:55:26</td>
               <td nowrap="true" align="right">0 ms
                  
               </td>
               <td nowrap="true">
                  <a onclick="toggleDetailsVisibility('com.taxiforsure.testCases.TaxiForSureTest_outstationBookingTest_byStatus_failed_FAIL5_exception')">java.lang.RuntimeException: 
                     java.lang.NullPointerException
                     
                  </a>
                   
                  
               </td>
               <td nowrap="true">
                  <a href="../screenShots/outstationBookingTest().png" target="_blank">ScreenShot</a>
                   
                  
               </td>
            </tr>
            <tr>
               <td colspan="4" class="detailsBox">
                  <div id="com.taxiforsure.testCases.TaxiForSureTest_outstationBookingTest_byStatus_failed_FAIL5_details"
                       class="testMethodDetails">
                     <div>
                        <b>Name: </b>outstationBookingTest
                     </div>
                     <div>
                        <b>Signature: </b>outstationBookingTest(java.lang.String, java.lang.String, java.lang.String, java.lang.String, java.lang.String, java.lang.String,
                        java.lang.String, java.lang.String, java.lang.String, java.lang.String, java.lang.String)[pri:0, instance:com.taxiforsure.testCases.TaxiForSureTest@161e946]
                     </div>
                     <div>
                        <b>Start time: </b>16:55:26
                     </div>
                     <div>
                        <b>End time: </b>16:55:26
                     </div>
                     <div>
                        <b>Duration: </b>0 ms
                        
                     </div>
                  </div>
               </td>
            </tr>
            <tr>
               <td colspan="4" class="detailsBox">
                  <div id="com.taxiforsure.testCases.TaxiForSureTest_outstationBookingTest_byStatus_failed_FAIL5_exception"
                       class="testMethodDetails">
                     <pre style="padding: 5px; margin: 0;">java.lang.RuntimeException: java.lang.NullPointerException
                        	at org.testng.internal.MethodInvocationHelper.invokeDataProvider(MethodInvocationHelper.java:161)
                        	at org.testng.internal.Parameters.handleParameters(Parameters.java:429)
                        	at org.testng.internal.Invoker.handleParameters(Invoker.java:1383)
                        	at org.testng.internal.Invoker.createParameters(Invoker.java:1075)
                        	at org.testng.internal.Invoker.invokeTestMethods(Invoker.java:1180)
                        	at org.testng.internal.TestMethodWorker.invokeTestMethods(TestMethodWorker.java:127)
                        	at org.testng.internal.TestMethodWorker.run(TestMethodWorker.java:111)
                        	at org.testng.TestRunner.privateRun(TestRunner.java:767)
                        	at org.testng.TestRunner.run(TestRunner.java:617)
                        	at org.testng.SuiteRunner.runTest(SuiteRunner.java:334)
                        	at org.testng.SuiteRunner.runSequentially(SuiteRunner.java:329)
                        	at org.testng.SuiteRunner.privateRun(SuiteRunner.java:291)
                        	at org.testng.SuiteRunner.run(SuiteRunner.java:240)
                        	at org.testng.SuiteRunnerWorker.runSuite(SuiteRunnerWorker.java:52)
                        	at org.testng.SuiteRunnerWorker.run(SuiteRunnerWorker.java:86)
                        	at org.testng.TestNG.runSuitesSequentially(TestNG.java:1224)
                        	at org.testng.TestNG.runSuitesLocally(TestNG.java:1149)
                        	at org.testng.TestNG.run(TestNG.java:1057)
                        	at org.testng.remote.RemoteTestNG.run(RemoteTestNG.java:111)
                        	at org.testng.remote.RemoteTestNG.initAndRun(RemoteTestNG.java:204)
                        	at org.testng.remote.RemoteTestNG.main(RemoteTestNG.java:175)
                        Caused by: java.lang.NullPointerException
                        	at com.taxiforsure.testCases.TaxiForSureTest.getData3(TaxiForSureTest.java:719)
                        	at sun.reflect.NativeMethodAccessorImpl.invoke0(Native Method)
                        	at sun.reflect.NativeMethodAccessorImpl.invoke(NativeMethodAccessorImpl.java:57)
                        	at sun.reflect.DelegatingMethodAccessorImpl.invoke(DelegatingMethodAccessorImpl.java:43)
                        	at java.lang.reflect.Method.invoke(Method.java:601)
                        	at org.testng.internal.MethodInvocationHelper.invokeMethod(MethodInvocationHelper.java:84)
                        	at org.testng.internal.MethodInvocationHelper.invokeDataProvider(MethodInvocationHelper.java:135)
                        	... 20 more
                     </pre>
                  </div>
               </td>
            </tr>
            <tr id="com.taxiforsure.testCases.TaxiForSureTest_HalfDayOrFullDayTest_byStatus_failed_FAIL6_row"
                class="testMethodStatusFAIL">
               <td width="100%" class="firstMethodCell">
                  <a onclick="toggleDetailsVisibility('com.taxiforsure.testCases.TaxiForSureTest_HalfDayOrFullDayTest_byStatus_failed_FAIL6_details')">HalfDayOrFullDayTest()</a>
               </td>
               <td nowrap="true">16:55:26</td>
               <td nowrap="true" align="right">0 ms
                  
               </td>
               <td nowrap="true">
                  <a onclick="toggleDetailsVisibility('com.taxiforsure.testCases.TaxiForSureTest_HalfDayOrFullDayTest_byStatus_failed_FAIL6_exception')">java.lang.RuntimeException: 
                     java.lang.NullPointerException
                     
                  </a>
                   
                  
               </td>
               <td nowrap="true">
                  <a href="../screenShots/HalfDayOrFullDayTest().png" target="_blank">ScreenShot</a>
                   
                  
               </td>
            </tr>
            <tr>
               <td colspan="4" class="detailsBox">
                  <div id="com.taxiforsure.testCases.TaxiForSureTest_HalfDayOrFullDayTest_byStatus_failed_FAIL6_details"
                       class="testMethodDetails">
                     <div>
                        <b>Name: </b>HalfDayOrFullDayTest
                     </div>
                     <div>
                        <b>Signature: </b>HalfDayOrFullDayTest(java.lang.String, java.lang.String, java.lang.String, java.lang.String, java.lang.String, java.lang.String,
                        java.lang.String, java.lang.String, java.lang.String, java.lang.String, java.lang.String)[pri:0, instance:com.taxiforsure.testCases.TaxiForSureTest@161e946]
                     </div>
                     <div>
                        <b>Start time: </b>16:55:26
                     </div>
                     <div>
                        <b>End time: </b>16:55:26
                     </div>
                     <div>
                        <b>Duration: </b>0 ms
                        
                     </div>
                  </div>
               </td>
            </tr>
            <tr>
               <td colspan="4" class="detailsBox">
                  <div id="com.taxiforsure.testCases.TaxiForSureTest_HalfDayOrFullDayTest_byStatus_failed_FAIL6_exception"
                       class="testMethodDetails">
                     <pre style="padding: 5px; margin: 0;">java.lang.RuntimeException: java.lang.NullPointerException
                        	at org.testng.internal.MethodInvocationHelper.invokeDataProvider(MethodInvocationHelper.java:161)
                        	at org.testng.internal.Parameters.handleParameters(Parameters.java:429)
                        	at org.testng.internal.Invoker.handleParameters(Invoker.java:1383)
                        	at org.testng.internal.Invoker.createParameters(Invoker.java:1075)
                        	at org.testng.internal.Invoker.invokeTestMethods(Invoker.java:1180)
                        	at org.testng.internal.TestMethodWorker.invokeTestMethods(TestMethodWorker.java:127)
                        	at org.testng.internal.TestMethodWorker.run(TestMethodWorker.java:111)
                        	at org.testng.TestRunner.privateRun(TestRunner.java:767)
                        	at org.testng.TestRunner.run(TestRunner.java:617)
                        	at org.testng.SuiteRunner.runTest(SuiteRunner.java:334)
                        	at org.testng.SuiteRunner.runSequentially(SuiteRunner.java:329)
                        	at org.testng.SuiteRunner.privateRun(SuiteRunner.java:291)
                        	at org.testng.SuiteRunner.run(SuiteRunner.java:240)
                        	at org.testng.SuiteRunnerWorker.runSuite(SuiteRunnerWorker.java:52)
                        	at org.testng.SuiteRunnerWorker.run(SuiteRunnerWorker.java:86)
                        	at org.testng.TestNG.runSuitesSequentially(TestNG.java:1224)
                        	at org.testng.TestNG.runSuitesLocally(TestNG.java:1149)
                        	at org.testng.TestNG.run(TestNG.java:1057)
                        	at org.testng.remote.RemoteTestNG.run(RemoteTestNG.java:111)
                        	at org.testng.remote.RemoteTestNG.initAndRun(RemoteTestNG.java:204)
                        	at org.testng.remote.RemoteTestNG.main(RemoteTestNG.java:175)
                        Caused by: java.lang.NullPointerException
                        	at com.taxiforsure.testCases.TaxiForSureTest.getData2(TaxiForSureTest.java:581)
                        	at sun.reflect.NativeMethodAccessorImpl.invoke0(Native Method)
                        	at sun.reflect.NativeMethodAccessorImpl.invoke(NativeMethodAccessorImpl.java:57)
                        	at sun.reflect.DelegatingMethodAccessorImpl.invoke(DelegatingMethodAccessorImpl.java:43)
                        	at java.lang.reflect.Method.invoke(Method.java:601)
                        	at org.testng.internal.MethodInvocationHelper.invokeMethod(MethodInvocationHelper.java:84)
                        	at org.testng.internal.MethodInvocationHelper.invokeDataProvider(MethodInvocationHelper.java:135)
                        	... 20 more
                     </pre>
                  </div>
               </td>
            </tr>
            <tr id="com.taxiforsure.testCases.TaxiForSureTest_configBeforeClass_byStatus_skiped_SKIP1_row"
                class="testMethodStatusSKIP testMethodStatusCONF">
               <td width="100%" class="firstMethodCell">
                  <a onclick="toggleDetailsVisibility('com.taxiforsure.testCases.TaxiForSureTest_configBeforeClass_byStatus_skiped_SKIP1_details')">configBeforeClass()</a>
               </td>
               <td nowrap="true">16:55:26</td>
               <td nowrap="true" align="right">0 ms
                  
               </td>
               <td nowrap="true">
                   
                  
               </td>
               <td nowrap="true">
                   
                  
               </td>
            </tr>
            <tr>
               <td colspan="4" class="detailsBox">
                  <div id="com.taxiforsure.testCases.TaxiForSureTest_configBeforeClass_byStatus_skiped_SKIP1_details"
                       class="testMethodDetails">
                     <div>
                        <b>Name: </b>configBeforeClass
                     </div>
                     <div>
                        <b>Signature: </b>configBeforeClass()[pri:0, instance:com.taxiforsure.testCases.TaxiForSureTest@161e946]
                     </div>
                     <div>
                        <b>Start time: </b>16:55:26
                     </div>
                     <div>
                        <b>End time: </b>16:55:26
                     </div>
                     <div>
                        <b>Duration: </b>0 ms
                        
                     </div>
                  </div>
               </td>
            </tr>
            <tr></tr>
            <tr id="com.taxiforsure.testCases.TaxiForSureTest_showBookings_byStatus_skiped_SKIP2_row"
                class="testMethodStatusSKIP testMethodStatusCONF">
               <td width="100%" class="firstMethodCell">
                  <a onclick="toggleDetailsVisibility('com.taxiforsure.testCases.TaxiForSureTest_showBookings_byStatus_skiped_SKIP2_details')">showBookings()</a>
               </td>
               <td nowrap="true">16:55:26</td>
               <td nowrap="true" align="right">0 ms
                  
               </td>
               <td nowrap="true">
                   
                  
               </td>
               <td nowrap="true">
                   
                  
               </td>
            </tr>
            <tr>
               <td colspan="4" class="detailsBox">
                  <div id="com.taxiforsure.testCases.TaxiForSureTest_showBookings_byStatus_skiped_SKIP2_details"
                       class="testMethodDetails">
                     <div>
                        <b>Name: </b>showBookings
                     </div>
                     <div>
                        <b>Signature: </b>showBookings()[pri:0, instance:com.taxiforsure.testCases.TaxiForSureTest@161e946]
                     </div>
                     <div>
                        <b>Start time: </b>16:55:26
                     </div>
                     <div>
                        <b>End time: </b>16:55:26
                     </div>
                     <div>
                        <b>Duration: </b>0 ms
                        
                     </div>
                  </div>
               </td>
            </tr>
            <tr></tr>
            <tr id="com.taxiforsure.testCases.TaxiForSureTest_afterClassConfig_byStatus_skiped_SKIP3_row"
                class="testMethodStatusSKIP testMethodStatusCONF">
               <td width="100%" class="firstMethodCell">
                  <a onclick="toggleDetailsVisibility('com.taxiforsure.testCases.TaxiForSureTest_afterClassConfig_byStatus_skiped_SKIP3_details')">afterClassConfig()</a>
               </td>
               <td nowrap="true">16:55:26</td>
               <td nowrap="true" align="right">0 ms
                  
               </td>
               <td nowrap="true">
                   
                  
               </td>
               <td nowrap="true">
                   
                  
               </td>
            </tr>
            <tr>
               <td colspan="4" class="detailsBox">
                  <div id="com.taxiforsure.testCases.TaxiForSureTest_afterClassConfig_byStatus_skiped_SKIP3_details"
                       class="testMethodDetails">
                     <div>
                        <b>Name: </b>afterClassConfig
                     </div>
                     <div>
                        <b>Signature: </b>afterClassConfig()[pri:0, instance:com.taxiforsure.testCases.TaxiForSureTest@161e946]
                     </div>
                     <div>
                        <b>Start time: </b>16:55:26
                     </div>
                     <div>
                        <b>End time: </b>16:55:26
                     </div>
                     <div>
                        <b>Duration: </b>0 ms
                        
                     </div>
                  </div>
               </td>
            </tr>
            <tr></tr>
         </table>
      </div>
      <div id="testMethodsByClass" style="display: none;">
         <table class="testMethodsTable" cellpadding="0" cellspacing="0">
            <tr>
               <td colspan="4">
                  <h3 style="display: inline;">com.taxiforsure.testCases.TaxiForSureTest</h3>
               </td>
            </tr>
            <tr class="methodsTableHeader">
               <td width="100%">Name</td>
               <td nowrap="true">Started</td>
               <td nowrap="true">Duration</td>
               <td>Exception</td>
               <td>ScreenShots</td>
            </tr>
            <tr id="com.taxiforsure.testCases.TaxiForSureTest_nameBefore_byClass_FAIL1_row"
                class="testMethodStatusFAIL testMethodStatusCONF">
               <td width="100%" class="firstMethodCell">
                  <a onclick="toggleDetailsVisibility('com.taxiforsure.testCases.TaxiForSureTest_nameBefore_byClass_FAIL1_details')">nameBefore()</a>
               </td>
               <td nowrap="true">16:55:26</td>
               <td nowrap="true" align="right">0 ms
                  
               </td>
               <td nowrap="true">
                  <a onclick="toggleDetailsVisibility('com.taxiforsure.testCases.TaxiForSureTest_nameBefore_byClass_FAIL1_exception')">java.lang.IllegalArgumentException: 
                     wrong number of arguments
                     
                  </a>
                   
                  
               </td>
               <td nowrap="true">
                  <a href="../screenShots/nameBefore().png" target="_blank">ScreenShot</a>
                   
                  
               </td>
            </tr>
            <tr>
               <td colspan="4" class="detailsBox">
                  <div id="com.taxiforsure.testCases.TaxiForSureTest_nameBefore_byClass_FAIL1_details"
                       class="testMethodDetails">
                     <div>
                        <b>Name: </b>nameBefore
                     </div>
                     <div>
                        <b>Signature: </b>nameBefore(java.lang.reflect.Method)[pri:0, instance:com.taxiforsure.testCases.TaxiForSureTest@161e946]
                     </div>
                     <div>
                        <b>Start time: </b>16:55:26
                     </div>
                     <div>
                        <b>End time: </b>16:55:26
                     </div>
                     <div>
                        <b>Duration: </b>0 ms
                        
                     </div>
                  </div>
               </td>
            </tr>
            <tr>
               <td colspan="4" class="detailsBox">
                  <div id="com.taxiforsure.testCases.TaxiForSureTest_nameBefore_byClass_FAIL1_exception"
                       class="testMethodDetails">
                     <pre style="padding: 5px; margin: 0;">java.lang.IllegalArgumentException: wrong number of arguments
                        	at sun.reflect.NativeMethodAccessorImpl.invoke0(Native Method)
                        	at sun.reflect.NativeMethodAccessorImpl.invoke(NativeMethodAccessorImpl.java:57)
                        	at sun.reflect.DelegatingMethodAccessorImpl.invoke(DelegatingMethodAccessorImpl.java:43)
                        	at java.lang.reflect.Method.invoke(Method.java:601)
                        	at org.testng.internal.MethodInvocationHelper.invokeMethod(MethodInvocationHelper.java:84)
                        	at org.testng.internal.Invoker.invokeConfigurationMethod(Invoker.java:564)
                        	at org.testng.internal.Invoker.invokeConfigurations(Invoker.java:213)
                        	at org.testng.internal.Invoker.invokeConfigurations(Invoker.java:138)
                        	at org.testng.TestRunner.beforeRun(TestRunner.java:641)
                        	at org.testng.TestRunner.run(TestRunner.java:609)
                        	at org.testng.SuiteRunner.runTest(SuiteRunner.java:334)
                        	at org.testng.SuiteRunner.runSequentially(SuiteRunner.java:329)
                        	at org.testng.SuiteRunner.privateRun(SuiteRunner.java:291)
                        	at org.testng.SuiteRunner.run(SuiteRunner.java:240)
                        	at org.testng.SuiteRunnerWorker.runSuite(SuiteRunnerWorker.java:52)
                        	at org.testng.SuiteRunnerWorker.run(SuiteRunnerWorker.java:86)
                        	at org.testng.TestNG.runSuitesSequentially(TestNG.java:1224)
                        	at org.testng.TestNG.runSuitesLocally(TestNG.java:1149)
                        	at org.testng.TestNG.run(TestNG.java:1057)
                        	at org.testng.remote.RemoteTestNG.run(RemoteTestNG.java:111)
                        	at org.testng.remote.RemoteTestNG.initAndRun(RemoteTestNG.java:204)
                        	at org.testng.remote.RemoteTestNG.main(RemoteTestNG.java:175)
                     </pre>
                  </div>
               </td>
            </tr>
            <tr id="com.taxiforsure.testCases.TaxiForSureTest_commingFromAirportTest_byClass_FAIL2_row"
                class="testMethodStatusFAIL">
               <td width="100%" class="firstMethodCell">
                  <a onclick="toggleDetailsVisibility('com.taxiforsure.testCases.TaxiForSureTest_commingFromAirportTest_byClass_FAIL2_details')">commingFromAirportTest()</a>
               </td>
               <td nowrap="true">16:55:26</td>
               <td nowrap="true" align="right">0 ms
                  
               </td>
               <td nowrap="true">
                  <a onclick="toggleDetailsVisibility('com.taxiforsure.testCases.TaxiForSureTest_commingFromAirportTest_byClass_FAIL2_exception')">java.lang.RuntimeException: 
                     java.lang.NullPointerException
                     
                  </a>
                   
                  
               </td>
               <td nowrap="true">
                  <a href="../screenShots/commingFromAirportTest().png" target="_blank">ScreenShot</a>
                   
                  
               </td>
            </tr>
            <tr>
               <td colspan="4" class="detailsBox">
                  <div id="com.taxiforsure.testCases.TaxiForSureTest_commingFromAirportTest_byClass_FAIL2_details"
                       class="testMethodDetails">
                     <div>
                        <b>Name: </b>commingFromAirportTest
                     </div>
                     <div>
                        <b>Signature: </b>commingFromAirportTest(java.lang.String, java.lang.String, java.lang.String, java.lang.String, java.lang.String, java.lang.String,
                        java.lang.String, java.lang.String, java.lang.String)[pri:0, instance:com.taxiforsure.testCases.TaxiForSureTest@161e946]
                     </div>
                     <div>
                        <b>Start time: </b>16:55:26
                     </div>
                     <div>
                        <b>End time: </b>16:55:26
                     </div>
                     <div>
                        <b>Duration: </b>0 ms
                        
                     </div>
                  </div>
               </td>
            </tr>
            <tr>
               <td colspan="4" class="detailsBox">
                  <div id="com.taxiforsure.testCases.TaxiForSureTest_commingFromAirportTest_byClass_FAIL2_exception"
                       class="testMethodDetails">
                     <pre style="padding: 5px; margin: 0;">java.lang.RuntimeException: java.lang.NullPointerException
                        	at org.testng.internal.MethodInvocationHelper.invokeDataProvider(MethodInvocationHelper.java:161)
                        	at org.testng.internal.Parameters.handleParameters(Parameters.java:429)
                        	at org.testng.internal.Invoker.handleParameters(Invoker.java:1383)
                        	at org.testng.internal.Invoker.createParameters(Invoker.java:1075)
                        	at org.testng.internal.Invoker.invokeTestMethods(Invoker.java:1180)
                        	at org.testng.internal.TestMethodWorker.invokeTestMethods(TestMethodWorker.java:127)
                        	at org.testng.internal.TestMethodWorker.run(TestMethodWorker.java:111)
                        	at org.testng.TestRunner.privateRun(TestRunner.java:767)
                        	at org.testng.TestRunner.run(TestRunner.java:617)
                        	at org.testng.SuiteRunner.runTest(SuiteRunner.java:334)
                        	at org.testng.SuiteRunner.runSequentially(SuiteRunner.java:329)
                        	at org.testng.SuiteRunner.privateRun(SuiteRunner.java:291)
                        	at org.testng.SuiteRunner.run(SuiteRunner.java:240)
                        	at org.testng.SuiteRunnerWorker.runSuite(SuiteRunnerWorker.java:52)
                        	at org.testng.SuiteRunnerWorker.run(SuiteRunnerWorker.java:86)
                        	at org.testng.TestNG.runSuitesSequentially(TestNG.java:1224)
                        	at org.testng.TestNG.runSuitesLocally(TestNG.java:1149)
                        	at org.testng.TestNG.run(TestNG.java:1057)
                        	at org.testng.remote.RemoteTestNG.run(RemoteTestNG.java:111)
                        	at org.testng.remote.RemoteTestNG.initAndRun(RemoteTestNG.java:204)
                        	at org.testng.remote.RemoteTestNG.main(RemoteTestNG.java:175)
                        Caused by: java.lang.NullPointerException
                        	at com.taxiforsure.testCases.TaxiForSureTest.getTestData(TaxiForSureTest.java:440)
                        	at sun.reflect.NativeMethodAccessorImpl.invoke0(Native Method)
                        	at sun.reflect.NativeMethodAccessorImpl.invoke(NativeMethodAccessorImpl.java:57)
                        	at sun.reflect.DelegatingMethodAccessorImpl.invoke(DelegatingMethodAccessorImpl.java:43)
                        	at java.lang.reflect.Method.invoke(Method.java:601)
                        	at org.testng.internal.MethodInvocationHelper.invokeMethod(MethodInvocationHelper.java:84)
                        	at org.testng.internal.MethodInvocationHelper.invokeDataProvider(MethodInvocationHelper.java:135)
                        	... 20 more
                     </pre>
                  </div>
               </td>
            </tr>
            <tr id="com.taxiforsure.testCases.TaxiForSureTest_configBeforeClass_byClass_SKIP3_row"
                class="testMethodStatusSKIP testMethodStatusCONF">
               <td width="100%" class="firstMethodCell">
                  <a onclick="toggleDetailsVisibility('com.taxiforsure.testCases.TaxiForSureTest_configBeforeClass_byClass_SKIP3_details')">configBeforeClass()</a>
               </td>
               <td nowrap="true">16:55:26</td>
               <td nowrap="true" align="right">0 ms
                  
               </td>
               <td nowrap="true">
                   
                  
               </td>
               <td nowrap="true">
                   
                  
               </td>
            </tr>
            <tr>
               <td colspan="4" class="detailsBox">
                  <div id="com.taxiforsure.testCases.TaxiForSureTest_configBeforeClass_byClass_SKIP3_details"
                       class="testMethodDetails">
                     <div>
                        <b>Name: </b>configBeforeClass
                     </div>
                     <div>
                        <b>Signature: </b>configBeforeClass()[pri:0, instance:com.taxiforsure.testCases.TaxiForSureTest@161e946]
                     </div>
                     <div>
                        <b>Start time: </b>16:55:26
                     </div>
                     <div>
                        <b>End time: </b>16:55:26
                     </div>
                     <div>
                        <b>Duration: </b>0 ms
                        
                     </div>
                  </div>
               </td>
            </tr>
            <tr></tr>
            <tr id="com.taxiforsure.testCases.TaxiForSureTest_pointToPointBookingTest_byClass_FAIL4_row"
                class="testMethodStatusFAIL">
               <td width="100%" class="firstMethodCell">
                  <a onclick="toggleDetailsVisibility('com.taxiforsure.testCases.TaxiForSureTest_pointToPointBookingTest_byClass_FAIL4_details')">pointToPointBookingTest()</a>
               </td>
               <td nowrap="true">16:55:26</td>
               <td nowrap="true" align="right">0 ms
                  
               </td>
               <td nowrap="true">
                  <a onclick="toggleDetailsVisibility('com.taxiforsure.testCases.TaxiForSureTest_pointToPointBookingTest_byClass_FAIL4_exception')">java.lang.RuntimeException: 
                     java.lang.NullPointerException
                     
                  </a>
                   
                  
               </td>
               <td nowrap="true">
                  <a href="../screenShots/pointToPointBookingTest().png" target="_blank">ScreenShot</a>
                   
                  
               </td>
            </tr>
            <tr>
               <td colspan="4" class="detailsBox">
                  <div id="com.taxiforsure.testCases.TaxiForSureTest_pointToPointBookingTest_byClass_FAIL4_details"
                       class="testMethodDetails">
                     <div>
                        <b>Name: </b>pointToPointBookingTest
                     </div>
                     <div>
                        <b>Signature: </b>pointToPointBookingTest(java.lang.String, java.lang.String, java.lang.String, java.lang.String, java.lang.String, java.lang.String,
                        java.lang.String, java.lang.String, java.lang.String, java.lang.String)[pri:0, instance:com.taxiforsure.testCases.TaxiForSureTest@161e946]
                     </div>
                     <div>
                        <b>Start time: </b>16:55:26
                     </div>
                     <div>
                        <b>End time: </b>16:55:26
                     </div>
                     <div>
                        <b>Duration: </b>0 ms
                        
                     </div>
                  </div>
               </td>
            </tr>
            <tr>
               <td colspan="4" class="detailsBox">
                  <div id="com.taxiforsure.testCases.TaxiForSureTest_pointToPointBookingTest_byClass_FAIL4_exception"
                       class="testMethodDetails">
                     <pre style="padding: 5px; margin: 0;">java.lang.RuntimeException: java.lang.NullPointerException
                        	at org.testng.internal.MethodInvocationHelper.invokeDataProvider(MethodInvocationHelper.java:161)
                        	at org.testng.internal.Parameters.handleParameters(Parameters.java:429)
                        	at org.testng.internal.Invoker.handleParameters(Invoker.java:1383)
                        	at org.testng.internal.Invoker.createParameters(Invoker.java:1075)
                        	at org.testng.internal.Invoker.invokeTestMethods(Invoker.java:1180)
                        	at org.testng.internal.TestMethodWorker.invokeTestMethods(TestMethodWorker.java:127)
                        	at org.testng.internal.TestMethodWorker.run(TestMethodWorker.java:111)
                        	at org.testng.TestRunner.privateRun(TestRunner.java:767)
                        	at org.testng.TestRunner.run(TestRunner.java:617)
                        	at org.testng.SuiteRunner.runTest(SuiteRunner.java:334)
                        	at org.testng.SuiteRunner.runSequentially(SuiteRunner.java:329)
                        	at org.testng.SuiteRunner.privateRun(SuiteRunner.java:291)
                        	at org.testng.SuiteRunner.run(SuiteRunner.java:240)
                        	at org.testng.SuiteRunnerWorker.runSuite(SuiteRunnerWorker.java:52)
                        	at org.testng.SuiteRunnerWorker.run(SuiteRunnerWorker.java:86)
                        	at org.testng.TestNG.runSuitesSequentially(TestNG.java:1224)
                        	at org.testng.TestNG.runSuitesLocally(TestNG.java:1149)
                        	at org.testng.TestNG.run(TestNG.java:1057)
                        	at org.testng.remote.RemoteTestNG.run(RemoteTestNG.java:111)
                        	at org.testng.remote.RemoteTestNG.initAndRun(RemoteTestNG.java:204)
                        	at org.testng.remote.RemoteTestNG.main(RemoteTestNG.java:175)
                        Caused by: java.lang.NullPointerException
                        	at com.taxiforsure.testCases.TaxiForSureTest.getData(TaxiForSureTest.java:127)
                        	at sun.reflect.NativeMethodAccessorImpl.invoke0(Native Method)
                        	at sun.reflect.NativeMethodAccessorImpl.invoke(NativeMethodAccessorImpl.java:57)
                        	at sun.reflect.DelegatingMethodAccessorImpl.invoke(DelegatingMethodAccessorImpl.java:43)
                        	at java.lang.reflect.Method.invoke(Method.java:601)
                        	at org.testng.internal.MethodInvocationHelper.invokeMethod(MethodInvocationHelper.java:84)
                        	at org.testng.internal.MethodInvocationHelper.invokeDataProvider(MethodInvocationHelper.java:135)
                        	... 20 more
                     </pre>
                  </div>
               </td>
            </tr>
            <tr id="com.taxiforsure.testCases.TaxiForSureTest_goToAirportTest_byClass_FAIL5_row"
                class="testMethodStatusFAIL">
               <td width="100%" class="firstMethodCell">
                  <a onclick="toggleDetailsVisibility('com.taxiforsure.testCases.TaxiForSureTest_goToAirportTest_byClass_FAIL5_details')">goToAirportTest()</a>
               </td>
               <td nowrap="true">16:55:26</td>
               <td nowrap="true" align="right">0 ms
                  
               </td>
               <td nowrap="true">
                  <a onclick="toggleDetailsVisibility('com.taxiforsure.testCases.TaxiForSureTest_goToAirportTest_byClass_FAIL5_exception')">java.lang.RuntimeException: 
                     java.lang.NullPointerException
                     
                  </a>
                   
                  
               </td>
               <td nowrap="true">
                  <a href="../screenShots/goToAirportTest().png" target="_blank">ScreenShot</a>
                   
                  
               </td>
            </tr>
            <tr>
               <td colspan="4" class="detailsBox">
                  <div id="com.taxiforsure.testCases.TaxiForSureTest_goToAirportTest_byClass_FAIL5_details"
                       class="testMethodDetails">
                     <div>
                        <b>Name: </b>goToAirportTest
                     </div>
                     <div>
                        <b>Signature: </b>goToAirportTest(java.lang.String, java.lang.String, java.lang.String, java.lang.String, java.lang.String, java.lang.String,
                        java.lang.String, java.lang.String, java.lang.String, java.lang.String, java.lang.String)[pri:0, instance:com.taxiforsure.testCases.TaxiForSureTest@161e946]
                     </div>
                     <div>
                        <b>Start time: </b>16:55:26
                     </div>
                     <div>
                        <b>End time: </b>16:55:26
                     </div>
                     <div>
                        <b>Duration: </b>0 ms
                        
                     </div>
                  </div>
               </td>
            </tr>
            <tr>
               <td colspan="4" class="detailsBox">
                  <div id="com.taxiforsure.testCases.TaxiForSureTest_goToAirportTest_byClass_FAIL5_exception"
                       class="testMethodDetails">
                     <pre style="padding: 5px; margin: 0;">java.lang.RuntimeException: java.lang.NullPointerException
                        	at org.testng.internal.MethodInvocationHelper.invokeDataProvider(MethodInvocationHelper.java:161)
                        	at org.testng.internal.Parameters.handleParameters(Parameters.java:429)
                        	at org.testng.internal.Invoker.handleParameters(Invoker.java:1383)
                        	at org.testng.internal.Invoker.createParameters(Invoker.java:1075)
                        	at org.testng.internal.Invoker.invokeTestMethods(Invoker.java:1180)
                        	at org.testng.internal.TestMethodWorker.invokeTestMethods(TestMethodWorker.java:127)
                        	at org.testng.internal.TestMethodWorker.run(TestMethodWorker.java:111)
                        	at org.testng.TestRunner.privateRun(TestRunner.java:767)
                        	at org.testng.TestRunner.run(TestRunner.java:617)
                        	at org.testng.SuiteRunner.runTest(SuiteRunner.java:334)
                        	at org.testng.SuiteRunner.runSequentially(SuiteRunner.java:329)
                        	at org.testng.SuiteRunner.privateRun(SuiteRunner.java:291)
                        	at org.testng.SuiteRunner.run(SuiteRunner.java:240)
                        	at org.testng.SuiteRunnerWorker.runSuite(SuiteRunnerWorker.java:52)
                        	at org.testng.SuiteRunnerWorker.run(SuiteRunnerWorker.java:86)
                        	at org.testng.TestNG.runSuitesSequentially(TestNG.java:1224)
                        	at org.testng.TestNG.runSuitesLocally(TestNG.java:1149)
                        	at org.testng.TestNG.run(TestNG.java:1057)
                        	at org.testng.remote.RemoteTestNG.run(RemoteTestNG.java:111)
                        	at org.testng.remote.RemoteTestNG.initAndRun(RemoteTestNG.java:204)
                        	at org.testng.remote.RemoteTestNG.main(RemoteTestNG.java:175)
                        Caused by: java.lang.NullPointerException
                        	at com.taxiforsure.testCases.TaxiForSureTest.getData1(TaxiForSureTest.java:291)
                        	at sun.reflect.NativeMethodAccessorImpl.invoke0(Native Method)
                        	at sun.reflect.NativeMethodAccessorImpl.invoke(NativeMethodAccessorImpl.java:57)
                        	at sun.reflect.DelegatingMethodAccessorImpl.invoke(DelegatingMethodAccessorImpl.java:43)
                        	at java.lang.reflect.Method.invoke(Method.java:601)
                        	at org.testng.internal.MethodInvocationHelper.invokeMethod(MethodInvocationHelper.java:84)
                        	at org.testng.internal.MethodInvocationHelper.invokeDataProvider(MethodInvocationHelper.java:135)
                        	... 20 more
                     </pre>
                  </div>
               </td>
            </tr>
            <tr id="com.taxiforsure.testCases.TaxiForSureTest_outstationBookingTest_byClass_FAIL6_row"
                class="testMethodStatusFAIL">
               <td width="100%" class="firstMethodCell">
                  <a onclick="toggleDetailsVisibility('com.taxiforsure.testCases.TaxiForSureTest_outstationBookingTest_byClass_FAIL6_details')">outstationBookingTest()</a>
               </td>
               <td nowrap="true">16:55:26</td>
               <td nowrap="true" align="right">0 ms
                  
               </td>
               <td nowrap="true">
                  <a onclick="toggleDetailsVisibility('com.taxiforsure.testCases.TaxiForSureTest_outstationBookingTest_byClass_FAIL6_exception')">java.lang.RuntimeException: 
                     java.lang.NullPointerException
                     
                  </a>
                   
                  
               </td>
               <td nowrap="true">
                  <a href="../screenShots/outstationBookingTest().png" target="_blank">ScreenShot</a>
                   
                  
               </td>
            </tr>
            <tr>
               <td colspan="4" class="detailsBox">
                  <div id="com.taxiforsure.testCases.TaxiForSureTest_outstationBookingTest_byClass_FAIL6_details"
                       class="testMethodDetails">
                     <div>
                        <b>Name: </b>outstationBookingTest
                     </div>
                     <div>
                        <b>Signature: </b>outstationBookingTest(java.lang.String, java.lang.String, java.lang.String, java.lang.String, java.lang.String, java.lang.String,
                        java.lang.String, java.lang.String, java.lang.String, java.lang.String, java.lang.String)[pri:0, instance:com.taxiforsure.testCases.TaxiForSureTest@161e946]
                     </div>
                     <div>
                        <b>Start time: </b>16:55:26
                     </div>
                     <div>
                        <b>End time: </b>16:55:26
                     </div>
                     <div>
                        <b>Duration: </b>0 ms
                        
                     </div>
                  </div>
               </td>
            </tr>
            <tr>
               <td colspan="4" class="detailsBox">
                  <div id="com.taxiforsure.testCases.TaxiForSureTest_outstationBookingTest_byClass_FAIL6_exception"
                       class="testMethodDetails">
                     <pre style="padding: 5px; margin: 0;">java.lang.RuntimeException: java.lang.NullPointerException
                        	at org.testng.internal.MethodInvocationHelper.invokeDataProvider(MethodInvocationHelper.java:161)
                        	at org.testng.internal.Parameters.handleParameters(Parameters.java:429)
                        	at org.testng.internal.Invoker.handleParameters(Invoker.java:1383)
                        	at org.testng.internal.Invoker.createParameters(Invoker.java:1075)
                        	at org.testng.internal.Invoker.invokeTestMethods(Invoker.java:1180)
                        	at org.testng.internal.TestMethodWorker.invokeTestMethods(TestMethodWorker.java:127)
                        	at org.testng.internal.TestMethodWorker.run(TestMethodWorker.java:111)
                        	at org.testng.TestRunner.privateRun(TestRunner.java:767)
                        	at org.testng.TestRunner.run(TestRunner.java:617)
                        	at org.testng.SuiteRunner.runTest(SuiteRunner.java:334)
                        	at org.testng.SuiteRunner.runSequentially(SuiteRunner.java:329)
                        	at org.testng.SuiteRunner.privateRun(SuiteRunner.java:291)
                        	at org.testng.SuiteRunner.run(SuiteRunner.java:240)
                        	at org.testng.SuiteRunnerWorker.runSuite(SuiteRunnerWorker.java:52)
                        	at org.testng.SuiteRunnerWorker.run(SuiteRunnerWorker.java:86)
                        	at org.testng.TestNG.runSuitesSequentially(TestNG.java:1224)
                        	at org.testng.TestNG.runSuitesLocally(TestNG.java:1149)
                        	at org.testng.TestNG.run(TestNG.java:1057)
                        	at org.testng.remote.RemoteTestNG.run(RemoteTestNG.java:111)
                        	at org.testng.remote.RemoteTestNG.initAndRun(RemoteTestNG.java:204)
                        	at org.testng.remote.RemoteTestNG.main(RemoteTestNG.java:175)
                        Caused by: java.lang.NullPointerException
                        	at com.taxiforsure.testCases.TaxiForSureTest.getData3(TaxiForSureTest.java:719)
                        	at sun.reflect.NativeMethodAccessorImpl.invoke0(Native Method)
                        	at sun.reflect.NativeMethodAccessorImpl.invoke(NativeMethodAccessorImpl.java:57)
                        	at sun.reflect.DelegatingMethodAccessorImpl.invoke(DelegatingMethodAccessorImpl.java:43)
                        	at java.lang.reflect.Method.invoke(Method.java:601)
                        	at org.testng.internal.MethodInvocationHelper.invokeMethod(MethodInvocationHelper.java:84)
                        	at org.testng.internal.MethodInvocationHelper.invokeDataProvider(MethodInvocationHelper.java:135)
                        	... 20 more
                     </pre>
                  </div>
               </td>
            </tr>
            <tr id="com.taxiforsure.testCases.TaxiForSureTest_showBookings_byClass_SKIP7_row"
                class="testMethodStatusSKIP testMethodStatusCONF">
               <td width="100%" class="firstMethodCell">
                  <a onclick="toggleDetailsVisibility('com.taxiforsure.testCases.TaxiForSureTest_showBookings_byClass_SKIP7_details')">showBookings()</a>
               </td>
               <td nowrap="true">16:55:26</td>
               <td nowrap="true" align="right">0 ms
                  
               </td>
               <td nowrap="true">
                   
                  
               </td>
               <td nowrap="true">
                   
                  
               </td>
            </tr>
            <tr>
               <td colspan="4" class="detailsBox">
                  <div id="com.taxiforsure.testCases.TaxiForSureTest_showBookings_byClass_SKIP7_details"
                       class="testMethodDetails">
                     <div>
                        <b>Name: </b>showBookings
                     </div>
                     <div>
                        <b>Signature: </b>showBookings()[pri:0, instance:com.taxiforsure.testCases.TaxiForSureTest@161e946]
                     </div>
                     <div>
                        <b>Start time: </b>16:55:26
                     </div>
                     <div>
                        <b>End time: </b>16:55:26
                     </div>
                     <div>
                        <b>Duration: </b>0 ms
                        
                     </div>
                  </div>
               </td>
            </tr>
            <tr></tr>
            <tr id="com.taxiforsure.testCases.TaxiForSureTest_HalfDayOrFullDayTest_byClass_FAIL8_row"
                class="testMethodStatusFAIL">
               <td width="100%" class="firstMethodCell">
                  <a onclick="toggleDetailsVisibility('com.taxiforsure.testCases.TaxiForSureTest_HalfDayOrFullDayTest_byClass_FAIL8_details')">HalfDayOrFullDayTest()</a>
               </td>
               <td nowrap="true">16:55:26</td>
               <td nowrap="true" align="right">0 ms
                  
               </td>
               <td nowrap="true">
                  <a onclick="toggleDetailsVisibility('com.taxiforsure.testCases.TaxiForSureTest_HalfDayOrFullDayTest_byClass_FAIL8_exception')">java.lang.RuntimeException: 
                     java.lang.NullPointerException
                     
                  </a>
                   
                  
               </td>
               <td nowrap="true">
                  <a href="../screenShots/HalfDayOrFullDayTest().png" target="_blank">ScreenShot</a>
                   
                  
               </td>
            </tr>
            <tr>
               <td colspan="4" class="detailsBox">
                  <div id="com.taxiforsure.testCases.TaxiForSureTest_HalfDayOrFullDayTest_byClass_FAIL8_details"
                       class="testMethodDetails">
                     <div>
                        <b>Name: </b>HalfDayOrFullDayTest
                     </div>
                     <div>
                        <b>Signature: </b>HalfDayOrFullDayTest(java.lang.String, java.lang.String, java.lang.String, java.lang.String, java.lang.String, java.lang.String,
                        java.lang.String, java.lang.String, java.lang.String, java.lang.String, java.lang.String)[pri:0, instance:com.taxiforsure.testCases.TaxiForSureTest@161e946]
                     </div>
                     <div>
                        <b>Start time: </b>16:55:26
                     </div>
                     <div>
                        <b>End time: </b>16:55:26
                     </div>
                     <div>
                        <b>Duration: </b>0 ms
                        
                     </div>
                  </div>
               </td>
            </tr>
            <tr>
               <td colspan="4" class="detailsBox">
                  <div id="com.taxiforsure.testCases.TaxiForSureTest_HalfDayOrFullDayTest_byClass_FAIL8_exception"
                       class="testMethodDetails">
                     <pre style="padding: 5px; margin: 0;">java.lang.RuntimeException: java.lang.NullPointerException
                        	at org.testng.internal.MethodInvocationHelper.invokeDataProvider(MethodInvocationHelper.java:161)
                        	at org.testng.internal.Parameters.handleParameters(Parameters.java:429)
                        	at org.testng.internal.Invoker.handleParameters(Invoker.java:1383)
                        	at org.testng.internal.Invoker.createParameters(Invoker.java:1075)
                        	at org.testng.internal.Invoker.invokeTestMethods(Invoker.java:1180)
                        	at org.testng.internal.TestMethodWorker.invokeTestMethods(TestMethodWorker.java:127)
                        	at org.testng.internal.TestMethodWorker.run(TestMethodWorker.java:111)
                        	at org.testng.TestRunner.privateRun(TestRunner.java:767)
                        	at org.testng.TestRunner.run(TestRunner.java:617)
                        	at org.testng.SuiteRunner.runTest(SuiteRunner.java:334)
                        	at org.testng.SuiteRunner.runSequentially(SuiteRunner.java:329)
                        	at org.testng.SuiteRunner.privateRun(SuiteRunner.java:291)
                        	at org.testng.SuiteRunner.run(SuiteRunner.java:240)
                        	at org.testng.SuiteRunnerWorker.runSuite(SuiteRunnerWorker.java:52)
                        	at org.testng.SuiteRunnerWorker.run(SuiteRunnerWorker.java:86)
                        	at org.testng.TestNG.runSuitesSequentially(TestNG.java:1224)
                        	at org.testng.TestNG.runSuitesLocally(TestNG.java:1149)
                        	at org.testng.TestNG.run(TestNG.java:1057)
                        	at org.testng.remote.RemoteTestNG.run(RemoteTestNG.java:111)
                        	at org.testng.remote.RemoteTestNG.initAndRun(RemoteTestNG.java:204)
                        	at org.testng.remote.RemoteTestNG.main(RemoteTestNG.java:175)
                        Caused by: java.lang.NullPointerException
                        	at com.taxiforsure.testCases.TaxiForSureTest.getData2(TaxiForSureTest.java:581)
                        	at sun.reflect.NativeMethodAccessorImpl.invoke0(Native Method)
                        	at sun.reflect.NativeMethodAccessorImpl.invoke(NativeMethodAccessorImpl.java:57)
                        	at sun.reflect.DelegatingMethodAccessorImpl.invoke(DelegatingMethodAccessorImpl.java:43)
                        	at java.lang.reflect.Method.invoke(Method.java:601)
                        	at org.testng.internal.MethodInvocationHelper.invokeMethod(MethodInvocationHelper.java:84)
                        	at org.testng.internal.MethodInvocationHelper.invokeDataProvider(MethodInvocationHelper.java:135)
                        	... 20 more
                     </pre>
                  </div>
               </td>
            </tr>
            <tr id="com.taxiforsure.testCases.TaxiForSureTest_afterClassConfig_byClass_SKIP9_row"
                class="testMethodStatusSKIP testMethodStatusCONF">
               <td width="100%" class="firstMethodCell">
                  <a onclick="toggleDetailsVisibility('com.taxiforsure.testCases.TaxiForSureTest_afterClassConfig_byClass_SKIP9_details')">afterClassConfig()</a>
               </td>
               <td nowrap="true">16:55:26</td>
               <td nowrap="true" align="right">0 ms
                  
               </td>
               <td nowrap="true">
                   
                  
               </td>
               <td nowrap="true">
                   
                  
               </td>
            </tr>
            <tr>
               <td colspan="4" class="detailsBox">
                  <div id="com.taxiforsure.testCases.TaxiForSureTest_afterClassConfig_byClass_SKIP9_details"
                       class="testMethodDetails">
                     <div>
                        <b>Name: </b>afterClassConfig
                     </div>
                     <div>
                        <b>Signature: </b>afterClassConfig()[pri:0, instance:com.taxiforsure.testCases.TaxiForSureTest@161e946]
                     </div>
                     <div>
                        <b>Start time: </b>16:55:26
                     </div>
                     <div>
                        <b>End time: </b>16:55:26
                     </div>
                     <div>
                        <b>Duration: </b>0 ms
                        
                     </div>
                  </div>
               </td>
            </tr>
            <tr></tr>
         </table>
         <br></br>
      </div>
      <div style="margin-top: 15px; color: gray; text-align: center; font-size: 9px;">
         Generated with
         
         <a href="http://code.google.com/p/testng-xslt/" style="color: #8888aa;"
            target="_blank">
            TestNG XSLT
            
         </a>
      </div>
   </body>
</html>