<?xml version="1.0" encoding="UTF-8"?>
<testng-results skipped="0" failed="1" total="1" passed="0">
  <reporter-output>
    <line>
      <![CDATA[<a href = file:///D:\Mycodes\TFSAutomation\target\surefire-reports\screenshots\19_Nov_2014__11_56_39AM.png target='_blank'> <p align="left", style= "color: red; font: italic bold 12px/30px Georgia,serif;" >Click here for screen shot </p> </a>]]>
    </line>
  </reporter-output>
  <suite name="Suite" duration-ms="54954" started-at="2014-11-19T06:25:44Z" finished-at="2014-11-19T06:26:39Z">
    <groups>
    </groups>
    <test name="TaxiforsureTest" duration-ms="54954" started-at="2014-11-19T06:25:44Z" finished-at="2014-11-19T06:26:39Z">
      <class name="com.taxiforsure.regressionTest.TaxiforSureBookingsTest">
        <test-method status="PASS" signature="setup()[pri:0, instance:com.taxiforsure.regressionTest.TaxiforSureBookingsTest@ca128d]" name="setup" is-config="true" duration-ms="52605" started-at="2014-11-19T11:55:44Z" finished-at="2014-11-19T11:56:37Z">
          <reporter-output>
          </reporter-output>
        </test-method> <!-- setup -->
        <test-method status="FAIL" signature="pointToPointTest(java.lang.String, java.lang.String, java.lang.String, java.lang.String, java.lang.String, java.lang.String, java.lang.String)[pri:0, instance:com.taxiforsure.regressionTest.TaxiforSureBookingsTest@ca128d]" name="pointToPointTest" duration-ms="951" started-at="2014-11-19T11:56:37Z" data-provider="p2p" finished-at="2014-11-19T11:56:38Z">
          <params>
            <param index="0">
              <value>
                <![CDATA[Bangalore]]>
              </value>
            </param>
            <param index="1">
              <value>
                <![CDATA[Marathahalli]]>
              </value>
            </param>
            <param index="2">
              <value>
                <![CDATA[Majestic]]>
              </value>
            </param>
            <param index="3">
              <value>
                <![CDATA[6:15 a.m.]]>
              </value>
            </param>
            <param index="4">
              <value>
                <![CDATA[Sedan]]>
              </value>
            </param>
            <param index="5">
              <value>
                <![CDATA[9999999999]]>
              </value>
            </param>
            <param index="6">
              <value>
                <![CDATA[sabyasachi2189@gmail.com]]>
              </value>
            </param>
          </params>
          <exception class="org.openqa.selenium.WebDriverException">
            <message>
              <![CDATA[unknown error: Element is not clickable at point (373, 112). Other element would receive the click: <div class="CityModalWap" id="cmw" style="display: block;"></div>
  (Session info: chrome=38.0.2125.111)
  (Driver info: chromedriver=2.10.267521,platform=Windows NT 6.1 SP1 x86) (WARNING: The server did not provide any stacktrace information)
Command duration or timeout: 78 milliseconds
Build info: version: '2.44.0', revision: '76d78cf323ce037c5f92db6c1bba601c2ac43ad8', time: '2014-10-23 13:11:40'
System info: host: 'SABYA-TI8158', ip: '10.129.177.53', os.name: 'Windows 7', os.arch: 'x86', os.version: '6.1', java.version: '1.7.0_71'
Session ID: e135825625a56036442161a1e57ac808
Driver info: org.openqa.selenium.chrome.ChromeDriver
Capabilities [{platform=XP, acceptSslCerts=true, javascriptEnabled=true, browserName=chrome, chrome={userDataDir=C:\Users\SABYAS~1.MIS\AppData\Local\Temp\scoped_dir3228_30701}, rotatable=false, locationContextEnabled=true, version=38.0.2125.111, takesHeapSnapshot=true, cssSelectorsEnabled=true, databaseEnabled=false, handlesAlerts=true, browserConnectionEnabled=false, webStorageEnabled=true, nativeEvents=true, applicationCacheEnabled=false, takesScreenshot=true}]]]>
            </message>
            <full-stacktrace>
              <![CDATA[org.openqa.selenium.WebDriverException: unknown error: Element is not clickable at point (373, 112). Other element would receive the click: <div class="CityModalWap" id="cmw" style="display: block;"></div>
  (Session info: chrome=38.0.2125.111)
  (Driver info: chromedriver=2.10.267521,platform=Windows NT 6.1 SP1 x86) (WARNING: The server did not provide any stacktrace information)
Command duration or timeout: 78 milliseconds
Build info: version: '2.44.0', revision: '76d78cf323ce037c5f92db6c1bba601c2ac43ad8', time: '2014-10-23 13:11:40'
System info: host: 'SABYA-TI8158', ip: '10.129.177.53', os.name: 'Windows 7', os.arch: 'x86', os.version: '6.1', java.version: '1.7.0_71'
Session ID: e135825625a56036442161a1e57ac808
Driver info: org.openqa.selenium.chrome.ChromeDriver
Capabilities [{platform=XP, acceptSslCerts=true, javascriptEnabled=true, browserName=chrome, chrome={userDataDir=C:\Users\SABYAS~1.MIS\AppData\Local\Temp\scoped_dir3228_30701}, rotatable=false, locationContextEnabled=true, version=38.0.2125.111, takesHeapSnapshot=true, cssSelectorsEnabled=true, databaseEnabled=false, handlesAlerts=true, browserConnectionEnabled=false, webStorageEnabled=true, nativeEvents=true, applicationCacheEnabled=false, takesScreenshot=true}]
	at sun.reflect.NativeConstructorAccessorImpl.newInstance0(Native Method)
	at sun.reflect.NativeConstructorAccessorImpl.newInstance(NativeConstructorAccessorImpl.java:57)
	at sun.reflect.DelegatingConstructorAccessorImpl.newInstance(DelegatingConstructorAccessorImpl.java:45)
	at java.lang.reflect.Constructor.newInstance(Constructor.java:526)
	at org.openqa.selenium.remote.ErrorHandler.createThrowable(ErrorHandler.java:204)
	at org.openqa.selenium.remote.ErrorHandler.throwIfResponseFailed(ErrorHandler.java:156)
	at org.openqa.selenium.remote.RemoteWebDriver.execute(RemoteWebDriver.java:599)
	at org.openqa.selenium.remote.RemoteWebElement.execute(RemoteWebElement.java:268)
	at org.openqa.selenium.remote.RemoteWebElement.click(RemoteWebElement.java:79)
	at sun.reflect.NativeMethodAccessorImpl.invoke0(Native Method)
	at sun.reflect.NativeMethodAccessorImpl.invoke(NativeMethodAccessorImpl.java:57)
	at sun.reflect.DelegatingMethodAccessorImpl.invoke(DelegatingMethodAccessorImpl.java:43)
	at java.lang.reflect.Method.invoke(Method.java:606)
	at org.openqa.selenium.support.pagefactory.internal.LocatingElementHandler.invoke(LocatingElementHandler.java:50)
	at com.sun.proxy.$Proxy7.click(Unknown Source)
	at com.taxiforsure.actions.DoOperation.click(DoOperation.java:137)
	at com.taxiforsure.pageObjects.SelectLocation.doSelectCity(SelectLocation.java:163)
	at com.taxiforsure.regressionTest.TaxiforSureBookingsTest.pointToPointTest(TaxiforSureBookingsTest.java:68)
	at sun.reflect.NativeMethodAccessorImpl.invoke0(Native Method)
	at sun.reflect.NativeMethodAccessorImpl.invoke(NativeMethodAccessorImpl.java:57)
	at sun.reflect.DelegatingMethodAccessorImpl.invoke(DelegatingMethodAccessorImpl.java:43)
	at java.lang.reflect.Method.invoke(Method.java:606)
	at org.testng.internal.MethodInvocationHelper.invokeMethod(MethodInvocationHelper.java:84)
	at org.testng.internal.Invoker.invokeMethod(Invoker.java:714)
	at org.testng.internal.Invoker.invokeTestMethod(Invoker.java:901)
	at org.testng.internal.Invoker.invokeTestMethods(Invoker.java:1231)
	at org.testng.internal.TestMethodWorker.invokeTestMethods(TestMethodWorker.java:127)
	at org.testng.internal.TestMethodWorker.run(TestMethodWorker.java:111)
	at org.testng.TestRunner.privateRun(TestRunner.java:767)
	at org.testng.TestRunner.run(TestRunner.java:617)
	at org.testng.SuiteRunner.runTest(SuiteRunner.java:348)
	at org.testng.SuiteRunner.runSequentially(SuiteRunner.java:343)
	at org.testng.SuiteRunner.privateRun(SuiteRunner.java:305)
	at org.testng.SuiteRunner.run(SuiteRunner.java:254)
	at org.testng.SuiteRunnerWorker.runSuite(SuiteRunnerWorker.java:52)
	at org.testng.SuiteRunnerWorker.run(SuiteRunnerWorker.java:86)
	at org.testng.TestNG.runSuitesSequentially(TestNG.java:1224)
	at org.testng.TestNG.runSuitesLocally(TestNG.java:1149)
	at org.testng.TestNG.run(TestNG.java:1057)
	at org.apache.maven.surefire.testng.TestNGExecutor.run(TestNGExecutor.java:74)
	at org.apache.maven.surefire.testng.TestNGXmlTestSuite.execute(TestNGXmlTestSuite.java:92)
	at org.apache.maven.surefire.Surefire.run(Surefire.java:180)
	at sun.reflect.NativeMethodAccessorImpl.invoke0(Native Method)
	at sun.reflect.NativeMethodAccessorImpl.invoke(NativeMethodAccessorImpl.java:57)
	at sun.reflect.DelegatingMethodAccessorImpl.invoke(DelegatingMethodAccessorImpl.java:43)
	at java.lang.reflect.Method.invoke(Method.java:606)
	at org.apache.maven.surefire.booter.SurefireBooter.runSuitesInProcess(SurefireBooter.java:350)
	at org.apache.maven.surefire.booter.SurefireBooter.main(SurefireBooter.java:1021)
]]>
            </full-stacktrace>
          </exception> <!-- org.openqa.selenium.WebDriverException -->
          <reporter-output>
            <line>
              <![CDATA[<a href = file:///D:\Mycodes\TFSAutomation\target\surefire-reports\screenshots\19_Nov_2014__11_56_39AM.png target='_blank'> <p align="left", style= "color: red; font: italic bold 12px/30px Georgia,serif;" >Click here for screen shot </p> </a>]]>
            </line>
          </reporter-output>
        </test-method> <!-- pointToPointTest -->
        <test-method status="PASS" signature="onTestFailure(org.testng.ITestResult)[pri:0, instance:com.taxiforsure.regressionTest.TaxiforSureBookingsTest@ca128d]" name="onTestFailure" is-config="true" duration-ms="828" started-at="2014-11-19T11:56:38Z" finished-at="2014-11-19T11:56:39Z">
          <params>
            <param index="0">
              <value>
                <![CDATA[[TestResult name=pointToPointTest status=FAILURE method=TaxiforSureBookingsTest.pointToPointTest(java.lang.String, java.lang.String, java.lang.String, java.lang.String, java.lang.String, java.lang.String, java.lang.String)[pri:0, instance:com.taxiforsure.regressionTest.TaxiforSureBookingsTest@ca128d] output=<a href = file:///D:\Mycodes\TFSAutomation\target\surefire-reports\screenshots\19_Nov_2014__11_56_39AM.png target='_blank'> <p align="left", style= "color: red; font: italic bold 12px/30px Georgia,serif;" >Click here for screen shot </p> </a>]]]>
              </value>
            </param>
          </params>
          <reporter-output>
          </reporter-output>
        </test-method> <!-- onTestFailure -->
        <test-method status="PASS" signature="tearDown()[pri:0, instance:com.taxiforsure.regressionTest.TaxiforSureBookingsTest@ca128d]" name="tearDown" is-config="true" duration-ms="0" started-at="2014-11-19T11:56:39Z" finished-at="2014-11-19T11:56:39Z">
          <reporter-output>
          </reporter-output>
        </test-method> <!-- tearDown -->
      </class> <!-- com.taxiforsure.regressionTest.TaxiforSureBookingsTest -->
    </test> <!-- TaxiforsureTest -->
  </suite> <!-- Suite -->
</testng-results>
