<?xml version="1.0" encoding="utf-8" ?>
<!DOCTYPE html PUBLIC "-//W3C//DTD XHTML 1.0 Strict//EN"
        "http://www.w3.org/TR/xhtml1/DTD/xhtml1-strict.dtd">
<html xmlns="http://www.w3.org/1999/xhtml" xml:lang="" lang="">
<head>
  <title>Test Results Report - TaxiforsureTest</title>
  <meta http-equiv="Content-Type" content="text/html;charset=utf-8" />
  <meta name="description" content="TestNG unit test results." />
  <link href="reportng.css" rel="stylesheet" type="text/css" />
    <script type="text/javascript" src="reportng.js"></script>
</head>
<body>
<h1>TaxiforsureTest</h1>
<p>
  Test duration: 32.209s
</p>

  <table class="resultsTable configTable">
    <tr><th colspan="3" class="header failedConfig">Failed Configuration</th></tr>
              <tr class="group">
        <td colspan="3">com.taxiforsure.regressionTest.LoginTest</td>
      </tr>
            
<tr>
  <td class="method">
                  onTestFailure
      </td>
  <td class="duration">
    0.000s
  </td>
  <td class="result">
        
          <i>Method arguments: </i><span class="arguments">[TestResult name=loginTest status=SUCCESS method=LoginTest.loginTest()[pri:0, instance:com.taxiforsure.regressionTest.LoginTest@1343e2f] output={null}]</span><br />
    
        

        <a href="javascript:toggleElement('exception-0', 'block')" title="Click to expand/collapse"><b>org.openqa.selenium.remote.UnreachableBrowserException: Error communicating with the remote browser. It may have died.<br/>
Build info: version: &apos;2.44.0&apos;, revision: &apos;76d78cf323ce037c5f92db6c1bba601c2ac43ad8&apos;, time: &apos;2014-10-23 13:11:40&apos;<br/>
System info: host: &apos;SABYA-TI8158&apos;, ip: &apos;10.129.177.45&apos;, os.name: &apos;Windows 7&apos;, os.arch: &apos;x86&apos;, os.version: &apos;6.1&apos;, java.version: &apos;1.7.0_71&apos;<br/>
Driver info: driver.version: RemoteWebDriver</b></a><br />
    <div class="stackTrace" id="exception-0">
              org.openqa.selenium.remote.RemoteWebDriver.execute(RemoteWebDriver.java:593)<br />
              org.openqa.selenium.remote.RemoteWebDriver.findElement(RemoteWebDriver.java:352)<br />
              org.openqa.selenium.remote.RemoteWebDriver.findElementByLinkText(RemoteWebDriver.java:401)<br />
              org.openqa.selenium.By$ByLinkText.findElement(By.java:242)<br />
              org.openqa.selenium.remote.RemoteWebDriver.findElement(RemoteWebDriver.java:344)<br />
              org.openqa.selenium.support.pagefactory.DefaultElementLocator.findElement(DefaultElementLocator.java:59)<br />
              org.openqa.selenium.support.pagefactory.internal.LocatingElementHandler.invoke(LocatingElementHandler.java:37)<br />
              com.sun.proxy.$Proxy6.getCoordinates(Unknown Source)<br />
              org.openqa.selenium.interactions.internal.MouseAction.getActionLocation(MouseAction.java:40)<br />
              org.openqa.selenium.interactions.MoveMouseAction.perform(MoveMouseAction.java:35)<br />
              org.openqa.selenium.interactions.CompositeAction.perform(CompositeAction.java:31)<br />
              org.openqa.selenium.interactions.Actions.perform(Actions.java:367)<br />
              com.taxiforsure.actions.DoOperation.mouseOverAction(DoOperation.java:341)<br />
              com.taxiforsure.pageObjects.Login.doLogout(Login.java:97)<br />
              com.taxiforsure.regressionTest.LoginTest.onTestFailure(LoginTest.java:56)<br />
              sun.reflect.NativeMethodAccessorImpl.invoke0(Native Method)<br />
              sun.reflect.NativeMethodAccessorImpl.invoke(NativeMethodAccessorImpl.java:57)<br />
              sun.reflect.DelegatingMethodAccessorImpl.invoke(DelegatingMethodAccessorImpl.java:43)<br />
              java.lang.reflect.Method.invoke(Method.java:606)<br />
              org.testng.internal.MethodInvocationHelper.invokeMethod(MethodInvocationHelper.java:84)<br />
              org.testng.internal.Invoker.invokeConfigurationMethod(Invoker.java:564)<br />
              org.testng.internal.Invoker.invokeConfigurations(Invoker.java:213)<br />
              org.testng.internal.Invoker.invokeMethod(Invoker.java:786)<br />
              org.testng.internal.Invoker.invokeTestMethod(Invoker.java:901)<br />
              org.testng.internal.Invoker.invokeTestMethods(Invoker.java:1231)<br />
              org.testng.internal.TestMethodWorker.invokeTestMethods(TestMethodWorker.java:127)<br />
              org.testng.internal.TestMethodWorker.run(TestMethodWorker.java:111)<br />
              org.testng.TestRunner.privateRun(TestRunner.java:767)<br />
              org.testng.TestRunner.run(TestRunner.java:617)<br />
              org.testng.SuiteRunner.runTest(SuiteRunner.java:348)<br />
              org.testng.SuiteRunner.runSequentially(SuiteRunner.java:343)<br />
              org.testng.SuiteRunner.privateRun(SuiteRunner.java:305)<br />
              org.testng.SuiteRunner.run(SuiteRunner.java:254)<br />
              org.testng.SuiteRunnerWorker.runSuite(SuiteRunnerWorker.java:52)<br />
              org.testng.SuiteRunnerWorker.run(SuiteRunnerWorker.java:86)<br />
              org.testng.TestNG.runSuitesSequentially(TestNG.java:1224)<br />
              org.testng.TestNG.runSuitesLocally(TestNG.java:1149)<br />
              org.testng.TestNG.run(TestNG.java:1057)<br />
              org.apache.maven.surefire.testng.TestNGExecutor.run(TestNGExecutor.java:74)<br />
              org.apache.maven.surefire.testng.TestNGXmlTestSuite.execute(TestNGXmlTestSuite.java:92)<br />
              org.apache.maven.surefire.Surefire.run(Surefire.java:180)<br />
              sun.reflect.NativeMethodAccessorImpl.invoke0(Native Method)<br />
              sun.reflect.NativeMethodAccessorImpl.invoke(NativeMethodAccessorImpl.java:57)<br />
              sun.reflect.DelegatingMethodAccessorImpl.invoke(DelegatingMethodAccessorImpl.java:43)<br />
              java.lang.reflect.Method.invoke(Method.java:606)<br />
              org.apache.maven.surefire.booter.SurefireBooter.runSuitesInProcess(SurefireBooter.java:350)<br />
              org.apache.maven.surefire.booter.SurefireBooter.main(SurefireBooter.java:1021)<br />
                    <b>Caused by: </b> <a href="javascript:toggleElement('exception-1', 'block')" title="Click to expand/collapse">org.apache.http.conn.HttpHostConnectException: Connect to 127.0.0.1:7055 [/127.0.0.1] failed: Connection refused: connect</a><br />
        <div class="stackTrace" id="exception-1">
                      org.apache.http.impl.conn.HttpClientConnectionOperator.connect(HttpClientConnectionOperator.java:140)<br />
                      org.apache.http.impl.conn.PoolingHttpClientConnectionManager.connect(PoolingHttpClientConnectionManager.java:318)<br />
                      org.apache.http.impl.execchain.MainClientExec.establishRoute(MainClientExec.java:363)<br />
                      org.apache.http.impl.execchain.MainClientExec.execute(MainClientExec.java:219)<br />
                      org.apache.http.impl.execchain.ProtocolExec.execute(ProtocolExec.java:195)<br />
                      org.apache.http.impl.execchain.RetryExec.execute(RetryExec.java:86)<br />
                      org.apache.http.impl.execchain.RedirectExec.execute(RedirectExec.java:108)<br />
                      org.apache.http.impl.client.InternalHttpClient.doExecute(InternalHttpClient.java:184)<br />
                      org.apache.http.impl.client.CloseableHttpClient.execute(CloseableHttpClient.java:72)<br />
                      org.apache.http.impl.client.CloseableHttpClient.execute(CloseableHttpClient.java:57)<br />
                      org.openqa.selenium.remote.HttpCommandExecutor.fallBackExecute(HttpCommandExecutor.java:233)<br />
                      org.openqa.selenium.remote.HttpCommandExecutor.execute(HttpCommandExecutor.java:184)<br />
                      org.openqa.selenium.firefox.internal.NewProfileExtensionConnection.execute(NewProfileExtensionConnection.java:165)<br />
                      org.openqa.selenium.firefox.FirefoxDriver$LazyCommandExecutor.execute(FirefoxDriver.java:362)<br />
                      org.openqa.selenium.remote.RemoteWebDriver.execute(RemoteWebDriver.java:572)<br />
                      org.openqa.selenium.remote.RemoteWebDriver.findElement(RemoteWebDriver.java:352)<br />
                      org.openqa.selenium.remote.RemoteWebDriver.findElementByLinkText(RemoteWebDriver.java:401)<br />
                      org.openqa.selenium.By$ByLinkText.findElement(By.java:242)<br />
                      org.openqa.selenium.remote.RemoteWebDriver.findElement(RemoteWebDriver.java:344)<br />
                      org.openqa.selenium.support.pagefactory.DefaultElementLocator.findElement(DefaultElementLocator.java:59)<br />
                      org.openqa.selenium.support.pagefactory.internal.LocatingElementHandler.invoke(LocatingElementHandler.java:37)<br />
                      com.sun.proxy.$Proxy6.getCoordinates(Unknown Source)<br />
                      org.openqa.selenium.interactions.internal.MouseAction.getActionLocation(MouseAction.java:40)<br />
                      org.openqa.selenium.interactions.MoveMouseAction.perform(MoveMouseAction.java:35)<br />
                      org.openqa.selenium.interactions.CompositeAction.perform(CompositeAction.java:31)<br />
                      org.openqa.selenium.interactions.Actions.perform(Actions.java:367)<br />
                      com.taxiforsure.actions.DoOperation.mouseOverAction(DoOperation.java:341)<br />
                      com.taxiforsure.pageObjects.Login.doLogout(Login.java:97)<br />
                      com.taxiforsure.regressionTest.LoginTest.onTestFailure(LoginTest.java:56)<br />
                      sun.reflect.NativeMethodAccessorImpl.invoke0(Native Method)<br />
                      sun.reflect.NativeMethodAccessorImpl.invoke(NativeMethodAccessorImpl.java:57)<br />
                      sun.reflect.DelegatingMethodAccessorImpl.invoke(DelegatingMethodAccessorImpl.java:43)<br />
                      java.lang.reflect.Method.invoke(Method.java:606)<br />
                      org.testng.internal.MethodInvocationHelper.invokeMethod(MethodInvocationHelper.java:84)<br />
                      org.testng.internal.Invoker.invokeConfigurationMethod(Invoker.java:564)<br />
                      org.testng.internal.Invoker.invokeConfigurations(Invoker.java:213)<br />
                      org.testng.internal.Invoker.invokeMethod(Invoker.java:786)<br />
                      org.testng.internal.Invoker.invokeTestMethod(Invoker.java:901)<br />
                      org.testng.internal.Invoker.invokeTestMethods(Invoker.java:1231)<br />
                      org.testng.internal.TestMethodWorker.invokeTestMethods(TestMethodWorker.java:127)<br />
                      org.testng.internal.TestMethodWorker.run(TestMethodWorker.java:111)<br />
                      org.testng.TestRunner.privateRun(TestRunner.java:767)<br />
                      org.testng.TestRunner.run(TestRunner.java:617)<br />
                      org.testng.SuiteRunner.runTest(SuiteRunner.java:348)<br />
                      org.testng.SuiteRunner.runSequentially(SuiteRunner.java:343)<br />
                      org.testng.SuiteRunner.privateRun(SuiteRunner.java:305)<br />
                      org.testng.SuiteRunner.run(SuiteRunner.java:254)<br />
                      org.testng.SuiteRunnerWorker.runSuite(SuiteRunnerWorker.java:52)<br />
                      org.testng.SuiteRunnerWorker.run(SuiteRunnerWorker.java:86)<br />
                      org.testng.TestNG.runSuitesSequentially(TestNG.java:1224)<br />
                      org.testng.TestNG.runSuitesLocally(TestNG.java:1149)<br />
                      org.testng.TestNG.run(TestNG.java:1057)<br />
                      org.apache.maven.surefire.testng.TestNGExecutor.run(TestNGExecutor.java:74)<br />
                      org.apache.maven.surefire.testng.TestNGXmlTestSuite.execute(TestNGXmlTestSuite.java:92)<br />
                      org.apache.maven.surefire.Surefire.run(Surefire.java:180)<br />
                      sun.reflect.NativeMethodAccessorImpl.invoke0(Native Method)<br />
                      sun.reflect.NativeMethodAccessorImpl.invoke(NativeMethodAccessorImpl.java:57)<br />
                      sun.reflect.DelegatingMethodAccessorImpl.invoke(DelegatingMethodAccessorImpl.java:43)<br />
                      java.lang.reflect.Method.invoke(Method.java:606)<br />
                      org.apache.maven.surefire.booter.SurefireBooter.runSuitesInProcess(SurefireBooter.java:350)<br />
                      org.apache.maven.surefire.booter.SurefireBooter.main(SurefireBooter.java:1021)<br />
                  </div>
              <b>Caused by: </b> <a href="javascript:toggleElement('exception-2', 'block')" title="Click to expand/collapse">java.net.ConnectException: Connection refused: connect</a><br />
        <div class="stackTrace" id="exception-2">
                      java.net.DualStackPlainSocketImpl.waitForConnect(Native Method)<br />
                      java.net.DualStackPlainSocketImpl.socketConnect(DualStackPlainSocketImpl.java:85)<br />
                      java.net.AbstractPlainSocketImpl.doConnect(AbstractPlainSocketImpl.java:339)<br />
                      java.net.AbstractPlainSocketImpl.connectToAddress(AbstractPlainSocketImpl.java:200)<br />
                      java.net.AbstractPlainSocketImpl.connect(AbstractPlainSocketImpl.java:182)<br />
                      java.net.PlainSocketImpl.connect(PlainSocketImpl.java:172)<br />
                      java.net.SocksSocketImpl.connect(SocksSocketImpl.java:392)<br />
                      java.net.Socket.connect(Socket.java:579)<br />
                      org.apache.http.conn.socket.PlainConnectionSocketFactory.connectSocket(PlainConnectionSocketFactory.java:72)<br />
                      org.apache.http.impl.conn.HttpClientConnectionOperator.connect(HttpClientConnectionOperator.java:123)<br />
                      org.apache.http.impl.conn.PoolingHttpClientConnectionManager.connect(PoolingHttpClientConnectionManager.java:318)<br />
                      org.apache.http.impl.execchain.MainClientExec.establishRoute(MainClientExec.java:363)<br />
                      org.apache.http.impl.execchain.MainClientExec.execute(MainClientExec.java:219)<br />
                      org.apache.http.impl.execchain.ProtocolExec.execute(ProtocolExec.java:195)<br />
                      org.apache.http.impl.execchain.RetryExec.execute(RetryExec.java:86)<br />
                      org.apache.http.impl.execchain.RedirectExec.execute(RedirectExec.java:108)<br />
                      org.apache.http.impl.client.InternalHttpClient.doExecute(InternalHttpClient.java:184)<br />
                      org.apache.http.impl.client.CloseableHttpClient.execute(CloseableHttpClient.java:72)<br />
                      org.apache.http.impl.client.CloseableHttpClient.execute(CloseableHttpClient.java:57)<br />
                      org.openqa.selenium.remote.HttpCommandExecutor.fallBackExecute(HttpCommandExecutor.java:233)<br />
                      org.openqa.selenium.remote.HttpCommandExecutor.execute(HttpCommandExecutor.java:184)<br />
                      org.openqa.selenium.firefox.internal.NewProfileExtensionConnection.execute(NewProfileExtensionConnection.java:165)<br />
                      org.openqa.selenium.firefox.FirefoxDriver$LazyCommandExecutor.execute(FirefoxDriver.java:362)<br />
                      org.openqa.selenium.remote.RemoteWebDriver.execute(RemoteWebDriver.java:572)<br />
                      org.openqa.selenium.remote.RemoteWebDriver.findElement(RemoteWebDriver.java:352)<br />
                      org.openqa.selenium.remote.RemoteWebDriver.findElementByLinkText(RemoteWebDriver.java:401)<br />
                      org.openqa.selenium.By$ByLinkText.findElement(By.java:242)<br />
                      org.openqa.selenium.remote.RemoteWebDriver.findElement(RemoteWebDriver.java:344)<br />
                      org.openqa.selenium.support.pagefactory.DefaultElementLocator.findElement(DefaultElementLocator.java:59)<br />
                      org.openqa.selenium.support.pagefactory.internal.LocatingElementHandler.invoke(LocatingElementHandler.java:37)<br />
                      com.sun.proxy.$Proxy6.getCoordinates(Unknown Source)<br />
                      org.openqa.selenium.interactions.internal.MouseAction.getActionLocation(MouseAction.java:40)<br />
                      org.openqa.selenium.interactions.MoveMouseAction.perform(MoveMouseAction.java:35)<br />
                      org.openqa.selenium.interactions.CompositeAction.perform(CompositeAction.java:31)<br />
                      org.openqa.selenium.interactions.Actions.perform(Actions.java:367)<br />
                      com.taxiforsure.actions.DoOperation.mouseOverAction(DoOperation.java:341)<br />
                      com.taxiforsure.pageObjects.Login.doLogout(Login.java:97)<br />
                      com.taxiforsure.regressionTest.LoginTest.onTestFailure(LoginTest.java:56)<br />
                      sun.reflect.NativeMethodAccessorImpl.invoke0(Native Method)<br />
                      sun.reflect.NativeMethodAccessorImpl.invoke(NativeMethodAccessorImpl.java:57)<br />
                      sun.reflect.DelegatingMethodAccessorImpl.invoke(DelegatingMethodAccessorImpl.java:43)<br />
                      java.lang.reflect.Method.invoke(Method.java:606)<br />
                      org.testng.internal.MethodInvocationHelper.invokeMethod(MethodInvocationHelper.java:84)<br />
                      org.testng.internal.Invoker.invokeConfigurationMethod(Invoker.java:564)<br />
                      org.testng.internal.Invoker.invokeConfigurations(Invoker.java:213)<br />
                      org.testng.internal.Invoker.invokeMethod(Invoker.java:786)<br />
                      org.testng.internal.Invoker.invokeTestMethod(Invoker.java:901)<br />
                      org.testng.internal.Invoker.invokeTestMethods(Invoker.java:1231)<br />
                      org.testng.internal.TestMethodWorker.invokeTestMethods(TestMethodWorker.java:127)<br />
                      org.testng.internal.TestMethodWorker.run(TestMethodWorker.java:111)<br />
                      org.testng.TestRunner.privateRun(TestRunner.java:767)<br />
                      org.testng.TestRunner.run(TestRunner.java:617)<br />
                      org.testng.SuiteRunner.runTest(SuiteRunner.java:348)<br />
                      org.testng.SuiteRunner.runSequentially(SuiteRunner.java:343)<br />
                      org.testng.SuiteRunner.privateRun(SuiteRunner.java:305)<br />
                      org.testng.SuiteRunner.run(SuiteRunner.java:254)<br />
                      org.testng.SuiteRunnerWorker.runSuite(SuiteRunnerWorker.java:52)<br />
                      org.testng.SuiteRunnerWorker.run(SuiteRunnerWorker.java:86)<br />
                      org.testng.TestNG.runSuitesSequentially(TestNG.java:1224)<br />
                      org.testng.TestNG.runSuitesLocally(TestNG.java:1149)<br />
                      org.testng.TestNG.run(TestNG.java:1057)<br />
                      org.apache.maven.surefire.testng.TestNGExecutor.run(TestNGExecutor.java:74)<br />
                      org.apache.maven.surefire.testng.TestNGXmlTestSuite.execute(TestNGXmlTestSuite.java:92)<br />
                      org.apache.maven.surefire.Surefire.run(Surefire.java:180)<br />
                      sun.reflect.NativeMethodAccessorImpl.invoke0(Native Method)<br />
                      sun.reflect.NativeMethodAccessorImpl.invoke(NativeMethodAccessorImpl.java:57)<br />
                      sun.reflect.DelegatingMethodAccessorImpl.invoke(DelegatingMethodAccessorImpl.java:43)<br />
                      java.lang.reflect.Method.invoke(Method.java:606)<br />
                      org.apache.maven.surefire.booter.SurefireBooter.runSuitesInProcess(SurefireBooter.java:350)<br />
                      org.apache.maven.surefire.booter.SurefireBooter.main(SurefireBooter.java:1021)<br />
                  </div>
          </div>
      </td>
</tr>
    
          <tr><td colspan="3">&nbsp;</td></tr>
      <tr><td colspan="3" class="header skippedConfig">Skipped Configuration</td></tr>
                    <tr>
          <td colspan="3" class="group">com.taxiforsure.regressionTest.LoginTest</td>
        </tr>
                
<tr>
  <td class="method">
                  tearDown
      </td>
  <td class="duration">
    0.000s
  </td>
  <td class="result">
                               
    
        

      </td>
</tr>
            </table>




  <table class="resultsTable">
    <tr><th colspan="3" class="header passed">Passed Tests</th></tr>
          <tr>
        <td colspan="3" class="group">com.taxiforsure.regressionTest.LoginTest</td>
      </tr>
            
<tr>
  <td class="method">
                  loginTest
      </td>
  <td class="duration">
    12.581s
  </td>
  <td class="result">
        
    
        

      </td>
</tr>
      </table>
  
</body>
</html>
