<?xml version="1.0" encoding="UTF-8"?>
<!-- Generated by org.testng.reporters.JUnitXMLReporter -->
<testsuite hostname="SABYA-TI8237" name="OutstationBookingTest" tests="1" failures="0" timestamp="19 Aug 2014 12:56:57 GMT" time="81.973" errors="0">
  <testcase name="@AfterClass afterClassConfig" time="0.0" classname="com.taxiforsure.testCases.OutstationTest">
    <failure type="org.openqa.selenium.StaleElementReferenceException" message="Element not found in the cache - perhaps the page has changed since it was looked up
Command duration or timeout: 20.06 seconds
For documentation on this error, please visit: http://seleniumhq.org/exceptions/stale_element_reference.html
Build info: version: &amp;apos;2.42.2&amp;apos;, revision: &amp;apos;6a6995d&amp;apos;, time: &amp;apos;2014-06-03 17:42:30&amp;apos;
System info: host: &amp;apos;SABYA-TI8237&amp;apos;, ip: &amp;apos;192.168.19.1&amp;apos;, os.name: &amp;apos;Windows 7&amp;apos;, os.arch: &amp;apos;x86&amp;apos;, os.version: &amp;apos;6.1&amp;apos;, java.version: &amp;apos;1.7.0_65&amp;apos;
Session ID: 2271716c-6f59-4a70-9d50-d38a2c199040
Driver info: org.openqa.selenium.firefox.FirefoxDriver
Capabilities [{platform=XP, databaseEnabled=true, cssSelectorsEnabled=true, javascriptEnabled=true, acceptSslCerts=true, handlesAlerts=true, browserName=firefox, webStorageEnabled=true, nativeEvents=false, rotatable=false, locationContextEnabled=true, applicationCacheEnabled=true, takesScreenshot=true, version=31.0}]">
      <![CDATA[org.openqa.selenium.StaleElementReferenceException: Element not found in the cache - perhaps the page has changed since it was looked up
Command duration or timeout: 20.06 seconds
For documentation on this error, please visit: http://seleniumhq.org/exceptions/stale_element_reference.html
Build info: version: '2.42.2', revision: '6a6995d', time: '2014-06-03 17:42:30'
System info: host: 'SABYA-TI8237', ip: '192.168.19.1', os.name: 'Windows 7', os.arch: 'x86', os.version: '6.1', java.version: '1.7.0_65'
Session ID: 2271716c-6f59-4a70-9d50-d38a2c199040
Driver info: org.openqa.selenium.firefox.FirefoxDriver
Capabilities [{platform=XP, databaseEnabled=true, cssSelectorsEnabled=true, javascriptEnabled=true, acceptSslCerts=true, handlesAlerts=true, browserName=firefox, webStorageEnabled=true, nativeEvents=false, rotatable=false, locationContextEnabled=true, applicationCacheEnabled=true, takesScreenshot=true, version=31.0}]
	at org.openqa.selenium.remote.ErrorHandler.createThrowable(ErrorHandler.java:204)
	at org.openqa.selenium.remote.ErrorHandler.throwIfResponseFailed(ErrorHandler.java:156)
	at org.openqa.selenium.remote.RemoteWebDriver.execute(RemoteWebDriver.java:599)
	at org.openqa.selenium.remote.RemoteExecuteMethod.execute(RemoteExecuteMethod.java:34)
	at org.openqa.selenium.remote.RemoteMouse.mouseMove(RemoteMouse.java:88)
	at org.openqa.selenium.interactions.MoveMouseAction.perform(MoveMouseAction.java:35)
	at org.openqa.selenium.interactions.CompositeAction.perform(CompositeAction.java:31)
	at org.openqa.selenium.interactions.Actions.perform(Actions.java:367)
	at com.taxiforsure.projectCommonLib.AccountMouseOver.mouseOverAction(AccountMouseOver.java:16)
	at com.taxiforsure.pagelib.CommonPage.logout(CommonPage.java:22)
	at com.taxiforsure.projectCommonLib.ProjectCommonUtils.logOut(ProjectCommonUtils.java:83)
	at com.taxiforsure.testCases.OutstationTest.afterClassConfig(OutstationTest.java:140)
Caused by: org.openqa.selenium.remote.ErrorHandler$UnknownServerException: Element not found in the cache - perhaps the page has changed since it was looked up
Build info: version: '2.42.2', revision: '6a6995d', time: '2014-06-03 17:42:30'
System info: host: 'SABYA-TI8237', ip: '192.168.19.1', os.name: 'Windows 7', os.arch: 'x86', os.version: '6.1', java.version: '1.7.0_65'
Driver info: driver.version: unknown
	at <anonymous class>.fxdriver.cache.getElementAt(resource://fxdriver/modules/web_element_cache.js:8180:5)
	at <anonymous class>.Utils.getElementAt(file:///C:/Users/SABYAS~1.MIS/AppData/Local/Temp/anonymous8697793666468631552webdriver-profile/extensions/fxdriver@googlecode.com/components/driver_component.js:7783:3)
	at <anonymous class>.fxdriver.events.buildCoordinates(file:///C:/Users/SABYAS~1.MIS/AppData/Local/Temp/anonymous8697793666468631552webdriver-profile/extensions/fxdriver@googlecode.com/components/driver_component.js:8977:7)
	at <anonymous class>.FirefoxDriver.prototype.mouseMoveTo(file:///C:/Users/SABYAS~1.MIS/AppData/Local/Temp/anonymous8697793666468631552webdriver-profile/extensions/fxdriver@googlecode.com/components/driver_component.js:9776:36)
	at <anonymous class>.DelayedCommand.prototype.executeInternal_/h(file:///C:/Users/SABYAS~1.MIS/AppData/Local/Temp/anonymous8697793666468631552webdriver-profile/extensions/fxdriver@googlecode.com/components/command_processor.js:11455:16)
	at <anonymous class>.fxdriver.Timer.prototype.setTimeout/<.notify(file:///C:/Users/SABYAS~1.MIS/AppData/Local/Temp/anonymous8697793666468631552webdriver-profile/extensions/fxdriver@googlecode.com/components/command_processor.js:407:5)
... Removed 27 stack frames]]>
    </failure>
  </testcase> <!-- @AfterClass afterClassConfig -->
  <testcase name="outstationBookingTest" time="49.748" classname="com.taxiforsure.testCases.OutstationTest"/>
</testsuite> <!-- OutstationBookingTest -->
