<?xml version="1.0" encoding="UTF-8"?>
<testsuite name="RTFS test automation"
           tests="22"
           failures="22"
           errors="0"
           skipped="0"
           time="541.936">
  <properties />
            <testcase name="testVerifyHatchBackNight" time="21.977" classname="org.taxiforsure.rtfs.TestVerifyNightFutureBooking">
                <failure type="java.lang.NullPointerException"
                  message="(null)"
              >
<![CDATA[java.lang.NullPointerException
  org.taxiforsure.utils.DataBaseUtils.closeConnection(DataBaseUtils.java:90)
  org.taxiforsure.utils.DataBaseUtils.executeQuery(DataBaseUtils.java:43)
  org.taxiforsure.answercall.AnswerCallScreen.getAllLocalities(AnswerCallScreen.java:541)
  org.taxiforsure.answercall.AnswerCallScreen.getpickUpLocality(AnswerCallScreen.java:656)
  org.taxiforsure.rtfs.TestVerifyNightFutureBooking.testVerifyHatchBackNight(TestVerifyNightFutureBooking.java:98)
  sun.reflect.GeneratedMethodAccessor20.invoke(Unknown Source)
  sun.reflect.DelegatingMethodAccessorImpl.invoke(DelegatingMethodAccessorImpl.java:43)
  java.lang.reflect.Method.invoke(Method.java:606)
  org.testng.internal.MethodInvocationHelper.invokeMethod(MethodInvocationHelper.java:84)
  org.testng.internal.Invoker.invokeMethod(Invoker.java:714)
  org.testng.internal.Invoker.invokeTestMethod(Invoker.java:901)
  org.testng.internal.Invoker.invokeTestMethods(Invoker.java:1231)
  org.testng.internal.TestMethodWorker.invokeTestMethods(TestMethodWorker.java:127)
  org.testng.internal.TestMethodWorker.run(TestMethodWorker.java:111)
  java.util.concurrent.ThreadPoolExecutor.runWorker(ThreadPoolExecutor.java:1145)
  java.util.concurrent.ThreadPoolExecutor$Worker.run(ThreadPoolExecutor.java:615)
  java.lang.Thread.run(Thread.java:745)
]]>
      </failure>

          </testcase>
            <testcase name="testVerifyHatchBackNight" time="22.004" classname="org.taxiforsure.rtfs.TestVerifyNightFutureBooking">
                <failure type="java.lang.NullPointerException"
                  message="(null)"
              >
<![CDATA[java.lang.NullPointerException
  org.taxiforsure.utils.DataBaseUtils.closeConnection(DataBaseUtils.java:90)
  org.taxiforsure.utils.DataBaseUtils.executeQuery(DataBaseUtils.java:43)
  org.taxiforsure.answercall.AnswerCallScreen.getAllLocalities(AnswerCallScreen.java:541)
  org.taxiforsure.answercall.AnswerCallScreen.getpickUpLocality(AnswerCallScreen.java:656)
  org.taxiforsure.rtfs.TestVerifyNightFutureBooking.testVerifyHatchBackNight(TestVerifyNightFutureBooking.java:98)
  sun.reflect.NativeMethodAccessorImpl.invoke0(Native Method)
  sun.reflect.NativeMethodAccessorImpl.invoke(NativeMethodAccessorImpl.java:57)
  sun.reflect.DelegatingMethodAccessorImpl.invoke(DelegatingMethodAccessorImpl.java:43)
  java.lang.reflect.Method.invoke(Method.java:606)
  org.testng.internal.MethodInvocationHelper.invokeMethod(MethodInvocationHelper.java:84)
  org.testng.internal.Invoker.invokeMethod(Invoker.java:714)
  org.testng.internal.Invoker.invokeTestMethod(Invoker.java:901)
  org.testng.internal.Invoker.invokeTestMethods(Invoker.java:1231)
  org.testng.internal.TestMethodWorker.invokeTestMethods(TestMethodWorker.java:127)
  org.testng.internal.TestMethodWorker.run(TestMethodWorker.java:111)
  java.util.concurrent.ThreadPoolExecutor.runWorker(ThreadPoolExecutor.java:1145)
  java.util.concurrent.ThreadPoolExecutor$Worker.run(ThreadPoolExecutor.java:615)
  java.lang.Thread.run(Thread.java:745)
]]>
      </failure>

          </testcase>
            <testcase name="testVerifyHatchBackNight" time="20.811" classname="org.taxiforsure.rtfs.TestVerifyNightFutureBooking">
                <failure type="java.lang.NullPointerException"
                  message="(null)"
              >
<![CDATA[java.lang.NullPointerException
  org.taxiforsure.utils.DataBaseUtils.closeConnection(DataBaseUtils.java:90)
  org.taxiforsure.utils.DataBaseUtils.executeQuery(DataBaseUtils.java:43)
  org.taxiforsure.answercall.AnswerCallScreen.getAllLocalities(AnswerCallScreen.java:541)
  org.taxiforsure.answercall.AnswerCallScreen.getpickUpLocality(AnswerCallScreen.java:656)
  org.taxiforsure.rtfs.TestVerifyNightFutureBooking.testVerifyHatchBackNight(TestVerifyNightFutureBooking.java:98)
  sun.reflect.NativeMethodAccessorImpl.invoke0(Native Method)
  sun.reflect.NativeMethodAccessorImpl.invoke(NativeMethodAccessorImpl.java:57)
  sun.reflect.DelegatingMethodAccessorImpl.invoke(DelegatingMethodAccessorImpl.java:43)
  java.lang.reflect.Method.invoke(Method.java:606)
  org.testng.internal.MethodInvocationHelper.invokeMethod(MethodInvocationHelper.java:84)
  org.testng.internal.Invoker.invokeMethod(Invoker.java:714)
  org.testng.internal.Invoker.invokeTestMethod(Invoker.java:901)
  org.testng.internal.Invoker.invokeTestMethods(Invoker.java:1231)
  org.testng.internal.TestMethodWorker.invokeTestMethods(TestMethodWorker.java:127)
  org.testng.internal.TestMethodWorker.run(TestMethodWorker.java:111)
  java.util.concurrent.ThreadPoolExecutor.runWorker(ThreadPoolExecutor.java:1145)
  java.util.concurrent.ThreadPoolExecutor$Worker.run(ThreadPoolExecutor.java:615)
  java.lang.Thread.run(Thread.java:745)
]]>
      </failure>

          </testcase>
            <testcase name="testVerifyHatchBackNight" time="33.158" classname="org.taxiforsure.rtfs.TestVerifyNightFutureBooking">
                <failure type="org.openqa.selenium.NoSuchElementException"
                  message="Unable to locate element: {&quot;method&quot;:&quot;xpath&quot;,&quot;selector&quot;:&quot;//a[@class=&apos;submenu&apos;]/span[text()=&apos;Answer Call&apos;]&quot;}
For documentation on this error, please visit: http://seleniumhq.org/exceptions/no_such_element.html
Build info: version: &apos;2.43.0&apos;, revision: &apos;597b76b&apos;, time: &apos;2014-09-09 20:52:14&apos;
System info: host: &apos;chef&apos;, ip: &apos;127.0.1.1&apos;, os.name: &apos;Linux&apos;, os.arch: &apos;i386&apos;, os.version: &apos;3.13.0-32-generic&apos;, java.version: &apos;1.6.0_45&apos;
Driver info: driver.version: unknown
Command duration or timeout: 20.22 seconds
For documentation on this error, please visit: http://seleniumhq.org/exceptions/no_such_element.html
Build info: version: &apos;2.44.0&apos;, revision: &apos;76d78cf323ce037c5f92db6c1bba601c2ac43ad8&apos;, time: &apos;2014-10-23 13:11:40&apos;
System info: host: &apos;ip-10-146-7-231&apos;, ip: &apos;10.146.7.231&apos;, os.name: &apos;Linux&apos;, os.arch: &apos;amd64&apos;, os.version: &apos;3.13.0-24-generic&apos;, java.version: &apos;1.7.0_65&apos;
Session ID: 52a4d6d989614be4b5438c6335f63545
Driver info: org.openqa.selenium.remote.RemoteWebDriver
Capabilities [{platform=LINUX, acceptSslCerts=true, javascriptEnabled=true, hasMetadata=true, browserName=firefox, rotatable=false, locationContextEnabled=true, webdriver.remote.sessionid=52a4d6d989614be4b5438c6335f63545, version=32.0, cssSelectorsEnabled=true, databaseEnabled=true, handlesAlerts=true, webStorageEnabled=true, nativeEvents=false, applicationCacheEnabled=true, takesScreenshot=true}]"
              >
<![CDATA[org.openqa.selenium.NoSuchElementException: Unable to locate element: {"method":"xpath","selector":"//a[@class='submenu']/span[text()='Answer Call']"}
For documentation on this error, please visit: http://seleniumhq.org/exceptions/no_such_element.html
Build info: version: '2.43.0', revision: '597b76b', time: '2014-09-09 20:52:14'
System info: host: 'chef', ip: '127.0.1.1', os.name: 'Linux', os.arch: 'i386', os.version: '3.13.0-32-generic', java.version: '1.6.0_45'
Driver info: driver.version: unknown
Command duration or timeout: 20.22 seconds
For documentation on this error, please visit: http://seleniumhq.org/exceptions/no_such_element.html
Build info: version: '2.44.0', revision: '76d78cf323ce037c5f92db6c1bba601c2ac43ad8', time: '2014-10-23 13:11:40'
System info: host: 'ip-10-146-7-231', ip: '10.146.7.231', os.name: 'Linux', os.arch: 'amd64', os.version: '3.13.0-24-generic', java.version: '1.7.0_65'
Session ID: 52a4d6d989614be4b5438c6335f63545
Driver info: org.openqa.selenium.remote.RemoteWebDriver
Capabilities [{platform=LINUX, acceptSslCerts=true, javascriptEnabled=true, hasMetadata=true, browserName=firefox, rotatable=false, locationContextEnabled=true, webdriver.remote.sessionid=52a4d6d989614be4b5438c6335f63545, version=32.0, cssSelectorsEnabled=true, databaseEnabled=true, handlesAlerts=true, webStorageEnabled=true, nativeEvents=false, applicationCacheEnabled=true, takesScreenshot=true}]
  sun.reflect.NativeConstructorAccessorImpl.newInstance0(Native Method)
  sun.reflect.NativeConstructorAccessorImpl.newInstance(NativeConstructorAccessorImpl.java:57)
  sun.reflect.DelegatingConstructorAccessorImpl.newInstance(DelegatingConstructorAccessorImpl.java:45)
  java.lang.reflect.Constructor.newInstance(Constructor.java:526)
  org.openqa.selenium.remote.ErrorHandler.createThrowable(ErrorHandler.java:204)
  org.openqa.selenium.remote.ErrorHandler.throwIfResponseFailed(ErrorHandler.java:156)
  org.openqa.selenium.remote.RemoteWebDriver.execute(RemoteWebDriver.java:599)
  org.openqa.selenium.remote.RemoteWebDriver.findElement(RemoteWebDriver.java:352)
  org.openqa.selenium.remote.RemoteWebDriver.findElementByXPath(RemoteWebDriver.java:449)
  org.openqa.selenium.By$ByXPath.findElement(By.java:357)
  org.openqa.selenium.remote.RemoteWebDriver.findElement(RemoteWebDriver.java:344)
  org.openqa.selenium.support.pagefactory.DefaultElementLocator.findElement(DefaultElementLocator.java:59)
  org.openqa.selenium.support.pagefactory.internal.LocatingElementHandler.invoke(LocatingElementHandler.java:37)
  com.sun.proxy.$Proxy4.getWrappedElement(Unknown Source)
  org.openqa.selenium.remote.internal.WebElementToJsonConverter.apply(WebElementToJsonConverter.java:48)
  com.google.common.collect.Iterators$8.transform(Iterators.java:799)
  com.google.common.collect.TransformedIterator.next(TransformedIterator.java:48)
  com.google.common.collect.Iterators.addAll(Iterators.java:362)
  com.google.common.collect.Lists.newArrayList(Lists.java:160)
  com.google.common.collect.Lists.newArrayList(Lists.java:144)
  org.openqa.selenium.remote.RemoteWebDriver.executeScript(RemoteWebDriver.java:504)
  org.taxiforsure.rtfscommonelements.CommonElements.clickAnswerCallLink(CommonElements.java:26)
  org.taxiforsure.rtfs.TestVerifyNightFutureBooking.testVerifyHatchBackNight(TestVerifyNightFutureBooking.java:92)
  sun.reflect.NativeMethodAccessorImpl.invoke0(Native Method)
  sun.reflect.NativeMethodAccessorImpl.invoke(NativeMethodAccessorImpl.java:57)
  sun.reflect.DelegatingMethodAccessorImpl.invoke(DelegatingMethodAccessorImpl.java:43)
  java.lang.reflect.Method.invoke(Method.java:606)
  org.testng.internal.MethodInvocationHelper.invokeMethod(MethodInvocationHelper.java:84)
  org.testng.internal.Invoker.invokeMethod(Invoker.java:714)
  org.testng.internal.Invoker.invokeTestMethod(Invoker.java:901)
  org.testng.internal.Invoker.invokeTestMethods(Invoker.java:1231)
  org.testng.internal.TestMethodWorker.invokeTestMethods(TestMethodWorker.java:127)
  org.testng.internal.TestMethodWorker.run(TestMethodWorker.java:111)
  java.util.concurrent.ThreadPoolExecutor.runWorker(ThreadPoolExecutor.java:1145)
  java.util.concurrent.ThreadPoolExecutor$Worker.run(ThreadPoolExecutor.java:615)
  java.lang.Thread.run(Thread.java:745)
Caused by: org.openqa.selenium.NoSuchElementException: Unable to locate element: {"method":"xpath","selector":"//a[@class='submenu']/span[text()='Answer Call']"}
For documentation on this error, please visit: http://seleniumhq.org/exceptions/no_such_element.html
Build info: version: '2.43.0', revision: '597b76b', time: '2014-09-09 20:52:14'
System info: host: 'chef', ip: '127.0.1.1', os.name: 'Linux', os.arch: 'i386', os.version: '3.13.0-32-generic', java.version: '1.6.0_45'
Driver info: driver.version: unknown
For documentation on this error, please visit: http://seleniumhq.org/exceptions/no_such_element.html
Build info: version: '2.44.0', revision: '76d78cf323ce037c5f92db6c1bba601c2ac43ad8', time: '2014-10-23 13:11:40'
System info: host: 'ip-10-146-7-231', ip: '10.146.7.231', os.name: 'Linux', os.arch: 'amd64', os.version: '3.13.0-24-generic', java.version: '1.7.0_65'
Driver info: driver.version: unknown
  <anonymous class>.FirefoxDriver.prototype.findElementInternal_(file:///tmp/anonymous6142360968841556817webdriver-profile/extensions/fxdriver@googlecode.com/components/driver-component.js:9618:133)
  <anonymous class>.fxdriver.Timer.prototype.setTimeout/<.notify(file:///tmp/anonymous6142360968841556817webdriver-profile/extensions/fxdriver@googlecode.com/components/driver-component.js:548:5)
]]>
      </failure>

          </testcase>
            <testcase name="testVerifyHatchBackNight" time="26.297" classname="org.taxiforsure.rtfs.TestVerifyNightFutureBooking">
                <failure type="java.lang.NullPointerException"
                  message="(null)"
              >
<![CDATA[java.lang.NullPointerException
  org.taxiforsure.utils.DataBaseUtils.closeConnection(DataBaseUtils.java:90)
  org.taxiforsure.utils.DataBaseUtils.executeQuery(DataBaseUtils.java:43)
  org.taxiforsure.answercall.AnswerCallScreen.getAllLocalities(AnswerCallScreen.java:541)
  org.taxiforsure.answercall.AnswerCallScreen.getpickUpLocality(AnswerCallScreen.java:656)
  org.taxiforsure.rtfs.TestVerifyNightFutureBooking.testVerifyHatchBackNight(TestVerifyNightFutureBooking.java:98)
  sun.reflect.NativeMethodAccessorImpl.invoke0(Native Method)
  sun.reflect.NativeMethodAccessorImpl.invoke(NativeMethodAccessorImpl.java:57)
  sun.reflect.DelegatingMethodAccessorImpl.invoke(DelegatingMethodAccessorImpl.java:43)
  java.lang.reflect.Method.invoke(Method.java:606)
  org.testng.internal.MethodInvocationHelper.invokeMethod(MethodInvocationHelper.java:84)
  org.testng.internal.Invoker.invokeMethod(Invoker.java:714)
  org.testng.internal.Invoker.invokeTestMethod(Invoker.java:901)
  org.testng.internal.Invoker.invokeTestMethods(Invoker.java:1231)
  org.testng.internal.TestMethodWorker.invokeTestMethods(TestMethodWorker.java:127)
  org.testng.internal.TestMethodWorker.run(TestMethodWorker.java:111)
  java.util.concurrent.ThreadPoolExecutor.runWorker(ThreadPoolExecutor.java:1145)
  java.util.concurrent.ThreadPoolExecutor$Worker.run(ThreadPoolExecutor.java:615)
  java.lang.Thread.run(Thread.java:745)
]]>
      </failure>

          </testcase>
            <testcase name="testVerifyHatchBackNight" time="21.539" classname="org.taxiforsure.rtfs.TestVerifyNightFutureBooking">
                <failure type="java.lang.NullPointerException"
                  message="(null)"
              >
<![CDATA[java.lang.NullPointerException
  org.taxiforsure.utils.DataBaseUtils.closeConnection(DataBaseUtils.java:90)
  org.taxiforsure.utils.DataBaseUtils.executeQuery(DataBaseUtils.java:43)
  org.taxiforsure.answercall.AnswerCallScreen.getAllLocalities(AnswerCallScreen.java:541)
  org.taxiforsure.answercall.AnswerCallScreen.getpickUpLocality(AnswerCallScreen.java:656)
  org.taxiforsure.rtfs.TestVerifyNightFutureBooking.testVerifyHatchBackNight(TestVerifyNightFutureBooking.java:98)
  sun.reflect.GeneratedMethodAccessor20.invoke(Unknown Source)
  sun.reflect.DelegatingMethodAccessorImpl.invoke(DelegatingMethodAccessorImpl.java:43)
  java.lang.reflect.Method.invoke(Method.java:606)
  org.testng.internal.MethodInvocationHelper.invokeMethod(MethodInvocationHelper.java:84)
  org.testng.internal.Invoker.invokeMethod(Invoker.java:714)
  org.testng.internal.Invoker.invokeTestMethod(Invoker.java:901)
  org.testng.internal.Invoker.invokeTestMethods(Invoker.java:1231)
  org.testng.internal.TestMethodWorker.invokeTestMethods(TestMethodWorker.java:127)
  org.testng.internal.TestMethodWorker.run(TestMethodWorker.java:111)
  java.util.concurrent.ThreadPoolExecutor.runWorker(ThreadPoolExecutor.java:1145)
  java.util.concurrent.ThreadPoolExecutor$Worker.run(ThreadPoolExecutor.java:615)
  java.lang.Thread.run(Thread.java:745)
]]>
      </failure>

          </testcase>
            <testcase name="testVerifyHatchBackNight" time="32.698" classname="org.taxiforsure.rtfs.TestVerifyNightFutureBooking">
                <failure type="org.openqa.selenium.NoSuchElementException"
                  message="Unable to locate element: {&quot;method&quot;:&quot;xpath&quot;,&quot;selector&quot;:&quot;//a[@class=&apos;submenu&apos;]/span[text()=&apos;Answer Call&apos;]&quot;}
For documentation on this error, please visit: http://seleniumhq.org/exceptions/no_such_element.html
Build info: version: &apos;2.43.0&apos;, revision: &apos;597b76b&apos;, time: &apos;2014-09-09 20:52:14&apos;
System info: host: &apos;chef&apos;, ip: &apos;127.0.1.1&apos;, os.name: &apos;Linux&apos;, os.arch: &apos;i386&apos;, os.version: &apos;3.13.0-32-generic&apos;, java.version: &apos;1.6.0_45&apos;
Driver info: driver.version: unknown
Command duration or timeout: 21.03 seconds
For documentation on this error, please visit: http://seleniumhq.org/exceptions/no_such_element.html
Build info: version: &apos;2.44.0&apos;, revision: &apos;76d78cf323ce037c5f92db6c1bba601c2ac43ad8&apos;, time: &apos;2014-10-23 13:11:40&apos;
System info: host: &apos;ip-10-146-7-231&apos;, ip: &apos;10.146.7.231&apos;, os.name: &apos;Linux&apos;, os.arch: &apos;amd64&apos;, os.version: &apos;3.13.0-24-generic&apos;, java.version: &apos;1.7.0_65&apos;
Session ID: 3616a4831d71498f87e9802d4b204a2e
Driver info: org.openqa.selenium.remote.RemoteWebDriver
Capabilities [{platform=LINUX, acceptSslCerts=true, javascriptEnabled=true, hasMetadata=true, browserName=firefox, rotatable=false, locationContextEnabled=true, webdriver.remote.sessionid=3616a4831d71498f87e9802d4b204a2e, version=32.0, cssSelectorsEnabled=true, databaseEnabled=true, handlesAlerts=true, webStorageEnabled=true, nativeEvents=false, applicationCacheEnabled=true, takesScreenshot=true}]"
              >
<![CDATA[org.openqa.selenium.NoSuchElementException: Unable to locate element: {"method":"xpath","selector":"//a[@class='submenu']/span[text()='Answer Call']"}
For documentation on this error, please visit: http://seleniumhq.org/exceptions/no_such_element.html
Build info: version: '2.43.0', revision: '597b76b', time: '2014-09-09 20:52:14'
System info: host: 'chef', ip: '127.0.1.1', os.name: 'Linux', os.arch: 'i386', os.version: '3.13.0-32-generic', java.version: '1.6.0_45'
Driver info: driver.version: unknown
Command duration or timeout: 21.03 seconds
For documentation on this error, please visit: http://seleniumhq.org/exceptions/no_such_element.html
Build info: version: '2.44.0', revision: '76d78cf323ce037c5f92db6c1bba601c2ac43ad8', time: '2014-10-23 13:11:40'
System info: host: 'ip-10-146-7-231', ip: '10.146.7.231', os.name: 'Linux', os.arch: 'amd64', os.version: '3.13.0-24-generic', java.version: '1.7.0_65'
Session ID: 3616a4831d71498f87e9802d4b204a2e
Driver info: org.openqa.selenium.remote.RemoteWebDriver
Capabilities [{platform=LINUX, acceptSslCerts=true, javascriptEnabled=true, hasMetadata=true, browserName=firefox, rotatable=false, locationContextEnabled=true, webdriver.remote.sessionid=3616a4831d71498f87e9802d4b204a2e, version=32.0, cssSelectorsEnabled=true, databaseEnabled=true, handlesAlerts=true, webStorageEnabled=true, nativeEvents=false, applicationCacheEnabled=true, takesScreenshot=true}]
  sun.reflect.NativeConstructorAccessorImpl.newInstance0(Native Method)
  sun.reflect.NativeConstructorAccessorImpl.newInstance(NativeConstructorAccessorImpl.java:57)
  sun.reflect.DelegatingConstructorAccessorImpl.newInstance(DelegatingConstructorAccessorImpl.java:45)
  java.lang.reflect.Constructor.newInstance(Constructor.java:526)
  org.openqa.selenium.remote.ErrorHandler.createThrowable(ErrorHandler.java:204)
  org.openqa.selenium.remote.ErrorHandler.throwIfResponseFailed(ErrorHandler.java:156)
  org.openqa.selenium.remote.RemoteWebDriver.execute(RemoteWebDriver.java:599)
  org.openqa.selenium.remote.RemoteWebDriver.findElement(RemoteWebDriver.java:352)
  org.openqa.selenium.remote.RemoteWebDriver.findElementByXPath(RemoteWebDriver.java:449)
  org.openqa.selenium.By$ByXPath.findElement(By.java:357)
  org.openqa.selenium.remote.RemoteWebDriver.findElement(RemoteWebDriver.java:344)
  org.openqa.selenium.support.pagefactory.DefaultElementLocator.findElement(DefaultElementLocator.java:59)
  org.openqa.selenium.support.pagefactory.internal.LocatingElementHandler.invoke(LocatingElementHandler.java:37)
  com.sun.proxy.$Proxy4.getWrappedElement(Unknown Source)
  org.openqa.selenium.remote.internal.WebElementToJsonConverter.apply(WebElementToJsonConverter.java:48)
  com.google.common.collect.Iterators$8.transform(Iterators.java:799)
  com.google.common.collect.TransformedIterator.next(TransformedIterator.java:48)
  com.google.common.collect.Iterators.addAll(Iterators.java:362)
  com.google.common.collect.Lists.newArrayList(Lists.java:160)
  com.google.common.collect.Lists.newArrayList(Lists.java:144)
  org.openqa.selenium.remote.RemoteWebDriver.executeScript(RemoteWebDriver.java:504)
  org.taxiforsure.rtfscommonelements.CommonElements.clickAnswerCallLink(CommonElements.java:26)
  org.taxiforsure.rtfs.TestVerifyNightFutureBooking.testVerifyHatchBackNight(TestVerifyNightFutureBooking.java:92)
  sun.reflect.NativeMethodAccessorImpl.invoke0(Native Method)
  sun.reflect.NativeMethodAccessorImpl.invoke(NativeMethodAccessorImpl.java:57)
  sun.reflect.DelegatingMethodAccessorImpl.invoke(DelegatingMethodAccessorImpl.java:43)
  java.lang.reflect.Method.invoke(Method.java:606)
  org.testng.internal.MethodInvocationHelper.invokeMethod(MethodInvocationHelper.java:84)
  org.testng.internal.Invoker.invokeMethod(Invoker.java:714)
  org.testng.internal.Invoker.invokeTestMethod(Invoker.java:901)
  org.testng.internal.Invoker.invokeTestMethods(Invoker.java:1231)
  org.testng.internal.TestMethodWorker.invokeTestMethods(TestMethodWorker.java:127)
  org.testng.internal.TestMethodWorker.run(TestMethodWorker.java:111)
  java.util.concurrent.ThreadPoolExecutor.runWorker(ThreadPoolExecutor.java:1145)
  java.util.concurrent.ThreadPoolExecutor$Worker.run(ThreadPoolExecutor.java:615)
  java.lang.Thread.run(Thread.java:745)
Caused by: org.openqa.selenium.NoSuchElementException: Unable to locate element: {"method":"xpath","selector":"//a[@class='submenu']/span[text()='Answer Call']"}
For documentation on this error, please visit: http://seleniumhq.org/exceptions/no_such_element.html
Build info: version: '2.43.0', revision: '597b76b', time: '2014-09-09 20:52:14'
System info: host: 'chef', ip: '127.0.1.1', os.name: 'Linux', os.arch: 'i386', os.version: '3.13.0-32-generic', java.version: '1.6.0_45'
Driver info: driver.version: unknown
For documentation on this error, please visit: http://seleniumhq.org/exceptions/no_such_element.html
Build info: version: '2.44.0', revision: '76d78cf323ce037c5f92db6c1bba601c2ac43ad8', time: '2014-10-23 13:11:40'
System info: host: 'ip-10-146-7-231', ip: '10.146.7.231', os.name: 'Linux', os.arch: 'amd64', os.version: '3.13.0-24-generic', java.version: '1.7.0_65'
Driver info: driver.version: unknown
  <anonymous class>.FirefoxDriver.prototype.findElementInternal_(file:///tmp/anonymous4038410279284937151webdriver-profile/extensions/fxdriver@googlecode.com/components/driver-component.js:9618:133)
  <anonymous class>.fxdriver.Timer.prototype.setTimeout/<.notify(file:///tmp/anonymous4038410279284937151webdriver-profile/extensions/fxdriver@googlecode.com/components/driver-component.js:548:5)
]]>
      </failure>

          </testcase>
            <testcase name="testVerifyHatchBackNight" time="26.594" classname="org.taxiforsure.rtfs.TestVerifyNightFutureBooking">
                <failure type="java.lang.NullPointerException"
                  message="(null)"
              >
<![CDATA[java.lang.NullPointerException
  org.taxiforsure.utils.DataBaseUtils.closeConnection(DataBaseUtils.java:90)
  org.taxiforsure.utils.DataBaseUtils.executeQuery(DataBaseUtils.java:43)
  org.taxiforsure.answercall.AnswerCallScreen.getAllLocalities(AnswerCallScreen.java:541)
  org.taxiforsure.answercall.AnswerCallScreen.getpickUpLocality(AnswerCallScreen.java:656)
  org.taxiforsure.rtfs.TestVerifyNightFutureBooking.testVerifyHatchBackNight(TestVerifyNightFutureBooking.java:98)
  sun.reflect.NativeMethodAccessorImpl.invoke0(Native Method)
  sun.reflect.NativeMethodAccessorImpl.invoke(NativeMethodAccessorImpl.java:57)
  sun.reflect.DelegatingMethodAccessorImpl.invoke(DelegatingMethodAccessorImpl.java:43)
  java.lang.reflect.Method.invoke(Method.java:606)
  org.testng.internal.MethodInvocationHelper.invokeMethod(MethodInvocationHelper.java:84)
  org.testng.internal.Invoker.invokeMethod(Invoker.java:714)
  org.testng.internal.Invoker.invokeTestMethod(Invoker.java:901)
  org.testng.internal.Invoker.invokeTestMethods(Invoker.java:1231)
  org.testng.internal.TestMethodWorker.invokeTestMethods(TestMethodWorker.java:127)
  org.testng.internal.TestMethodWorker.run(TestMethodWorker.java:111)
  java.util.concurrent.ThreadPoolExecutor.runWorker(ThreadPoolExecutor.java:1145)
  java.util.concurrent.ThreadPoolExecutor$Worker.run(ThreadPoolExecutor.java:615)
  java.lang.Thread.run(Thread.java:745)
]]>
      </failure>

          </testcase>
            <testcase name="testVerifyHatchBackNight" time="19.880" classname="org.taxiforsure.rtfs.TestVerifyNightFutureBooking">
                <failure type="java.lang.NullPointerException"
                  message="(null)"
              >
<![CDATA[java.lang.NullPointerException
  org.taxiforsure.utils.DataBaseUtils.closeConnection(DataBaseUtils.java:90)
  org.taxiforsure.utils.DataBaseUtils.executeQuery(DataBaseUtils.java:43)
  org.taxiforsure.answercall.AnswerCallScreen.getAllLocalities(AnswerCallScreen.java:541)
  org.taxiforsure.answercall.AnswerCallScreen.getpickUpLocality(AnswerCallScreen.java:656)
  org.taxiforsure.rtfs.TestVerifyNightFutureBooking.testVerifyHatchBackNight(TestVerifyNightFutureBooking.java:98)
  sun.reflect.NativeMethodAccessorImpl.invoke0(Native Method)
  sun.reflect.NativeMethodAccessorImpl.invoke(NativeMethodAccessorImpl.java:57)
  sun.reflect.DelegatingMethodAccessorImpl.invoke(DelegatingMethodAccessorImpl.java:43)
  java.lang.reflect.Method.invoke(Method.java:606)
  org.testng.internal.MethodInvocationHelper.invokeMethod(MethodInvocationHelper.java:84)
  org.testng.internal.Invoker.invokeMethod(Invoker.java:714)
  org.testng.internal.Invoker.invokeTestMethod(Invoker.java:901)
  org.testng.internal.Invoker.invokeTestMethods(Invoker.java:1231)
  org.testng.internal.TestMethodWorker.invokeTestMethods(TestMethodWorker.java:127)
  org.testng.internal.TestMethodWorker.run(TestMethodWorker.java:111)
  java.util.concurrent.ThreadPoolExecutor.runWorker(ThreadPoolExecutor.java:1145)
  java.util.concurrent.ThreadPoolExecutor$Worker.run(ThreadPoolExecutor.java:615)
  java.lang.Thread.run(Thread.java:745)
]]>
      </failure>

          </testcase>
            <testcase name="testVerifyHatchBackNight" time="20.762" classname="org.taxiforsure.rtfs.TestVerifyNightFutureBooking">
                <failure type="java.lang.NullPointerException"
                  message="(null)"
              >
<![CDATA[java.lang.NullPointerException
  org.taxiforsure.utils.DataBaseUtils.closeConnection(DataBaseUtils.java:90)
  org.taxiforsure.utils.DataBaseUtils.executeQuery(DataBaseUtils.java:43)
  org.taxiforsure.answercall.AnswerCallScreen.getAllLocalities(AnswerCallScreen.java:541)
  org.taxiforsure.answercall.AnswerCallScreen.getpickUpLocality(AnswerCallScreen.java:656)
  org.taxiforsure.rtfs.TestVerifyNightFutureBooking.testVerifyHatchBackNight(TestVerifyNightFutureBooking.java:98)
  sun.reflect.GeneratedMethodAccessor20.invoke(Unknown Source)
  sun.reflect.DelegatingMethodAccessorImpl.invoke(DelegatingMethodAccessorImpl.java:43)
  java.lang.reflect.Method.invoke(Method.java:606)
  org.testng.internal.MethodInvocationHelper.invokeMethod(MethodInvocationHelper.java:84)
  org.testng.internal.Invoker.invokeMethod(Invoker.java:714)
  org.testng.internal.Invoker.invokeTestMethod(Invoker.java:901)
  org.testng.internal.Invoker.invokeTestMethods(Invoker.java:1231)
  org.testng.internal.TestMethodWorker.invokeTestMethods(TestMethodWorker.java:127)
  org.testng.internal.TestMethodWorker.run(TestMethodWorker.java:111)
  java.util.concurrent.ThreadPoolExecutor.runWorker(ThreadPoolExecutor.java:1145)
  java.util.concurrent.ThreadPoolExecutor$Worker.run(ThreadPoolExecutor.java:615)
  java.lang.Thread.run(Thread.java:745)
]]>
      </failure>

          </testcase>
            <testcase name="testVerifyHatchBackNight" time="18.675" classname="org.taxiforsure.rtfs.TestVerifyNightFutureBooking">
                <failure type="java.lang.NullPointerException"
                  message="(null)"
              >
<![CDATA[java.lang.NullPointerException
  org.taxiforsure.utils.DataBaseUtils.closeConnection(DataBaseUtils.java:90)
  org.taxiforsure.utils.DataBaseUtils.executeQuery(DataBaseUtils.java:43)
  org.taxiforsure.answercall.AnswerCallScreen.getAllLocalities(AnswerCallScreen.java:541)
  org.taxiforsure.answercall.AnswerCallScreen.getpickUpLocality(AnswerCallScreen.java:656)
  org.taxiforsure.rtfs.TestVerifyNightFutureBooking.testVerifyHatchBackNight(TestVerifyNightFutureBooking.java:98)
  sun.reflect.NativeMethodAccessorImpl.invoke0(Native Method)
  sun.reflect.NativeMethodAccessorImpl.invoke(NativeMethodAccessorImpl.java:57)
  sun.reflect.DelegatingMethodAccessorImpl.invoke(DelegatingMethodAccessorImpl.java:43)
  java.lang.reflect.Method.invoke(Method.java:606)
  org.testng.internal.MethodInvocationHelper.invokeMethod(MethodInvocationHelper.java:84)
  org.testng.internal.Invoker.invokeMethod(Invoker.java:714)
  org.testng.internal.Invoker.invokeTestMethod(Invoker.java:901)
  org.testng.internal.Invoker.invokeTestMethods(Invoker.java:1231)
  org.testng.internal.TestMethodWorker.invokeTestMethods(TestMethodWorker.java:127)
  org.testng.internal.TestMethodWorker.run(TestMethodWorker.java:111)
  java.util.concurrent.ThreadPoolExecutor.runWorker(ThreadPoolExecutor.java:1145)
  java.util.concurrent.ThreadPoolExecutor$Worker.run(ThreadPoolExecutor.java:615)
  java.lang.Thread.run(Thread.java:745)
]]>
      </failure>

          </testcase>
            <testcase name="testVerifyHatchBackNight" time="21.561" classname="org.taxiforsure.rtfs.TestVerifyNightFutureBooking">
                <failure type="java.lang.NullPointerException"
                  message="(null)"
              >
<![CDATA[java.lang.NullPointerException
  org.taxiforsure.utils.DataBaseUtils.closeConnection(DataBaseUtils.java:90)
  org.taxiforsure.utils.DataBaseUtils.executeQuery(DataBaseUtils.java:43)
  org.taxiforsure.answercall.AnswerCallScreen.getAllLocalities(AnswerCallScreen.java:541)
  org.taxiforsure.answercall.AnswerCallScreen.getpickUpLocality(AnswerCallScreen.java:656)
  org.taxiforsure.rtfs.TestVerifyNightFutureBooking.testVerifyHatchBackNight(TestVerifyNightFutureBooking.java:98)
  sun.reflect.NativeMethodAccessorImpl.invoke0(Native Method)
  sun.reflect.NativeMethodAccessorImpl.invoke(NativeMethodAccessorImpl.java:57)
  sun.reflect.DelegatingMethodAccessorImpl.invoke(DelegatingMethodAccessorImpl.java:43)
  java.lang.reflect.Method.invoke(Method.java:606)
  org.testng.internal.MethodInvocationHelper.invokeMethod(MethodInvocationHelper.java:84)
  org.testng.internal.Invoker.invokeMethod(Invoker.java:714)
  org.testng.internal.Invoker.invokeTestMethod(Invoker.java:901)
  org.testng.internal.Invoker.invokeTestMethods(Invoker.java:1231)
  org.testng.internal.TestMethodWorker.invokeTestMethods(TestMethodWorker.java:127)
  org.testng.internal.TestMethodWorker.run(TestMethodWorker.java:111)
  java.util.concurrent.ThreadPoolExecutor.runWorker(ThreadPoolExecutor.java:1145)
  java.util.concurrent.ThreadPoolExecutor$Worker.run(ThreadPoolExecutor.java:615)
  java.lang.Thread.run(Thread.java:745)
]]>
      </failure>

          </testcase>
            <testcase name="testVerifyHatchBackNight" time="34.379" classname="org.taxiforsure.rtfs.TestVerifyNightFutureBooking">
                <failure type="java.lang.ArrayIndexOutOfBoundsException"
                  message="2"
              >
<![CDATA[java.lang.ArrayIndexOutOfBoundsException: 2
  org.taxiforsure.actions.DoOperation.type(DoOperation.java:36)
  org.taxiforsure.answercall.AnswerCallScreen.setPhoneNumber(AnswerCallScreen.java:189)
  org.taxiforsure.rtfs.TestVerifyNightFutureBooking.testVerifyHatchBackNight(TestVerifyNightFutureBooking.java:95)
  sun.reflect.NativeMethodAccessorImpl.invoke0(Native Method)
  sun.reflect.NativeMethodAccessorImpl.invoke(NativeMethodAccessorImpl.java:57)
  sun.reflect.DelegatingMethodAccessorImpl.invoke(DelegatingMethodAccessorImpl.java:43)
  java.lang.reflect.Method.invoke(Method.java:606)
  org.testng.internal.MethodInvocationHelper.invokeMethod(MethodInvocationHelper.java:84)
  org.testng.internal.Invoker.invokeMethod(Invoker.java:714)
  org.testng.internal.Invoker.invokeTestMethod(Invoker.java:901)
  org.testng.internal.Invoker.invokeTestMethods(Invoker.java:1231)
  org.testng.internal.TestMethodWorker.invokeTestMethods(TestMethodWorker.java:127)
  org.testng.internal.TestMethodWorker.run(TestMethodWorker.java:111)
  java.util.concurrent.ThreadPoolExecutor.runWorker(ThreadPoolExecutor.java:1145)
  java.util.concurrent.ThreadPoolExecutor$Worker.run(ThreadPoolExecutor.java:615)
  java.lang.Thread.run(Thread.java:745)
]]>
      </failure>

          </testcase>
            <testcase name="testVerifyHatchBackNight" time="25.223" classname="org.taxiforsure.rtfs.TestVerifyNightFutureBooking">
                <failure type="java.lang.NullPointerException"
                  message="(null)"
              >
<![CDATA[java.lang.NullPointerException
  org.taxiforsure.utils.DataBaseUtils.closeConnection(DataBaseUtils.java:90)
  org.taxiforsure.utils.DataBaseUtils.executeQuery(DataBaseUtils.java:43)
  org.taxiforsure.answercall.AnswerCallScreen.getAllLocalities(AnswerCallScreen.java:541)
  org.taxiforsure.answercall.AnswerCallScreen.getpickUpLocality(AnswerCallScreen.java:656)
  org.taxiforsure.rtfs.TestVerifyNightFutureBooking.testVerifyHatchBackNight(TestVerifyNightFutureBooking.java:98)
  sun.reflect.NativeMethodAccessorImpl.invoke0(Native Method)
  sun.reflect.NativeMethodAccessorImpl.invoke(NativeMethodAccessorImpl.java:57)
  sun.reflect.DelegatingMethodAccessorImpl.invoke(DelegatingMethodAccessorImpl.java:43)
  java.lang.reflect.Method.invoke(Method.java:606)
  org.testng.internal.MethodInvocationHelper.invokeMethod(MethodInvocationHelper.java:84)
  org.testng.internal.Invoker.invokeMethod(Invoker.java:714)
  org.testng.internal.Invoker.invokeTestMethod(Invoker.java:901)
  org.testng.internal.Invoker.invokeTestMethods(Invoker.java:1231)
  org.testng.internal.TestMethodWorker.invokeTestMethods(TestMethodWorker.java:127)
  org.testng.internal.TestMethodWorker.run(TestMethodWorker.java:111)
  java.util.concurrent.ThreadPoolExecutor.runWorker(ThreadPoolExecutor.java:1145)
  java.util.concurrent.ThreadPoolExecutor$Worker.run(ThreadPoolExecutor.java:615)
  java.lang.Thread.run(Thread.java:745)
]]>
      </failure>

          </testcase>
            <testcase name="testVerifyHatchBackNight" time="35.504" classname="org.taxiforsure.rtfs.TestVerifyNightFutureBooking">
                <failure type="java.lang.ArrayIndexOutOfBoundsException"
                  message="2"
              >
<![CDATA[java.lang.ArrayIndexOutOfBoundsException: 2
  org.taxiforsure.actions.DoOperation.type(DoOperation.java:36)
  org.taxiforsure.answercall.AnswerCallScreen.setPhoneNumber(AnswerCallScreen.java:189)
  org.taxiforsure.rtfs.TestVerifyNightFutureBooking.testVerifyHatchBackNight(TestVerifyNightFutureBooking.java:95)
  sun.reflect.NativeMethodAccessorImpl.invoke0(Native Method)
  sun.reflect.NativeMethodAccessorImpl.invoke(NativeMethodAccessorImpl.java:57)
  sun.reflect.DelegatingMethodAccessorImpl.invoke(DelegatingMethodAccessorImpl.java:43)
  java.lang.reflect.Method.invoke(Method.java:606)
  org.testng.internal.MethodInvocationHelper.invokeMethod(MethodInvocationHelper.java:84)
  org.testng.internal.Invoker.invokeMethod(Invoker.java:714)
  org.testng.internal.Invoker.invokeTestMethod(Invoker.java:901)
  org.testng.internal.Invoker.invokeTestMethods(Invoker.java:1231)
  org.testng.internal.TestMethodWorker.invokeTestMethods(TestMethodWorker.java:127)
  org.testng.internal.TestMethodWorker.run(TestMethodWorker.java:111)
  java.util.concurrent.ThreadPoolExecutor.runWorker(ThreadPoolExecutor.java:1145)
  java.util.concurrent.ThreadPoolExecutor$Worker.run(ThreadPoolExecutor.java:615)
  java.lang.Thread.run(Thread.java:745)
]]>
      </failure>

          </testcase>
            <testcase name="testVerifyHatchBackNight" time="21.437" classname="org.taxiforsure.rtfs.TestVerifyNightFutureBooking">
                <failure type="java.lang.NullPointerException"
                  message="(null)"
              >
<![CDATA[java.lang.NullPointerException
  org.taxiforsure.utils.DataBaseUtils.closeConnection(DataBaseUtils.java:90)
  org.taxiforsure.utils.DataBaseUtils.executeQuery(DataBaseUtils.java:43)
  org.taxiforsure.answercall.AnswerCallScreen.getAllLocalities(AnswerCallScreen.java:541)
  org.taxiforsure.answercall.AnswerCallScreen.getpickUpLocality(AnswerCallScreen.java:656)
  org.taxiforsure.rtfs.TestVerifyNightFutureBooking.testVerifyHatchBackNight(TestVerifyNightFutureBooking.java:98)
  sun.reflect.NativeMethodAccessorImpl.invoke0(Native Method)
  sun.reflect.NativeMethodAccessorImpl.invoke(NativeMethodAccessorImpl.java:57)
  sun.reflect.DelegatingMethodAccessorImpl.invoke(DelegatingMethodAccessorImpl.java:43)
  java.lang.reflect.Method.invoke(Method.java:606)
  org.testng.internal.MethodInvocationHelper.invokeMethod(MethodInvocationHelper.java:84)
  org.testng.internal.Invoker.invokeMethod(Invoker.java:714)
  org.testng.internal.Invoker.invokeTestMethod(Invoker.java:901)
  org.testng.internal.Invoker.invokeTestMethods(Invoker.java:1231)
  org.testng.internal.TestMethodWorker.invokeTestMethods(TestMethodWorker.java:127)
  org.testng.internal.TestMethodWorker.run(TestMethodWorker.java:111)
  java.util.concurrent.ThreadPoolExecutor.runWorker(ThreadPoolExecutor.java:1145)
  java.util.concurrent.ThreadPoolExecutor$Worker.run(ThreadPoolExecutor.java:615)
  java.lang.Thread.run(Thread.java:745)
]]>
      </failure>

          </testcase>
            <testcase name="testVerifyHatchBackNight" time="19.672" classname="org.taxiforsure.rtfs.TestVerifyNightFutureBooking">
                <failure type="java.lang.NullPointerException"
                  message="(null)"
              >
<![CDATA[java.lang.NullPointerException
  org.taxiforsure.utils.DataBaseUtils.closeConnection(DataBaseUtils.java:90)
  org.taxiforsure.utils.DataBaseUtils.executeQuery(DataBaseUtils.java:43)
  org.taxiforsure.answercall.AnswerCallScreen.getAllLocalities(AnswerCallScreen.java:541)
  org.taxiforsure.answercall.AnswerCallScreen.getpickUpLocality(AnswerCallScreen.java:656)
  org.taxiforsure.rtfs.TestVerifyNightFutureBooking.testVerifyHatchBackNight(TestVerifyNightFutureBooking.java:98)
  sun.reflect.NativeMethodAccessorImpl.invoke0(Native Method)
  sun.reflect.NativeMethodAccessorImpl.invoke(NativeMethodAccessorImpl.java:57)
  sun.reflect.DelegatingMethodAccessorImpl.invoke(DelegatingMethodAccessorImpl.java:43)
  java.lang.reflect.Method.invoke(Method.java:606)
  org.testng.internal.MethodInvocationHelper.invokeMethod(MethodInvocationHelper.java:84)
  org.testng.internal.Invoker.invokeMethod(Invoker.java:714)
  org.testng.internal.Invoker.invokeTestMethod(Invoker.java:901)
  org.testng.internal.Invoker.invokeTestMethods(Invoker.java:1231)
  org.testng.internal.TestMethodWorker.invokeTestMethods(TestMethodWorker.java:127)
  org.testng.internal.TestMethodWorker.run(TestMethodWorker.java:111)
  java.util.concurrent.ThreadPoolExecutor.runWorker(ThreadPoolExecutor.java:1145)
  java.util.concurrent.ThreadPoolExecutor$Worker.run(ThreadPoolExecutor.java:615)
  java.lang.Thread.run(Thread.java:745)
]]>
      </failure>

          </testcase>
            <testcase name="testVerifyHatchBackNight" time="20.755" classname="org.taxiforsure.rtfs.TestVerifyNightFutureBooking">
                <failure type="java.lang.NullPointerException"
                  message="(null)"
              >
<![CDATA[java.lang.NullPointerException
  org.taxiforsure.utils.DataBaseUtils.closeConnection(DataBaseUtils.java:90)
  org.taxiforsure.utils.DataBaseUtils.executeQuery(DataBaseUtils.java:43)
  org.taxiforsure.answercall.AnswerCallScreen.getAllLocalities(AnswerCallScreen.java:541)
  org.taxiforsure.answercall.AnswerCallScreen.getpickUpLocality(AnswerCallScreen.java:656)
  org.taxiforsure.rtfs.TestVerifyNightFutureBooking.testVerifyHatchBackNight(TestVerifyNightFutureBooking.java:98)
  sun.reflect.GeneratedMethodAccessor20.invoke(Unknown Source)
  sun.reflect.DelegatingMethodAccessorImpl.invoke(DelegatingMethodAccessorImpl.java:43)
  java.lang.reflect.Method.invoke(Method.java:606)
  org.testng.internal.MethodInvocationHelper.invokeMethod(MethodInvocationHelper.java:84)
  org.testng.internal.Invoker.invokeMethod(Invoker.java:714)
  org.testng.internal.Invoker.invokeTestMethod(Invoker.java:901)
  org.testng.internal.Invoker.invokeTestMethods(Invoker.java:1231)
  org.testng.internal.TestMethodWorker.invokeTestMethods(TestMethodWorker.java:127)
  org.testng.internal.TestMethodWorker.run(TestMethodWorker.java:111)
  java.util.concurrent.ThreadPoolExecutor.runWorker(ThreadPoolExecutor.java:1145)
  java.util.concurrent.ThreadPoolExecutor$Worker.run(ThreadPoolExecutor.java:615)
  java.lang.Thread.run(Thread.java:745)
]]>
      </failure>

          </testcase>
            <testcase name="testVerifyHatchBackNight" time="26.912" classname="org.taxiforsure.rtfs.TestVerifyNightFutureBooking">
                <failure type="java.lang.NullPointerException"
                  message="(null)"
              >
<![CDATA[java.lang.NullPointerException
  org.taxiforsure.utils.DataBaseUtils.closeConnection(DataBaseUtils.java:90)
  org.taxiforsure.utils.DataBaseUtils.executeQuery(DataBaseUtils.java:43)
  org.taxiforsure.answercall.AnswerCallScreen.getAllLocalities(AnswerCallScreen.java:541)
  org.taxiforsure.answercall.AnswerCallScreen.getpickUpLocality(AnswerCallScreen.java:656)
  org.taxiforsure.rtfs.TestVerifyNightFutureBooking.testVerifyHatchBackNight(TestVerifyNightFutureBooking.java:98)
  sun.reflect.NativeMethodAccessorImpl.invoke0(Native Method)
  sun.reflect.NativeMethodAccessorImpl.invoke(NativeMethodAccessorImpl.java:57)
  sun.reflect.DelegatingMethodAccessorImpl.invoke(DelegatingMethodAccessorImpl.java:43)
  java.lang.reflect.Method.invoke(Method.java:606)
  org.testng.internal.MethodInvocationHelper.invokeMethod(MethodInvocationHelper.java:84)
  org.testng.internal.Invoker.invokeMethod(Invoker.java:714)
  org.testng.internal.Invoker.invokeTestMethod(Invoker.java:901)
  org.testng.internal.Invoker.invokeTestMethods(Invoker.java:1231)
  org.testng.internal.TestMethodWorker.invokeTestMethods(TestMethodWorker.java:127)
  org.testng.internal.TestMethodWorker.run(TestMethodWorker.java:111)
  java.util.concurrent.ThreadPoolExecutor.runWorker(ThreadPoolExecutor.java:1145)
  java.util.concurrent.ThreadPoolExecutor$Worker.run(ThreadPoolExecutor.java:615)
  java.lang.Thread.run(Thread.java:745)
]]>
      </failure>

          </testcase>
            <testcase name="testVerifyHatchBackNight" time="19.436" classname="org.taxiforsure.rtfs.TestVerifyNightFutureBooking">
                <failure type="java.lang.NullPointerException"
                  message="(null)"
              >
<![CDATA[java.lang.NullPointerException
  org.taxiforsure.utils.DataBaseUtils.closeConnection(DataBaseUtils.java:90)
  org.taxiforsure.utils.DataBaseUtils.executeQuery(DataBaseUtils.java:43)
  org.taxiforsure.answercall.AnswerCallScreen.getAllLocalities(AnswerCallScreen.java:541)
  org.taxiforsure.answercall.AnswerCallScreen.getpickUpLocality(AnswerCallScreen.java:656)
  org.taxiforsure.rtfs.TestVerifyNightFutureBooking.testVerifyHatchBackNight(TestVerifyNightFutureBooking.java:98)
  sun.reflect.GeneratedMethodAccessor20.invoke(Unknown Source)
  sun.reflect.DelegatingMethodAccessorImpl.invoke(DelegatingMethodAccessorImpl.java:43)
  java.lang.reflect.Method.invoke(Method.java:606)
  org.testng.internal.MethodInvocationHelper.invokeMethod(MethodInvocationHelper.java:84)
  org.testng.internal.Invoker.invokeMethod(Invoker.java:714)
  org.testng.internal.Invoker.invokeTestMethod(Invoker.java:901)
  org.testng.internal.Invoker.invokeTestMethods(Invoker.java:1231)
  org.testng.internal.TestMethodWorker.invokeTestMethods(TestMethodWorker.java:127)
  org.testng.internal.TestMethodWorker.run(TestMethodWorker.java:111)
  java.util.concurrent.ThreadPoolExecutor.runWorker(ThreadPoolExecutor.java:1145)
  java.util.concurrent.ThreadPoolExecutor$Worker.run(ThreadPoolExecutor.java:615)
  java.lang.Thread.run(Thread.java:745)
]]>
      </failure>

          </testcase>
            <testcase name="testVerifyHatchBackNight" time="33.465" classname="org.taxiforsure.rtfs.TestVerifyNightFutureBooking">
                <failure type="org.openqa.selenium.NoSuchElementException"
                  message="Unable to locate element: {&quot;method&quot;:&quot;xpath&quot;,&quot;selector&quot;:&quot;//a[@class=&apos;submenu&apos;]/span[text()=&apos;Answer Call&apos;]&quot;}
For documentation on this error, please visit: http://seleniumhq.org/exceptions/no_such_element.html
Build info: version: &apos;2.43.0&apos;, revision: &apos;597b76b&apos;, time: &apos;2014-09-09 20:52:14&apos;
System info: host: &apos;chef&apos;, ip: &apos;127.0.1.1&apos;, os.name: &apos;Linux&apos;, os.arch: &apos;i386&apos;, os.version: &apos;3.13.0-32-generic&apos;, java.version: &apos;1.6.0_45&apos;
Driver info: driver.version: unknown
Command duration or timeout: 20.28 seconds
For documentation on this error, please visit: http://seleniumhq.org/exceptions/no_such_element.html
Build info: version: &apos;2.44.0&apos;, revision: &apos;76d78cf323ce037c5f92db6c1bba601c2ac43ad8&apos;, time: &apos;2014-10-23 13:11:40&apos;
System info: host: &apos;ip-10-146-7-231&apos;, ip: &apos;10.146.7.231&apos;, os.name: &apos;Linux&apos;, os.arch: &apos;amd64&apos;, os.version: &apos;3.13.0-24-generic&apos;, java.version: &apos;1.7.0_65&apos;
Session ID: 1e9f40759b8b411bbe4cc4bfc4418bb7
Driver info: org.openqa.selenium.remote.RemoteWebDriver
Capabilities [{platform=LINUX, acceptSslCerts=true, javascriptEnabled=true, hasMetadata=true, browserName=firefox, rotatable=false, locationContextEnabled=true, webdriver.remote.sessionid=1e9f40759b8b411bbe4cc4bfc4418bb7, version=32.0, cssSelectorsEnabled=true, databaseEnabled=true, handlesAlerts=true, webStorageEnabled=true, nativeEvents=false, applicationCacheEnabled=true, takesScreenshot=true}]"
              >
<![CDATA[org.openqa.selenium.NoSuchElementException: Unable to locate element: {"method":"xpath","selector":"//a[@class='submenu']/span[text()='Answer Call']"}
For documentation on this error, please visit: http://seleniumhq.org/exceptions/no_such_element.html
Build info: version: '2.43.0', revision: '597b76b', time: '2014-09-09 20:52:14'
System info: host: 'chef', ip: '127.0.1.1', os.name: 'Linux', os.arch: 'i386', os.version: '3.13.0-32-generic', java.version: '1.6.0_45'
Driver info: driver.version: unknown
Command duration or timeout: 20.28 seconds
For documentation on this error, please visit: http://seleniumhq.org/exceptions/no_such_element.html
Build info: version: '2.44.0', revision: '76d78cf323ce037c5f92db6c1bba601c2ac43ad8', time: '2014-10-23 13:11:40'
System info: host: 'ip-10-146-7-231', ip: '10.146.7.231', os.name: 'Linux', os.arch: 'amd64', os.version: '3.13.0-24-generic', java.version: '1.7.0_65'
Session ID: 1e9f40759b8b411bbe4cc4bfc4418bb7
Driver info: org.openqa.selenium.remote.RemoteWebDriver
Capabilities [{platform=LINUX, acceptSslCerts=true, javascriptEnabled=true, hasMetadata=true, browserName=firefox, rotatable=false, locationContextEnabled=true, webdriver.remote.sessionid=1e9f40759b8b411bbe4cc4bfc4418bb7, version=32.0, cssSelectorsEnabled=true, databaseEnabled=true, handlesAlerts=true, webStorageEnabled=true, nativeEvents=false, applicationCacheEnabled=true, takesScreenshot=true}]
  sun.reflect.NativeConstructorAccessorImpl.newInstance0(Native Method)
  sun.reflect.NativeConstructorAccessorImpl.newInstance(NativeConstructorAccessorImpl.java:57)
  sun.reflect.DelegatingConstructorAccessorImpl.newInstance(DelegatingConstructorAccessorImpl.java:45)
  java.lang.reflect.Constructor.newInstance(Constructor.java:526)
  org.openqa.selenium.remote.ErrorHandler.createThrowable(ErrorHandler.java:204)
  org.openqa.selenium.remote.ErrorHandler.throwIfResponseFailed(ErrorHandler.java:156)
  org.openqa.selenium.remote.RemoteWebDriver.execute(RemoteWebDriver.java:599)
  org.openqa.selenium.remote.RemoteWebDriver.findElement(RemoteWebDriver.java:352)
  org.openqa.selenium.remote.RemoteWebDriver.findElementByXPath(RemoteWebDriver.java:449)
  org.openqa.selenium.By$ByXPath.findElement(By.java:357)
  org.openqa.selenium.remote.RemoteWebDriver.findElement(RemoteWebDriver.java:344)
  org.openqa.selenium.support.pagefactory.DefaultElementLocator.findElement(DefaultElementLocator.java:59)
  org.openqa.selenium.support.pagefactory.internal.LocatingElementHandler.invoke(LocatingElementHandler.java:37)
  com.sun.proxy.$Proxy4.getWrappedElement(Unknown Source)
  org.openqa.selenium.remote.internal.WebElementToJsonConverter.apply(WebElementToJsonConverter.java:48)
  com.google.common.collect.Iterators$8.transform(Iterators.java:799)
  com.google.common.collect.TransformedIterator.next(TransformedIterator.java:48)
  com.google.common.collect.Iterators.addAll(Iterators.java:362)
  com.google.common.collect.Lists.newArrayList(Lists.java:160)
  com.google.common.collect.Lists.newArrayList(Lists.java:144)
  org.openqa.selenium.remote.RemoteWebDriver.executeScript(RemoteWebDriver.java:504)
  org.taxiforsure.rtfscommonelements.CommonElements.clickAnswerCallLink(CommonElements.java:26)
  org.taxiforsure.rtfs.TestVerifyNightFutureBooking.testVerifyHatchBackNight(TestVerifyNightFutureBooking.java:92)
  sun.reflect.GeneratedMethodAccessor20.invoke(Unknown Source)
  sun.reflect.DelegatingMethodAccessorImpl.invoke(DelegatingMethodAccessorImpl.java:43)
  java.lang.reflect.Method.invoke(Method.java:606)
  org.testng.internal.MethodInvocationHelper.invokeMethod(MethodInvocationHelper.java:84)
  org.testng.internal.Invoker.invokeMethod(Invoker.java:714)
  org.testng.internal.Invoker.invokeTestMethod(Invoker.java:901)
  org.testng.internal.Invoker.invokeTestMethods(Invoker.java:1231)
  org.testng.internal.TestMethodWorker.invokeTestMethods(TestMethodWorker.java:127)
  org.testng.internal.TestMethodWorker.run(TestMethodWorker.java:111)
  java.util.concurrent.ThreadPoolExecutor.runWorker(ThreadPoolExecutor.java:1145)
  java.util.concurrent.ThreadPoolExecutor$Worker.run(ThreadPoolExecutor.java:615)
  java.lang.Thread.run(Thread.java:745)
Caused by: org.openqa.selenium.NoSuchElementException: Unable to locate element: {"method":"xpath","selector":"//a[@class='submenu']/span[text()='Answer Call']"}
For documentation on this error, please visit: http://seleniumhq.org/exceptions/no_such_element.html
Build info: version: '2.43.0', revision: '597b76b', time: '2014-09-09 20:52:14'
System info: host: 'chef', ip: '127.0.1.1', os.name: 'Linux', os.arch: 'i386', os.version: '3.13.0-32-generic', java.version: '1.6.0_45'
Driver info: driver.version: unknown
For documentation on this error, please visit: http://seleniumhq.org/exceptions/no_such_element.html
Build info: version: '2.44.0', revision: '76d78cf323ce037c5f92db6c1bba601c2ac43ad8', time: '2014-10-23 13:11:40'
System info: host: 'ip-10-146-7-231', ip: '10.146.7.231', os.name: 'Linux', os.arch: 'amd64', os.version: '3.13.0-24-generic', java.version: '1.7.0_65'
Driver info: driver.version: unknown
  <anonymous class>.FirefoxDriver.prototype.findElementInternal_(file:///tmp/anonymous3026341837752938746webdriver-profile/extensions/fxdriver@googlecode.com/components/driver-component.js:9618:133)
  <anonymous class>.fxdriver.Timer.prototype.setTimeout/<.notify(file:///tmp/anonymous3026341837752938746webdriver-profile/extensions/fxdriver@googlecode.com/components/driver-component.js:548:5)
]]>
      </failure>

          </testcase>
            <testcase name="testVerifyHatchBackNight" time="19.197" classname="org.taxiforsure.rtfs.TestVerifyNightFutureBooking">
                <failure type="java.lang.NullPointerException"
                  message="(null)"
              >
<![CDATA[java.lang.NullPointerException
  org.taxiforsure.utils.DataBaseUtils.closeConnection(DataBaseUtils.java:90)
  org.taxiforsure.utils.DataBaseUtils.executeQuery(DataBaseUtils.java:43)
  org.taxiforsure.answercall.AnswerCallScreen.getAllLocalities(AnswerCallScreen.java:541)
  org.taxiforsure.answercall.AnswerCallScreen.getpickUpLocality(AnswerCallScreen.java:656)
  org.taxiforsure.rtfs.TestVerifyNightFutureBooking.testVerifyHatchBackNight(TestVerifyNightFutureBooking.java:98)
  sun.reflect.NativeMethodAccessorImpl.invoke0(Native Method)
  sun.reflect.NativeMethodAccessorImpl.invoke(NativeMethodAccessorImpl.java:57)
  sun.reflect.DelegatingMethodAccessorImpl.invoke(DelegatingMethodAccessorImpl.java:43)
  java.lang.reflect.Method.invoke(Method.java:606)
  org.testng.internal.MethodInvocationHelper.invokeMethod(MethodInvocationHelper.java:84)
  org.testng.internal.Invoker.invokeMethod(Invoker.java:714)
  org.testng.internal.Invoker.invokeTestMethod(Invoker.java:901)
  org.testng.internal.Invoker.invokeTestMethods(Invoker.java:1231)
  org.testng.internal.TestMethodWorker.invokeTestMethods(TestMethodWorker.java:127)
  org.testng.internal.TestMethodWorker.run(TestMethodWorker.java:111)
  java.util.concurrent.ThreadPoolExecutor.runWorker(ThreadPoolExecutor.java:1145)
  java.util.concurrent.ThreadPoolExecutor$Worker.run(ThreadPoolExecutor.java:615)
  java.lang.Thread.run(Thread.java:745)
]]>
      </failure>

          </testcase>
  
  
  
</testsuite>
