<?xml version="1.0" encoding="utf-8" ?>
<!DOCTYPE html PUBLIC "-//W3C//DTD XHTML 1.0 Strict//EN"
        "http://www.w3.org/TR/xhtml1/DTD/xhtml1-strict.dtd">
<html xmlns="http://www.w3.org/1999/xhtml" xml:lang="" lang="">
<head>
  <title>Test Results Report - RTFS test automation</title>
  <meta http-equiv="Content-Type" content="text/html;charset=utf-8" />
  <meta name="description" content="TestNG unit test results." />
  <link href="reportng.css" rel="stylesheet" type="text/css" />
    <script type="text/javascript" src="reportng.js"></script>
</head>
<body>
<h1>RTFS test automation</h1>
<p>
  Test duration: 1395.896s
</p>



  <table class="resultsTable">
    <tr><th colspan="3" class="header failed">Failed Tests</th></tr>
          <tr>
        <td colspan="3" class="group">org.taxiforsure.rtfs.TestVerifyNightFutureBooking</td>
      </tr>
            
<tr>
  <td class="method">
                  testVerifyHatchBackNight
      </td>
  <td class="duration">
    20.811s
  </td>
  <td class="result">
        
    
            <div class="testOutput">
                        <a href = file:////mnt/RTFS_WEBAUTOMATION/NewAutomationFrameWork/target/surefire-reports/screenshots/17_Nov_2014__05_54_50PM.png target='_blank'> <p align="left", style= "color: red; font: italic bold 12px/30px Georgia,serif;" >Click here for screen shot of Aurangabad Outstation</p> </a>
                  </div>
    

        <a href="javascript:toggleElement('exception-0', 'block')" title="Click to expand/collapse"><b>java.lang.NullPointerException</b></a><br />
    <div class="stackTrace" id="exception-0">
              org.taxiforsure.utils.DataBaseUtils.closeConnection(DataBaseUtils.java:90)<br />
              org.taxiforsure.utils.DataBaseUtils.executeQuery(DataBaseUtils.java:43)<br />
              org.taxiforsure.answercall.AnswerCallScreen.getAllLocalities(AnswerCallScreen.java:541)<br />
              org.taxiforsure.answercall.AnswerCallScreen.getpickUpLocality(AnswerCallScreen.java:656)<br />
              org.taxiforsure.rtfs.TestVerifyNightFutureBooking.testVerifyHatchBackNight(TestVerifyNightFutureBooking.java:98)<br />
              sun.reflect.NativeMethodAccessorImpl.invoke0(Native Method)<br />
              sun.reflect.NativeMethodAccessorImpl.invoke(NativeMethodAccessorImpl.java:57)<br />
              sun.reflect.DelegatingMethodAccessorImpl.invoke(DelegatingMethodAccessorImpl.java:43)<br />
              java.lang.reflect.Method.invoke(Method.java:606)<br />
              org.testng.internal.MethodInvocationHelper.invokeMethod(MethodInvocationHelper.java:84)<br />
              org.testng.internal.Invoker.invokeMethod(Invoker.java:714)<br />
              org.testng.internal.Invoker.invokeTestMethod(Invoker.java:901)<br />
              org.testng.internal.Invoker.invokeTestMethods(Invoker.java:1231)<br />
              org.testng.internal.TestMethodWorker.invokeTestMethods(TestMethodWorker.java:127)<br />
              org.testng.internal.TestMethodWorker.run(TestMethodWorker.java:111)<br />
              java.util.concurrent.ThreadPoolExecutor.runWorker(ThreadPoolExecutor.java:1145)<br />
              java.util.concurrent.ThreadPoolExecutor$Worker.run(ThreadPoolExecutor.java:615)<br />
              java.lang.Thread.run(Thread.java:745)<br />
                </div>
      </td>
</tr>
<tr>
  <td class="method">
                  testVerifyHatchBackNight
      </td>
  <td class="duration">
    26.297s
  </td>
  <td class="result">
        
    
            <div class="testOutput">
                        <a href = file:////mnt/RTFS_WEBAUTOMATION/NewAutomationFrameWork/target/surefire-reports/screenshots/17_Nov_2014__05_53_52PM.png target='_blank'> <p align="left", style= "color: red; font: italic bold 12px/30px Georgia,serif;" >Click here for screen shot of Aurangabad Outstation</p> </a>
                  </div>
    

        <a href="javascript:toggleElement('exception-1', 'block')" title="Click to expand/collapse"><b>java.lang.NullPointerException</b></a><br />
    <div class="stackTrace" id="exception-1">
              org.taxiforsure.utils.DataBaseUtils.closeConnection(DataBaseUtils.java:90)<br />
              org.taxiforsure.utils.DataBaseUtils.executeQuery(DataBaseUtils.java:43)<br />
              org.taxiforsure.answercall.AnswerCallScreen.getAllLocalities(AnswerCallScreen.java:541)<br />
              org.taxiforsure.answercall.AnswerCallScreen.getpickUpLocality(AnswerCallScreen.java:656)<br />
              org.taxiforsure.rtfs.TestVerifyNightFutureBooking.testVerifyHatchBackNight(TestVerifyNightFutureBooking.java:98)<br />
              sun.reflect.NativeMethodAccessorImpl.invoke0(Native Method)<br />
              sun.reflect.NativeMethodAccessorImpl.invoke(NativeMethodAccessorImpl.java:57)<br />
              sun.reflect.DelegatingMethodAccessorImpl.invoke(DelegatingMethodAccessorImpl.java:43)<br />
              java.lang.reflect.Method.invoke(Method.java:606)<br />
              org.testng.internal.MethodInvocationHelper.invokeMethod(MethodInvocationHelper.java:84)<br />
              org.testng.internal.Invoker.invokeMethod(Invoker.java:714)<br />
              org.testng.internal.Invoker.invokeTestMethod(Invoker.java:901)<br />
              org.testng.internal.Invoker.invokeTestMethods(Invoker.java:1231)<br />
              org.testng.internal.TestMethodWorker.invokeTestMethods(TestMethodWorker.java:127)<br />
              org.testng.internal.TestMethodWorker.run(TestMethodWorker.java:111)<br />
              java.util.concurrent.ThreadPoolExecutor.runWorker(ThreadPoolExecutor.java:1145)<br />
              java.util.concurrent.ThreadPoolExecutor$Worker.run(ThreadPoolExecutor.java:615)<br />
              java.lang.Thread.run(Thread.java:745)<br />
                </div>
      </td>
</tr>
<tr>
  <td class="method">
                  testVerifyHatchBackNight
      </td>
  <td class="duration">
    32.698s
  </td>
  <td class="result">
        
    
            <div class="testOutput">
                        <a href = file:////mnt/RTFS_WEBAUTOMATION/NewAutomationFrameWork/target/surefire-reports/screenshots/17_Nov_2014__05_55_59PM.png target='_blank'> <p align="left", style= "color: red; font: italic bold 12px/30px Georgia,serif;" >Click here for screen shot of Aurangabad Outstation</p> </a>
                  </div>
    

        <a href="javascript:toggleElement('exception-2', 'block')" title="Click to expand/collapse"><b>org.openqa.selenium.NoSuchElementException: Unable to locate element: {&quot;method&quot;:&quot;xpath&quot;,&quot;selector&quot;:&quot;//a[@class=&apos;submenu&apos;]/span[text()=&apos;Answer Call&apos;]&quot;}<br/>
For documentation on this error, please visit: http://seleniumhq.org/exceptions/no_such_element.html<br/>
Build info: version: &apos;2.43.0&apos;, revision: &apos;597b76b&apos;, time: &apos;2014-09-09 20:52:14&apos;<br/>
System info: host: &apos;chef&apos;, ip: &apos;127.0.1.1&apos;, os.name: &apos;Linux&apos;, os.arch: &apos;i386&apos;, os.version: &apos;3.13.0-32-generic&apos;, java.version: &apos;1.6.0_45&apos;<br/>
Driver info: driver.version: unknown<br/>
Command duration or timeout: 21.03 seconds<br/>
For documentation on this error, please visit: http://seleniumhq.org/exceptions/no_such_element.html<br/>
Build info: version: &apos;2.44.0&apos;, revision: &apos;76d78cf323ce037c5f92db6c1bba601c2ac43ad8&apos;, time: &apos;2014-10-23 13:11:40&apos;<br/>
System info: host: &apos;ip-10-146-7-231&apos;, ip: &apos;10.146.7.231&apos;, os.name: &apos;Linux&apos;, os.arch: &apos;amd64&apos;, os.version: &apos;3.13.0-24-generic&apos;, java.version: &apos;1.7.0_65&apos;<br/>
Session ID: 3616a4831d71498f87e9802d4b204a2e<br/>
Driver info: org.openqa.selenium.remote.RemoteWebDriver<br/>
Capabilities [{platform=LINUX, acceptSslCerts=true, javascriptEnabled=true, hasMetadata=true, browserName=firefox, rotatable=false, locationContextEnabled=true, webdriver.remote.sessionid=3616a4831d71498f87e9802d4b204a2e, version=32.0, cssSelectorsEnabled=true, databaseEnabled=true, handlesAlerts=true, webStorageEnabled=true, nativeEvents=false, applicationCacheEnabled=true, takesScreenshot=true}]</b></a><br />
    <div class="stackTrace" id="exception-2">
              sun.reflect.NativeConstructorAccessorImpl.newInstance0(Native Method)<br />
              sun.reflect.NativeConstructorAccessorImpl.newInstance(NativeConstructorAccessorImpl.java:57)<br />
              sun.reflect.DelegatingConstructorAccessorImpl.newInstance(DelegatingConstructorAccessorImpl.java:45)<br />
              java.lang.reflect.Constructor.newInstance(Constructor.java:526)<br />
              org.openqa.selenium.remote.ErrorHandler.createThrowable(ErrorHandler.java:204)<br />
              org.openqa.selenium.remote.ErrorHandler.throwIfResponseFailed(ErrorHandler.java:156)<br />
              org.openqa.selenium.remote.RemoteWebDriver.execute(RemoteWebDriver.java:599)<br />
              org.openqa.selenium.remote.RemoteWebDriver.findElement(RemoteWebDriver.java:352)<br />
              org.openqa.selenium.remote.RemoteWebDriver.findElementByXPath(RemoteWebDriver.java:449)<br />
              org.openqa.selenium.By$ByXPath.findElement(By.java:357)<br />
              org.openqa.selenium.remote.RemoteWebDriver.findElement(RemoteWebDriver.java:344)<br />
              org.openqa.selenium.support.pagefactory.DefaultElementLocator.findElement(DefaultElementLocator.java:59)<br />
              org.openqa.selenium.support.pagefactory.internal.LocatingElementHandler.invoke(LocatingElementHandler.java:37)<br />
              com.sun.proxy.$Proxy4.getWrappedElement(Unknown Source)<br />
              org.openqa.selenium.remote.internal.WebElementToJsonConverter.apply(WebElementToJsonConverter.java:48)<br />
              com.google.common.collect.Iterators$8.transform(Iterators.java:799)<br />
              com.google.common.collect.TransformedIterator.next(TransformedIterator.java:48)<br />
              com.google.common.collect.Iterators.addAll(Iterators.java:362)<br />
              com.google.common.collect.Lists.newArrayList(Lists.java:160)<br />
              com.google.common.collect.Lists.newArrayList(Lists.java:144)<br />
              org.openqa.selenium.remote.RemoteWebDriver.executeScript(RemoteWebDriver.java:504)<br />
              org.taxiforsure.rtfscommonelements.CommonElements.clickAnswerCallLink(CommonElements.java:26)<br />
              org.taxiforsure.rtfs.TestVerifyNightFutureBooking.testVerifyHatchBackNight(TestVerifyNightFutureBooking.java:92)<br />
              sun.reflect.NativeMethodAccessorImpl.invoke0(Native Method)<br />
              sun.reflect.NativeMethodAccessorImpl.invoke(NativeMethodAccessorImpl.java:57)<br />
              sun.reflect.DelegatingMethodAccessorImpl.invoke(DelegatingMethodAccessorImpl.java:43)<br />
              java.lang.reflect.Method.invoke(Method.java:606)<br />
              org.testng.internal.MethodInvocationHelper.invokeMethod(MethodInvocationHelper.java:84)<br />
              org.testng.internal.Invoker.invokeMethod(Invoker.java:714)<br />
              org.testng.internal.Invoker.invokeTestMethod(Invoker.java:901)<br />
              org.testng.internal.Invoker.invokeTestMethods(Invoker.java:1231)<br />
              org.testng.internal.TestMethodWorker.invokeTestMethods(TestMethodWorker.java:127)<br />
              org.testng.internal.TestMethodWorker.run(TestMethodWorker.java:111)<br />
              java.util.concurrent.ThreadPoolExecutor.runWorker(ThreadPoolExecutor.java:1145)<br />
              java.util.concurrent.ThreadPoolExecutor$Worker.run(ThreadPoolExecutor.java:615)<br />
              java.lang.Thread.run(Thread.java:745)<br />
                    <b>Caused by: </b> <a href="javascript:toggleElement('exception-3', 'block')" title="Click to expand/collapse">org.openqa.selenium.NoSuchElementException: Unable to locate element: {&quot;method&quot;:&quot;xpath&quot;,&quot;selector&quot;:&quot;//a[@class=&apos;submenu&apos;]/span[text()=&apos;Answer Call&apos;]&quot;}<br/>
For documentation on this error, please visit: http://seleniumhq.org/exceptions/no_such_element.html<br/>
Build info: version: &apos;2.43.0&apos;, revision: &apos;597b76b&apos;, time: &apos;2014-09-09 20:52:14&apos;<br/>
System info: host: &apos;chef&apos;, ip: &apos;127.0.1.1&apos;, os.name: &apos;Linux&apos;, os.arch: &apos;i386&apos;, os.version: &apos;3.13.0-32-generic&apos;, java.version: &apos;1.6.0_45&apos;<br/>
Driver info: driver.version: unknown<br/>
For documentation on this error, please visit: http://seleniumhq.org/exceptions/no_such_element.html<br/>
Build info: version: &apos;2.44.0&apos;, revision: &apos;76d78cf323ce037c5f92db6c1bba601c2ac43ad8&apos;, time: &apos;2014-10-23 13:11:40&apos;<br/>
System info: host: &apos;ip-10-146-7-231&apos;, ip: &apos;10.146.7.231&apos;, os.name: &apos;Linux&apos;, os.arch: &apos;amd64&apos;, os.version: &apos;3.13.0-24-generic&apos;, java.version: &apos;1.7.0_65&apos;<br/>
Driver info: driver.version: unknown</a><br />
        <div class="stackTrace" id="exception-3">
                      &lt;anonymous class&gt;.FirefoxDriver.prototype.findElementInternal_(file:///tmp/anonymous4038410279284937151webdriver-profile/extensions/fxdriver@googlecode.com/components/driver-component.js:9618:133)<br />
                      &lt;anonymous class&gt;.fxdriver.Timer.prototype.setTimeout/&lt;.notify(file:///tmp/anonymous4038410279284937151webdriver-profile/extensions/fxdriver@googlecode.com/components/driver-component.js:548:5)<br />
                  </div>
          </div>
      </td>
</tr>
<tr>
  <td class="method">
                  testVerifyHatchBackNight
      </td>
  <td class="duration">
    19.880s
  </td>
  <td class="result">
        
    
            <div class="testOutput">
                        <a href = file:////mnt/RTFS_WEBAUTOMATION/NewAutomationFrameWork/target/surefire-reports/screenshots/17_Nov_2014__05_51_41PM.png target='_blank'> <p align="left", style= "color: red; font: italic bold 12px/30px Georgia,serif;" >Click here for screen shot of Aurangabad Ajanta Caves</p> </a>
                  </div>
    

        <a href="javascript:toggleElement('exception-4', 'block')" title="Click to expand/collapse"><b>java.lang.NullPointerException</b></a><br />
    <div class="stackTrace" id="exception-4">
              org.taxiforsure.utils.DataBaseUtils.closeConnection(DataBaseUtils.java:90)<br />
              org.taxiforsure.utils.DataBaseUtils.executeQuery(DataBaseUtils.java:43)<br />
              org.taxiforsure.answercall.AnswerCallScreen.getAllLocalities(AnswerCallScreen.java:541)<br />
              org.taxiforsure.answercall.AnswerCallScreen.getpickUpLocality(AnswerCallScreen.java:656)<br />
              org.taxiforsure.rtfs.TestVerifyNightFutureBooking.testVerifyHatchBackNight(TestVerifyNightFutureBooking.java:98)<br />
              sun.reflect.NativeMethodAccessorImpl.invoke0(Native Method)<br />
              sun.reflect.NativeMethodAccessorImpl.invoke(NativeMethodAccessorImpl.java:57)<br />
              sun.reflect.DelegatingMethodAccessorImpl.invoke(DelegatingMethodAccessorImpl.java:43)<br />
              java.lang.reflect.Method.invoke(Method.java:606)<br />
              org.testng.internal.MethodInvocationHelper.invokeMethod(MethodInvocationHelper.java:84)<br />
              org.testng.internal.Invoker.invokeMethod(Invoker.java:714)<br />
              org.testng.internal.Invoker.invokeTestMethod(Invoker.java:901)<br />
              org.testng.internal.Invoker.invokeTestMethods(Invoker.java:1231)<br />
              org.testng.internal.TestMethodWorker.invokeTestMethods(TestMethodWorker.java:127)<br />
              org.testng.internal.TestMethodWorker.run(TestMethodWorker.java:111)<br />
              java.util.concurrent.ThreadPoolExecutor.runWorker(ThreadPoolExecutor.java:1145)<br />
              java.util.concurrent.ThreadPoolExecutor$Worker.run(ThreadPoolExecutor.java:615)<br />
              java.lang.Thread.run(Thread.java:745)<br />
                </div>
      </td>
</tr>
<tr>
  <td class="method">
                  testVerifyHatchBackNight
      </td>
  <td class="duration">
    18.675s
  </td>
  <td class="result">
        
    
            <div class="testOutput">
                        <a href = file:////mnt/RTFS_WEBAUTOMATION/NewAutomationFrameWork/target/surefire-reports/screenshots/17_Nov_2014__05_51_31PM.png target='_blank'> <p align="left", style= "color: red; font: italic bold 12px/30px Georgia,serif;" >Click here for screen shot of Aurangabad 4hrs 40Kms</p> </a>
                  </div>
    

        <a href="javascript:toggleElement('exception-5', 'block')" title="Click to expand/collapse"><b>java.lang.NullPointerException</b></a><br />
    <div class="stackTrace" id="exception-5">
              org.taxiforsure.utils.DataBaseUtils.closeConnection(DataBaseUtils.java:90)<br />
              org.taxiforsure.utils.DataBaseUtils.executeQuery(DataBaseUtils.java:43)<br />
              org.taxiforsure.answercall.AnswerCallScreen.getAllLocalities(AnswerCallScreen.java:541)<br />
              org.taxiforsure.answercall.AnswerCallScreen.getpickUpLocality(AnswerCallScreen.java:656)<br />
              org.taxiforsure.rtfs.TestVerifyNightFutureBooking.testVerifyHatchBackNight(TestVerifyNightFutureBooking.java:98)<br />
              sun.reflect.NativeMethodAccessorImpl.invoke0(Native Method)<br />
              sun.reflect.NativeMethodAccessorImpl.invoke(NativeMethodAccessorImpl.java:57)<br />
              sun.reflect.DelegatingMethodAccessorImpl.invoke(DelegatingMethodAccessorImpl.java:43)<br />
              java.lang.reflect.Method.invoke(Method.java:606)<br />
              org.testng.internal.MethodInvocationHelper.invokeMethod(MethodInvocationHelper.java:84)<br />
              org.testng.internal.Invoker.invokeMethod(Invoker.java:714)<br />
              org.testng.internal.Invoker.invokeTestMethod(Invoker.java:901)<br />
              org.testng.internal.Invoker.invokeTestMethods(Invoker.java:1231)<br />
              org.testng.internal.TestMethodWorker.invokeTestMethods(TestMethodWorker.java:127)<br />
              org.testng.internal.TestMethodWorker.run(TestMethodWorker.java:111)<br />
              java.util.concurrent.ThreadPoolExecutor.runWorker(ThreadPoolExecutor.java:1145)<br />
              java.util.concurrent.ThreadPoolExecutor$Worker.run(ThreadPoolExecutor.java:615)<br />
              java.lang.Thread.run(Thread.java:745)<br />
                </div>
      </td>
</tr>
<tr>
  <td class="method">
                  testVerifyHatchBackNight
      </td>
  <td class="duration">
    34.379s
  </td>
  <td class="result">
        
    
            <div class="testOutput">
                        <a href = file:////mnt/RTFS_WEBAUTOMATION/NewAutomationFrameWork/target/surefire-reports/screenshots/17_Nov_2014__05_52_44PM.png target='_blank'> <p align="left", style= "color: red; font: italic bold 12px/30px Georgia,serif;" >Click here for screen shot of Aurangabad 8hrs 80Kms</p> </a>
                  </div>
    

        <a href="javascript:toggleElement('exception-6', 'block')" title="Click to expand/collapse"><b>java.lang.ArrayIndexOutOfBoundsException: 2</b></a><br />
    <div class="stackTrace" id="exception-6">
              org.taxiforsure.actions.DoOperation.type(DoOperation.java:36)<br />
              org.taxiforsure.answercall.AnswerCallScreen.setPhoneNumber(AnswerCallScreen.java:189)<br />
              org.taxiforsure.rtfs.TestVerifyNightFutureBooking.testVerifyHatchBackNight(TestVerifyNightFutureBooking.java:95)<br />
              sun.reflect.NativeMethodAccessorImpl.invoke0(Native Method)<br />
              sun.reflect.NativeMethodAccessorImpl.invoke(NativeMethodAccessorImpl.java:57)<br />
              sun.reflect.DelegatingMethodAccessorImpl.invoke(DelegatingMethodAccessorImpl.java:43)<br />
              java.lang.reflect.Method.invoke(Method.java:606)<br />
              org.testng.internal.MethodInvocationHelper.invokeMethod(MethodInvocationHelper.java:84)<br />
              org.testng.internal.Invoker.invokeMethod(Invoker.java:714)<br />
              org.testng.internal.Invoker.invokeTestMethod(Invoker.java:901)<br />
              org.testng.internal.Invoker.invokeTestMethods(Invoker.java:1231)<br />
              org.testng.internal.TestMethodWorker.invokeTestMethods(TestMethodWorker.java:127)<br />
              org.testng.internal.TestMethodWorker.run(TestMethodWorker.java:111)<br />
              java.util.concurrent.ThreadPoolExecutor.runWorker(ThreadPoolExecutor.java:1145)<br />
              java.util.concurrent.ThreadPoolExecutor$Worker.run(ThreadPoolExecutor.java:615)<br />
              java.lang.Thread.run(Thread.java:745)<br />
                </div>
      </td>
</tr>
<tr>
  <td class="method">
                  testVerifyHatchBackNight
      </td>
  <td class="duration">
    35.504s
  </td>
  <td class="result">
        
    
            <div class="testOutput">
                        <a href = file:////mnt/RTFS_WEBAUTOMATION/NewAutomationFrameWork/target/surefire-reports/screenshots/17_Nov_2014__05_50_43PM.png target='_blank'> <p align="left", style= "color: red; font: italic bold 12px/30px Georgia,serif;" >Click here for screen shot of Aurangabad Shirdi</p> </a>
                  </div>
    

        <a href="javascript:toggleElement('exception-7', 'block')" title="Click to expand/collapse"><b>java.lang.ArrayIndexOutOfBoundsException: 2</b></a><br />
    <div class="stackTrace" id="exception-7">
              org.taxiforsure.actions.DoOperation.type(DoOperation.java:36)<br />
              org.taxiforsure.answercall.AnswerCallScreen.setPhoneNumber(AnswerCallScreen.java:189)<br />
              org.taxiforsure.rtfs.TestVerifyNightFutureBooking.testVerifyHatchBackNight(TestVerifyNightFutureBooking.java:95)<br />
              sun.reflect.NativeMethodAccessorImpl.invoke0(Native Method)<br />
              sun.reflect.NativeMethodAccessorImpl.invoke(NativeMethodAccessorImpl.java:57)<br />
              sun.reflect.DelegatingMethodAccessorImpl.invoke(DelegatingMethodAccessorImpl.java:43)<br />
              java.lang.reflect.Method.invoke(Method.java:606)<br />
              org.testng.internal.MethodInvocationHelper.invokeMethod(MethodInvocationHelper.java:84)<br />
              org.testng.internal.Invoker.invokeMethod(Invoker.java:714)<br />
              org.testng.internal.Invoker.invokeTestMethod(Invoker.java:901)<br />
              org.testng.internal.Invoker.invokeTestMethods(Invoker.java:1231)<br />
              org.testng.internal.TestMethodWorker.invokeTestMethods(TestMethodWorker.java:127)<br />
              org.testng.internal.TestMethodWorker.run(TestMethodWorker.java:111)<br />
              java.util.concurrent.ThreadPoolExecutor.runWorker(ThreadPoolExecutor.java:1145)<br />
              java.util.concurrent.ThreadPoolExecutor$Worker.run(ThreadPoolExecutor.java:615)<br />
              java.lang.Thread.run(Thread.java:745)<br />
                </div>
      </td>
</tr>
<tr>
  <td class="method">
                  testVerifyHatchBackNight
      </td>
  <td class="duration">
    19.672s
  </td>
  <td class="result">
        
    
            <div class="testOutput">
                        <a href = file:////mnt/RTFS_WEBAUTOMATION/NewAutomationFrameWork/target/surefire-reports/screenshots/17_Nov_2014__05_52_37PM.png target='_blank'> <p align="left", style= "color: red; font: italic bold 12px/30px Georgia,serif;" >Click here for screen shot of Aurangabad Ajanta Caves</p> </a>
                  </div>
    

        <a href="javascript:toggleElement('exception-8', 'block')" title="Click to expand/collapse"><b>java.lang.NullPointerException</b></a><br />
    <div class="stackTrace" id="exception-8">
              org.taxiforsure.utils.DataBaseUtils.closeConnection(DataBaseUtils.java:90)<br />
              org.taxiforsure.utils.DataBaseUtils.executeQuery(DataBaseUtils.java:43)<br />
              org.taxiforsure.answercall.AnswerCallScreen.getAllLocalities(AnswerCallScreen.java:541)<br />
              org.taxiforsure.answercall.AnswerCallScreen.getpickUpLocality(AnswerCallScreen.java:656)<br />
              org.taxiforsure.rtfs.TestVerifyNightFutureBooking.testVerifyHatchBackNight(TestVerifyNightFutureBooking.java:98)<br />
              sun.reflect.NativeMethodAccessorImpl.invoke0(Native Method)<br />
              sun.reflect.NativeMethodAccessorImpl.invoke(NativeMethodAccessorImpl.java:57)<br />
              sun.reflect.DelegatingMethodAccessorImpl.invoke(DelegatingMethodAccessorImpl.java:43)<br />
              java.lang.reflect.Method.invoke(Method.java:606)<br />
              org.testng.internal.MethodInvocationHelper.invokeMethod(MethodInvocationHelper.java:84)<br />
              org.testng.internal.Invoker.invokeMethod(Invoker.java:714)<br />
              org.testng.internal.Invoker.invokeTestMethod(Invoker.java:901)<br />
              org.testng.internal.Invoker.invokeTestMethods(Invoker.java:1231)<br />
              org.testng.internal.TestMethodWorker.invokeTestMethods(TestMethodWorker.java:127)<br />
              org.testng.internal.TestMethodWorker.run(TestMethodWorker.java:111)<br />
              java.util.concurrent.ThreadPoolExecutor.runWorker(ThreadPoolExecutor.java:1145)<br />
              java.util.concurrent.ThreadPoolExecutor$Worker.run(ThreadPoolExecutor.java:615)<br />
              java.lang.Thread.run(Thread.java:745)<br />
                </div>
      </td>
</tr>
<tr>
  <td class="method">
                  testVerifyHatchBackNight
      </td>
  <td class="duration">
    26.912s
  </td>
  <td class="result">
        
    
            <div class="testOutput">
                        <a href = file:////mnt/RTFS_WEBAUTOMATION/NewAutomationFrameWork/target/surefire-reports/screenshots/17_Nov_2014__05_53_52PM.png target='_blank'> <p align="left", style= "color: red; font: italic bold 12px/30px Georgia,serif;" >Click here for screen shot of Aurangabad Railway Transfer</p> </a>
                  </div>
    

        <a href="javascript:toggleElement('exception-9', 'block')" title="Click to expand/collapse"><b>java.lang.NullPointerException</b></a><br />
    <div class="stackTrace" id="exception-9">
              org.taxiforsure.utils.DataBaseUtils.closeConnection(DataBaseUtils.java:90)<br />
              org.taxiforsure.utils.DataBaseUtils.executeQuery(DataBaseUtils.java:43)<br />
              org.taxiforsure.answercall.AnswerCallScreen.getAllLocalities(AnswerCallScreen.java:541)<br />
              org.taxiforsure.answercall.AnswerCallScreen.getpickUpLocality(AnswerCallScreen.java:656)<br />
              org.taxiforsure.rtfs.TestVerifyNightFutureBooking.testVerifyHatchBackNight(TestVerifyNightFutureBooking.java:98)<br />
              sun.reflect.NativeMethodAccessorImpl.invoke0(Native Method)<br />
              sun.reflect.NativeMethodAccessorImpl.invoke(NativeMethodAccessorImpl.java:57)<br />
              sun.reflect.DelegatingMethodAccessorImpl.invoke(DelegatingMethodAccessorImpl.java:43)<br />
              java.lang.reflect.Method.invoke(Method.java:606)<br />
              org.testng.internal.MethodInvocationHelper.invokeMethod(MethodInvocationHelper.java:84)<br />
              org.testng.internal.Invoker.invokeMethod(Invoker.java:714)<br />
              org.testng.internal.Invoker.invokeTestMethod(Invoker.java:901)<br />
              org.testng.internal.Invoker.invokeTestMethods(Invoker.java:1231)<br />
              org.testng.internal.TestMethodWorker.invokeTestMethods(TestMethodWorker.java:127)<br />
              org.testng.internal.TestMethodWorker.run(TestMethodWorker.java:111)<br />
              java.util.concurrent.ThreadPoolExecutor.runWorker(ThreadPoolExecutor.java:1145)<br />
              java.util.concurrent.ThreadPoolExecutor$Worker.run(ThreadPoolExecutor.java:615)<br />
              java.lang.Thread.run(Thread.java:745)<br />
                </div>
      </td>
</tr>
<tr>
  <td class="method">
                  testVerifyHatchBackNight
      </td>
  <td class="duration">
    33.465s
  </td>
  <td class="result">
        
    
            <div class="testOutput">
                        <a href = file:////mnt/RTFS_WEBAUTOMATION/NewAutomationFrameWork/target/surefire-reports/screenshots/17_Nov_2014__05_58_04PM.png target='_blank'> <p align="left", style= "color: red; font: italic bold 12px/30px Georgia,serif;" >Click here for screen shot of Aurangabad Point to Point</p> </a>
                  </div>
    

        <a href="javascript:toggleElement('exception-10', 'block')" title="Click to expand/collapse"><b>org.openqa.selenium.NoSuchElementException: Unable to locate element: {&quot;method&quot;:&quot;xpath&quot;,&quot;selector&quot;:&quot;//a[@class=&apos;submenu&apos;]/span[text()=&apos;Answer Call&apos;]&quot;}<br/>
For documentation on this error, please visit: http://seleniumhq.org/exceptions/no_such_element.html<br/>
Build info: version: &apos;2.43.0&apos;, revision: &apos;597b76b&apos;, time: &apos;2014-09-09 20:52:14&apos;<br/>
System info: host: &apos;chef&apos;, ip: &apos;127.0.1.1&apos;, os.name: &apos;Linux&apos;, os.arch: &apos;i386&apos;, os.version: &apos;3.13.0-32-generic&apos;, java.version: &apos;1.6.0_45&apos;<br/>
Driver info: driver.version: unknown<br/>
Command duration or timeout: 20.28 seconds<br/>
For documentation on this error, please visit: http://seleniumhq.org/exceptions/no_such_element.html<br/>
Build info: version: &apos;2.44.0&apos;, revision: &apos;76d78cf323ce037c5f92db6c1bba601c2ac43ad8&apos;, time: &apos;2014-10-23 13:11:40&apos;<br/>
System info: host: &apos;ip-10-146-7-231&apos;, ip: &apos;10.146.7.231&apos;, os.name: &apos;Linux&apos;, os.arch: &apos;amd64&apos;, os.version: &apos;3.13.0-24-generic&apos;, java.version: &apos;1.7.0_65&apos;<br/>
Session ID: 1e9f40759b8b411bbe4cc4bfc4418bb7<br/>
Driver info: org.openqa.selenium.remote.RemoteWebDriver<br/>
Capabilities [{platform=LINUX, acceptSslCerts=true, javascriptEnabled=true, hasMetadata=true, browserName=firefox, rotatable=false, locationContextEnabled=true, webdriver.remote.sessionid=1e9f40759b8b411bbe4cc4bfc4418bb7, version=32.0, cssSelectorsEnabled=true, databaseEnabled=true, handlesAlerts=true, webStorageEnabled=true, nativeEvents=false, applicationCacheEnabled=true, takesScreenshot=true}]</b></a><br />
    <div class="stackTrace" id="exception-10">
              sun.reflect.NativeConstructorAccessorImpl.newInstance0(Native Method)<br />
              sun.reflect.NativeConstructorAccessorImpl.newInstance(NativeConstructorAccessorImpl.java:57)<br />
              sun.reflect.DelegatingConstructorAccessorImpl.newInstance(DelegatingConstructorAccessorImpl.java:45)<br />
              java.lang.reflect.Constructor.newInstance(Constructor.java:526)<br />
              org.openqa.selenium.remote.ErrorHandler.createThrowable(ErrorHandler.java:204)<br />
              org.openqa.selenium.remote.ErrorHandler.throwIfResponseFailed(ErrorHandler.java:156)<br />
              org.openqa.selenium.remote.RemoteWebDriver.execute(RemoteWebDriver.java:599)<br />
              org.openqa.selenium.remote.RemoteWebDriver.findElement(RemoteWebDriver.java:352)<br />
              org.openqa.selenium.remote.RemoteWebDriver.findElementByXPath(RemoteWebDriver.java:449)<br />
              org.openqa.selenium.By$ByXPath.findElement(By.java:357)<br />
              org.openqa.selenium.remote.RemoteWebDriver.findElement(RemoteWebDriver.java:344)<br />
              org.openqa.selenium.support.pagefactory.DefaultElementLocator.findElement(DefaultElementLocator.java:59)<br />
              org.openqa.selenium.support.pagefactory.internal.LocatingElementHandler.invoke(LocatingElementHandler.java:37)<br />
              com.sun.proxy.$Proxy4.getWrappedElement(Unknown Source)<br />
              org.openqa.selenium.remote.internal.WebElementToJsonConverter.apply(WebElementToJsonConverter.java:48)<br />
              com.google.common.collect.Iterators$8.transform(Iterators.java:799)<br />
              com.google.common.collect.TransformedIterator.next(TransformedIterator.java:48)<br />
              com.google.common.collect.Iterators.addAll(Iterators.java:362)<br />
              com.google.common.collect.Lists.newArrayList(Lists.java:160)<br />
              com.google.common.collect.Lists.newArrayList(Lists.java:144)<br />
              org.openqa.selenium.remote.RemoteWebDriver.executeScript(RemoteWebDriver.java:504)<br />
              org.taxiforsure.rtfscommonelements.CommonElements.clickAnswerCallLink(CommonElements.java:26)<br />
              org.taxiforsure.rtfs.TestVerifyNightFutureBooking.testVerifyHatchBackNight(TestVerifyNightFutureBooking.java:92)<br />
              sun.reflect.GeneratedMethodAccessor20.invoke(Unknown Source)<br />
              sun.reflect.DelegatingMethodAccessorImpl.invoke(DelegatingMethodAccessorImpl.java:43)<br />
              java.lang.reflect.Method.invoke(Method.java:606)<br />
              org.testng.internal.MethodInvocationHelper.invokeMethod(MethodInvocationHelper.java:84)<br />
              org.testng.internal.Invoker.invokeMethod(Invoker.java:714)<br />
              org.testng.internal.Invoker.invokeTestMethod(Invoker.java:901)<br />
              org.testng.internal.Invoker.invokeTestMethods(Invoker.java:1231)<br />
              org.testng.internal.TestMethodWorker.invokeTestMethods(TestMethodWorker.java:127)<br />
              org.testng.internal.TestMethodWorker.run(TestMethodWorker.java:111)<br />
              java.util.concurrent.ThreadPoolExecutor.runWorker(ThreadPoolExecutor.java:1145)<br />
              java.util.concurrent.ThreadPoolExecutor$Worker.run(ThreadPoolExecutor.java:615)<br />
              java.lang.Thread.run(Thread.java:745)<br />
                    <b>Caused by: </b> <a href="javascript:toggleElement('exception-11', 'block')" title="Click to expand/collapse">org.openqa.selenium.NoSuchElementException: Unable to locate element: {&quot;method&quot;:&quot;xpath&quot;,&quot;selector&quot;:&quot;//a[@class=&apos;submenu&apos;]/span[text()=&apos;Answer Call&apos;]&quot;}<br/>
For documentation on this error, please visit: http://seleniumhq.org/exceptions/no_such_element.html<br/>
Build info: version: &apos;2.43.0&apos;, revision: &apos;597b76b&apos;, time: &apos;2014-09-09 20:52:14&apos;<br/>
System info: host: &apos;chef&apos;, ip: &apos;127.0.1.1&apos;, os.name: &apos;Linux&apos;, os.arch: &apos;i386&apos;, os.version: &apos;3.13.0-32-generic&apos;, java.version: &apos;1.6.0_45&apos;<br/>
Driver info: driver.version: unknown<br/>
For documentation on this error, please visit: http://seleniumhq.org/exceptions/no_such_element.html<br/>
Build info: version: &apos;2.44.0&apos;, revision: &apos;76d78cf323ce037c5f92db6c1bba601c2ac43ad8&apos;, time: &apos;2014-10-23 13:11:40&apos;<br/>
System info: host: &apos;ip-10-146-7-231&apos;, ip: &apos;10.146.7.231&apos;, os.name: &apos;Linux&apos;, os.arch: &apos;amd64&apos;, os.version: &apos;3.13.0-24-generic&apos;, java.version: &apos;1.7.0_65&apos;<br/>
Driver info: driver.version: unknown</a><br />
        <div class="stackTrace" id="exception-11">
                      &lt;anonymous class&gt;.FirefoxDriver.prototype.findElementInternal_(file:///tmp/anonymous3026341837752938746webdriver-profile/extensions/fxdriver@googlecode.com/components/driver-component.js:9618:133)<br />
                      &lt;anonymous class&gt;.fxdriver.Timer.prototype.setTimeout/&lt;.notify(file:///tmp/anonymous3026341837752938746webdriver-profile/extensions/fxdriver@googlecode.com/components/driver-component.js:548:5)<br />
                  </div>
          </div>
      </td>
</tr>
<tr>
  <td class="method">
                  testVerifyHatchBackNight
      </td>
  <td class="duration">
    19.197s
  </td>
  <td class="result">
        
    
            <div class="testOutput">
                        <a href = file:////mnt/RTFS_WEBAUTOMATION/NewAutomationFrameWork/target/surefire-reports/screenshots/17_Nov_2014__05_50_36PM.png target='_blank'> <p align="left", style= "color: red; font: italic bold 12px/30px Georgia,serif;" >Click here for screen shot of Aurangabad Point to Point</p> </a>
                  </div>
    

        <a href="javascript:toggleElement('exception-12', 'block')" title="Click to expand/collapse"><b>java.lang.NullPointerException</b></a><br />
    <div class="stackTrace" id="exception-12">
              org.taxiforsure.utils.DataBaseUtils.closeConnection(DataBaseUtils.java:90)<br />
              org.taxiforsure.utils.DataBaseUtils.executeQuery(DataBaseUtils.java:43)<br />
              org.taxiforsure.answercall.AnswerCallScreen.getAllLocalities(AnswerCallScreen.java:541)<br />
              org.taxiforsure.answercall.AnswerCallScreen.getpickUpLocality(AnswerCallScreen.java:656)<br />
              org.taxiforsure.rtfs.TestVerifyNightFutureBooking.testVerifyHatchBackNight(TestVerifyNightFutureBooking.java:98)<br />
              sun.reflect.NativeMethodAccessorImpl.invoke0(Native Method)<br />
              sun.reflect.NativeMethodAccessorImpl.invoke(NativeMethodAccessorImpl.java:57)<br />
              sun.reflect.DelegatingMethodAccessorImpl.invoke(DelegatingMethodAccessorImpl.java:43)<br />
              java.lang.reflect.Method.invoke(Method.java:606)<br />
              org.testng.internal.MethodInvocationHelper.invokeMethod(MethodInvocationHelper.java:84)<br />
              org.testng.internal.Invoker.invokeMethod(Invoker.java:714)<br />
              org.testng.internal.Invoker.invokeTestMethod(Invoker.java:901)<br />
              org.testng.internal.Invoker.invokeTestMethods(Invoker.java:1231)<br />
              org.testng.internal.TestMethodWorker.invokeTestMethods(TestMethodWorker.java:127)<br />
              org.testng.internal.TestMethodWorker.run(TestMethodWorker.java:111)<br />
              java.util.concurrent.ThreadPoolExecutor.runWorker(ThreadPoolExecutor.java:1145)<br />
              java.util.concurrent.ThreadPoolExecutor$Worker.run(ThreadPoolExecutor.java:615)<br />
              java.lang.Thread.run(Thread.java:745)<br />
                </div>
      </td>
</tr>
<tr>
  <td class="method">
                  testVerifyHatchBackNight
      </td>
  <td class="duration">
    19.436s
  </td>
  <td class="result">
        
    
            <div class="testOutput">
                        <a href = file:////mnt/RTFS_WEBAUTOMATION/NewAutomationFrameWork/target/surefire-reports/screenshots/17_Nov_2014__05_59_03PM.png target='_blank'> <p align="left", style= "color: red; font: italic bold 12px/30px Georgia,serif;" >Click here for screen shot of Aurangabad 8hrs 80Kms</p> </a>
                  </div>
    

        <a href="javascript:toggleElement('exception-13', 'block')" title="Click to expand/collapse"><b>java.lang.NullPointerException</b></a><br />
    <div class="stackTrace" id="exception-13">
              org.taxiforsure.utils.DataBaseUtils.closeConnection(DataBaseUtils.java:90)<br />
              org.taxiforsure.utils.DataBaseUtils.executeQuery(DataBaseUtils.java:43)<br />
              org.taxiforsure.answercall.AnswerCallScreen.getAllLocalities(AnswerCallScreen.java:541)<br />
              org.taxiforsure.answercall.AnswerCallScreen.getpickUpLocality(AnswerCallScreen.java:656)<br />
              org.taxiforsure.rtfs.TestVerifyNightFutureBooking.testVerifyHatchBackNight(TestVerifyNightFutureBooking.java:98)<br />
              sun.reflect.GeneratedMethodAccessor20.invoke(Unknown Source)<br />
              sun.reflect.DelegatingMethodAccessorImpl.invoke(DelegatingMethodAccessorImpl.java:43)<br />
              java.lang.reflect.Method.invoke(Method.java:606)<br />
              org.testng.internal.MethodInvocationHelper.invokeMethod(MethodInvocationHelper.java:84)<br />
              org.testng.internal.Invoker.invokeMethod(Invoker.java:714)<br />
              org.testng.internal.Invoker.invokeTestMethod(Invoker.java:901)<br />
              org.testng.internal.Invoker.invokeTestMethods(Invoker.java:1231)<br />
              org.testng.internal.TestMethodWorker.invokeTestMethods(TestMethodWorker.java:127)<br />
              org.testng.internal.TestMethodWorker.run(TestMethodWorker.java:111)<br />
              java.util.concurrent.ThreadPoolExecutor.runWorker(ThreadPoolExecutor.java:1145)<br />
              java.util.concurrent.ThreadPoolExecutor$Worker.run(ThreadPoolExecutor.java:615)<br />
              java.lang.Thread.run(Thread.java:745)<br />
                </div>
      </td>
</tr>
<tr>
  <td class="method">
                  testVerifyHatchBackNight
      </td>
  <td class="duration">
    20.755s
  </td>
  <td class="result">
        
    
            <div class="testOutput">
                        <a href = file:////mnt/RTFS_WEBAUTOMATION/NewAutomationFrameWork/target/surefire-reports/screenshots/17_Nov_2014__05_56_57PM.png target='_blank'> <p align="left", style= "color: red; font: italic bold 12px/30px Georgia,serif;" >Click here for screen shot of Aurangabad 4hrs 40Kms</p> </a>
                  </div>
    

        <a href="javascript:toggleElement('exception-14', 'block')" title="Click to expand/collapse"><b>java.lang.NullPointerException</b></a><br />
    <div class="stackTrace" id="exception-14">
              org.taxiforsure.utils.DataBaseUtils.closeConnection(DataBaseUtils.java:90)<br />
              org.taxiforsure.utils.DataBaseUtils.executeQuery(DataBaseUtils.java:43)<br />
              org.taxiforsure.answercall.AnswerCallScreen.getAllLocalities(AnswerCallScreen.java:541)<br />
              org.taxiforsure.answercall.AnswerCallScreen.getpickUpLocality(AnswerCallScreen.java:656)<br />
              org.taxiforsure.rtfs.TestVerifyNightFutureBooking.testVerifyHatchBackNight(TestVerifyNightFutureBooking.java:98)<br />
              sun.reflect.GeneratedMethodAccessor20.invoke(Unknown Source)<br />
              sun.reflect.DelegatingMethodAccessorImpl.invoke(DelegatingMethodAccessorImpl.java:43)<br />
              java.lang.reflect.Method.invoke(Method.java:606)<br />
              org.testng.internal.MethodInvocationHelper.invokeMethod(MethodInvocationHelper.java:84)<br />
              org.testng.internal.Invoker.invokeMethod(Invoker.java:714)<br />
              org.testng.internal.Invoker.invokeTestMethod(Invoker.java:901)<br />
              org.testng.internal.Invoker.invokeTestMethods(Invoker.java:1231)<br />
              org.testng.internal.TestMethodWorker.invokeTestMethods(TestMethodWorker.java:127)<br />
              org.testng.internal.TestMethodWorker.run(TestMethodWorker.java:111)<br />
              java.util.concurrent.ThreadPoolExecutor.runWorker(ThreadPoolExecutor.java:1145)<br />
              java.util.concurrent.ThreadPoolExecutor$Worker.run(ThreadPoolExecutor.java:615)<br />
              java.lang.Thread.run(Thread.java:745)<br />
                </div>
      </td>
</tr>
<tr>
  <td class="method">
                  testVerifyHatchBackNight
      </td>
  <td class="duration">
    21.437s
  </td>
  <td class="result">
        
    
            <div class="testOutput">
                        <a href = file:////mnt/RTFS_WEBAUTOMATION/NewAutomationFrameWork/target/surefire-reports/screenshots/17_Nov_2014__05_48_27PM.png target='_blank'> <p align="left", style= "color: red; font: italic bold 12px/30px Georgia,serif;" >Click here for screen shot of Aurangabad Intercity</p> </a>
                  </div>
    

        <a href="javascript:toggleElement('exception-15', 'block')" title="Click to expand/collapse"><b>java.lang.NullPointerException</b></a><br />
    <div class="stackTrace" id="exception-15">
              org.taxiforsure.utils.DataBaseUtils.closeConnection(DataBaseUtils.java:90)<br />
              org.taxiforsure.utils.DataBaseUtils.executeQuery(DataBaseUtils.java:43)<br />
              org.taxiforsure.answercall.AnswerCallScreen.getAllLocalities(AnswerCallScreen.java:541)<br />
              org.taxiforsure.answercall.AnswerCallScreen.getpickUpLocality(AnswerCallScreen.java:656)<br />
              org.taxiforsure.rtfs.TestVerifyNightFutureBooking.testVerifyHatchBackNight(TestVerifyNightFutureBooking.java:98)<br />
              sun.reflect.NativeMethodAccessorImpl.invoke0(Native Method)<br />
              sun.reflect.NativeMethodAccessorImpl.invoke(NativeMethodAccessorImpl.java:57)<br />
              sun.reflect.DelegatingMethodAccessorImpl.invoke(DelegatingMethodAccessorImpl.java:43)<br />
              java.lang.reflect.Method.invoke(Method.java:606)<br />
              org.testng.internal.MethodInvocationHelper.invokeMethod(MethodInvocationHelper.java:84)<br />
              org.testng.internal.Invoker.invokeMethod(Invoker.java:714)<br />
              org.testng.internal.Invoker.invokeTestMethod(Invoker.java:901)<br />
              org.testng.internal.Invoker.invokeTestMethods(Invoker.java:1231)<br />
              org.testng.internal.TestMethodWorker.invokeTestMethods(TestMethodWorker.java:127)<br />
              org.testng.internal.TestMethodWorker.run(TestMethodWorker.java:111)<br />
              java.util.concurrent.ThreadPoolExecutor.runWorker(ThreadPoolExecutor.java:1145)<br />
              java.util.concurrent.ThreadPoolExecutor$Worker.run(ThreadPoolExecutor.java:615)<br />
              java.lang.Thread.run(Thread.java:745)<br />
                </div>
      </td>
</tr>
<tr>
  <td class="method">
                  testVerifyHatchBackNight
      </td>
  <td class="duration">
    25.223s
  </td>
  <td class="result">
        
    
            <div class="testOutput">
                        <a href = file:////mnt/RTFS_WEBAUTOMATION/NewAutomationFrameWork/target/surefire-reports/screenshots/17_Nov_2014__05_55_54PM.png target='_blank'> <p align="left", style= "color: red; font: italic bold 12px/30px Georgia,serif;" >Click here for screen shot of Aurangabad 4hrs 40Kms</p> </a>
                  </div>
    

        <a href="javascript:toggleElement('exception-16', 'block')" title="Click to expand/collapse"><b>java.lang.NullPointerException</b></a><br />
    <div class="stackTrace" id="exception-16">
              org.taxiforsure.utils.DataBaseUtils.closeConnection(DataBaseUtils.java:90)<br />
              org.taxiforsure.utils.DataBaseUtils.executeQuery(DataBaseUtils.java:43)<br />
              org.taxiforsure.answercall.AnswerCallScreen.getAllLocalities(AnswerCallScreen.java:541)<br />
              org.taxiforsure.answercall.AnswerCallScreen.getpickUpLocality(AnswerCallScreen.java:656)<br />
              org.taxiforsure.rtfs.TestVerifyNightFutureBooking.testVerifyHatchBackNight(TestVerifyNightFutureBooking.java:98)<br />
              sun.reflect.NativeMethodAccessorImpl.invoke0(Native Method)<br />
              sun.reflect.NativeMethodAccessorImpl.invoke(NativeMethodAccessorImpl.java:57)<br />
              sun.reflect.DelegatingMethodAccessorImpl.invoke(DelegatingMethodAccessorImpl.java:43)<br />
              java.lang.reflect.Method.invoke(Method.java:606)<br />
              org.testng.internal.MethodInvocationHelper.invokeMethod(MethodInvocationHelper.java:84)<br />
              org.testng.internal.Invoker.invokeMethod(Invoker.java:714)<br />
              org.testng.internal.Invoker.invokeTestMethod(Invoker.java:901)<br />
              org.testng.internal.Invoker.invokeTestMethods(Invoker.java:1231)<br />
              org.testng.internal.TestMethodWorker.invokeTestMethods(TestMethodWorker.java:127)<br />
              org.testng.internal.TestMethodWorker.run(TestMethodWorker.java:111)<br />
              java.util.concurrent.ThreadPoolExecutor.runWorker(ThreadPoolExecutor.java:1145)<br />
              java.util.concurrent.ThreadPoolExecutor$Worker.run(ThreadPoolExecutor.java:615)<br />
              java.lang.Thread.run(Thread.java:745)<br />
                </div>
      </td>
</tr>
<tr>
  <td class="method">
                  testVerifyHatchBackNight
      </td>
  <td class="duration">
    21.561s
  </td>
  <td class="result">
        
    
            <div class="testOutput">
                        <a href = file:////mnt/RTFS_WEBAUTOMATION/NewAutomationFrameWork/target/surefire-reports/screenshots/17_Nov_2014__05_54_51PM.png target='_blank'> <p align="left", style= "color: red; font: italic bold 12px/30px Georgia,serif;" >Click here for screen shot of Aurangabad Intercity</p> </a>
                  </div>
    

        <a href="javascript:toggleElement('exception-17', 'block')" title="Click to expand/collapse"><b>java.lang.NullPointerException</b></a><br />
    <div class="stackTrace" id="exception-17">
              org.taxiforsure.utils.DataBaseUtils.closeConnection(DataBaseUtils.java:90)<br />
              org.taxiforsure.utils.DataBaseUtils.executeQuery(DataBaseUtils.java:43)<br />
              org.taxiforsure.answercall.AnswerCallScreen.getAllLocalities(AnswerCallScreen.java:541)<br />
              org.taxiforsure.answercall.AnswerCallScreen.getpickUpLocality(AnswerCallScreen.java:656)<br />
              org.taxiforsure.rtfs.TestVerifyNightFutureBooking.testVerifyHatchBackNight(TestVerifyNightFutureBooking.java:98)<br />
              sun.reflect.NativeMethodAccessorImpl.invoke0(Native Method)<br />
              sun.reflect.NativeMethodAccessorImpl.invoke(NativeMethodAccessorImpl.java:57)<br />
              sun.reflect.DelegatingMethodAccessorImpl.invoke(DelegatingMethodAccessorImpl.java:43)<br />
              java.lang.reflect.Method.invoke(Method.java:606)<br />
              org.testng.internal.MethodInvocationHelper.invokeMethod(MethodInvocationHelper.java:84)<br />
              org.testng.internal.Invoker.invokeMethod(Invoker.java:714)<br />
              org.testng.internal.Invoker.invokeTestMethod(Invoker.java:901)<br />
              org.testng.internal.Invoker.invokeTestMethods(Invoker.java:1231)<br />
              org.testng.internal.TestMethodWorker.invokeTestMethods(TestMethodWorker.java:127)<br />
              org.testng.internal.TestMethodWorker.run(TestMethodWorker.java:111)<br />
              java.util.concurrent.ThreadPoolExecutor.runWorker(ThreadPoolExecutor.java:1145)<br />
              java.util.concurrent.ThreadPoolExecutor$Worker.run(ThreadPoolExecutor.java:615)<br />
              java.lang.Thread.run(Thread.java:745)<br />
                </div>
      </td>
</tr>
<tr>
  <td class="method">
                  testVerifyHatchBackNight
      </td>
  <td class="duration">
    20.762s
  </td>
  <td class="result">
        
    
            <div class="testOutput">
                        <a href = file:////mnt/RTFS_WEBAUTOMATION/NewAutomationFrameWork/target/surefire-reports/screenshots/17_Nov_2014__05_57_58PM.png target='_blank'> <p align="left", style= "color: red; font: italic bold 12px/30px Georgia,serif;" >Click here for screen shot of Aurangabad 8hrs 80Kms</p> </a>
                  </div>
    

        <a href="javascript:toggleElement('exception-18', 'block')" title="Click to expand/collapse"><b>java.lang.NullPointerException</b></a><br />
    <div class="stackTrace" id="exception-18">
              org.taxiforsure.utils.DataBaseUtils.closeConnection(DataBaseUtils.java:90)<br />
              org.taxiforsure.utils.DataBaseUtils.executeQuery(DataBaseUtils.java:43)<br />
              org.taxiforsure.answercall.AnswerCallScreen.getAllLocalities(AnswerCallScreen.java:541)<br />
              org.taxiforsure.answercall.AnswerCallScreen.getpickUpLocality(AnswerCallScreen.java:656)<br />
              org.taxiforsure.rtfs.TestVerifyNightFutureBooking.testVerifyHatchBackNight(TestVerifyNightFutureBooking.java:98)<br />
              sun.reflect.GeneratedMethodAccessor20.invoke(Unknown Source)<br />
              sun.reflect.DelegatingMethodAccessorImpl.invoke(DelegatingMethodAccessorImpl.java:43)<br />
              java.lang.reflect.Method.invoke(Method.java:606)<br />
              org.testng.internal.MethodInvocationHelper.invokeMethod(MethodInvocationHelper.java:84)<br />
              org.testng.internal.Invoker.invokeMethod(Invoker.java:714)<br />
              org.testng.internal.Invoker.invokeTestMethod(Invoker.java:901)<br />
              org.testng.internal.Invoker.invokeTestMethods(Invoker.java:1231)<br />
              org.testng.internal.TestMethodWorker.invokeTestMethods(TestMethodWorker.java:127)<br />
              org.testng.internal.TestMethodWorker.run(TestMethodWorker.java:111)<br />
              java.util.concurrent.ThreadPoolExecutor.runWorker(ThreadPoolExecutor.java:1145)<br />
              java.util.concurrent.ThreadPoolExecutor$Worker.run(ThreadPoolExecutor.java:615)<br />
              java.lang.Thread.run(Thread.java:745)<br />
                </div>
      </td>
</tr>
<tr>
  <td class="method">
                  testVerifyHatchBackNight
      </td>
  <td class="duration">
    26.594s
  </td>
  <td class="result">
        
    
            <div class="testOutput">
                        <a href = file:////mnt/RTFS_WEBAUTOMATION/NewAutomationFrameWork/target/surefire-reports/screenshots/17_Nov_2014__05_49_32PM.png target='_blank'> <p align="left", style= "color: red; font: italic bold 12px/30px Georgia,serif;" >Click here for screen shot of Aurangabad Shirdi</p> </a>
                  </div>
    

        <a href="javascript:toggleElement('exception-19', 'block')" title="Click to expand/collapse"><b>java.lang.NullPointerException</b></a><br />
    <div class="stackTrace" id="exception-19">
              org.taxiforsure.utils.DataBaseUtils.closeConnection(DataBaseUtils.java:90)<br />
              org.taxiforsure.utils.DataBaseUtils.executeQuery(DataBaseUtils.java:43)<br />
              org.taxiforsure.answercall.AnswerCallScreen.getAllLocalities(AnswerCallScreen.java:541)<br />
              org.taxiforsure.answercall.AnswerCallScreen.getpickUpLocality(AnswerCallScreen.java:656)<br />
              org.taxiforsure.rtfs.TestVerifyNightFutureBooking.testVerifyHatchBackNight(TestVerifyNightFutureBooking.java:98)<br />
              sun.reflect.NativeMethodAccessorImpl.invoke0(Native Method)<br />
              sun.reflect.NativeMethodAccessorImpl.invoke(NativeMethodAccessorImpl.java:57)<br />
              sun.reflect.DelegatingMethodAccessorImpl.invoke(DelegatingMethodAccessorImpl.java:43)<br />
              java.lang.reflect.Method.invoke(Method.java:606)<br />
              org.testng.internal.MethodInvocationHelper.invokeMethod(MethodInvocationHelper.java:84)<br />
              org.testng.internal.Invoker.invokeMethod(Invoker.java:714)<br />
              org.testng.internal.Invoker.invokeTestMethod(Invoker.java:901)<br />
              org.testng.internal.Invoker.invokeTestMethods(Invoker.java:1231)<br />
              org.testng.internal.TestMethodWorker.invokeTestMethods(TestMethodWorker.java:127)<br />
              org.testng.internal.TestMethodWorker.run(TestMethodWorker.java:111)<br />
              java.util.concurrent.ThreadPoolExecutor.runWorker(ThreadPoolExecutor.java:1145)<br />
              java.util.concurrent.ThreadPoolExecutor$Worker.run(ThreadPoolExecutor.java:615)<br />
              java.lang.Thread.run(Thread.java:745)<br />
                </div>
      </td>
</tr>
<tr>
  <td class="method">
                  testVerifyHatchBackNight
      </td>
  <td class="duration">
    21.539s
  </td>
  <td class="result">
        
    
            <div class="testOutput">
                        <a href = file:////mnt/RTFS_WEBAUTOMATION/NewAutomationFrameWork/target/surefire-reports/screenshots/17_Nov_2014__05_56_53PM.png target='_blank'> <p align="left", style= "color: red; font: italic bold 12px/30px Georgia,serif;" >Click here for screen shot of Aurangabad Ajanta Caves</p> </a>
                  </div>
    

        <a href="javascript:toggleElement('exception-20', 'block')" title="Click to expand/collapse"><b>java.lang.NullPointerException</b></a><br />
    <div class="stackTrace" id="exception-20">
              org.taxiforsure.utils.DataBaseUtils.closeConnection(DataBaseUtils.java:90)<br />
              org.taxiforsure.utils.DataBaseUtils.executeQuery(DataBaseUtils.java:43)<br />
              org.taxiforsure.answercall.AnswerCallScreen.getAllLocalities(AnswerCallScreen.java:541)<br />
              org.taxiforsure.answercall.AnswerCallScreen.getpickUpLocality(AnswerCallScreen.java:656)<br />
              org.taxiforsure.rtfs.TestVerifyNightFutureBooking.testVerifyHatchBackNight(TestVerifyNightFutureBooking.java:98)<br />
              sun.reflect.GeneratedMethodAccessor20.invoke(Unknown Source)<br />
              sun.reflect.DelegatingMethodAccessorImpl.invoke(DelegatingMethodAccessorImpl.java:43)<br />
              java.lang.reflect.Method.invoke(Method.java:606)<br />
              org.testng.internal.MethodInvocationHelper.invokeMethod(MethodInvocationHelper.java:84)<br />
              org.testng.internal.Invoker.invokeMethod(Invoker.java:714)<br />
              org.testng.internal.Invoker.invokeTestMethod(Invoker.java:901)<br />
              org.testng.internal.Invoker.invokeTestMethods(Invoker.java:1231)<br />
              org.testng.internal.TestMethodWorker.invokeTestMethods(TestMethodWorker.java:127)<br />
              org.testng.internal.TestMethodWorker.run(TestMethodWorker.java:111)<br />
              java.util.concurrent.ThreadPoolExecutor.runWorker(ThreadPoolExecutor.java:1145)<br />
              java.util.concurrent.ThreadPoolExecutor$Worker.run(ThreadPoolExecutor.java:615)<br />
              java.lang.Thread.run(Thread.java:745)<br />
                </div>
      </td>
</tr>
<tr>
  <td class="method">
                  testVerifyHatchBackNight
      </td>
  <td class="duration">
    33.158s
  </td>
  <td class="result">
        
    
            <div class="testOutput">
                        <a href = file:////mnt/RTFS_WEBAUTOMATION/NewAutomationFrameWork/target/surefire-reports/screenshots/17_Nov_2014__05_49_37PM.png target='_blank'> <p align="left", style= "color: red; font: italic bold 12px/30px Georgia,serif;" >Click here for screen shot of Aurangabad Shirdi</p> </a>
                  </div>
    

        <a href="javascript:toggleElement('exception-21', 'block')" title="Click to expand/collapse"><b>org.openqa.selenium.NoSuchElementException: Unable to locate element: {&quot;method&quot;:&quot;xpath&quot;,&quot;selector&quot;:&quot;//a[@class=&apos;submenu&apos;]/span[text()=&apos;Answer Call&apos;]&quot;}<br/>
For documentation on this error, please visit: http://seleniumhq.org/exceptions/no_such_element.html<br/>
Build info: version: &apos;2.43.0&apos;, revision: &apos;597b76b&apos;, time: &apos;2014-09-09 20:52:14&apos;<br/>
System info: host: &apos;chef&apos;, ip: &apos;127.0.1.1&apos;, os.name: &apos;Linux&apos;, os.arch: &apos;i386&apos;, os.version: &apos;3.13.0-32-generic&apos;, java.version: &apos;1.6.0_45&apos;<br/>
Driver info: driver.version: unknown<br/>
Command duration or timeout: 20.22 seconds<br/>
For documentation on this error, please visit: http://seleniumhq.org/exceptions/no_such_element.html<br/>
Build info: version: &apos;2.44.0&apos;, revision: &apos;76d78cf323ce037c5f92db6c1bba601c2ac43ad8&apos;, time: &apos;2014-10-23 13:11:40&apos;<br/>
System info: host: &apos;ip-10-146-7-231&apos;, ip: &apos;10.146.7.231&apos;, os.name: &apos;Linux&apos;, os.arch: &apos;amd64&apos;, os.version: &apos;3.13.0-24-generic&apos;, java.version: &apos;1.7.0_65&apos;<br/>
Session ID: 52a4d6d989614be4b5438c6335f63545<br/>
Driver info: org.openqa.selenium.remote.RemoteWebDriver<br/>
Capabilities [{platform=LINUX, acceptSslCerts=true, javascriptEnabled=true, hasMetadata=true, browserName=firefox, rotatable=false, locationContextEnabled=true, webdriver.remote.sessionid=52a4d6d989614be4b5438c6335f63545, version=32.0, cssSelectorsEnabled=true, databaseEnabled=true, handlesAlerts=true, webStorageEnabled=true, nativeEvents=false, applicationCacheEnabled=true, takesScreenshot=true}]</b></a><br />
    <div class="stackTrace" id="exception-21">
              sun.reflect.NativeConstructorAccessorImpl.newInstance0(Native Method)<br />
              sun.reflect.NativeConstructorAccessorImpl.newInstance(NativeConstructorAccessorImpl.java:57)<br />
              sun.reflect.DelegatingConstructorAccessorImpl.newInstance(DelegatingConstructorAccessorImpl.java:45)<br />
              java.lang.reflect.Constructor.newInstance(Constructor.java:526)<br />
              org.openqa.selenium.remote.ErrorHandler.createThrowable(ErrorHandler.java:204)<br />
              org.openqa.selenium.remote.ErrorHandler.throwIfResponseFailed(ErrorHandler.java:156)<br />
              org.openqa.selenium.remote.RemoteWebDriver.execute(RemoteWebDriver.java:599)<br />
              org.openqa.selenium.remote.RemoteWebDriver.findElement(RemoteWebDriver.java:352)<br />
              org.openqa.selenium.remote.RemoteWebDriver.findElementByXPath(RemoteWebDriver.java:449)<br />
              org.openqa.selenium.By$ByXPath.findElement(By.java:357)<br />
              org.openqa.selenium.remote.RemoteWebDriver.findElement(RemoteWebDriver.java:344)<br />
              org.openqa.selenium.support.pagefactory.DefaultElementLocator.findElement(DefaultElementLocator.java:59)<br />
              org.openqa.selenium.support.pagefactory.internal.LocatingElementHandler.invoke(LocatingElementHandler.java:37)<br />
              com.sun.proxy.$Proxy4.getWrappedElement(Unknown Source)<br />
              org.openqa.selenium.remote.internal.WebElementToJsonConverter.apply(WebElementToJsonConverter.java:48)<br />
              com.google.common.collect.Iterators$8.transform(Iterators.java:799)<br />
              com.google.common.collect.TransformedIterator.next(TransformedIterator.java:48)<br />
              com.google.common.collect.Iterators.addAll(Iterators.java:362)<br />
              com.google.common.collect.Lists.newArrayList(Lists.java:160)<br />
              com.google.common.collect.Lists.newArrayList(Lists.java:144)<br />
              org.openqa.selenium.remote.RemoteWebDriver.executeScript(RemoteWebDriver.java:504)<br />
              org.taxiforsure.rtfscommonelements.CommonElements.clickAnswerCallLink(CommonElements.java:26)<br />
              org.taxiforsure.rtfs.TestVerifyNightFutureBooking.testVerifyHatchBackNight(TestVerifyNightFutureBooking.java:92)<br />
              sun.reflect.NativeMethodAccessorImpl.invoke0(Native Method)<br />
              sun.reflect.NativeMethodAccessorImpl.invoke(NativeMethodAccessorImpl.java:57)<br />
              sun.reflect.DelegatingMethodAccessorImpl.invoke(DelegatingMethodAccessorImpl.java:43)<br />
              java.lang.reflect.Method.invoke(Method.java:606)<br />
              org.testng.internal.MethodInvocationHelper.invokeMethod(MethodInvocationHelper.java:84)<br />
              org.testng.internal.Invoker.invokeMethod(Invoker.java:714)<br />
              org.testng.internal.Invoker.invokeTestMethod(Invoker.java:901)<br />
              org.testng.internal.Invoker.invokeTestMethods(Invoker.java:1231)<br />
              org.testng.internal.TestMethodWorker.invokeTestMethods(TestMethodWorker.java:127)<br />
              org.testng.internal.TestMethodWorker.run(TestMethodWorker.java:111)<br />
              java.util.concurrent.ThreadPoolExecutor.runWorker(ThreadPoolExecutor.java:1145)<br />
              java.util.concurrent.ThreadPoolExecutor$Worker.run(ThreadPoolExecutor.java:615)<br />
              java.lang.Thread.run(Thread.java:745)<br />
                    <b>Caused by: </b> <a href="javascript:toggleElement('exception-22', 'block')" title="Click to expand/collapse">org.openqa.selenium.NoSuchElementException: Unable to locate element: {&quot;method&quot;:&quot;xpath&quot;,&quot;selector&quot;:&quot;//a[@class=&apos;submenu&apos;]/span[text()=&apos;Answer Call&apos;]&quot;}<br/>
For documentation on this error, please visit: http://seleniumhq.org/exceptions/no_such_element.html<br/>
Build info: version: &apos;2.43.0&apos;, revision: &apos;597b76b&apos;, time: &apos;2014-09-09 20:52:14&apos;<br/>
System info: host: &apos;chef&apos;, ip: &apos;127.0.1.1&apos;, os.name: &apos;Linux&apos;, os.arch: &apos;i386&apos;, os.version: &apos;3.13.0-32-generic&apos;, java.version: &apos;1.6.0_45&apos;<br/>
Driver info: driver.version: unknown<br/>
For documentation on this error, please visit: http://seleniumhq.org/exceptions/no_such_element.html<br/>
Build info: version: &apos;2.44.0&apos;, revision: &apos;76d78cf323ce037c5f92db6c1bba601c2ac43ad8&apos;, time: &apos;2014-10-23 13:11:40&apos;<br/>
System info: host: &apos;ip-10-146-7-231&apos;, ip: &apos;10.146.7.231&apos;, os.name: &apos;Linux&apos;, os.arch: &apos;amd64&apos;, os.version: &apos;3.13.0-24-generic&apos;, java.version: &apos;1.7.0_65&apos;<br/>
Driver info: driver.version: unknown</a><br />
        <div class="stackTrace" id="exception-22">
                      &lt;anonymous class&gt;.FirefoxDriver.prototype.findElementInternal_(file:///tmp/anonymous6142360968841556817webdriver-profile/extensions/fxdriver@googlecode.com/components/driver-component.js:9618:133)<br />
                      &lt;anonymous class&gt;.fxdriver.Timer.prototype.setTimeout/&lt;.notify(file:///tmp/anonymous6142360968841556817webdriver-profile/extensions/fxdriver@googlecode.com/components/driver-component.js:548:5)<br />
                  </div>
          </div>
      </td>
</tr>
<tr>
  <td class="method">
                  testVerifyHatchBackNight
      </td>
  <td class="duration">
    22.004s
  </td>
  <td class="result">
        
    
            <div class="testOutput">
                        <a href = file:////mnt/RTFS_WEBAUTOMATION/NewAutomationFrameWork/target/surefire-reports/screenshots/17_Nov_2014__05_48_27PM.png target='_blank'> <p align="left", style= "color: red; font: italic bold 12px/30px Georgia,serif;" >Click here for screen shot of Aurangabad Intercity</p> </a>
                  </div>
    

        <a href="javascript:toggleElement('exception-23', 'block')" title="Click to expand/collapse"><b>java.lang.NullPointerException</b></a><br />
    <div class="stackTrace" id="exception-23">
              org.taxiforsure.utils.DataBaseUtils.closeConnection(DataBaseUtils.java:90)<br />
              org.taxiforsure.utils.DataBaseUtils.executeQuery(DataBaseUtils.java:43)<br />
              org.taxiforsure.answercall.AnswerCallScreen.getAllLocalities(AnswerCallScreen.java:541)<br />
              org.taxiforsure.answercall.AnswerCallScreen.getpickUpLocality(AnswerCallScreen.java:656)<br />
              org.taxiforsure.rtfs.TestVerifyNightFutureBooking.testVerifyHatchBackNight(TestVerifyNightFutureBooking.java:98)<br />
              sun.reflect.NativeMethodAccessorImpl.invoke0(Native Method)<br />
              sun.reflect.NativeMethodAccessorImpl.invoke(NativeMethodAccessorImpl.java:57)<br />
              sun.reflect.DelegatingMethodAccessorImpl.invoke(DelegatingMethodAccessorImpl.java:43)<br />
              java.lang.reflect.Method.invoke(Method.java:606)<br />
              org.testng.internal.MethodInvocationHelper.invokeMethod(MethodInvocationHelper.java:84)<br />
              org.testng.internal.Invoker.invokeMethod(Invoker.java:714)<br />
              org.testng.internal.Invoker.invokeTestMethod(Invoker.java:901)<br />
              org.testng.internal.Invoker.invokeTestMethods(Invoker.java:1231)<br />
              org.testng.internal.TestMethodWorker.invokeTestMethods(TestMethodWorker.java:127)<br />
              org.testng.internal.TestMethodWorker.run(TestMethodWorker.java:111)<br />
              java.util.concurrent.ThreadPoolExecutor.runWorker(ThreadPoolExecutor.java:1145)<br />
              java.util.concurrent.ThreadPoolExecutor$Worker.run(ThreadPoolExecutor.java:615)<br />
              java.lang.Thread.run(Thread.java:745)<br />
                </div>
      </td>
</tr>
<tr>
  <td class="method">
                  testVerifyHatchBackNight
      </td>
  <td class="duration">
    21.977s
  </td>
  <td class="result">
        
    
            <div class="testOutput">
                        <a href = file:////mnt/RTFS_WEBAUTOMATION/NewAutomationFrameWork/target/surefire-reports/screenshots/17_Nov_2014__05_58_57PM.png target='_blank'> <p align="left", style= "color: red; font: italic bold 12px/30px Georgia,serif;" >Click here for screen shot of Aurangabad Railway Transfer</p> </a>
                  </div>
    

        <a href="javascript:toggleElement('exception-24', 'block')" title="Click to expand/collapse"><b>java.lang.NullPointerException</b></a><br />
    <div class="stackTrace" id="exception-24">
              org.taxiforsure.utils.DataBaseUtils.closeConnection(DataBaseUtils.java:90)<br />
              org.taxiforsure.utils.DataBaseUtils.executeQuery(DataBaseUtils.java:43)<br />
              org.taxiforsure.answercall.AnswerCallScreen.getAllLocalities(AnswerCallScreen.java:541)<br />
              org.taxiforsure.answercall.AnswerCallScreen.getpickUpLocality(AnswerCallScreen.java:656)<br />
              org.taxiforsure.rtfs.TestVerifyNightFutureBooking.testVerifyHatchBackNight(TestVerifyNightFutureBooking.java:98)<br />
              sun.reflect.GeneratedMethodAccessor20.invoke(Unknown Source)<br />
              sun.reflect.DelegatingMethodAccessorImpl.invoke(DelegatingMethodAccessorImpl.java:43)<br />
              java.lang.reflect.Method.invoke(Method.java:606)<br />
              org.testng.internal.MethodInvocationHelper.invokeMethod(MethodInvocationHelper.java:84)<br />
              org.testng.internal.Invoker.invokeMethod(Invoker.java:714)<br />
              org.testng.internal.Invoker.invokeTestMethod(Invoker.java:901)<br />
              org.testng.internal.Invoker.invokeTestMethods(Invoker.java:1231)<br />
              org.testng.internal.TestMethodWorker.invokeTestMethods(TestMethodWorker.java:127)<br />
              org.testng.internal.TestMethodWorker.run(TestMethodWorker.java:111)<br />
              java.util.concurrent.ThreadPoolExecutor.runWorker(ThreadPoolExecutor.java:1145)<br />
              java.util.concurrent.ThreadPoolExecutor$Worker.run(ThreadPoolExecutor.java:615)<br />
              java.lang.Thread.run(Thread.java:745)<br />
                </div>
      </td>
</tr>
      </table>


  
</body>
</html>
