<?xml version="1.0" encoding="UTF-8"?>
<testng-results skipped="0" failed="22" total="22" passed="0">
  <reporter-output>
    <line>
      <![CDATA[<a href = file:////mnt/RTFS_WEBAUTOMATION/NewAutomationFrameWork/target/surefire-reports/screenshots/17_Nov_2014__05_48_27PM.png target='_blank'> <p align="left", style= "color: red; font: italic bold 12px/30px Georgia,serif;" >Click here for screen shot of Aurangabad Intercity</p> </a>]]>
    </line>
    <line>
      <![CDATA[<a href = file:////mnt/RTFS_WEBAUTOMATION/NewAutomationFrameWork/target/surefire-reports/screenshots/17_Nov_2014__05_48_27PM.png target='_blank'> <p align="left", style= "color: red; font: italic bold 12px/30px Georgia,serif;" >Click here for screen shot of Aurangabad Intercity</p> </a>]]>
    </line>
    <line>
      <![CDATA[<a href = file:////mnt/RTFS_WEBAUTOMATION/NewAutomationFrameWork/target/surefire-reports/screenshots/17_Nov_2014__05_49_32PM.png target='_blank'> <p align="left", style= "color: red; font: italic bold 12px/30px Georgia,serif;" >Click here for screen shot of Aurangabad Shirdi</p> </a>]]>
    </line>
    <line>
      <![CDATA[<a href = file:////mnt/RTFS_WEBAUTOMATION/NewAutomationFrameWork/target/surefire-reports/screenshots/17_Nov_2014__05_49_37PM.png target='_blank'> <p align="left", style= "color: red; font: italic bold 12px/30px Georgia,serif;" >Click here for screen shot of Aurangabad Shirdi</p> </a>]]>
    </line>
    <line>
      <![CDATA[<a href = file:////mnt/RTFS_WEBAUTOMATION/NewAutomationFrameWork/target/surefire-reports/screenshots/17_Nov_2014__05_50_36PM.png target='_blank'> <p align="left", style= "color: red; font: italic bold 12px/30px Georgia,serif;" >Click here for screen shot of Aurangabad Point to Point</p> </a>]]>
    </line>
    <line>
      <![CDATA[<a href = file:////mnt/RTFS_WEBAUTOMATION/NewAutomationFrameWork/target/surefire-reports/screenshots/17_Nov_2014__05_50_43PM.png target='_blank'> <p align="left", style= "color: red; font: italic bold 12px/30px Georgia,serif;" >Click here for screen shot of Aurangabad Shirdi</p> </a>]]>
    </line>
    <line>
      <![CDATA[<a href = file:////mnt/RTFS_WEBAUTOMATION/NewAutomationFrameWork/target/surefire-reports/screenshots/17_Nov_2014__05_51_31PM.png target='_blank'> <p align="left", style= "color: red; font: italic bold 12px/30px Georgia,serif;" >Click here for screen shot of Aurangabad 4hrs 40Kms</p> </a>]]>
    </line>
    <line>
      <![CDATA[<a href = file:////mnt/RTFS_WEBAUTOMATION/NewAutomationFrameWork/target/surefire-reports/screenshots/17_Nov_2014__05_51_41PM.png target='_blank'> <p align="left", style= "color: red; font: italic bold 12px/30px Georgia,serif;" >Click here for screen shot of Aurangabad Ajanta Caves</p> </a>]]>
    </line>
    <line>
      <![CDATA[<a href = file:////mnt/RTFS_WEBAUTOMATION/NewAutomationFrameWork/target/surefire-reports/screenshots/17_Nov_2014__05_52_37PM.png target='_blank'> <p align="left", style= "color: red; font: italic bold 12px/30px Georgia,serif;" >Click here for screen shot of Aurangabad Ajanta Caves</p> </a>]]>
    </line>
    <line>
      <![CDATA[<a href = file:////mnt/RTFS_WEBAUTOMATION/NewAutomationFrameWork/target/surefire-reports/screenshots/17_Nov_2014__05_52_44PM.png target='_blank'> <p align="left", style= "color: red; font: italic bold 12px/30px Georgia,serif;" >Click here for screen shot of Aurangabad 8hrs 80Kms</p> </a>]]>
    </line>
    <line>
      <![CDATA[<a href = file:////mnt/RTFS_WEBAUTOMATION/NewAutomationFrameWork/target/surefire-reports/screenshots/17_Nov_2014__05_53_52PM.png target='_blank'> <p align="left", style= "color: red; font: italic bold 12px/30px Georgia,serif;" >Click here for screen shot of Aurangabad Railway Transfer</p> </a>]]>
    </line>
    <line>
      <![CDATA[<a href = file:////mnt/RTFS_WEBAUTOMATION/NewAutomationFrameWork/target/surefire-reports/screenshots/17_Nov_2014__05_53_52PM.png target='_blank'> <p align="left", style= "color: red; font: italic bold 12px/30px Georgia,serif;" >Click here for screen shot of Aurangabad Outstation</p> </a>]]>
    </line>
    <line>
      <![CDATA[<a href = file:////mnt/RTFS_WEBAUTOMATION/NewAutomationFrameWork/target/surefire-reports/screenshots/17_Nov_2014__05_54_50PM.png target='_blank'> <p align="left", style= "color: red; font: italic bold 12px/30px Georgia,serif;" >Click here for screen shot of Aurangabad Outstation</p> </a>]]>
    </line>
    <line>
      <![CDATA[<a href = file:////mnt/RTFS_WEBAUTOMATION/NewAutomationFrameWork/target/surefire-reports/screenshots/17_Nov_2014__05_54_51PM.png target='_blank'> <p align="left", style= "color: red; font: italic bold 12px/30px Georgia,serif;" >Click here for screen shot of Aurangabad Intercity</p> </a>]]>
    </line>
    <line>
      <![CDATA[<a href = file:////mnt/RTFS_WEBAUTOMATION/NewAutomationFrameWork/target/surefire-reports/screenshots/17_Nov_2014__05_55_54PM.png target='_blank'> <p align="left", style= "color: red; font: italic bold 12px/30px Georgia,serif;" >Click here for screen shot of Aurangabad 4hrs 40Kms</p> </a>]]>
    </line>
    <line>
      <![CDATA[<a href = file:////mnt/RTFS_WEBAUTOMATION/NewAutomationFrameWork/target/surefire-reports/screenshots/17_Nov_2014__05_55_59PM.png target='_blank'> <p align="left", style= "color: red; font: italic bold 12px/30px Georgia,serif;" >Click here for screen shot of Aurangabad Outstation</p> </a>]]>
    </line>
    <line>
      <![CDATA[<a href = file:////mnt/RTFS_WEBAUTOMATION/NewAutomationFrameWork/target/surefire-reports/screenshots/17_Nov_2014__05_56_53PM.png target='_blank'> <p align="left", style= "color: red; font: italic bold 12px/30px Georgia,serif;" >Click here for screen shot of Aurangabad Ajanta Caves</p> </a>]]>
    </line>
    <line>
      <![CDATA[<a href = file:////mnt/RTFS_WEBAUTOMATION/NewAutomationFrameWork/target/surefire-reports/screenshots/17_Nov_2014__05_56_57PM.png target='_blank'> <p align="left", style= "color: red; font: italic bold 12px/30px Georgia,serif;" >Click here for screen shot of Aurangabad 4hrs 40Kms</p> </a>]]>
    </line>
    <line>
      <![CDATA[<a href = file:////mnt/RTFS_WEBAUTOMATION/NewAutomationFrameWork/target/surefire-reports/screenshots/17_Nov_2014__05_57_58PM.png target='_blank'> <p align="left", style= "color: red; font: italic bold 12px/30px Georgia,serif;" >Click here for screen shot of Aurangabad 8hrs 80Kms</p> </a>]]>
    </line>
    <line>
      <![CDATA[<a href = file:////mnt/RTFS_WEBAUTOMATION/NewAutomationFrameWork/target/surefire-reports/screenshots/17_Nov_2014__05_58_04PM.png target='_blank'> <p align="left", style= "color: red; font: italic bold 12px/30px Georgia,serif;" >Click here for screen shot of Aurangabad Point to Point</p> </a>]]>
    </line>
    <line>
      <![CDATA[<a href = file:////mnt/RTFS_WEBAUTOMATION/NewAutomationFrameWork/target/surefire-reports/screenshots/17_Nov_2014__05_58_57PM.png target='_blank'> <p align="left", style= "color: red; font: italic bold 12px/30px Georgia,serif;" >Click here for screen shot of Aurangabad Railway Transfer</p> </a>]]>
    </line>
    <line>
      <![CDATA[<a href = file:////mnt/RTFS_WEBAUTOMATION/NewAutomationFrameWork/target/surefire-reports/screenshots/17_Nov_2014__05_59_03PM.png target='_blank'> <p align="left", style= "color: red; font: italic bold 12px/30px Georgia,serif;" >Click here for screen shot of Aurangabad 8hrs 80Kms</p> </a>]]>
    </line>
  </reporter-output>
  <suite name="RTFS test suite" duration-ms="701687" started-at="2014-11-17T12:17:23Z" finished-at="2014-11-17T12:29:05Z">
    <groups>
    </groups>
    <test name="RTFS test automation" duration-ms="701687" started-at="2014-11-17T12:17:23Z" finished-at="2014-11-17T12:29:05Z">
      <class name="org.taxiforsure.rtfs.TestVerifyNightFutureBooking">
        <test-method status="PASS" signature="setup()[pri:0, instance:org.taxiforsure.rtfs.TestVerifyNightFutureBooking@24b397e9]" name="setup" is-config="true" duration-ms="41875" started-at="2014-11-17T17:47:23Z" finished-at="2014-11-17T17:48:05Z">
          <reporter-output>
          </reporter-output>
        </test-method> <!-- setup -->
        <test-method status="PASS" signature="setup()[pri:0, instance:org.taxiforsure.rtfs.TestVerifyNightFutureBooking@24b397e9]" name="setup" is-config="true" duration-ms="40661" started-at="2014-11-17T17:47:23Z" finished-at="2014-11-17T17:48:04Z">
          <reporter-output>
          </reporter-output>
        </test-method> <!-- setup -->
        <test-method status="FAIL" signature="testVerifyHatchBackNight()[pri:0, instance:org.taxiforsure.rtfs.TestVerifyNightFutureBooking@1b01c0d6]" name="testVerifyHatchBackNight" duration-ms="22004" started-at="2014-11-17T17:48:04Z" finished-at="2014-11-17T17:48:26Z">
          <exception class="java.lang.NullPointerException">
            <full-stacktrace>
              <![CDATA[java.lang.NullPointerException
	at org.taxiforsure.utils.DataBaseUtils.closeConnection(DataBaseUtils.java:90)
	at org.taxiforsure.utils.DataBaseUtils.executeQuery(DataBaseUtils.java:43)
	at org.taxiforsure.answercall.AnswerCallScreen.getAllLocalities(AnswerCallScreen.java:541)
	at org.taxiforsure.answercall.AnswerCallScreen.getpickUpLocality(AnswerCallScreen.java:656)
	at org.taxiforsure.rtfs.TestVerifyNightFutureBooking.testVerifyHatchBackNight(TestVerifyNightFutureBooking.java:98)
	at sun.reflect.NativeMethodAccessorImpl.invoke0(Native Method)
	at sun.reflect.NativeMethodAccessorImpl.invoke(NativeMethodAccessorImpl.java:57)
	at sun.reflect.DelegatingMethodAccessorImpl.invoke(DelegatingMethodAccessorImpl.java:43)
	at java.lang.reflect.Method.invoke(Method.java:606)
	at org.testng.internal.MethodInvocationHelper.invokeMethod(MethodInvocationHelper.java:84)
	at org.testng.internal.Invoker.invokeMethod(Invoker.java:714)
	at org.testng.internal.Invoker.invokeTestMethod(Invoker.java:901)
	at org.testng.internal.Invoker.invokeTestMethods(Invoker.java:1231)
	at org.testng.internal.TestMethodWorker.invokeTestMethods(TestMethodWorker.java:127)
	at org.testng.internal.TestMethodWorker.run(TestMethodWorker.java:111)
	at java.util.concurrent.ThreadPoolExecutor.runWorker(ThreadPoolExecutor.java:1145)
	at java.util.concurrent.ThreadPoolExecutor$Worker.run(ThreadPoolExecutor.java:615)
	at java.lang.Thread.run(Thread.java:745)
]]>
            </full-stacktrace>
          </exception> <!-- java.lang.NullPointerException -->
          <reporter-output>
            <line>
              <![CDATA[<a href = file:////mnt/RTFS_WEBAUTOMATION/NewAutomationFrameWork/target/surefire-reports/screenshots/17_Nov_2014__05_48_27PM.png target='_blank'> <p align="left", style= "color: red; font: italic bold 12px/30px Georgia,serif;" >Click here for screen shot of Aurangabad Intercity</p> </a>]]>
            </line>
          </reporter-output>
        </test-method> <!-- testVerifyHatchBackNight -->
        <test-method status="FAIL" signature="testVerifyHatchBackNight()[pri:0, instance:org.taxiforsure.rtfs.TestVerifyNightFutureBooking@101b2f74]" name="testVerifyHatchBackNight" duration-ms="21437" started-at="2014-11-17T17:48:05Z" finished-at="2014-11-17T17:48:26Z">
          <exception class="java.lang.NullPointerException">
            <full-stacktrace>
              <![CDATA[java.lang.NullPointerException
	at org.taxiforsure.utils.DataBaseUtils.closeConnection(DataBaseUtils.java:90)
	at org.taxiforsure.utils.DataBaseUtils.executeQuery(DataBaseUtils.java:43)
	at org.taxiforsure.answercall.AnswerCallScreen.getAllLocalities(AnswerCallScreen.java:541)
	at org.taxiforsure.answercall.AnswerCallScreen.getpickUpLocality(AnswerCallScreen.java:656)
	at org.taxiforsure.rtfs.TestVerifyNightFutureBooking.testVerifyHatchBackNight(TestVerifyNightFutureBooking.java:98)
	at sun.reflect.NativeMethodAccessorImpl.invoke0(Native Method)
	at sun.reflect.NativeMethodAccessorImpl.invoke(NativeMethodAccessorImpl.java:57)
	at sun.reflect.DelegatingMethodAccessorImpl.invoke(DelegatingMethodAccessorImpl.java:43)
	at java.lang.reflect.Method.invoke(Method.java:606)
	at org.testng.internal.MethodInvocationHelper.invokeMethod(MethodInvocationHelper.java:84)
	at org.testng.internal.Invoker.invokeMethod(Invoker.java:714)
	at org.testng.internal.Invoker.invokeTestMethod(Invoker.java:901)
	at org.testng.internal.Invoker.invokeTestMethods(Invoker.java:1231)
	at org.testng.internal.TestMethodWorker.invokeTestMethods(TestMethodWorker.java:127)
	at org.testng.internal.TestMethodWorker.run(TestMethodWorker.java:111)
	at java.util.concurrent.ThreadPoolExecutor.runWorker(ThreadPoolExecutor.java:1145)
	at java.util.concurrent.ThreadPoolExecutor$Worker.run(ThreadPoolExecutor.java:615)
	at java.lang.Thread.run(Thread.java:745)
]]>
            </full-stacktrace>
          </exception> <!-- java.lang.NullPointerException -->
          <reporter-output>
            <line>
              <![CDATA[<a href = file:////mnt/RTFS_WEBAUTOMATION/NewAutomationFrameWork/target/surefire-reports/screenshots/17_Nov_2014__05_48_27PM.png target='_blank'> <p align="left", style= "color: red; font: italic bold 12px/30px Georgia,serif;" >Click here for screen shot of Aurangabad Intercity</p> </a>]]>
            </line>
          </reporter-output>
        </test-method> <!-- testVerifyHatchBackNight -->
        <test-method status="PASS" signature="cleanUp(org.testng.ITestResult)[pri:0, instance:org.taxiforsure.rtfs.TestVerifyNightFutureBooking@24b397e9]" name="cleanUp" is-config="true" duration-ms="1347" started-at="2014-11-17T17:48:26Z" finished-at="2014-11-17T17:48:27Z">
          <params>
            <param index="0">
              <value>
                <![CDATA[[TestResult name=testVerifyHatchBackNight status=FAILURE method=TestVerifyNightFutureBooking.testVerifyHatchBackNight()[pri:0, instance:org.taxiforsure.rtfs.TestVerifyNightFutureBooking@1b01c0d6] output=<a href = file:////mnt/RTFS_WEBAUTOMATION/NewAutomationFrameWork/target/surefire-reports/screenshots/17_Nov_2014__05_48_27PM.png target='_blank'> <p align="left", style= "color: red; font: italic bold 12px/30px Georgia,serif;" >Click here for screen shot of Aurangabad Intercity</p> </a>]]]>
              </value>
            </param>
          </params>
          <reporter-output>
          </reporter-output>
        </test-method> <!-- cleanUp -->
        <test-method status="PASS" signature="cleanUp(org.testng.ITestResult)[pri:0, instance:org.taxiforsure.rtfs.TestVerifyNightFutureBooking@24b397e9]" name="cleanUp" is-config="true" duration-ms="1402" started-at="2014-11-17T17:48:26Z" finished-at="2014-11-17T17:48:28Z">
          <params>
            <param index="0">
              <value>
                <![CDATA[[TestResult name=testVerifyHatchBackNight status=FAILURE method=TestVerifyNightFutureBooking.testVerifyHatchBackNight()[pri:0, instance:org.taxiforsure.rtfs.TestVerifyNightFutureBooking@101b2f74] output=<a href = file:////mnt/RTFS_WEBAUTOMATION/NewAutomationFrameWork/target/surefire-reports/screenshots/17_Nov_2014__05_48_27PM.png target='_blank'> <p align="left", style= "color: red; font: italic bold 12px/30px Georgia,serif;" >Click here for screen shot of Aurangabad Intercity</p> </a>]]]>
              </value>
            </param>
          </params>
          <reporter-output>
          </reporter-output>
        </test-method> <!-- cleanUp -->
        <test-method status="PASS" signature="setup()[pri:0, instance:org.taxiforsure.rtfs.TestVerifyNightFutureBooking@24b397e9]" name="setup" is-config="true" duration-ms="36025" started-at="2014-11-17T17:48:27Z" finished-at="2014-11-17T17:49:03Z">
          <reporter-output>
          </reporter-output>
        </test-method> <!-- setup -->
        <test-method status="PASS" signature="setup()[pri:0, instance:org.taxiforsure.rtfs.TestVerifyNightFutureBooking@24b397e9]" name="setup" is-config="true" duration-ms="36335" started-at="2014-11-17T17:48:28Z" finished-at="2014-11-17T17:49:04Z">
          <reporter-output>
          </reporter-output>
        </test-method> <!-- setup -->
        <test-method status="FAIL" signature="testVerifyHatchBackNight()[pri:0, instance:org.taxiforsure.rtfs.TestVerifyNightFutureBooking@24b397e9]" name="testVerifyHatchBackNight" duration-ms="33158" started-at="2014-11-17T17:49:03Z" finished-at="2014-11-17T17:49:36Z">
          <exception class="org.openqa.selenium.NoSuchElementException">
            <message>
              <![CDATA[Unable to locate element: {"method":"xpath","selector":"//a[@class='submenu']/span[text()='Answer Call']"}
For documentation on this error, please visit: http://seleniumhq.org/exceptions/no_such_element.html
Build info: version: '2.43.0', revision: '597b76b', time: '2014-09-09 20:52:14'
System info: host: 'chef', ip: '127.0.1.1', os.name: 'Linux', os.arch: 'i386', os.version: '3.13.0-32-generic', java.version: '1.6.0_45'
Driver info: driver.version: unknown
Command duration or timeout: 20.22 seconds
For documentation on this error, please visit: http://seleniumhq.org/exceptions/no_such_element.html
Build info: version: '2.44.0', revision: '76d78cf323ce037c5f92db6c1bba601c2ac43ad8', time: '2014-10-23 13:11:40'
System info: host: 'ip-10-146-7-231', ip: '10.146.7.231', os.name: 'Linux', os.arch: 'amd64', os.version: '3.13.0-24-generic', java.version: '1.7.0_65'
Session ID: 52a4d6d989614be4b5438c6335f63545
Driver info: org.openqa.selenium.remote.RemoteWebDriver
Capabilities [{platform=LINUX, acceptSslCerts=true, javascriptEnabled=true, hasMetadata=true, browserName=firefox, rotatable=false, locationContextEnabled=true, webdriver.remote.sessionid=52a4d6d989614be4b5438c6335f63545, version=32.0, cssSelectorsEnabled=true, databaseEnabled=true, handlesAlerts=true, webStorageEnabled=true, nativeEvents=false, applicationCacheEnabled=true, takesScreenshot=true}]]]>
            </message>
            <full-stacktrace>
              <![CDATA[org.openqa.selenium.NoSuchElementException: Unable to locate element: {"method":"xpath","selector":"//a[@class='submenu']/span[text()='Answer Call']"}
For documentation on this error, please visit: http://seleniumhq.org/exceptions/no_such_element.html
Build info: version: '2.43.0', revision: '597b76b', time: '2014-09-09 20:52:14'
System info: host: 'chef', ip: '127.0.1.1', os.name: 'Linux', os.arch: 'i386', os.version: '3.13.0-32-generic', java.version: '1.6.0_45'
Driver info: driver.version: unknown
Command duration or timeout: 20.22 seconds
For documentation on this error, please visit: http://seleniumhq.org/exceptions/no_such_element.html
Build info: version: '2.44.0', revision: '76d78cf323ce037c5f92db6c1bba601c2ac43ad8', time: '2014-10-23 13:11:40'
System info: host: 'ip-10-146-7-231', ip: '10.146.7.231', os.name: 'Linux', os.arch: 'amd64', os.version: '3.13.0-24-generic', java.version: '1.7.0_65'
Session ID: 52a4d6d989614be4b5438c6335f63545
Driver info: org.openqa.selenium.remote.RemoteWebDriver
Capabilities [{platform=LINUX, acceptSslCerts=true, javascriptEnabled=true, hasMetadata=true, browserName=firefox, rotatable=false, locationContextEnabled=true, webdriver.remote.sessionid=52a4d6d989614be4b5438c6335f63545, version=32.0, cssSelectorsEnabled=true, databaseEnabled=true, handlesAlerts=true, webStorageEnabled=true, nativeEvents=false, applicationCacheEnabled=true, takesScreenshot=true}]
	at sun.reflect.NativeConstructorAccessorImpl.newInstance0(Native Method)
	at sun.reflect.NativeConstructorAccessorImpl.newInstance(NativeConstructorAccessorImpl.java:57)
	at sun.reflect.DelegatingConstructorAccessorImpl.newInstance(DelegatingConstructorAccessorImpl.java:45)
	at java.lang.reflect.Constructor.newInstance(Constructor.java:526)
	at org.openqa.selenium.remote.ErrorHandler.createThrowable(ErrorHandler.java:204)
	at org.openqa.selenium.remote.ErrorHandler.throwIfResponseFailed(ErrorHandler.java:156)
	at org.openqa.selenium.remote.RemoteWebDriver.execute(RemoteWebDriver.java:599)
	at org.openqa.selenium.remote.RemoteWebDriver.findElement(RemoteWebDriver.java:352)
	at org.openqa.selenium.remote.RemoteWebDriver.findElementByXPath(RemoteWebDriver.java:449)
	at org.openqa.selenium.By$ByXPath.findElement(By.java:357)
	at org.openqa.selenium.remote.RemoteWebDriver.findElement(RemoteWebDriver.java:344)
	at org.openqa.selenium.support.pagefactory.DefaultElementLocator.findElement(DefaultElementLocator.java:59)
	at org.openqa.selenium.support.pagefactory.internal.LocatingElementHandler.invoke(LocatingElementHandler.java:37)
	at com.sun.proxy.$Proxy4.getWrappedElement(Unknown Source)
	at org.openqa.selenium.remote.internal.WebElementToJsonConverter.apply(WebElementToJsonConverter.java:48)
	at com.google.common.collect.Iterators$8.transform(Iterators.java:799)
	at com.google.common.collect.TransformedIterator.next(TransformedIterator.java:48)
	at com.google.common.collect.Iterators.addAll(Iterators.java:362)
	at com.google.common.collect.Lists.newArrayList(Lists.java:160)
	at com.google.common.collect.Lists.newArrayList(Lists.java:144)
	at org.openqa.selenium.remote.RemoteWebDriver.executeScript(RemoteWebDriver.java:504)
	at org.taxiforsure.rtfscommonelements.CommonElements.clickAnswerCallLink(CommonElements.java:26)
	at org.taxiforsure.rtfs.TestVerifyNightFutureBooking.testVerifyHatchBackNight(TestVerifyNightFutureBooking.java:92)
	at sun.reflect.NativeMethodAccessorImpl.invoke0(Native Method)
	at sun.reflect.NativeMethodAccessorImpl.invoke(NativeMethodAccessorImpl.java:57)
	at sun.reflect.DelegatingMethodAccessorImpl.invoke(DelegatingMethodAccessorImpl.java:43)
	at java.lang.reflect.Method.invoke(Method.java:606)
	at org.testng.internal.MethodInvocationHelper.invokeMethod(MethodInvocationHelper.java:84)
	at org.testng.internal.Invoker.invokeMethod(Invoker.java:714)
	at org.testng.internal.Invoker.invokeTestMethod(Invoker.java:901)
	at org.testng.internal.Invoker.invokeTestMethods(Invoker.java:1231)
	at org.testng.internal.TestMethodWorker.invokeTestMethods(TestMethodWorker.java:127)
	at org.testng.internal.TestMethodWorker.run(TestMethodWorker.java:111)
	at java.util.concurrent.ThreadPoolExecutor.runWorker(ThreadPoolExecutor.java:1145)
	at java.util.concurrent.ThreadPoolExecutor$Worker.run(ThreadPoolExecutor.java:615)
	at java.lang.Thread.run(Thread.java:745)
Caused by: org.openqa.selenium.NoSuchElementException: Unable to locate element: {"method":"xpath","selector":"//a[@class='submenu']/span[text()='Answer Call']"}
For documentation on this error, please visit: http://seleniumhq.org/exceptions/no_such_element.html
Build info: version: '2.43.0', revision: '597b76b', time: '2014-09-09 20:52:14'
System info: host: 'chef', ip: '127.0.1.1', os.name: 'Linux', os.arch: 'i386', os.version: '3.13.0-32-generic', java.version: '1.6.0_45'
Driver info: driver.version: unknown
For documentation on this error, please visit: http://seleniumhq.org/exceptions/no_such_element.html
Build info: version: '2.44.0', revision: '76d78cf323ce037c5f92db6c1bba601c2ac43ad8', time: '2014-10-23 13:11:40'
System info: host: 'ip-10-146-7-231', ip: '10.146.7.231', os.name: 'Linux', os.arch: 'amd64', os.version: '3.13.0-24-generic', java.version: '1.7.0_65'
Driver info: driver.version: unknown
	at <anonymous class>.FirefoxDriver.prototype.findElementInternal_(file:///tmp/anonymous6142360968841556817webdriver-profile/extensions/fxdriver@googlecode.com/components/driver-component.js:9618:133)
	at <anonymous class>.fxdriver.Timer.prototype.setTimeout/<.notify(file:///tmp/anonymous6142360968841556817webdriver-profile/extensions/fxdriver@googlecode.com/components/driver-component.js:548:5)
]]>
            </full-stacktrace>
          </exception> <!-- org.openqa.selenium.NoSuchElementException -->
          <reporter-output>
            <line>
              <![CDATA[<a href = file:////mnt/RTFS_WEBAUTOMATION/NewAutomationFrameWork/target/surefire-reports/screenshots/17_Nov_2014__05_49_37PM.png target='_blank'> <p align="left", style= "color: red; font: italic bold 12px/30px Georgia,serif;" >Click here for screen shot of Aurangabad Shirdi</p> </a>]]>
            </line>
          </reporter-output>
        </test-method> <!-- testVerifyHatchBackNight -->
        <test-method status="FAIL" signature="testVerifyHatchBackNight()[pri:0, instance:org.taxiforsure.rtfs.TestVerifyNightFutureBooking@2648ff61]" name="testVerifyHatchBackNight" duration-ms="26594" started-at="2014-11-17T17:49:04Z" finished-at="2014-11-17T17:49:31Z">
          <exception class="java.lang.NullPointerException">
            <full-stacktrace>
              <![CDATA[java.lang.NullPointerException
	at org.taxiforsure.utils.DataBaseUtils.closeConnection(DataBaseUtils.java:90)
	at org.taxiforsure.utils.DataBaseUtils.executeQuery(DataBaseUtils.java:43)
	at org.taxiforsure.answercall.AnswerCallScreen.getAllLocalities(AnswerCallScreen.java:541)
	at org.taxiforsure.answercall.AnswerCallScreen.getpickUpLocality(AnswerCallScreen.java:656)
	at org.taxiforsure.rtfs.TestVerifyNightFutureBooking.testVerifyHatchBackNight(TestVerifyNightFutureBooking.java:98)
	at sun.reflect.NativeMethodAccessorImpl.invoke0(Native Method)
	at sun.reflect.NativeMethodAccessorImpl.invoke(NativeMethodAccessorImpl.java:57)
	at sun.reflect.DelegatingMethodAccessorImpl.invoke(DelegatingMethodAccessorImpl.java:43)
	at java.lang.reflect.Method.invoke(Method.java:606)
	at org.testng.internal.MethodInvocationHelper.invokeMethod(MethodInvocationHelper.java:84)
	at org.testng.internal.Invoker.invokeMethod(Invoker.java:714)
	at org.testng.internal.Invoker.invokeTestMethod(Invoker.java:901)
	at org.testng.internal.Invoker.invokeTestMethods(Invoker.java:1231)
	at org.testng.internal.TestMethodWorker.invokeTestMethods(TestMethodWorker.java:127)
	at org.testng.internal.TestMethodWorker.run(TestMethodWorker.java:111)
	at java.util.concurrent.ThreadPoolExecutor.runWorker(ThreadPoolExecutor.java:1145)
	at java.util.concurrent.ThreadPoolExecutor$Worker.run(ThreadPoolExecutor.java:615)
	at java.lang.Thread.run(Thread.java:745)
]]>
            </full-stacktrace>
          </exception> <!-- java.lang.NullPointerException -->
          <reporter-output>
            <line>
              <![CDATA[<a href = file:////mnt/RTFS_WEBAUTOMATION/NewAutomationFrameWork/target/surefire-reports/screenshots/17_Nov_2014__05_49_32PM.png target='_blank'> <p align="left", style= "color: red; font: italic bold 12px/30px Georgia,serif;" >Click here for screen shot of Aurangabad Shirdi</p> </a>]]>
            </line>
          </reporter-output>
        </test-method> <!-- testVerifyHatchBackNight -->
        <test-method status="PASS" signature="cleanUp(org.testng.ITestResult)[pri:0, instance:org.taxiforsure.rtfs.TestVerifyNightFutureBooking@24b397e9]" name="cleanUp" is-config="true" duration-ms="1316" started-at="2014-11-17T17:49:31Z" finished-at="2014-11-17T17:49:32Z">
          <params>
            <param index="0">
              <value>
                <![CDATA[[TestResult name=testVerifyHatchBackNight status=FAILURE method=TestVerifyNightFutureBooking.testVerifyHatchBackNight()[pri:0, instance:org.taxiforsure.rtfs.TestVerifyNightFutureBooking@2648ff61] output=<a href = file:////mnt/RTFS_WEBAUTOMATION/NewAutomationFrameWork/target/surefire-reports/screenshots/17_Nov_2014__05_49_32PM.png target='_blank'> <p align="left", style= "color: red; font: italic bold 12px/30px Georgia,serif;" >Click here for screen shot of Aurangabad Shirdi</p> </a>]]]>
              </value>
            </param>
          </params>
          <reporter-output>
          </reporter-output>
        </test-method> <!-- cleanUp -->
        <test-method status="PASS" signature="setup()[pri:0, instance:org.taxiforsure.rtfs.TestVerifyNightFutureBooking@24b397e9]" name="setup" is-config="true" duration-ms="34581" started-at="2014-11-17T17:49:32Z" finished-at="2014-11-17T17:50:07Z">
          <reporter-output>
          </reporter-output>
        </test-method> <!-- setup -->
        <test-method status="PASS" signature="cleanUp(org.testng.ITestResult)[pri:0, instance:org.taxiforsure.rtfs.TestVerifyNightFutureBooking@24b397e9]" name="cleanUp" is-config="true" duration-ms="849" started-at="2014-11-17T17:49:36Z" finished-at="2014-11-17T17:49:37Z">
          <params>
            <param index="0">
              <value>
                <![CDATA[[TestResult name=testVerifyHatchBackNight status=FAILURE method=TestVerifyNightFutureBooking.testVerifyHatchBackNight()[pri:0, instance:org.taxiforsure.rtfs.TestVerifyNightFutureBooking@24b397e9] output=<a href = file:////mnt/RTFS_WEBAUTOMATION/NewAutomationFrameWork/target/surefire-reports/screenshots/17_Nov_2014__05_49_37PM.png target='_blank'> <p align="left", style= "color: red; font: italic bold 12px/30px Georgia,serif;" >Click here for screen shot of Aurangabad Shirdi</p> </a>]]]>
              </value>
            </param>
          </params>
          <reporter-output>
          </reporter-output>
        </test-method> <!-- cleanUp -->
        <test-method status="PASS" signature="setup()[pri:0, instance:org.taxiforsure.rtfs.TestVerifyNightFutureBooking@24b397e9]" name="setup" is-config="true" duration-ms="38223" started-at="2014-11-17T17:49:37Z" finished-at="2014-11-17T17:50:15Z">
          <reporter-output>
          </reporter-output>
        </test-method> <!-- setup -->
        <test-method status="FAIL" signature="testVerifyHatchBackNight()[pri:0, instance:org.taxiforsure.rtfs.TestVerifyNightFutureBooking@2764cea]" name="testVerifyHatchBackNight" duration-ms="35504" started-at="2014-11-17T17:50:07Z" finished-at="2014-11-17T17:50:42Z">
          <exception class="java.lang.ArrayIndexOutOfBoundsException">
            <message>
              <![CDATA[2]]>
            </message>
            <full-stacktrace>
              <![CDATA[java.lang.ArrayIndexOutOfBoundsException: 2
	at org.taxiforsure.actions.DoOperation.type(DoOperation.java:36)
	at org.taxiforsure.answercall.AnswerCallScreen.setPhoneNumber(AnswerCallScreen.java:189)
	at org.taxiforsure.rtfs.TestVerifyNightFutureBooking.testVerifyHatchBackNight(TestVerifyNightFutureBooking.java:95)
	at sun.reflect.NativeMethodAccessorImpl.invoke0(Native Method)
	at sun.reflect.NativeMethodAccessorImpl.invoke(NativeMethodAccessorImpl.java:57)
	at sun.reflect.DelegatingMethodAccessorImpl.invoke(DelegatingMethodAccessorImpl.java:43)
	at java.lang.reflect.Method.invoke(Method.java:606)
	at org.testng.internal.MethodInvocationHelper.invokeMethod(MethodInvocationHelper.java:84)
	at org.testng.internal.Invoker.invokeMethod(Invoker.java:714)
	at org.testng.internal.Invoker.invokeTestMethod(Invoker.java:901)
	at org.testng.internal.Invoker.invokeTestMethods(Invoker.java:1231)
	at org.testng.internal.TestMethodWorker.invokeTestMethods(TestMethodWorker.java:127)
	at org.testng.internal.TestMethodWorker.run(TestMethodWorker.java:111)
	at java.util.concurrent.ThreadPoolExecutor.runWorker(ThreadPoolExecutor.java:1145)
	at java.util.concurrent.ThreadPoolExecutor$Worker.run(ThreadPoolExecutor.java:615)
	at java.lang.Thread.run(Thread.java:745)
]]>
            </full-stacktrace>
          </exception> <!-- java.lang.ArrayIndexOutOfBoundsException -->
          <reporter-output>
            <line>
              <![CDATA[<a href = file:////mnt/RTFS_WEBAUTOMATION/NewAutomationFrameWork/target/surefire-reports/screenshots/17_Nov_2014__05_50_43PM.png target='_blank'> <p align="left", style= "color: red; font: italic bold 12px/30px Georgia,serif;" >Click here for screen shot of Aurangabad Shirdi</p> </a>]]>
            </line>
          </reporter-output>
        </test-method> <!-- testVerifyHatchBackNight -->
        <test-method status="FAIL" signature="testVerifyHatchBackNight()[pri:0, instance:org.taxiforsure.rtfs.TestVerifyNightFutureBooking@37e66f47]" name="testVerifyHatchBackNight" duration-ms="19197" started-at="2014-11-17T17:50:15Z" finished-at="2014-11-17T17:50:35Z">
          <exception class="java.lang.NullPointerException">
            <full-stacktrace>
              <![CDATA[java.lang.NullPointerException
	at org.taxiforsure.utils.DataBaseUtils.closeConnection(DataBaseUtils.java:90)
	at org.taxiforsure.utils.DataBaseUtils.executeQuery(DataBaseUtils.java:43)
	at org.taxiforsure.answercall.AnswerCallScreen.getAllLocalities(AnswerCallScreen.java:541)
	at org.taxiforsure.answercall.AnswerCallScreen.getpickUpLocality(AnswerCallScreen.java:656)
	at org.taxiforsure.rtfs.TestVerifyNightFutureBooking.testVerifyHatchBackNight(TestVerifyNightFutureBooking.java:98)
	at sun.reflect.NativeMethodAccessorImpl.invoke0(Native Method)
	at sun.reflect.NativeMethodAccessorImpl.invoke(NativeMethodAccessorImpl.java:57)
	at sun.reflect.DelegatingMethodAccessorImpl.invoke(DelegatingMethodAccessorImpl.java:43)
	at java.lang.reflect.Method.invoke(Method.java:606)
	at org.testng.internal.MethodInvocationHelper.invokeMethod(MethodInvocationHelper.java:84)
	at org.testng.internal.Invoker.invokeMethod(Invoker.java:714)
	at org.testng.internal.Invoker.invokeTestMethod(Invoker.java:901)
	at org.testng.internal.Invoker.invokeTestMethods(Invoker.java:1231)
	at org.testng.internal.TestMethodWorker.invokeTestMethods(TestMethodWorker.java:127)
	at org.testng.internal.TestMethodWorker.run(TestMethodWorker.java:111)
	at java.util.concurrent.ThreadPoolExecutor.runWorker(ThreadPoolExecutor.java:1145)
	at java.util.concurrent.ThreadPoolExecutor$Worker.run(ThreadPoolExecutor.java:615)
	at java.lang.Thread.run(Thread.java:745)
]]>
            </full-stacktrace>
          </exception> <!-- java.lang.NullPointerException -->
          <reporter-output>
            <line>
              <![CDATA[<a href = file:////mnt/RTFS_WEBAUTOMATION/NewAutomationFrameWork/target/surefire-reports/screenshots/17_Nov_2014__05_50_36PM.png target='_blank'> <p align="left", style= "color: red; font: italic bold 12px/30px Georgia,serif;" >Click here for screen shot of Aurangabad Point to Point</p> </a>]]>
            </line>
          </reporter-output>
        </test-method> <!-- testVerifyHatchBackNight -->
        <test-method status="PASS" signature="cleanUp(org.testng.ITestResult)[pri:0, instance:org.taxiforsure.rtfs.TestVerifyNightFutureBooking@24b397e9]" name="cleanUp" is-config="true" duration-ms="1531" started-at="2014-11-17T17:50:35Z" finished-at="2014-11-17T17:50:36Z">
          <params>
            <param index="0">
              <value>
                <![CDATA[[TestResult name=testVerifyHatchBackNight status=FAILURE method=TestVerifyNightFutureBooking.testVerifyHatchBackNight()[pri:0, instance:org.taxiforsure.rtfs.TestVerifyNightFutureBooking@37e66f47] output=<a href = file:////mnt/RTFS_WEBAUTOMATION/NewAutomationFrameWork/target/surefire-reports/screenshots/17_Nov_2014__05_50_36PM.png target='_blank'> <p align="left", style= "color: red; font: italic bold 12px/30px Georgia,serif;" >Click here for screen shot of Aurangabad Point to Point</p> </a>]]]>
              </value>
            </param>
          </params>
          <reporter-output>
          </reporter-output>
        </test-method> <!-- cleanUp -->
        <test-method status="PASS" signature="setup()[pri:0, instance:org.taxiforsure.rtfs.TestVerifyNightFutureBooking@24b397e9]" name="setup" is-config="true" duration-ms="34524" started-at="2014-11-17T17:50:36Z" finished-at="2014-11-17T17:51:11Z">
          <reporter-output>
          </reporter-output>
        </test-method> <!-- setup -->
        <test-method status="PASS" signature="cleanUp(org.testng.ITestResult)[pri:0, instance:org.taxiforsure.rtfs.TestVerifyNightFutureBooking@24b397e9]" name="cleanUp" is-config="true" duration-ms="851" started-at="2014-11-17T17:50:42Z" finished-at="2014-11-17T17:50:43Z">
          <params>
            <param index="0">
              <value>
                <![CDATA[[TestResult name=testVerifyHatchBackNight status=FAILURE method=TestVerifyNightFutureBooking.testVerifyHatchBackNight()[pri:0, instance:org.taxiforsure.rtfs.TestVerifyNightFutureBooking@2764cea] output=<a href = file:////mnt/RTFS_WEBAUTOMATION/NewAutomationFrameWork/target/surefire-reports/screenshots/17_Nov_2014__05_50_43PM.png target='_blank'> <p align="left", style= "color: red; font: italic bold 12px/30px Georgia,serif;" >Click here for screen shot of Aurangabad Shirdi</p> </a>]]]>
              </value>
            </param>
          </params>
          <reporter-output>
          </reporter-output>
        </test-method> <!-- cleanUp -->
        <test-method status="PASS" signature="setup()[pri:0, instance:org.taxiforsure.rtfs.TestVerifyNightFutureBooking@24b397e9]" name="setup" is-config="true" duration-ms="37148" started-at="2014-11-17T17:50:43Z" finished-at="2014-11-17T17:51:20Z">
          <reporter-output>
          </reporter-output>
        </test-method> <!-- setup -->
        <test-method status="FAIL" signature="testVerifyHatchBackNight()[pri:0, instance:org.taxiforsure.rtfs.TestVerifyNightFutureBooking@3f6e4f00]" name="testVerifyHatchBackNight" duration-ms="18675" started-at="2014-11-17T17:51:11Z" finished-at="2014-11-17T17:51:29Z">
          <exception class="java.lang.NullPointerException">
            <full-stacktrace>
              <![CDATA[java.lang.NullPointerException
	at org.taxiforsure.utils.DataBaseUtils.closeConnection(DataBaseUtils.java:90)
	at org.taxiforsure.utils.DataBaseUtils.executeQuery(DataBaseUtils.java:43)
	at org.taxiforsure.answercall.AnswerCallScreen.getAllLocalities(AnswerCallScreen.java:541)
	at org.taxiforsure.answercall.AnswerCallScreen.getpickUpLocality(AnswerCallScreen.java:656)
	at org.taxiforsure.rtfs.TestVerifyNightFutureBooking.testVerifyHatchBackNight(TestVerifyNightFutureBooking.java:98)
	at sun.reflect.NativeMethodAccessorImpl.invoke0(Native Method)
	at sun.reflect.NativeMethodAccessorImpl.invoke(NativeMethodAccessorImpl.java:57)
	at sun.reflect.DelegatingMethodAccessorImpl.invoke(DelegatingMethodAccessorImpl.java:43)
	at java.lang.reflect.Method.invoke(Method.java:606)
	at org.testng.internal.MethodInvocationHelper.invokeMethod(MethodInvocationHelper.java:84)
	at org.testng.internal.Invoker.invokeMethod(Invoker.java:714)
	at org.testng.internal.Invoker.invokeTestMethod(Invoker.java:901)
	at org.testng.internal.Invoker.invokeTestMethods(Invoker.java:1231)
	at org.testng.internal.TestMethodWorker.invokeTestMethods(TestMethodWorker.java:127)
	at org.testng.internal.TestMethodWorker.run(TestMethodWorker.java:111)
	at java.util.concurrent.ThreadPoolExecutor.runWorker(ThreadPoolExecutor.java:1145)
	at java.util.concurrent.ThreadPoolExecutor$Worker.run(ThreadPoolExecutor.java:615)
	at java.lang.Thread.run(Thread.java:745)
]]>
            </full-stacktrace>
          </exception> <!-- java.lang.NullPointerException -->
          <reporter-output>
            <line>
              <![CDATA[<a href = file:////mnt/RTFS_WEBAUTOMATION/NewAutomationFrameWork/target/surefire-reports/screenshots/17_Nov_2014__05_51_31PM.png target='_blank'> <p align="left", style= "color: red; font: italic bold 12px/30px Georgia,serif;" >Click here for screen shot of Aurangabad 4hrs 40Kms</p> </a>]]>
            </line>
          </reporter-output>
        </test-method> <!-- testVerifyHatchBackNight -->
        <test-method status="FAIL" signature="testVerifyHatchBackNight()[pri:0, instance:org.taxiforsure.rtfs.TestVerifyNightFutureBooking@42e094cc]" name="testVerifyHatchBackNight" duration-ms="19880" started-at="2014-11-17T17:51:20Z" finished-at="2014-11-17T17:51:40Z">
          <exception class="java.lang.NullPointerException">
            <full-stacktrace>
              <![CDATA[java.lang.NullPointerException
	at org.taxiforsure.utils.DataBaseUtils.closeConnection(DataBaseUtils.java:90)
	at org.taxiforsure.utils.DataBaseUtils.executeQuery(DataBaseUtils.java:43)
	at org.taxiforsure.answercall.AnswerCallScreen.getAllLocalities(AnswerCallScreen.java:541)
	at org.taxiforsure.answercall.AnswerCallScreen.getpickUpLocality(AnswerCallScreen.java:656)
	at org.taxiforsure.rtfs.TestVerifyNightFutureBooking.testVerifyHatchBackNight(TestVerifyNightFutureBooking.java:98)
	at sun.reflect.NativeMethodAccessorImpl.invoke0(Native Method)
	at sun.reflect.NativeMethodAccessorImpl.invoke(NativeMethodAccessorImpl.java:57)
	at sun.reflect.DelegatingMethodAccessorImpl.invoke(DelegatingMethodAccessorImpl.java:43)
	at java.lang.reflect.Method.invoke(Method.java:606)
	at org.testng.internal.MethodInvocationHelper.invokeMethod(MethodInvocationHelper.java:84)
	at org.testng.internal.Invoker.invokeMethod(Invoker.java:714)
	at org.testng.internal.Invoker.invokeTestMethod(Invoker.java:901)
	at org.testng.internal.Invoker.invokeTestMethods(Invoker.java:1231)
	at org.testng.internal.TestMethodWorker.invokeTestMethods(TestMethodWorker.java:127)
	at org.testng.internal.TestMethodWorker.run(TestMethodWorker.java:111)
	at java.util.concurrent.ThreadPoolExecutor.runWorker(ThreadPoolExecutor.java:1145)
	at java.util.concurrent.ThreadPoolExecutor$Worker.run(ThreadPoolExecutor.java:615)
	at java.lang.Thread.run(Thread.java:745)
]]>
            </full-stacktrace>
          </exception> <!-- java.lang.NullPointerException -->
          <reporter-output>
            <line>
              <![CDATA[<a href = file:////mnt/RTFS_WEBAUTOMATION/NewAutomationFrameWork/target/surefire-reports/screenshots/17_Nov_2014__05_51_41PM.png target='_blank'> <p align="left", style= "color: red; font: italic bold 12px/30px Georgia,serif;" >Click here for screen shot of Aurangabad Ajanta Caves</p> </a>]]>
            </line>
          </reporter-output>
        </test-method> <!-- testVerifyHatchBackNight -->
        <test-method status="PASS" signature="cleanUp(org.testng.ITestResult)[pri:0, instance:org.taxiforsure.rtfs.TestVerifyNightFutureBooking@24b397e9]" name="cleanUp" is-config="true" duration-ms="1647" started-at="2014-11-17T17:51:29Z" finished-at="2014-11-17T17:51:31Z">
          <params>
            <param index="0">
              <value>
                <![CDATA[[TestResult name=testVerifyHatchBackNight status=FAILURE method=TestVerifyNightFutureBooking.testVerifyHatchBackNight()[pri:0, instance:org.taxiforsure.rtfs.TestVerifyNightFutureBooking@3f6e4f00] output=<a href = file:////mnt/RTFS_WEBAUTOMATION/NewAutomationFrameWork/target/surefire-reports/screenshots/17_Nov_2014__05_51_31PM.png target='_blank'> <p align="left", style= "color: red; font: italic bold 12px/30px Georgia,serif;" >Click here for screen shot of Aurangabad 4hrs 40Kms</p> </a>]]]>
              </value>
            </param>
          </params>
          <reporter-output>
          </reporter-output>
        </test-method> <!-- cleanUp -->
        <test-method status="PASS" signature="setup()[pri:0, instance:org.taxiforsure.rtfs.TestVerifyNightFutureBooking@24b397e9]" name="setup" is-config="true" duration-ms="37998" started-at="2014-11-17T17:51:31Z" finished-at="2014-11-17T17:52:09Z">
          <reporter-output>
          </reporter-output>
        </test-method> <!-- setup -->
        <test-method status="PASS" signature="cleanUp(org.testng.ITestResult)[pri:0, instance:org.taxiforsure.rtfs.TestVerifyNightFutureBooking@24b397e9]" name="cleanUp" is-config="true" duration-ms="1616" started-at="2014-11-17T17:51:40Z" finished-at="2014-11-17T17:51:42Z">
          <params>
            <param index="0">
              <value>
                <![CDATA[[TestResult name=testVerifyHatchBackNight status=FAILURE method=TestVerifyNightFutureBooking.testVerifyHatchBackNight()[pri:0, instance:org.taxiforsure.rtfs.TestVerifyNightFutureBooking@42e094cc] output=<a href = file:////mnt/RTFS_WEBAUTOMATION/NewAutomationFrameWork/target/surefire-reports/screenshots/17_Nov_2014__05_51_41PM.png target='_blank'> <p align="left", style= "color: red; font: italic bold 12px/30px Georgia,serif;" >Click here for screen shot of Aurangabad Ajanta Caves</p> </a>]]]>
              </value>
            </param>
          </params>
          <reporter-output>
          </reporter-output>
        </test-method> <!-- cleanUp -->
        <test-method status="PASS" signature="setup()[pri:0, instance:org.taxiforsure.rtfs.TestVerifyNightFutureBooking@24b397e9]" name="setup" is-config="true" duration-ms="34410" started-at="2014-11-17T17:51:42Z" finished-at="2014-11-17T17:52:16Z">
          <reporter-output>
          </reporter-output>
        </test-method> <!-- setup -->
        <test-method status="FAIL" signature="testVerifyHatchBackNight()[pri:0, instance:org.taxiforsure.rtfs.TestVerifyNightFutureBooking@47165281]" name="testVerifyHatchBackNight" duration-ms="34379" started-at="2014-11-17T17:52:09Z" finished-at="2014-11-17T17:52:43Z">
          <exception class="java.lang.ArrayIndexOutOfBoundsException">
            <message>
              <![CDATA[2]]>
            </message>
            <full-stacktrace>
              <![CDATA[java.lang.ArrayIndexOutOfBoundsException: 2
	at org.taxiforsure.actions.DoOperation.type(DoOperation.java:36)
	at org.taxiforsure.answercall.AnswerCallScreen.setPhoneNumber(AnswerCallScreen.java:189)
	at org.taxiforsure.rtfs.TestVerifyNightFutureBooking.testVerifyHatchBackNight(TestVerifyNightFutureBooking.java:95)
	at sun.reflect.NativeMethodAccessorImpl.invoke0(Native Method)
	at sun.reflect.NativeMethodAccessorImpl.invoke(NativeMethodAccessorImpl.java:57)
	at sun.reflect.DelegatingMethodAccessorImpl.invoke(DelegatingMethodAccessorImpl.java:43)
	at java.lang.reflect.Method.invoke(Method.java:606)
	at org.testng.internal.MethodInvocationHelper.invokeMethod(MethodInvocationHelper.java:84)
	at org.testng.internal.Invoker.invokeMethod(Invoker.java:714)
	at org.testng.internal.Invoker.invokeTestMethod(Invoker.java:901)
	at org.testng.internal.Invoker.invokeTestMethods(Invoker.java:1231)
	at org.testng.internal.TestMethodWorker.invokeTestMethods(TestMethodWorker.java:127)
	at org.testng.internal.TestMethodWorker.run(TestMethodWorker.java:111)
	at java.util.concurrent.ThreadPoolExecutor.runWorker(ThreadPoolExecutor.java:1145)
	at java.util.concurrent.ThreadPoolExecutor$Worker.run(ThreadPoolExecutor.java:615)
	at java.lang.Thread.run(Thread.java:745)
]]>
            </full-stacktrace>
          </exception> <!-- java.lang.ArrayIndexOutOfBoundsException -->
          <reporter-output>
            <line>
              <![CDATA[<a href = file:////mnt/RTFS_WEBAUTOMATION/NewAutomationFrameWork/target/surefire-reports/screenshots/17_Nov_2014__05_52_44PM.png target='_blank'> <p align="left", style= "color: red; font: italic bold 12px/30px Georgia,serif;" >Click here for screen shot of Aurangabad 8hrs 80Kms</p> </a>]]>
            </line>
          </reporter-output>
        </test-method> <!-- testVerifyHatchBackNight -->
        <test-method status="FAIL" signature="testVerifyHatchBackNight()[pri:0, instance:org.taxiforsure.rtfs.TestVerifyNightFutureBooking@51485b22]" name="testVerifyHatchBackNight" duration-ms="19672" started-at="2014-11-17T17:52:16Z" finished-at="2014-11-17T17:52:36Z">
          <exception class="java.lang.NullPointerException">
            <full-stacktrace>
              <![CDATA[java.lang.NullPointerException
	at org.taxiforsure.utils.DataBaseUtils.closeConnection(DataBaseUtils.java:90)
	at org.taxiforsure.utils.DataBaseUtils.executeQuery(DataBaseUtils.java:43)
	at org.taxiforsure.answercall.AnswerCallScreen.getAllLocalities(AnswerCallScreen.java:541)
	at org.taxiforsure.answercall.AnswerCallScreen.getpickUpLocality(AnswerCallScreen.java:656)
	at org.taxiforsure.rtfs.TestVerifyNightFutureBooking.testVerifyHatchBackNight(TestVerifyNightFutureBooking.java:98)
	at sun.reflect.NativeMethodAccessorImpl.invoke0(Native Method)
	at sun.reflect.NativeMethodAccessorImpl.invoke(NativeMethodAccessorImpl.java:57)
	at sun.reflect.DelegatingMethodAccessorImpl.invoke(DelegatingMethodAccessorImpl.java:43)
	at java.lang.reflect.Method.invoke(Method.java:606)
	at org.testng.internal.MethodInvocationHelper.invokeMethod(MethodInvocationHelper.java:84)
	at org.testng.internal.Invoker.invokeMethod(Invoker.java:714)
	at org.testng.internal.Invoker.invokeTestMethod(Invoker.java:901)
	at org.testng.internal.Invoker.invokeTestMethods(Invoker.java:1231)
	at org.testng.internal.TestMethodWorker.invokeTestMethods(TestMethodWorker.java:127)
	at org.testng.internal.TestMethodWorker.run(TestMethodWorker.java:111)
	at java.util.concurrent.ThreadPoolExecutor.runWorker(ThreadPoolExecutor.java:1145)
	at java.util.concurrent.ThreadPoolExecutor$Worker.run(ThreadPoolExecutor.java:615)
	at java.lang.Thread.run(Thread.java:745)
]]>
            </full-stacktrace>
          </exception> <!-- java.lang.NullPointerException -->
          <reporter-output>
            <line>
              <![CDATA[<a href = file:////mnt/RTFS_WEBAUTOMATION/NewAutomationFrameWork/target/surefire-reports/screenshots/17_Nov_2014__05_52_37PM.png target='_blank'> <p align="left", style= "color: red; font: italic bold 12px/30px Georgia,serif;" >Click here for screen shot of Aurangabad Ajanta Caves</p> </a>]]>
            </line>
          </reporter-output>
        </test-method> <!-- testVerifyHatchBackNight -->
        <test-method status="PASS" signature="cleanUp(org.testng.ITestResult)[pri:0, instance:org.taxiforsure.rtfs.TestVerifyNightFutureBooking@24b397e9]" name="cleanUp" is-config="true" duration-ms="3143" started-at="2014-11-17T17:52:36Z" finished-at="2014-11-17T17:52:39Z">
          <params>
            <param index="0">
              <value>
                <![CDATA[[TestResult name=testVerifyHatchBackNight status=FAILURE method=TestVerifyNightFutureBooking.testVerifyHatchBackNight()[pri:0, instance:org.taxiforsure.rtfs.TestVerifyNightFutureBooking@51485b22] output=<a href = file:////mnt/RTFS_WEBAUTOMATION/NewAutomationFrameWork/target/surefire-reports/screenshots/17_Nov_2014__05_52_37PM.png target='_blank'> <p align="left", style= "color: red; font: italic bold 12px/30px Georgia,serif;" >Click here for screen shot of Aurangabad Ajanta Caves</p> </a>]]]>
              </value>
            </param>
          </params>
          <reporter-output>
          </reporter-output>
        </test-method> <!-- cleanUp -->
        <test-method status="PASS" signature="setup()[pri:0, instance:org.taxiforsure.rtfs.TestVerifyNightFutureBooking@24b397e9]" name="setup" is-config="true" duration-ms="44457" started-at="2014-11-17T17:52:39Z" finished-at="2014-11-17T17:53:23Z">
          <reporter-output>
          </reporter-output>
        </test-method> <!-- setup -->
        <test-method status="PASS" signature="cleanUp(org.testng.ITestResult)[pri:0, instance:org.taxiforsure.rtfs.TestVerifyNightFutureBooking@24b397e9]" name="cleanUp" is-config="true" duration-ms="977" started-at="2014-11-17T17:52:43Z" finished-at="2014-11-17T17:52:44Z">
          <params>
            <param index="0">
              <value>
                <![CDATA[[TestResult name=testVerifyHatchBackNight status=FAILURE method=TestVerifyNightFutureBooking.testVerifyHatchBackNight()[pri:0, instance:org.taxiforsure.rtfs.TestVerifyNightFutureBooking@47165281] output=<a href = file:////mnt/RTFS_WEBAUTOMATION/NewAutomationFrameWork/target/surefire-reports/screenshots/17_Nov_2014__05_52_44PM.png target='_blank'> <p align="left", style= "color: red; font: italic bold 12px/30px Georgia,serif;" >Click here for screen shot of Aurangabad 8hrs 80Kms</p> </a>]]]>
              </value>
            </param>
          </params>
          <reporter-output>
          </reporter-output>
        </test-method> <!-- cleanUp -->
        <test-method status="PASS" signature="setup()[pri:0, instance:org.taxiforsure.rtfs.TestVerifyNightFutureBooking@24b397e9]" name="setup" is-config="true" duration-ms="39756" started-at="2014-11-17T17:52:44Z" finished-at="2014-11-17T17:53:24Z">
          <reporter-output>
          </reporter-output>
        </test-method> <!-- setup -->
        <test-method status="FAIL" signature="testVerifyHatchBackNight()[pri:0, instance:org.taxiforsure.rtfs.TestVerifyNightFutureBooking@51d934bf]" name="testVerifyHatchBackNight" duration-ms="26912" started-at="2014-11-17T17:53:23Z" finished-at="2014-11-17T17:53:50Z">
          <exception class="java.lang.NullPointerException">
            <full-stacktrace>
              <![CDATA[java.lang.NullPointerException
	at org.taxiforsure.utils.DataBaseUtils.closeConnection(DataBaseUtils.java:90)
	at org.taxiforsure.utils.DataBaseUtils.executeQuery(DataBaseUtils.java:43)
	at org.taxiforsure.answercall.AnswerCallScreen.getAllLocalities(AnswerCallScreen.java:541)
	at org.taxiforsure.answercall.AnswerCallScreen.getpickUpLocality(AnswerCallScreen.java:656)
	at org.taxiforsure.rtfs.TestVerifyNightFutureBooking.testVerifyHatchBackNight(TestVerifyNightFutureBooking.java:98)
	at sun.reflect.NativeMethodAccessorImpl.invoke0(Native Method)
	at sun.reflect.NativeMethodAccessorImpl.invoke(NativeMethodAccessorImpl.java:57)
	at sun.reflect.DelegatingMethodAccessorImpl.invoke(DelegatingMethodAccessorImpl.java:43)
	at java.lang.reflect.Method.invoke(Method.java:606)
	at org.testng.internal.MethodInvocationHelper.invokeMethod(MethodInvocationHelper.java:84)
	at org.testng.internal.Invoker.invokeMethod(Invoker.java:714)
	at org.testng.internal.Invoker.invokeTestMethod(Invoker.java:901)
	at org.testng.internal.Invoker.invokeTestMethods(Invoker.java:1231)
	at org.testng.internal.TestMethodWorker.invokeTestMethods(TestMethodWorker.java:127)
	at org.testng.internal.TestMethodWorker.run(TestMethodWorker.java:111)
	at java.util.concurrent.ThreadPoolExecutor.runWorker(ThreadPoolExecutor.java:1145)
	at java.util.concurrent.ThreadPoolExecutor$Worker.run(ThreadPoolExecutor.java:615)
	at java.lang.Thread.run(Thread.java:745)
]]>
            </full-stacktrace>
          </exception> <!-- java.lang.NullPointerException -->
          <reporter-output>
            <line>
              <![CDATA[<a href = file:////mnt/RTFS_WEBAUTOMATION/NewAutomationFrameWork/target/surefire-reports/screenshots/17_Nov_2014__05_53_52PM.png target='_blank'> <p align="left", style= "color: red; font: italic bold 12px/30px Georgia,serif;" >Click here for screen shot of Aurangabad Railway Transfer</p> </a>]]>
            </line>
          </reporter-output>
        </test-method> <!-- testVerifyHatchBackNight -->
        <test-method status="FAIL" signature="testVerifyHatchBackNight()[pri:0, instance:org.taxiforsure.rtfs.TestVerifyNightFutureBooking@52b0cc28]" name="testVerifyHatchBackNight" duration-ms="26297" started-at="2014-11-17T17:53:24Z" finished-at="2014-11-17T17:53:50Z">
          <exception class="java.lang.NullPointerException">
            <full-stacktrace>
              <![CDATA[java.lang.NullPointerException
	at org.taxiforsure.utils.DataBaseUtils.closeConnection(DataBaseUtils.java:90)
	at org.taxiforsure.utils.DataBaseUtils.executeQuery(DataBaseUtils.java:43)
	at org.taxiforsure.answercall.AnswerCallScreen.getAllLocalities(AnswerCallScreen.java:541)
	at org.taxiforsure.answercall.AnswerCallScreen.getpickUpLocality(AnswerCallScreen.java:656)
	at org.taxiforsure.rtfs.TestVerifyNightFutureBooking.testVerifyHatchBackNight(TestVerifyNightFutureBooking.java:98)
	at sun.reflect.NativeMethodAccessorImpl.invoke0(Native Method)
	at sun.reflect.NativeMethodAccessorImpl.invoke(NativeMethodAccessorImpl.java:57)
	at sun.reflect.DelegatingMethodAccessorImpl.invoke(DelegatingMethodAccessorImpl.java:43)
	at java.lang.reflect.Method.invoke(Method.java:606)
	at org.testng.internal.MethodInvocationHelper.invokeMethod(MethodInvocationHelper.java:84)
	at org.testng.internal.Invoker.invokeMethod(Invoker.java:714)
	at org.testng.internal.Invoker.invokeTestMethod(Invoker.java:901)
	at org.testng.internal.Invoker.invokeTestMethods(Invoker.java:1231)
	at org.testng.internal.TestMethodWorker.invokeTestMethods(TestMethodWorker.java:127)
	at org.testng.internal.TestMethodWorker.run(TestMethodWorker.java:111)
	at java.util.concurrent.ThreadPoolExecutor.runWorker(ThreadPoolExecutor.java:1145)
	at java.util.concurrent.ThreadPoolExecutor$Worker.run(ThreadPoolExecutor.java:615)
	at java.lang.Thread.run(Thread.java:745)
]]>
            </full-stacktrace>
          </exception> <!-- java.lang.NullPointerException -->
          <reporter-output>
            <line>
              <![CDATA[<a href = file:////mnt/RTFS_WEBAUTOMATION/NewAutomationFrameWork/target/surefire-reports/screenshots/17_Nov_2014__05_53_52PM.png target='_blank'> <p align="left", style= "color: red; font: italic bold 12px/30px Georgia,serif;" >Click here for screen shot of Aurangabad Outstation</p> </a>]]>
            </line>
          </reporter-output>
        </test-method> <!-- testVerifyHatchBackNight -->
        <test-method status="PASS" signature="cleanUp(org.testng.ITestResult)[pri:0, instance:org.taxiforsure.rtfs.TestVerifyNightFutureBooking@24b397e9]" name="cleanUp" is-config="true" duration-ms="1640" started-at="2014-11-17T17:53:50Z" finished-at="2014-11-17T17:53:52Z">
          <params>
            <param index="0">
              <value>
                <![CDATA[[TestResult name=testVerifyHatchBackNight status=FAILURE method=TestVerifyNightFutureBooking.testVerifyHatchBackNight()[pri:0, instance:org.taxiforsure.rtfs.TestVerifyNightFutureBooking@51d934bf] output=<a href = file:////mnt/RTFS_WEBAUTOMATION/NewAutomationFrameWork/target/surefire-reports/screenshots/17_Nov_2014__05_53_52PM.png target='_blank'> <p align="left", style= "color: red; font: italic bold 12px/30px Georgia,serif;" >Click here for screen shot of Aurangabad Railway Transfer</p> </a>]]]>
              </value>
            </param>
          </params>
          <reporter-output>
          </reporter-output>
        </test-method> <!-- cleanUp -->
        <test-method status="PASS" signature="cleanUp(org.testng.ITestResult)[pri:0, instance:org.taxiforsure.rtfs.TestVerifyNightFutureBooking@24b397e9]" name="cleanUp" is-config="true" duration-ms="1746" started-at="2014-11-17T17:53:50Z" finished-at="2014-11-17T17:53:52Z">
          <params>
            <param index="0">
              <value>
                <![CDATA[[TestResult name=testVerifyHatchBackNight status=FAILURE method=TestVerifyNightFutureBooking.testVerifyHatchBackNight()[pri:0, instance:org.taxiforsure.rtfs.TestVerifyNightFutureBooking@52b0cc28] output=<a href = file:////mnt/RTFS_WEBAUTOMATION/NewAutomationFrameWork/target/surefire-reports/screenshots/17_Nov_2014__05_53_52PM.png target='_blank'> <p align="left", style= "color: red; font: italic bold 12px/30px Georgia,serif;" >Click here for screen shot of Aurangabad Outstation</p> </a>]]]>
              </value>
            </param>
          </params>
          <reporter-output>
          </reporter-output>
        </test-method> <!-- cleanUp -->
        <test-method status="PASS" signature="setup()[pri:0, instance:org.taxiforsure.rtfs.TestVerifyNightFutureBooking@24b397e9]" name="setup" is-config="true" duration-ms="35755" started-at="2014-11-17T17:53:52Z" finished-at="2014-11-17T17:54:28Z">
          <reporter-output>
          </reporter-output>
        </test-method> <!-- setup -->
        <test-method status="PASS" signature="setup()[pri:0, instance:org.taxiforsure.rtfs.TestVerifyNightFutureBooking@24b397e9]" name="setup" is-config="true" duration-ms="36008" started-at="2014-11-17T17:53:52Z" finished-at="2014-11-17T17:54:28Z">
          <reporter-output>
          </reporter-output>
        </test-method> <!-- setup -->
        <test-method status="FAIL" signature="testVerifyHatchBackNight()[pri:0, instance:org.taxiforsure.rtfs.TestVerifyNightFutureBooking@552b8081]" name="testVerifyHatchBackNight" duration-ms="21561" started-at="2014-11-17T17:54:28Z" finished-at="2014-11-17T17:54:49Z">
          <exception class="java.lang.NullPointerException">
            <full-stacktrace>
              <![CDATA[java.lang.NullPointerException
	at org.taxiforsure.utils.DataBaseUtils.closeConnection(DataBaseUtils.java:90)
	at org.taxiforsure.utils.DataBaseUtils.executeQuery(DataBaseUtils.java:43)
	at org.taxiforsure.answercall.AnswerCallScreen.getAllLocalities(AnswerCallScreen.java:541)
	at org.taxiforsure.answercall.AnswerCallScreen.getpickUpLocality(AnswerCallScreen.java:656)
	at org.taxiforsure.rtfs.TestVerifyNightFutureBooking.testVerifyHatchBackNight(TestVerifyNightFutureBooking.java:98)
	at sun.reflect.NativeMethodAccessorImpl.invoke0(Native Method)
	at sun.reflect.NativeMethodAccessorImpl.invoke(NativeMethodAccessorImpl.java:57)
	at sun.reflect.DelegatingMethodAccessorImpl.invoke(DelegatingMethodAccessorImpl.java:43)
	at java.lang.reflect.Method.invoke(Method.java:606)
	at org.testng.internal.MethodInvocationHelper.invokeMethod(MethodInvocationHelper.java:84)
	at org.testng.internal.Invoker.invokeMethod(Invoker.java:714)
	at org.testng.internal.Invoker.invokeTestMethod(Invoker.java:901)
	at org.testng.internal.Invoker.invokeTestMethods(Invoker.java:1231)
	at org.testng.internal.TestMethodWorker.invokeTestMethods(TestMethodWorker.java:127)
	at org.testng.internal.TestMethodWorker.run(TestMethodWorker.java:111)
	at java.util.concurrent.ThreadPoolExecutor.runWorker(ThreadPoolExecutor.java:1145)
	at java.util.concurrent.ThreadPoolExecutor$Worker.run(ThreadPoolExecutor.java:615)
	at java.lang.Thread.run(Thread.java:745)
]]>
            </full-stacktrace>
          </exception> <!-- java.lang.NullPointerException -->
          <reporter-output>
            <line>
              <![CDATA[<a href = file:////mnt/RTFS_WEBAUTOMATION/NewAutomationFrameWork/target/surefire-reports/screenshots/17_Nov_2014__05_54_51PM.png target='_blank'> <p align="left", style= "color: red; font: italic bold 12px/30px Georgia,serif;" >Click here for screen shot of Aurangabad Intercity</p> </a>]]>
            </line>
          </reporter-output>
        </test-method> <!-- testVerifyHatchBackNight -->
        <test-method status="FAIL" signature="testVerifyHatchBackNight()[pri:0, instance:org.taxiforsure.rtfs.TestVerifyNightFutureBooking@55dc113b]" name="testVerifyHatchBackNight" duration-ms="20811" started-at="2014-11-17T17:54:28Z" finished-at="2014-11-17T17:54:49Z">
          <exception class="java.lang.NullPointerException">
            <full-stacktrace>
              <![CDATA[java.lang.NullPointerException
	at org.taxiforsure.utils.DataBaseUtils.closeConnection(DataBaseUtils.java:90)
	at org.taxiforsure.utils.DataBaseUtils.executeQuery(DataBaseUtils.java:43)
	at org.taxiforsure.answercall.AnswerCallScreen.getAllLocalities(AnswerCallScreen.java:541)
	at org.taxiforsure.answercall.AnswerCallScreen.getpickUpLocality(AnswerCallScreen.java:656)
	at org.taxiforsure.rtfs.TestVerifyNightFutureBooking.testVerifyHatchBackNight(TestVerifyNightFutureBooking.java:98)
	at sun.reflect.NativeMethodAccessorImpl.invoke0(Native Method)
	at sun.reflect.NativeMethodAccessorImpl.invoke(NativeMethodAccessorImpl.java:57)
	at sun.reflect.DelegatingMethodAccessorImpl.invoke(DelegatingMethodAccessorImpl.java:43)
	at java.lang.reflect.Method.invoke(Method.java:606)
	at org.testng.internal.MethodInvocationHelper.invokeMethod(MethodInvocationHelper.java:84)
	at org.testng.internal.Invoker.invokeMethod(Invoker.java:714)
	at org.testng.internal.Invoker.invokeTestMethod(Invoker.java:901)
	at org.testng.internal.Invoker.invokeTestMethods(Invoker.java:1231)
	at org.testng.internal.TestMethodWorker.invokeTestMethods(TestMethodWorker.java:127)
	at org.testng.internal.TestMethodWorker.run(TestMethodWorker.java:111)
	at java.util.concurrent.ThreadPoolExecutor.runWorker(ThreadPoolExecutor.java:1145)
	at java.util.concurrent.ThreadPoolExecutor$Worker.run(ThreadPoolExecutor.java:615)
	at java.lang.Thread.run(Thread.java:745)
]]>
            </full-stacktrace>
          </exception> <!-- java.lang.NullPointerException -->
          <reporter-output>
            <line>
              <![CDATA[<a href = file:////mnt/RTFS_WEBAUTOMATION/NewAutomationFrameWork/target/surefire-reports/screenshots/17_Nov_2014__05_54_50PM.png target='_blank'> <p align="left", style= "color: red; font: italic bold 12px/30px Georgia,serif;" >Click here for screen shot of Aurangabad Outstation</p> </a>]]>
            </line>
          </reporter-output>
        </test-method> <!-- testVerifyHatchBackNight -->
        <test-method status="PASS" signature="cleanUp(org.testng.ITestResult)[pri:0, instance:org.taxiforsure.rtfs.TestVerifyNightFutureBooking@24b397e9]" name="cleanUp" is-config="true" duration-ms="1804" started-at="2014-11-17T17:54:49Z" finished-at="2014-11-17T17:54:51Z">
          <params>
            <param index="0">
              <value>
                <![CDATA[[TestResult name=testVerifyHatchBackNight status=FAILURE method=TestVerifyNightFutureBooking.testVerifyHatchBackNight()[pri:0, instance:org.taxiforsure.rtfs.TestVerifyNightFutureBooking@55dc113b] output=<a href = file:////mnt/RTFS_WEBAUTOMATION/NewAutomationFrameWork/target/surefire-reports/screenshots/17_Nov_2014__05_54_50PM.png target='_blank'> <p align="left", style= "color: red; font: italic bold 12px/30px Georgia,serif;" >Click here for screen shot of Aurangabad Outstation</p> </a>]]]>
              </value>
            </param>
          </params>
          <reporter-output>
          </reporter-output>
        </test-method> <!-- cleanUp -->
        <test-method status="PASS" signature="cleanUp(org.testng.ITestResult)[pri:0, instance:org.taxiforsure.rtfs.TestVerifyNightFutureBooking@24b397e9]" name="cleanUp" is-config="true" duration-ms="1736" started-at="2014-11-17T17:54:49Z" finished-at="2014-11-17T17:54:51Z">
          <params>
            <param index="0">
              <value>
                <![CDATA[[TestResult name=testVerifyHatchBackNight status=FAILURE method=TestVerifyNightFutureBooking.testVerifyHatchBackNight()[pri:0, instance:org.taxiforsure.rtfs.TestVerifyNightFutureBooking@552b8081] output=<a href = file:////mnt/RTFS_WEBAUTOMATION/NewAutomationFrameWork/target/surefire-reports/screenshots/17_Nov_2014__05_54_51PM.png target='_blank'> <p align="left", style= "color: red; font: italic bold 12px/30px Georgia,serif;" >Click here for screen shot of Aurangabad Intercity</p> </a>]]]>
              </value>
            </param>
          </params>
          <reporter-output>
          </reporter-output>
        </test-method> <!-- cleanUp -->
        <test-method status="PASS" signature="setup()[pri:0, instance:org.taxiforsure.rtfs.TestVerifyNightFutureBooking@24b397e9]" name="setup" is-config="true" duration-ms="35316" started-at="2014-11-17T17:54:51Z" finished-at="2014-11-17T17:55:26Z">
          <reporter-output>
          </reporter-output>
        </test-method> <!-- setup -->
        <test-method status="PASS" signature="setup()[pri:0, instance:org.taxiforsure.rtfs.TestVerifyNightFutureBooking@24b397e9]" name="setup" is-config="true" duration-ms="36901" started-at="2014-11-17T17:54:51Z" finished-at="2014-11-17T17:55:28Z">
          <reporter-output>
          </reporter-output>
        </test-method> <!-- setup -->
        <test-method status="FAIL" signature="testVerifyHatchBackNight()[pri:0, instance:org.taxiforsure.rtfs.TestVerifyNightFutureBooking@62ef6486]" name="testVerifyHatchBackNight" duration-ms="32698" started-at="2014-11-17T17:55:26Z" finished-at="2014-11-17T17:55:59Z">
          <exception class="org.openqa.selenium.NoSuchElementException">
            <message>
              <![CDATA[Unable to locate element: {"method":"xpath","selector":"//a[@class='submenu']/span[text()='Answer Call']"}
For documentation on this error, please visit: http://seleniumhq.org/exceptions/no_such_element.html
Build info: version: '2.43.0', revision: '597b76b', time: '2014-09-09 20:52:14'
System info: host: 'chef', ip: '127.0.1.1', os.name: 'Linux', os.arch: 'i386', os.version: '3.13.0-32-generic', java.version: '1.6.0_45'
Driver info: driver.version: unknown
Command duration or timeout: 21.03 seconds
For documentation on this error, please visit: http://seleniumhq.org/exceptions/no_such_element.html
Build info: version: '2.44.0', revision: '76d78cf323ce037c5f92db6c1bba601c2ac43ad8', time: '2014-10-23 13:11:40'
System info: host: 'ip-10-146-7-231', ip: '10.146.7.231', os.name: 'Linux', os.arch: 'amd64', os.version: '3.13.0-24-generic', java.version: '1.7.0_65'
Session ID: 3616a4831d71498f87e9802d4b204a2e
Driver info: org.openqa.selenium.remote.RemoteWebDriver
Capabilities [{platform=LINUX, acceptSslCerts=true, javascriptEnabled=true, hasMetadata=true, browserName=firefox, rotatable=false, locationContextEnabled=true, webdriver.remote.sessionid=3616a4831d71498f87e9802d4b204a2e, version=32.0, cssSelectorsEnabled=true, databaseEnabled=true, handlesAlerts=true, webStorageEnabled=true, nativeEvents=false, applicationCacheEnabled=true, takesScreenshot=true}]]]>
            </message>
            <full-stacktrace>
              <![CDATA[org.openqa.selenium.NoSuchElementException: Unable to locate element: {"method":"xpath","selector":"//a[@class='submenu']/span[text()='Answer Call']"}
For documentation on this error, please visit: http://seleniumhq.org/exceptions/no_such_element.html
Build info: version: '2.43.0', revision: '597b76b', time: '2014-09-09 20:52:14'
System info: host: 'chef', ip: '127.0.1.1', os.name: 'Linux', os.arch: 'i386', os.version: '3.13.0-32-generic', java.version: '1.6.0_45'
Driver info: driver.version: unknown
Command duration or timeout: 21.03 seconds
For documentation on this error, please visit: http://seleniumhq.org/exceptions/no_such_element.html
Build info: version: '2.44.0', revision: '76d78cf323ce037c5f92db6c1bba601c2ac43ad8', time: '2014-10-23 13:11:40'
System info: host: 'ip-10-146-7-231', ip: '10.146.7.231', os.name: 'Linux', os.arch: 'amd64', os.version: '3.13.0-24-generic', java.version: '1.7.0_65'
Session ID: 3616a4831d71498f87e9802d4b204a2e
Driver info: org.openqa.selenium.remote.RemoteWebDriver
Capabilities [{platform=LINUX, acceptSslCerts=true, javascriptEnabled=true, hasMetadata=true, browserName=firefox, rotatable=false, locationContextEnabled=true, webdriver.remote.sessionid=3616a4831d71498f87e9802d4b204a2e, version=32.0, cssSelectorsEnabled=true, databaseEnabled=true, handlesAlerts=true, webStorageEnabled=true, nativeEvents=false, applicationCacheEnabled=true, takesScreenshot=true}]
	at sun.reflect.NativeConstructorAccessorImpl.newInstance0(Native Method)
	at sun.reflect.NativeConstructorAccessorImpl.newInstance(NativeConstructorAccessorImpl.java:57)
	at sun.reflect.DelegatingConstructorAccessorImpl.newInstance(DelegatingConstructorAccessorImpl.java:45)
	at java.lang.reflect.Constructor.newInstance(Constructor.java:526)
	at org.openqa.selenium.remote.ErrorHandler.createThrowable(ErrorHandler.java:204)
	at org.openqa.selenium.remote.ErrorHandler.throwIfResponseFailed(ErrorHandler.java:156)
	at org.openqa.selenium.remote.RemoteWebDriver.execute(RemoteWebDriver.java:599)
	at org.openqa.selenium.remote.RemoteWebDriver.findElement(RemoteWebDriver.java:352)
	at org.openqa.selenium.remote.RemoteWebDriver.findElementByXPath(RemoteWebDriver.java:449)
	at org.openqa.selenium.By$ByXPath.findElement(By.java:357)
	at org.openqa.selenium.remote.RemoteWebDriver.findElement(RemoteWebDriver.java:344)
	at org.openqa.selenium.support.pagefactory.DefaultElementLocator.findElement(DefaultElementLocator.java:59)
	at org.openqa.selenium.support.pagefactory.internal.LocatingElementHandler.invoke(LocatingElementHandler.java:37)
	at com.sun.proxy.$Proxy4.getWrappedElement(Unknown Source)
	at org.openqa.selenium.remote.internal.WebElementToJsonConverter.apply(WebElementToJsonConverter.java:48)
	at com.google.common.collect.Iterators$8.transform(Iterators.java:799)
	at com.google.common.collect.TransformedIterator.next(TransformedIterator.java:48)
	at com.google.common.collect.Iterators.addAll(Iterators.java:362)
	at com.google.common.collect.Lists.newArrayList(Lists.java:160)
	at com.google.common.collect.Lists.newArrayList(Lists.java:144)
	at org.openqa.selenium.remote.RemoteWebDriver.executeScript(RemoteWebDriver.java:504)
	at org.taxiforsure.rtfscommonelements.CommonElements.clickAnswerCallLink(CommonElements.java:26)
	at org.taxiforsure.rtfs.TestVerifyNightFutureBooking.testVerifyHatchBackNight(TestVerifyNightFutureBooking.java:92)
	at sun.reflect.NativeMethodAccessorImpl.invoke0(Native Method)
	at sun.reflect.NativeMethodAccessorImpl.invoke(NativeMethodAccessorImpl.java:57)
	at sun.reflect.DelegatingMethodAccessorImpl.invoke(DelegatingMethodAccessorImpl.java:43)
	at java.lang.reflect.Method.invoke(Method.java:606)
	at org.testng.internal.MethodInvocationHelper.invokeMethod(MethodInvocationHelper.java:84)
	at org.testng.internal.Invoker.invokeMethod(Invoker.java:714)
	at org.testng.internal.Invoker.invokeTestMethod(Invoker.java:901)
	at org.testng.internal.Invoker.invokeTestMethods(Invoker.java:1231)
	at org.testng.internal.TestMethodWorker.invokeTestMethods(TestMethodWorker.java:127)
	at org.testng.internal.TestMethodWorker.run(TestMethodWorker.java:111)
	at java.util.concurrent.ThreadPoolExecutor.runWorker(ThreadPoolExecutor.java:1145)
	at java.util.concurrent.ThreadPoolExecutor$Worker.run(ThreadPoolExecutor.java:615)
	at java.lang.Thread.run(Thread.java:745)
Caused by: org.openqa.selenium.NoSuchElementException: Unable to locate element: {"method":"xpath","selector":"//a[@class='submenu']/span[text()='Answer Call']"}
For documentation on this error, please visit: http://seleniumhq.org/exceptions/no_such_element.html
Build info: version: '2.43.0', revision: '597b76b', time: '2014-09-09 20:52:14'
System info: host: 'chef', ip: '127.0.1.1', os.name: 'Linux', os.arch: 'i386', os.version: '3.13.0-32-generic', java.version: '1.6.0_45'
Driver info: driver.version: unknown
For documentation on this error, please visit: http://seleniumhq.org/exceptions/no_such_element.html
Build info: version: '2.44.0', revision: '76d78cf323ce037c5f92db6c1bba601c2ac43ad8', time: '2014-10-23 13:11:40'
System info: host: 'ip-10-146-7-231', ip: '10.146.7.231', os.name: 'Linux', os.arch: 'amd64', os.version: '3.13.0-24-generic', java.version: '1.7.0_65'
Driver info: driver.version: unknown
	at <anonymous class>.FirefoxDriver.prototype.findElementInternal_(file:///tmp/anonymous4038410279284937151webdriver-profile/extensions/fxdriver@googlecode.com/components/driver-component.js:9618:133)
	at <anonymous class>.fxdriver.Timer.prototype.setTimeout/<.notify(file:///tmp/anonymous4038410279284937151webdriver-profile/extensions/fxdriver@googlecode.com/components/driver-component.js:548:5)
]]>
            </full-stacktrace>
          </exception> <!-- org.openqa.selenium.NoSuchElementException -->
          <reporter-output>
            <line>
              <![CDATA[<a href = file:////mnt/RTFS_WEBAUTOMATION/NewAutomationFrameWork/target/surefire-reports/screenshots/17_Nov_2014__05_55_59PM.png target='_blank'> <p align="left", style= "color: red; font: italic bold 12px/30px Georgia,serif;" >Click here for screen shot of Aurangabad Outstation</p> </a>]]>
            </line>
          </reporter-output>
        </test-method> <!-- testVerifyHatchBackNight -->
        <test-method status="FAIL" signature="testVerifyHatchBackNight()[pri:0, instance:org.taxiforsure.rtfs.TestVerifyNightFutureBooking@6304a988]" name="testVerifyHatchBackNight" duration-ms="25223" started-at="2014-11-17T17:55:28Z" finished-at="2014-11-17T17:55:53Z">
          <exception class="java.lang.NullPointerException">
            <full-stacktrace>
              <![CDATA[java.lang.NullPointerException
	at org.taxiforsure.utils.DataBaseUtils.closeConnection(DataBaseUtils.java:90)
	at org.taxiforsure.utils.DataBaseUtils.executeQuery(DataBaseUtils.java:43)
	at org.taxiforsure.answercall.AnswerCallScreen.getAllLocalities(AnswerCallScreen.java:541)
	at org.taxiforsure.answercall.AnswerCallScreen.getpickUpLocality(AnswerCallScreen.java:656)
	at org.taxiforsure.rtfs.TestVerifyNightFutureBooking.testVerifyHatchBackNight(TestVerifyNightFutureBooking.java:98)
	at sun.reflect.NativeMethodAccessorImpl.invoke0(Native Method)
	at sun.reflect.NativeMethodAccessorImpl.invoke(NativeMethodAccessorImpl.java:57)
	at sun.reflect.DelegatingMethodAccessorImpl.invoke(DelegatingMethodAccessorImpl.java:43)
	at java.lang.reflect.Method.invoke(Method.java:606)
	at org.testng.internal.MethodInvocationHelper.invokeMethod(MethodInvocationHelper.java:84)
	at org.testng.internal.Invoker.invokeMethod(Invoker.java:714)
	at org.testng.internal.Invoker.invokeTestMethod(Invoker.java:901)
	at org.testng.internal.Invoker.invokeTestMethods(Invoker.java:1231)
	at org.testng.internal.TestMethodWorker.invokeTestMethods(TestMethodWorker.java:127)
	at org.testng.internal.TestMethodWorker.run(TestMethodWorker.java:111)
	at java.util.concurrent.ThreadPoolExecutor.runWorker(ThreadPoolExecutor.java:1145)
	at java.util.concurrent.ThreadPoolExecutor$Worker.run(ThreadPoolExecutor.java:615)
	at java.lang.Thread.run(Thread.java:745)
]]>
            </full-stacktrace>
          </exception> <!-- java.lang.NullPointerException -->
          <reporter-output>
            <line>
              <![CDATA[<a href = file:////mnt/RTFS_WEBAUTOMATION/NewAutomationFrameWork/target/surefire-reports/screenshots/17_Nov_2014__05_55_54PM.png target='_blank'> <p align="left", style= "color: red; font: italic bold 12px/30px Georgia,serif;" >Click here for screen shot of Aurangabad 4hrs 40Kms</p> </a>]]>
            </line>
          </reporter-output>
        </test-method> <!-- testVerifyHatchBackNight -->
        <test-method status="PASS" signature="cleanUp(org.testng.ITestResult)[pri:0, instance:org.taxiforsure.rtfs.TestVerifyNightFutureBooking@24b397e9]" name="cleanUp" is-config="true" duration-ms="1695" started-at="2014-11-17T17:55:53Z" finished-at="2014-11-17T17:55:55Z">
          <params>
            <param index="0">
              <value>
                <![CDATA[[TestResult name=testVerifyHatchBackNight status=FAILURE method=TestVerifyNightFutureBooking.testVerifyHatchBackNight()[pri:0, instance:org.taxiforsure.rtfs.TestVerifyNightFutureBooking@6304a988] output=<a href = file:////mnt/RTFS_WEBAUTOMATION/NewAutomationFrameWork/target/surefire-reports/screenshots/17_Nov_2014__05_55_54PM.png target='_blank'> <p align="left", style= "color: red; font: italic bold 12px/30px Georgia,serif;" >Click here for screen shot of Aurangabad 4hrs 40Kms</p> </a>]]]>
              </value>
            </param>
          </params>
          <reporter-output>
          </reporter-output>
        </test-method> <!-- cleanUp -->
        <test-method status="PASS" signature="setup()[pri:0, instance:org.taxiforsure.rtfs.TestVerifyNightFutureBooking@24b397e9]" name="setup" is-config="true" duration-ms="34643" started-at="2014-11-17T17:55:55Z" finished-at="2014-11-17T17:56:29Z">
          <reporter-output>
          </reporter-output>
        </test-method> <!-- setup -->
        <test-method status="PASS" signature="cleanUp(org.testng.ITestResult)[pri:0, instance:org.taxiforsure.rtfs.TestVerifyNightFutureBooking@24b397e9]" name="cleanUp" is-config="true" duration-ms="853" started-at="2014-11-17T17:55:59Z" finished-at="2014-11-17T17:56:00Z">
          <params>
            <param index="0">
              <value>
                <![CDATA[[TestResult name=testVerifyHatchBackNight status=FAILURE method=TestVerifyNightFutureBooking.testVerifyHatchBackNight()[pri:0, instance:org.taxiforsure.rtfs.TestVerifyNightFutureBooking@62ef6486] output=<a href = file:////mnt/RTFS_WEBAUTOMATION/NewAutomationFrameWork/target/surefire-reports/screenshots/17_Nov_2014__05_55_59PM.png target='_blank'> <p align="left", style= "color: red; font: italic bold 12px/30px Georgia,serif;" >Click here for screen shot of Aurangabad Outstation</p> </a>]]]>
              </value>
            </param>
          </params>
          <reporter-output>
          </reporter-output>
        </test-method> <!-- cleanUp -->
        <test-method status="PASS" signature="setup()[pri:0, instance:org.taxiforsure.rtfs.TestVerifyNightFutureBooking@24b397e9]" name="setup" is-config="true" duration-ms="35563" started-at="2014-11-17T17:56:00Z" finished-at="2014-11-17T17:56:35Z">
          <reporter-output>
          </reporter-output>
        </test-method> <!-- setup -->
        <test-method status="FAIL" signature="testVerifyHatchBackNight()[pri:0, instance:org.taxiforsure.rtfs.TestVerifyNightFutureBooking@65573ede]" name="testVerifyHatchBackNight" duration-ms="21539" started-at="2014-11-17T17:56:29Z" finished-at="2014-11-17T17:56:51Z">
          <exception class="java.lang.NullPointerException">
            <full-stacktrace>
              <![CDATA[java.lang.NullPointerException
	at org.taxiforsure.utils.DataBaseUtils.closeConnection(DataBaseUtils.java:90)
	at org.taxiforsure.utils.DataBaseUtils.executeQuery(DataBaseUtils.java:43)
	at org.taxiforsure.answercall.AnswerCallScreen.getAllLocalities(AnswerCallScreen.java:541)
	at org.taxiforsure.answercall.AnswerCallScreen.getpickUpLocality(AnswerCallScreen.java:656)
	at org.taxiforsure.rtfs.TestVerifyNightFutureBooking.testVerifyHatchBackNight(TestVerifyNightFutureBooking.java:98)
	at sun.reflect.GeneratedMethodAccessor20.invoke(Unknown Source)
	at sun.reflect.DelegatingMethodAccessorImpl.invoke(DelegatingMethodAccessorImpl.java:43)
	at java.lang.reflect.Method.invoke(Method.java:606)
	at org.testng.internal.MethodInvocationHelper.invokeMethod(MethodInvocationHelper.java:84)
	at org.testng.internal.Invoker.invokeMethod(Invoker.java:714)
	at org.testng.internal.Invoker.invokeTestMethod(Invoker.java:901)
	at org.testng.internal.Invoker.invokeTestMethods(Invoker.java:1231)
	at org.testng.internal.TestMethodWorker.invokeTestMethods(TestMethodWorker.java:127)
	at org.testng.internal.TestMethodWorker.run(TestMethodWorker.java:111)
	at java.util.concurrent.ThreadPoolExecutor.runWorker(ThreadPoolExecutor.java:1145)
	at java.util.concurrent.ThreadPoolExecutor$Worker.run(ThreadPoolExecutor.java:615)
	at java.lang.Thread.run(Thread.java:745)
]]>
            </full-stacktrace>
          </exception> <!-- java.lang.NullPointerException -->
          <reporter-output>
            <line>
              <![CDATA[<a href = file:////mnt/RTFS_WEBAUTOMATION/NewAutomationFrameWork/target/surefire-reports/screenshots/17_Nov_2014__05_56_53PM.png target='_blank'> <p align="left", style= "color: red; font: italic bold 12px/30px Georgia,serif;" >Click here for screen shot of Aurangabad Ajanta Caves</p> </a>]]>
            </line>
          </reporter-output>
        </test-method> <!-- testVerifyHatchBackNight -->
        <test-method status="FAIL" signature="testVerifyHatchBackNight()[pri:0, instance:org.taxiforsure.rtfs.TestVerifyNightFutureBooking@68c870ee]" name="testVerifyHatchBackNight" duration-ms="20755" started-at="2014-11-17T17:56:35Z" finished-at="2014-11-17T17:56:56Z">
          <exception class="java.lang.NullPointerException">
            <full-stacktrace>
              <![CDATA[java.lang.NullPointerException
	at org.taxiforsure.utils.DataBaseUtils.closeConnection(DataBaseUtils.java:90)
	at org.taxiforsure.utils.DataBaseUtils.executeQuery(DataBaseUtils.java:43)
	at org.taxiforsure.answercall.AnswerCallScreen.getAllLocalities(AnswerCallScreen.java:541)
	at org.taxiforsure.answercall.AnswerCallScreen.getpickUpLocality(AnswerCallScreen.java:656)
	at org.taxiforsure.rtfs.TestVerifyNightFutureBooking.testVerifyHatchBackNight(TestVerifyNightFutureBooking.java:98)
	at sun.reflect.GeneratedMethodAccessor20.invoke(Unknown Source)
	at sun.reflect.DelegatingMethodAccessorImpl.invoke(DelegatingMethodAccessorImpl.java:43)
	at java.lang.reflect.Method.invoke(Method.java:606)
	at org.testng.internal.MethodInvocationHelper.invokeMethod(MethodInvocationHelper.java:84)
	at org.testng.internal.Invoker.invokeMethod(Invoker.java:714)
	at org.testng.internal.Invoker.invokeTestMethod(Invoker.java:901)
	at org.testng.internal.Invoker.invokeTestMethods(Invoker.java:1231)
	at org.testng.internal.TestMethodWorker.invokeTestMethods(TestMethodWorker.java:127)
	at org.testng.internal.TestMethodWorker.run(TestMethodWorker.java:111)
	at java.util.concurrent.ThreadPoolExecutor.runWorker(ThreadPoolExecutor.java:1145)
	at java.util.concurrent.ThreadPoolExecutor$Worker.run(ThreadPoolExecutor.java:615)
	at java.lang.Thread.run(Thread.java:745)
]]>
            </full-stacktrace>
          </exception> <!-- java.lang.NullPointerException -->
          <reporter-output>
            <line>
              <![CDATA[<a href = file:////mnt/RTFS_WEBAUTOMATION/NewAutomationFrameWork/target/surefire-reports/screenshots/17_Nov_2014__05_56_57PM.png target='_blank'> <p align="left", style= "color: red; font: italic bold 12px/30px Georgia,serif;" >Click here for screen shot of Aurangabad 4hrs 40Kms</p> </a>]]>
            </line>
          </reporter-output>
        </test-method> <!-- testVerifyHatchBackNight -->
        <test-method status="PASS" signature="cleanUp(org.testng.ITestResult)[pri:0, instance:org.taxiforsure.rtfs.TestVerifyNightFutureBooking@24b397e9]" name="cleanUp" is-config="true" duration-ms="2044" started-at="2014-11-17T17:56:51Z" finished-at="2014-11-17T17:56:53Z">
          <params>
            <param index="0">
              <value>
                <![CDATA[[TestResult name=testVerifyHatchBackNight status=FAILURE method=TestVerifyNightFutureBooking.testVerifyHatchBackNight()[pri:0, instance:org.taxiforsure.rtfs.TestVerifyNightFutureBooking@65573ede] output=<a href = file:////mnt/RTFS_WEBAUTOMATION/NewAutomationFrameWork/target/surefire-reports/screenshots/17_Nov_2014__05_56_53PM.png target='_blank'> <p align="left", style= "color: red; font: italic bold 12px/30px Georgia,serif;" >Click here for screen shot of Aurangabad Ajanta Caves</p> </a>]]]>
              </value>
            </param>
          </params>
          <reporter-output>
          </reporter-output>
        </test-method> <!-- cleanUp -->
        <test-method status="PASS" signature="setup()[pri:0, instance:org.taxiforsure.rtfs.TestVerifyNightFutureBooking@24b397e9]" name="setup" is-config="true" duration-ms="37334" started-at="2014-11-17T17:56:53Z" finished-at="2014-11-17T17:57:30Z">
          <reporter-output>
          </reporter-output>
        </test-method> <!-- setup -->
        <test-method status="PASS" signature="cleanUp(org.testng.ITestResult)[pri:0, instance:org.taxiforsure.rtfs.TestVerifyNightFutureBooking@24b397e9]" name="cleanUp" is-config="true" duration-ms="1505" started-at="2014-11-17T17:56:56Z" finished-at="2014-11-17T17:56:57Z">
          <params>
            <param index="0">
              <value>
                <![CDATA[[TestResult name=testVerifyHatchBackNight status=FAILURE method=TestVerifyNightFutureBooking.testVerifyHatchBackNight()[pri:0, instance:org.taxiforsure.rtfs.TestVerifyNightFutureBooking@68c870ee] output=<a href = file:////mnt/RTFS_WEBAUTOMATION/NewAutomationFrameWork/target/surefire-reports/screenshots/17_Nov_2014__05_56_57PM.png target='_blank'> <p align="left", style= "color: red; font: italic bold 12px/30px Georgia,serif;" >Click here for screen shot of Aurangabad 4hrs 40Kms</p> </a>]]]>
              </value>
            </param>
          </params>
          <reporter-output>
          </reporter-output>
        </test-method> <!-- cleanUp -->
        <test-method status="PASS" signature="setup()[pri:0, instance:org.taxiforsure.rtfs.TestVerifyNightFutureBooking@24b397e9]" name="setup" is-config="true" duration-ms="38134" started-at="2014-11-17T17:56:57Z" finished-at="2014-11-17T17:57:36Z">
          <reporter-output>
          </reporter-output>
        </test-method> <!-- setup -->
        <test-method status="FAIL" signature="testVerifyHatchBackNight()[pri:0, instance:org.taxiforsure.rtfs.TestVerifyNightFutureBooking@7993bafc]" name="testVerifyHatchBackNight" duration-ms="33465" started-at="2014-11-17T17:57:30Z" finished-at="2014-11-17T17:58:04Z">
          <exception class="org.openqa.selenium.NoSuchElementException">
            <message>
              <![CDATA[Unable to locate element: {"method":"xpath","selector":"//a[@class='submenu']/span[text()='Answer Call']"}
For documentation on this error, please visit: http://seleniumhq.org/exceptions/no_such_element.html
Build info: version: '2.43.0', revision: '597b76b', time: '2014-09-09 20:52:14'
System info: host: 'chef', ip: '127.0.1.1', os.name: 'Linux', os.arch: 'i386', os.version: '3.13.0-32-generic', java.version: '1.6.0_45'
Driver info: driver.version: unknown
Command duration or timeout: 20.28 seconds
For documentation on this error, please visit: http://seleniumhq.org/exceptions/no_such_element.html
Build info: version: '2.44.0', revision: '76d78cf323ce037c5f92db6c1bba601c2ac43ad8', time: '2014-10-23 13:11:40'
System info: host: 'ip-10-146-7-231', ip: '10.146.7.231', os.name: 'Linux', os.arch: 'amd64', os.version: '3.13.0-24-generic', java.version: '1.7.0_65'
Session ID: 1e9f40759b8b411bbe4cc4bfc4418bb7
Driver info: org.openqa.selenium.remote.RemoteWebDriver
Capabilities [{platform=LINUX, acceptSslCerts=true, javascriptEnabled=true, hasMetadata=true, browserName=firefox, rotatable=false, locationContextEnabled=true, webdriver.remote.sessionid=1e9f40759b8b411bbe4cc4bfc4418bb7, version=32.0, cssSelectorsEnabled=true, databaseEnabled=true, handlesAlerts=true, webStorageEnabled=true, nativeEvents=false, applicationCacheEnabled=true, takesScreenshot=true}]]]>
            </message>
            <full-stacktrace>
              <![CDATA[org.openqa.selenium.NoSuchElementException: Unable to locate element: {"method":"xpath","selector":"//a[@class='submenu']/span[text()='Answer Call']"}
For documentation on this error, please visit: http://seleniumhq.org/exceptions/no_such_element.html
Build info: version: '2.43.0', revision: '597b76b', time: '2014-09-09 20:52:14'
System info: host: 'chef', ip: '127.0.1.1', os.name: 'Linux', os.arch: 'i386', os.version: '3.13.0-32-generic', java.version: '1.6.0_45'
Driver info: driver.version: unknown
Command duration or timeout: 20.28 seconds
For documentation on this error, please visit: http://seleniumhq.org/exceptions/no_such_element.html
Build info: version: '2.44.0', revision: '76d78cf323ce037c5f92db6c1bba601c2ac43ad8', time: '2014-10-23 13:11:40'
System info: host: 'ip-10-146-7-231', ip: '10.146.7.231', os.name: 'Linux', os.arch: 'amd64', os.version: '3.13.0-24-generic', java.version: '1.7.0_65'
Session ID: 1e9f40759b8b411bbe4cc4bfc4418bb7
Driver info: org.openqa.selenium.remote.RemoteWebDriver
Capabilities [{platform=LINUX, acceptSslCerts=true, javascriptEnabled=true, hasMetadata=true, browserName=firefox, rotatable=false, locationContextEnabled=true, webdriver.remote.sessionid=1e9f40759b8b411bbe4cc4bfc4418bb7, version=32.0, cssSelectorsEnabled=true, databaseEnabled=true, handlesAlerts=true, webStorageEnabled=true, nativeEvents=false, applicationCacheEnabled=true, takesScreenshot=true}]
	at sun.reflect.NativeConstructorAccessorImpl.newInstance0(Native Method)
	at sun.reflect.NativeConstructorAccessorImpl.newInstance(NativeConstructorAccessorImpl.java:57)
	at sun.reflect.DelegatingConstructorAccessorImpl.newInstance(DelegatingConstructorAccessorImpl.java:45)
	at java.lang.reflect.Constructor.newInstance(Constructor.java:526)
	at org.openqa.selenium.remote.ErrorHandler.createThrowable(ErrorHandler.java:204)
	at org.openqa.selenium.remote.ErrorHandler.throwIfResponseFailed(ErrorHandler.java:156)
	at org.openqa.selenium.remote.RemoteWebDriver.execute(RemoteWebDriver.java:599)
	at org.openqa.selenium.remote.RemoteWebDriver.findElement(RemoteWebDriver.java:352)
	at org.openqa.selenium.remote.RemoteWebDriver.findElementByXPath(RemoteWebDriver.java:449)
	at org.openqa.selenium.By$ByXPath.findElement(By.java:357)
	at org.openqa.selenium.remote.RemoteWebDriver.findElement(RemoteWebDriver.java:344)
	at org.openqa.selenium.support.pagefactory.DefaultElementLocator.findElement(DefaultElementLocator.java:59)
	at org.openqa.selenium.support.pagefactory.internal.LocatingElementHandler.invoke(LocatingElementHandler.java:37)
	at com.sun.proxy.$Proxy4.getWrappedElement(Unknown Source)
	at org.openqa.selenium.remote.internal.WebElementToJsonConverter.apply(WebElementToJsonConverter.java:48)
	at com.google.common.collect.Iterators$8.transform(Iterators.java:799)
	at com.google.common.collect.TransformedIterator.next(TransformedIterator.java:48)
	at com.google.common.collect.Iterators.addAll(Iterators.java:362)
	at com.google.common.collect.Lists.newArrayList(Lists.java:160)
	at com.google.common.collect.Lists.newArrayList(Lists.java:144)
	at org.openqa.selenium.remote.RemoteWebDriver.executeScript(RemoteWebDriver.java:504)
	at org.taxiforsure.rtfscommonelements.CommonElements.clickAnswerCallLink(CommonElements.java:26)
	at org.taxiforsure.rtfs.TestVerifyNightFutureBooking.testVerifyHatchBackNight(TestVerifyNightFutureBooking.java:92)
	at sun.reflect.GeneratedMethodAccessor20.invoke(Unknown Source)
	at sun.reflect.DelegatingMethodAccessorImpl.invoke(DelegatingMethodAccessorImpl.java:43)
	at java.lang.reflect.Method.invoke(Method.java:606)
	at org.testng.internal.MethodInvocationHelper.invokeMethod(MethodInvocationHelper.java:84)
	at org.testng.internal.Invoker.invokeMethod(Invoker.java:714)
	at org.testng.internal.Invoker.invokeTestMethod(Invoker.java:901)
	at org.testng.internal.Invoker.invokeTestMethods(Invoker.java:1231)
	at org.testng.internal.TestMethodWorker.invokeTestMethods(TestMethodWorker.java:127)
	at org.testng.internal.TestMethodWorker.run(TestMethodWorker.java:111)
	at java.util.concurrent.ThreadPoolExecutor.runWorker(ThreadPoolExecutor.java:1145)
	at java.util.concurrent.ThreadPoolExecutor$Worker.run(ThreadPoolExecutor.java:615)
	at java.lang.Thread.run(Thread.java:745)
Caused by: org.openqa.selenium.NoSuchElementException: Unable to locate element: {"method":"xpath","selector":"//a[@class='submenu']/span[text()='Answer Call']"}
For documentation on this error, please visit: http://seleniumhq.org/exceptions/no_such_element.html
Build info: version: '2.43.0', revision: '597b76b', time: '2014-09-09 20:52:14'
System info: host: 'chef', ip: '127.0.1.1', os.name: 'Linux', os.arch: 'i386', os.version: '3.13.0-32-generic', java.version: '1.6.0_45'
Driver info: driver.version: unknown
For documentation on this error, please visit: http://seleniumhq.org/exceptions/no_such_element.html
Build info: version: '2.44.0', revision: '76d78cf323ce037c5f92db6c1bba601c2ac43ad8', time: '2014-10-23 13:11:40'
System info: host: 'ip-10-146-7-231', ip: '10.146.7.231', os.name: 'Linux', os.arch: 'amd64', os.version: '3.13.0-24-generic', java.version: '1.7.0_65'
Driver info: driver.version: unknown
	at <anonymous class>.FirefoxDriver.prototype.findElementInternal_(file:///tmp/anonymous3026341837752938746webdriver-profile/extensions/fxdriver@googlecode.com/components/driver-component.js:9618:133)
	at <anonymous class>.fxdriver.Timer.prototype.setTimeout/<.notify(file:///tmp/anonymous3026341837752938746webdriver-profile/extensions/fxdriver@googlecode.com/components/driver-component.js:548:5)
]]>
            </full-stacktrace>
          </exception> <!-- org.openqa.selenium.NoSuchElementException -->
          <reporter-output>
            <line>
              <![CDATA[<a href = file:////mnt/RTFS_WEBAUTOMATION/NewAutomationFrameWork/target/surefire-reports/screenshots/17_Nov_2014__05_58_04PM.png target='_blank'> <p align="left", style= "color: red; font: italic bold 12px/30px Georgia,serif;" >Click here for screen shot of Aurangabad Point to Point</p> </a>]]>
            </line>
          </reporter-output>
        </test-method> <!-- testVerifyHatchBackNight -->
        <test-method status="FAIL" signature="testVerifyHatchBackNight()[pri:0, instance:org.taxiforsure.rtfs.TestVerifyNightFutureBooking@a82b79d]" name="testVerifyHatchBackNight" duration-ms="20762" started-at="2014-11-17T17:57:36Z" finished-at="2014-11-17T17:57:56Z">
          <exception class="java.lang.NullPointerException">
            <full-stacktrace>
              <![CDATA[java.lang.NullPointerException
	at org.taxiforsure.utils.DataBaseUtils.closeConnection(DataBaseUtils.java:90)
	at org.taxiforsure.utils.DataBaseUtils.executeQuery(DataBaseUtils.java:43)
	at org.taxiforsure.answercall.AnswerCallScreen.getAllLocalities(AnswerCallScreen.java:541)
	at org.taxiforsure.answercall.AnswerCallScreen.getpickUpLocality(AnswerCallScreen.java:656)
	at org.taxiforsure.rtfs.TestVerifyNightFutureBooking.testVerifyHatchBackNight(TestVerifyNightFutureBooking.java:98)
	at sun.reflect.GeneratedMethodAccessor20.invoke(Unknown Source)
	at sun.reflect.DelegatingMethodAccessorImpl.invoke(DelegatingMethodAccessorImpl.java:43)
	at java.lang.reflect.Method.invoke(Method.java:606)
	at org.testng.internal.MethodInvocationHelper.invokeMethod(MethodInvocationHelper.java:84)
	at org.testng.internal.Invoker.invokeMethod(Invoker.java:714)
	at org.testng.internal.Invoker.invokeTestMethod(Invoker.java:901)
	at org.testng.internal.Invoker.invokeTestMethods(Invoker.java:1231)
	at org.testng.internal.TestMethodWorker.invokeTestMethods(TestMethodWorker.java:127)
	at org.testng.internal.TestMethodWorker.run(TestMethodWorker.java:111)
	at java.util.concurrent.ThreadPoolExecutor.runWorker(ThreadPoolExecutor.java:1145)
	at java.util.concurrent.ThreadPoolExecutor$Worker.run(ThreadPoolExecutor.java:615)
	at java.lang.Thread.run(Thread.java:745)
]]>
            </full-stacktrace>
          </exception> <!-- java.lang.NullPointerException -->
          <reporter-output>
            <line>
              <![CDATA[<a href = file:////mnt/RTFS_WEBAUTOMATION/NewAutomationFrameWork/target/surefire-reports/screenshots/17_Nov_2014__05_57_58PM.png target='_blank'> <p align="left", style= "color: red; font: italic bold 12px/30px Georgia,serif;" >Click here for screen shot of Aurangabad 8hrs 80Kms</p> </a>]]>
            </line>
          </reporter-output>
        </test-method> <!-- testVerifyHatchBackNight -->
        <test-method status="PASS" signature="cleanUp(org.testng.ITestResult)[pri:0, instance:org.taxiforsure.rtfs.TestVerifyNightFutureBooking@24b397e9]" name="cleanUp" is-config="true" duration-ms="1622" started-at="2014-11-17T17:57:56Z" finished-at="2014-11-17T17:57:58Z">
          <params>
            <param index="0">
              <value>
                <![CDATA[[TestResult name=testVerifyHatchBackNight status=FAILURE method=TestVerifyNightFutureBooking.testVerifyHatchBackNight()[pri:0, instance:org.taxiforsure.rtfs.TestVerifyNightFutureBooking@a82b79d] output=<a href = file:////mnt/RTFS_WEBAUTOMATION/NewAutomationFrameWork/target/surefire-reports/screenshots/17_Nov_2014__05_57_58PM.png target='_blank'> <p align="left", style= "color: red; font: italic bold 12px/30px Georgia,serif;" >Click here for screen shot of Aurangabad 8hrs 80Kms</p> </a>]]]>
              </value>
            </param>
          </params>
          <reporter-output>
          </reporter-output>
        </test-method> <!-- cleanUp -->
        <test-method status="PASS" signature="setup()[pri:0, instance:org.taxiforsure.rtfs.TestVerifyNightFutureBooking@24b397e9]" name="setup" is-config="true" duration-ms="35790" started-at="2014-11-17T17:57:58Z" finished-at="2014-11-17T17:58:34Z">
          <reporter-output>
          </reporter-output>
        </test-method> <!-- setup -->
        <test-method status="PASS" signature="cleanUp(org.testng.ITestResult)[pri:0, instance:org.taxiforsure.rtfs.TestVerifyNightFutureBooking@24b397e9]" name="cleanUp" is-config="true" duration-ms="952" started-at="2014-11-17T17:58:04Z" finished-at="2014-11-17T17:58:05Z">
          <params>
            <param index="0">
              <value>
                <![CDATA[[TestResult name=testVerifyHatchBackNight status=FAILURE method=TestVerifyNightFutureBooking.testVerifyHatchBackNight()[pri:0, instance:org.taxiforsure.rtfs.TestVerifyNightFutureBooking@7993bafc] output=<a href = file:////mnt/RTFS_WEBAUTOMATION/NewAutomationFrameWork/target/surefire-reports/screenshots/17_Nov_2014__05_58_04PM.png target='_blank'> <p align="left", style= "color: red; font: italic bold 12px/30px Georgia,serif;" >Click here for screen shot of Aurangabad Point to Point</p> </a>]]]>
              </value>
            </param>
          </params>
          <reporter-output>
          </reporter-output>
        </test-method> <!-- cleanUp -->
        <test-method status="PASS" signature="setup()[pri:0, instance:org.taxiforsure.rtfs.TestVerifyNightFutureBooking@24b397e9]" name="setup" is-config="true" duration-ms="36411" started-at="2014-11-17T17:58:05Z" finished-at="2014-11-17T17:58:41Z">
          <reporter-output>
          </reporter-output>
        </test-method> <!-- setup -->
        <test-method status="FAIL" signature="testVerifyHatchBackNight()[pri:0, instance:org.taxiforsure.rtfs.TestVerifyNightFutureBooking@b161194]" name="testVerifyHatchBackNight" duration-ms="21977" started-at="2014-11-17T17:58:34Z" finished-at="2014-11-17T17:58:56Z">
          <exception class="java.lang.NullPointerException">
            <full-stacktrace>
              <![CDATA[java.lang.NullPointerException
	at org.taxiforsure.utils.DataBaseUtils.closeConnection(DataBaseUtils.java:90)
	at org.taxiforsure.utils.DataBaseUtils.executeQuery(DataBaseUtils.java:43)
	at org.taxiforsure.answercall.AnswerCallScreen.getAllLocalities(AnswerCallScreen.java:541)
	at org.taxiforsure.answercall.AnswerCallScreen.getpickUpLocality(AnswerCallScreen.java:656)
	at org.taxiforsure.rtfs.TestVerifyNightFutureBooking.testVerifyHatchBackNight(TestVerifyNightFutureBooking.java:98)
	at sun.reflect.GeneratedMethodAccessor20.invoke(Unknown Source)
	at sun.reflect.DelegatingMethodAccessorImpl.invoke(DelegatingMethodAccessorImpl.java:43)
	at java.lang.reflect.Method.invoke(Method.java:606)
	at org.testng.internal.MethodInvocationHelper.invokeMethod(MethodInvocationHelper.java:84)
	at org.testng.internal.Invoker.invokeMethod(Invoker.java:714)
	at org.testng.internal.Invoker.invokeTestMethod(Invoker.java:901)
	at org.testng.internal.Invoker.invokeTestMethods(Invoker.java:1231)
	at org.testng.internal.TestMethodWorker.invokeTestMethods(TestMethodWorker.java:127)
	at org.testng.internal.TestMethodWorker.run(TestMethodWorker.java:111)
	at java.util.concurrent.ThreadPoolExecutor.runWorker(ThreadPoolExecutor.java:1145)
	at java.util.concurrent.ThreadPoolExecutor$Worker.run(ThreadPoolExecutor.java:615)
	at java.lang.Thread.run(Thread.java:745)
]]>
            </full-stacktrace>
          </exception> <!-- java.lang.NullPointerException -->
          <reporter-output>
            <line>
              <![CDATA[<a href = file:////mnt/RTFS_WEBAUTOMATION/NewAutomationFrameWork/target/surefire-reports/screenshots/17_Nov_2014__05_58_57PM.png target='_blank'> <p align="left", style= "color: red; font: italic bold 12px/30px Georgia,serif;" >Click here for screen shot of Aurangabad Railway Transfer</p> </a>]]>
            </line>
          </reporter-output>
        </test-method> <!-- testVerifyHatchBackNight -->
        <test-method status="FAIL" signature="testVerifyHatchBackNight()[pri:0, instance:org.taxiforsure.rtfs.TestVerifyNightFutureBooking@be4a9cf]" name="testVerifyHatchBackNight" duration-ms="19436" started-at="2014-11-17T17:58:41Z" finished-at="2014-11-17T17:59:01Z">
          <exception class="java.lang.NullPointerException">
            <full-stacktrace>
              <![CDATA[java.lang.NullPointerException
	at org.taxiforsure.utils.DataBaseUtils.closeConnection(DataBaseUtils.java:90)
	at org.taxiforsure.utils.DataBaseUtils.executeQuery(DataBaseUtils.java:43)
	at org.taxiforsure.answercall.AnswerCallScreen.getAllLocalities(AnswerCallScreen.java:541)
	at org.taxiforsure.answercall.AnswerCallScreen.getpickUpLocality(AnswerCallScreen.java:656)
	at org.taxiforsure.rtfs.TestVerifyNightFutureBooking.testVerifyHatchBackNight(TestVerifyNightFutureBooking.java:98)
	at sun.reflect.GeneratedMethodAccessor20.invoke(Unknown Source)
	at sun.reflect.DelegatingMethodAccessorImpl.invoke(DelegatingMethodAccessorImpl.java:43)
	at java.lang.reflect.Method.invoke(Method.java:606)
	at org.testng.internal.MethodInvocationHelper.invokeMethod(MethodInvocationHelper.java:84)
	at org.testng.internal.Invoker.invokeMethod(Invoker.java:714)
	at org.testng.internal.Invoker.invokeTestMethod(Invoker.java:901)
	at org.testng.internal.Invoker.invokeTestMethods(Invoker.java:1231)
	at org.testng.internal.TestMethodWorker.invokeTestMethods(TestMethodWorker.java:127)
	at org.testng.internal.TestMethodWorker.run(TestMethodWorker.java:111)
	at java.util.concurrent.ThreadPoolExecutor.runWorker(ThreadPoolExecutor.java:1145)
	at java.util.concurrent.ThreadPoolExecutor$Worker.run(ThreadPoolExecutor.java:615)
	at java.lang.Thread.run(Thread.java:745)
]]>
            </full-stacktrace>
          </exception> <!-- java.lang.NullPointerException -->
          <reporter-output>
            <line>
              <![CDATA[<a href = file:////mnt/RTFS_WEBAUTOMATION/NewAutomationFrameWork/target/surefire-reports/screenshots/17_Nov_2014__05_59_03PM.png target='_blank'> <p align="left", style= "color: red; font: italic bold 12px/30px Georgia,serif;" >Click here for screen shot of Aurangabad 8hrs 80Kms</p> </a>]]>
            </line>
          </reporter-output>
        </test-method> <!-- testVerifyHatchBackNight -->
        <test-method status="PASS" signature="cleanUp(org.testng.ITestResult)[pri:0, instance:org.taxiforsure.rtfs.TestVerifyNightFutureBooking@24b397e9]" name="cleanUp" is-config="true" duration-ms="1663" started-at="2014-11-17T17:58:56Z" finished-at="2014-11-17T17:58:57Z">
          <params>
            <param index="0">
              <value>
                <![CDATA[[TestResult name=testVerifyHatchBackNight status=FAILURE method=TestVerifyNightFutureBooking.testVerifyHatchBackNight()[pri:0, instance:org.taxiforsure.rtfs.TestVerifyNightFutureBooking@b161194] output=<a href = file:////mnt/RTFS_WEBAUTOMATION/NewAutomationFrameWork/target/surefire-reports/screenshots/17_Nov_2014__05_58_57PM.png target='_blank'> <p align="left", style= "color: red; font: italic bold 12px/30px Georgia,serif;" >Click here for screen shot of Aurangabad Railway Transfer</p> </a>]]]>
              </value>
            </param>
          </params>
          <reporter-output>
          </reporter-output>
        </test-method> <!-- cleanUp -->
        <test-method status="PASS" signature="cleanUp(org.testng.ITestResult)[pri:0, instance:org.taxiforsure.rtfs.TestVerifyNightFutureBooking@24b397e9]" name="cleanUp" is-config="true" duration-ms="4173" started-at="2014-11-17T17:59:01Z" finished-at="2014-11-17T17:59:05Z">
          <params>
            <param index="0">
              <value>
                <![CDATA[[TestResult name=testVerifyHatchBackNight status=FAILURE method=TestVerifyNightFutureBooking.testVerifyHatchBackNight()[pri:0, instance:org.taxiforsure.rtfs.TestVerifyNightFutureBooking@be4a9cf] output=<a href = file:////mnt/RTFS_WEBAUTOMATION/NewAutomationFrameWork/target/surefire-reports/screenshots/17_Nov_2014__05_59_03PM.png target='_blank'> <p align="left", style= "color: red; font: italic bold 12px/30px Georgia,serif;" >Click here for screen shot of Aurangabad 8hrs 80Kms</p> </a>]]]>
              </value>
            </param>
          </params>
          <reporter-output>
          </reporter-output>
        </test-method> <!-- cleanUp -->
      </class> <!-- org.taxiforsure.rtfs.TestVerifyNightFutureBooking -->
    </test> <!-- RTFS test automation -->
  </suite> <!-- RTFS test suite -->
</testng-results>
