<?xml version="1.0" encoding="utf-8" ?>
<!DOCTYPE html PUBLIC "-//W3C//DTD XHTML 1.0 Strict//EN"
        "http://www.w3.org/TR/xhtml1/DTD/xhtml1-strict.dtd">
<html xmlns="http://www.w3.org/1999/xhtml" xml:lang="" lang="">
<head>
  <title>Test Results Report - HalfDay/FullDayTest</title>
  <meta http-equiv="Content-Type" content="text/html;charset=utf-8" />
  <meta name="description" content="TestNG unit test results." />
  <link href="reportng.css" rel="stylesheet" type="text/css" />
    <script type="text/javascript" src="reportng.js"></script>
</head>
<body>
<h1>HalfDay/FullDayTest</h1>
<p>
  Test duration: 39.130s
</p>

  <table class="resultsTable configTable">
    <tr><th colspan="3" class="header failedConfig">Failed Configuration</th></tr>
              <tr class="group">
        <td colspan="3">com.taxiforsure.testCases.HalfAndFullDayTest</td>
      </tr>
            
<tr>
  <td class="method">
                  afterClassConfig
      </td>
  <td class="duration">
    0.000s
  </td>
  <td class="result">
        
    
        

        <a href="javascript:toggleElement('exception-0', 'block')" title="Click to expand/collapse"><b>org.openqa.selenium.StaleElementReferenceException: Element not found in the cache - perhaps the page has changed since it was looked up<br/>
Command duration or timeout: 20.01 seconds<br/>
For documentation on this error, please visit: http://seleniumhq.org/exceptions/stale_element_reference.html<br/>
Build info: version: &apos;2.42.2&apos;, revision: &apos;6a6995d&apos;, time: &apos;2014-06-03 17:42:30&apos;<br/>
System info: host: &apos;SABYA-TI8237&apos;, ip: &apos;192.168.19.1&apos;, os.name: &apos;Windows 7&apos;, os.arch: &apos;x86&apos;, os.version: &apos;6.1&apos;, java.version: &apos;1.7.0_65&apos;<br/>
Session ID: 2271716c-6f59-4a70-9d50-d38a2c199040<br/>
Driver info: org.openqa.selenium.firefox.FirefoxDriver<br/>
Capabilities [{platform=XP, databaseEnabled=true, cssSelectorsEnabled=true, javascriptEnabled=true, acceptSslCerts=true, handlesAlerts=true, browserName=firefox, webStorageEnabled=true, nativeEvents=false, rotatable=false, locationContextEnabled=true, applicationCacheEnabled=true, takesScreenshot=true, version=31.0}]</b></a><br />
    <div class="stackTrace" id="exception-0">
              sun.reflect.NativeConstructorAccessorImpl.newInstance0(Native Method)<br />
              sun.reflect.NativeConstructorAccessorImpl.newInstance(Unknown Source)<br />
              sun.reflect.DelegatingConstructorAccessorImpl.newInstance(Unknown Source)<br />
              java.lang.reflect.Constructor.newInstance(Unknown Source)<br />
              org.openqa.selenium.remote.ErrorHandler.createThrowable(ErrorHandler.java:204)<br />
              org.openqa.selenium.remote.ErrorHandler.throwIfResponseFailed(ErrorHandler.java:156)<br />
              org.openqa.selenium.remote.RemoteWebDriver.execute(RemoteWebDriver.java:599)<br />
              org.openqa.selenium.remote.RemoteExecuteMethod.execute(RemoteExecuteMethod.java:34)<br />
              org.openqa.selenium.remote.RemoteMouse.mouseMove(RemoteMouse.java:88)<br />
              org.openqa.selenium.interactions.MoveMouseAction.perform(MoveMouseAction.java:35)<br />
              org.openqa.selenium.interactions.CompositeAction.perform(CompositeAction.java:31)<br />
              org.openqa.selenium.interactions.Actions.perform(Actions.java:367)<br />
              com.taxiforsure.projectCommonLib.AccountMouseOver.mouseOverAction(AccountMouseOver.java:16)<br />
              com.taxiforsure.pagelib.CommonPage.logout(CommonPage.java:22)<br />
              com.taxiforsure.projectCommonLib.ProjectCommonUtils.logOut(ProjectCommonUtils.java:83)<br />
              com.taxiforsure.testCases.HalfAndFullDayTest.afterClassConfig(HalfAndFullDayTest.java:145)<br />
              sun.reflect.NativeMethodAccessorImpl.invoke0(Native Method)<br />
              sun.reflect.NativeMethodAccessorImpl.invoke(Unknown Source)<br />
              sun.reflect.DelegatingMethodAccessorImpl.invoke(Unknown Source)<br />
              java.lang.reflect.Method.invoke(Unknown Source)<br />
              org.testng.internal.MethodInvocationHelper.invokeMethod(MethodInvocationHelper.java:84)<br />
              org.testng.internal.Invoker.invokeConfigurationMethod(Invoker.java:564)<br />
              org.testng.internal.Invoker.invokeConfigurations(Invoker.java:213)<br />
              org.testng.internal.Invoker.invokeConfigurations(Invoker.java:138)<br />
              org.testng.internal.TestMethodWorker.invokeAfterClassMethods(TestMethodWorker.java:225)<br />
              org.testng.internal.TestMethodWorker.run(TestMethodWorker.java:114)<br />
              org.testng.TestRunner.privateRun(TestRunner.java:767)<br />
              org.testng.TestRunner.run(TestRunner.java:617)<br />
              org.testng.SuiteRunner.runTest(SuiteRunner.java:334)<br />
              org.testng.SuiteRunner.runSequentially(SuiteRunner.java:329)<br />
              org.testng.SuiteRunner.privateRun(SuiteRunner.java:291)<br />
              org.testng.SuiteRunner.run(SuiteRunner.java:240)<br />
              org.testng.SuiteRunnerWorker.runSuite(SuiteRunnerWorker.java:52)<br />
              org.testng.SuiteRunnerWorker.run(SuiteRunnerWorker.java:86)<br />
              org.testng.TestNG.runSuitesSequentially(TestNG.java:1224)<br />
              org.testng.TestNG.runSuitesLocally(TestNG.java:1149)<br />
              org.testng.TestNG.run(TestNG.java:1057)<br />
              org.testng.TestNG.privateMain(TestNG.java:1364)<br />
              org.testng.TestNG.main(TestNG.java:1333)<br />
                    <b>Caused by: </b> <a href="javascript:toggleElement('exception-1', 'block')" title="Click to expand/collapse">org.openqa.selenium.remote.ErrorHandler$UnknownServerException: Element not found in the cache - perhaps the page has changed since it was looked up<br/>
Build info: version: &apos;2.42.2&apos;, revision: &apos;6a6995d&apos;, time: &apos;2014-06-03 17:42:30&apos;<br/>
System info: host: &apos;SABYA-TI8237&apos;, ip: &apos;192.168.19.1&apos;, os.name: &apos;Windows 7&apos;, os.arch: &apos;x86&apos;, os.version: &apos;6.1&apos;, java.version: &apos;1.7.0_65&apos;<br/>
Driver info: driver.version: unknown</a><br />
        <div class="stackTrace" id="exception-1">
                      &lt;anonymous class&gt;.fxdriver.cache.getElementAt(resource://fxdriver/modules/web_element_cache.js:8180:5)<br />
                      &lt;anonymous class&gt;.Utils.getElementAt(file:///C:/Users/SABYAS~1.MIS/AppData/Local/Temp/anonymous8697793666468631552webdriver-profile/extensions/fxdriver@googlecode.com/components/driver_component.js:7783:3)<br />
                      &lt;anonymous class&gt;.fxdriver.events.buildCoordinates(file:///C:/Users/SABYAS~1.MIS/AppData/Local/Temp/anonymous8697793666468631552webdriver-profile/extensions/fxdriver@googlecode.com/components/driver_component.js:8977:7)<br />
                      &lt;anonymous class&gt;.FirefoxDriver.prototype.mouseMoveTo(file:///C:/Users/SABYAS~1.MIS/AppData/Local/Temp/anonymous8697793666468631552webdriver-profile/extensions/fxdriver@googlecode.com/components/driver_component.js:9776:36)<br />
                      &lt;anonymous class&gt;.DelayedCommand.prototype.executeInternal_/h(file:///C:/Users/SABYAS~1.MIS/AppData/Local/Temp/anonymous8697793666468631552webdriver-profile/extensions/fxdriver@googlecode.com/components/command_processor.js:11455:16)<br />
                      &lt;anonymous class&gt;.fxdriver.Timer.prototype.setTimeout/&lt;.notify(file:///C:/Users/SABYAS~1.MIS/AppData/Local/Temp/anonymous8697793666468631552webdriver-profile/extensions/fxdriver@googlecode.com/components/command_processor.js:407:5)<br />
                  </div>
          </div>
      </td>
</tr>
    
      </table>




  <table class="resultsTable">
    <tr><th colspan="3" class="header passed">Passed Tests</th></tr>
          <tr>
        <td colspan="3" class="group">com.taxiforsure.testCases.HalfAndFullDayTest</td>
      </tr>
            
<tr>
  <td class="method">
                  HalfDayOrFullDayTest
      </td>
  <td class="duration">
    31.459s
  </td>
  <td class="result">
        
          <i>Method arguments: </i><span class="arguments">"FullDay", "Marathahalli", "20/08/2014", "Tata Indica AC", "Marathahalli", "More Megastore", "8892566529", "sabyasachi2189@gmail.com"</span><br />
    
        

      </td>
</tr>
      </table>
  
</body>
</html>
