<html>
<head>
<title>TestNG:  RTFS test automation</title>
<link href="../testng.css" rel="stylesheet" type="text/css" />
<link href="../my-testng.css" rel="stylesheet" type="text/css" />

<style type="text/css">
.log { display: none;} 
.stack-trace { display: none;} 
</style>
<script type="text/javascript">
<!--
function flip(e) {
  current = e.style.display;
  if (current == 'block') {
    e.style.display = 'none';
    return 0;
  }
  else {
    e.style.display = 'block';
    return 1;
  }
}

function toggleBox(szDivId, elem, msg1, msg2)
{
  var res = -1;  if (document.getElementById) {
    res = flip(document.getElementById(szDivId));
  }
  else if (document.all) {
    // this is the way old msie versions work
    res = flip(document.all[szDivId]);
  }
  if(elem) {
    if(res == 0) elem.innerHTML = msg1; else elem.innerHTML = msg2;
  }

}

function toggleAllBoxes() {
  if (document.getElementsByTagName) {
    d = document.getElementsByTagName('div');
    for (i = 0; i < d.length; i++) {
      if (d[i].className == 'log') {
        flip(d[i]);
      }
    }
  }
}

// -->
</script>

</head>
<body>
<h2 align='center'>RTFS test automation</h2><table border='1' align="center">
<tr>
<td>Tests passed/Failed/Skipped:</td><td>0/22/0</td>
</tr><tr>
<td>Started on:</td><td>Mon Nov 17 17:47:23 IST 2014</td>
</tr>
<tr><td>Total time:</td><td>701 seconds (701687 ms)</td>
</tr><tr>
<td>Included groups:</td><td></td>
</tr><tr>
<td>Excluded groups:</td><td></td>
</tr>
</table><p/>
<small><i>(Hover the method name to see the test class name)</i></small><p/>
<table width='100%' border='1' class='invocation-failed'>
<tr><td colspan='4' align='center'><b>FAILED TESTS</b></td></tr>
<tr><td><b>Test method</b></td>
<td width="30%"><b>Exception</b></td>
<td width="10%"><b>Time (seconds)</b></td>
<td><b>Instance</b></td>
</tr>
<tr>
<td title='org.taxiforsure.rtfs.TestVerifyNightFutureBooking.testVerifyHatchBackNight()'><b>testVerifyHatchBackNight</b><br>Test class: org.taxiforsure.rtfs.TestVerifyNightFutureBooking<br/>
<a href="#Output-45013915" onClick='toggleBox("Output-45013915", this, "Show output", "Hide output");'>Show output</a>

<a href="#Output-45013915" onClick="toggleAllBoxes();">Show all outputs</a>
<div class='log' id="Output-45013915">
<a href = file:////mnt/RTFS_WEBAUTOMATION/NewAutomationFrameWork/target/surefire-reports/screenshots/17_Nov_2014__05_48_27PM.png target='_blank'> <p align="left", style= "color: red; font: italic bold 12px/30px Georgia,serif;" >Click here for screen shot of Aurangabad Intercity</p> </a><br/>
</div>
</td>
<td><div><pre>java.lang.NullPointerException
	at org.taxiforsure.utils.DataBaseUtils.closeConnection(DataBaseUtils.java:90)
	at org.taxiforsure.utils.DataBaseUtils.executeQuery(DataBaseUtils.java:43)
	at org.taxiforsure.answercall.AnswerCallScreen.getAllLocalities(AnswerCallScreen.java:541)
	at org.taxiforsure.answercall.AnswerCallScreen.getpickUpLocality(AnswerCallScreen.java:656)
	at org.taxiforsure.rtfs.TestVerifyNightFutureBooking.testVerifyHatchBackNight(TestVerifyNightFutureBooking.java:98)
	at sun.reflect.NativeMethodAccessorImpl.invoke0(Native Method)
	at sun.reflect.NativeMethodAccessorImpl.invoke(NativeMethodAccessorImpl.java:57)
	at sun.reflect.DelegatingMethodAccessorImpl.invoke(DelegatingMethodAccessorImpl.java:43)
	at java.lang.reflect.Method.invoke(Method.java:606)
	at org.testng.internal.MethodInvocationHelper.invokeMethod(MethodInvocationHelper.java:84)
	at org.testng.internal.Invoker.invokeMethod(Invoker.java:714)
	at org.testng.internal.Invoker.invokeTestMethod(Invoker.java:901)
	at org.testng.internal.Invoker.invokeTestMethods(Invoker.java:1231)
	at org.testng.internal.TestMethodWorker.invokeTestMethods(TestMethodWorker.java:127)
	at org.testng.internal.TestMethodWorker.run(TestMethodWorker.java:111)
	at java.util.concurrent.ThreadPoolExecutor.runWorker(ThreadPoolExecutor.java:1145)
	at java.util.concurrent.ThreadPoolExecutor$Worker.run(ThreadPoolExecutor.java:615)
	at java.lang.Thread.run(Thread.java:745)
</pre></div><a href='#' onClick='toggleBox("stack-trace45013915", this, "Click to show all stack frames", "Click to hide stack frames")'>Click to show all stack frames</a>
<div class='stack-trace' id='stack-trace45013915'><pre>java.lang.NullPointerException
	at org.taxiforsure.utils.DataBaseUtils.closeConnection(DataBaseUtils.java:90)
	at org.taxiforsure.utils.DataBaseUtils.executeQuery(DataBaseUtils.java:43)
	at org.taxiforsure.answercall.AnswerCallScreen.getAllLocalities(AnswerCallScreen.java:541)
	at org.taxiforsure.answercall.AnswerCallScreen.getpickUpLocality(AnswerCallScreen.java:656)
	at org.taxiforsure.rtfs.TestVerifyNightFutureBooking.testVerifyHatchBackNight(TestVerifyNightFutureBooking.java:98)
	at sun.reflect.NativeMethodAccessorImpl.invoke0(Native Method)
	at sun.reflect.NativeMethodAccessorImpl.invoke(NativeMethodAccessorImpl.java:57)
	at sun.reflect.DelegatingMethodAccessorImpl.invoke(DelegatingMethodAccessorImpl.java:43)
	at java.lang.reflect.Method.invoke(Method.java:606)
	at org.testng.internal.MethodInvocationHelper.invokeMethod(MethodInvocationHelper.java:84)
	at org.testng.internal.Invoker.invokeMethod(Invoker.java:714)
	at org.testng.internal.Invoker.invokeTestMethod(Invoker.java:901)
	at org.testng.internal.Invoker.invokeTestMethods(Invoker.java:1231)
	at org.testng.internal.TestMethodWorker.invokeTestMethods(TestMethodWorker.java:127)
	at org.testng.internal.TestMethodWorker.run(TestMethodWorker.java:111)
	at java.util.concurrent.ThreadPoolExecutor.runWorker(ThreadPoolExecutor.java:1145)
	at java.util.concurrent.ThreadPoolExecutor$Worker.run(ThreadPoolExecutor.java:615)
	at java.lang.Thread.run(Thread.java:745)
</pre></div></td>
<td>22</td>
<td>org.taxiforsure.rtfs.TestVerifyNightFutureBooking@1b01c0d6</td></tr>
<tr>
<td title='org.taxiforsure.rtfs.TestVerifyNightFutureBooking.testVerifyHatchBackNight()'><b>testVerifyHatchBackNight</b><br>Test class: org.taxiforsure.rtfs.TestVerifyNightFutureBooking<br/>
<a href="#Output-315234594" onClick='toggleBox("Output-315234594", this, "Show output", "Hide output");'>Show output</a>

<a href="#Output-315234594" onClick="toggleAllBoxes();">Show all outputs</a>
<div class='log' id="Output-315234594">
<a href = file:////mnt/RTFS_WEBAUTOMATION/NewAutomationFrameWork/target/surefire-reports/screenshots/17_Nov_2014__05_48_27PM.png target='_blank'> <p align="left", style= "color: red; font: italic bold 12px/30px Georgia,serif;" >Click here for screen shot of Aurangabad Intercity</p> </a><br/>
</div>
</td>
<td><div><pre>java.lang.NullPointerException
	at org.taxiforsure.utils.DataBaseUtils.closeConnection(DataBaseUtils.java:90)
	at org.taxiforsure.utils.DataBaseUtils.executeQuery(DataBaseUtils.java:43)
	at org.taxiforsure.answercall.AnswerCallScreen.getAllLocalities(AnswerCallScreen.java:541)
	at org.taxiforsure.answercall.AnswerCallScreen.getpickUpLocality(AnswerCallScreen.java:656)
	at org.taxiforsure.rtfs.TestVerifyNightFutureBooking.testVerifyHatchBackNight(TestVerifyNightFutureBooking.java:98)
	at sun.reflect.NativeMethodAccessorImpl.invoke0(Native Method)
	at sun.reflect.NativeMethodAccessorImpl.invoke(NativeMethodAccessorImpl.java:57)
	at sun.reflect.DelegatingMethodAccessorImpl.invoke(DelegatingMethodAccessorImpl.java:43)
	at java.lang.reflect.Method.invoke(Method.java:606)
	at org.testng.internal.MethodInvocationHelper.invokeMethod(MethodInvocationHelper.java:84)
	at org.testng.internal.Invoker.invokeMethod(Invoker.java:714)
	at org.testng.internal.Invoker.invokeTestMethod(Invoker.java:901)
	at org.testng.internal.Invoker.invokeTestMethods(Invoker.java:1231)
	at org.testng.internal.TestMethodWorker.invokeTestMethods(TestMethodWorker.java:127)
	at org.testng.internal.TestMethodWorker.run(TestMethodWorker.java:111)
	at java.util.concurrent.ThreadPoolExecutor.runWorker(ThreadPoolExecutor.java:1145)
	at java.util.concurrent.ThreadPoolExecutor$Worker.run(ThreadPoolExecutor.java:615)
	at java.lang.Thread.run(Thread.java:745)
</pre></div><a href='#' onClick='toggleBox("stack-trace315234594", this, "Click to show all stack frames", "Click to hide stack frames")'>Click to show all stack frames</a>
<div class='stack-trace' id='stack-trace315234594'><pre>java.lang.NullPointerException
	at org.taxiforsure.utils.DataBaseUtils.closeConnection(DataBaseUtils.java:90)
	at org.taxiforsure.utils.DataBaseUtils.executeQuery(DataBaseUtils.java:43)
	at org.taxiforsure.answercall.AnswerCallScreen.getAllLocalities(AnswerCallScreen.java:541)
	at org.taxiforsure.answercall.AnswerCallScreen.getpickUpLocality(AnswerCallScreen.java:656)
	at org.taxiforsure.rtfs.TestVerifyNightFutureBooking.testVerifyHatchBackNight(TestVerifyNightFutureBooking.java:98)
	at sun.reflect.NativeMethodAccessorImpl.invoke0(Native Method)
	at sun.reflect.NativeMethodAccessorImpl.invoke(NativeMethodAccessorImpl.java:57)
	at sun.reflect.DelegatingMethodAccessorImpl.invoke(DelegatingMethodAccessorImpl.java:43)
	at java.lang.reflect.Method.invoke(Method.java:606)
	at org.testng.internal.MethodInvocationHelper.invokeMethod(MethodInvocationHelper.java:84)
	at org.testng.internal.Invoker.invokeMethod(Invoker.java:714)
	at org.testng.internal.Invoker.invokeTestMethod(Invoker.java:901)
	at org.testng.internal.Invoker.invokeTestMethods(Invoker.java:1231)
	at org.testng.internal.TestMethodWorker.invokeTestMethods(TestMethodWorker.java:127)
	at org.testng.internal.TestMethodWorker.run(TestMethodWorker.java:111)
	at java.util.concurrent.ThreadPoolExecutor.runWorker(ThreadPoolExecutor.java:1145)
	at java.util.concurrent.ThreadPoolExecutor$Worker.run(ThreadPoolExecutor.java:615)
	at java.lang.Thread.run(Thread.java:745)
</pre></div></td>
<td>21</td>
<td>org.taxiforsure.rtfs.TestVerifyNightFutureBooking@101b2f74</td></tr>
<tr>
<td title='org.taxiforsure.rtfs.TestVerifyNightFutureBooking.testVerifyHatchBackNight()'><b>testVerifyHatchBackNight</b><br>Test class: org.taxiforsure.rtfs.TestVerifyNightFutureBooking<br/>
<a href="#Output-466205043" onClick='toggleBox("Output-466205043", this, "Show output", "Hide output");'>Show output</a>

<a href="#Output-466205043" onClick="toggleAllBoxes();">Show all outputs</a>
<div class='log' id="Output-466205043">
<a href = file:////mnt/RTFS_WEBAUTOMATION/NewAutomationFrameWork/target/surefire-reports/screenshots/17_Nov_2014__05_49_32PM.png target='_blank'> <p align="left", style= "color: red; font: italic bold 12px/30px Georgia,serif;" >Click here for screen shot of Aurangabad Shirdi</p> </a><br/>
</div>
</td>
<td><div><pre>java.lang.NullPointerException
	at org.taxiforsure.utils.DataBaseUtils.closeConnection(DataBaseUtils.java:90)
	at org.taxiforsure.utils.DataBaseUtils.executeQuery(DataBaseUtils.java:43)
	at org.taxiforsure.answercall.AnswerCallScreen.getAllLocalities(AnswerCallScreen.java:541)
	at org.taxiforsure.answercall.AnswerCallScreen.getpickUpLocality(AnswerCallScreen.java:656)
	at org.taxiforsure.rtfs.TestVerifyNightFutureBooking.testVerifyHatchBackNight(TestVerifyNightFutureBooking.java:98)
	at sun.reflect.NativeMethodAccessorImpl.invoke0(Native Method)
	at sun.reflect.NativeMethodAccessorImpl.invoke(NativeMethodAccessorImpl.java:57)
	at sun.reflect.DelegatingMethodAccessorImpl.invoke(DelegatingMethodAccessorImpl.java:43)
	at java.lang.reflect.Method.invoke(Method.java:606)
	at org.testng.internal.MethodInvocationHelper.invokeMethod(MethodInvocationHelper.java:84)
	at org.testng.internal.Invoker.invokeMethod(Invoker.java:714)
	at org.testng.internal.Invoker.invokeTestMethod(Invoker.java:901)
	at org.testng.internal.Invoker.invokeTestMethods(Invoker.java:1231)
	at org.testng.internal.TestMethodWorker.invokeTestMethods(TestMethodWorker.java:127)
	at org.testng.internal.TestMethodWorker.run(TestMethodWorker.java:111)
	at java.util.concurrent.ThreadPoolExecutor.runWorker(ThreadPoolExecutor.java:1145)
	at java.util.concurrent.ThreadPoolExecutor$Worker.run(ThreadPoolExecutor.java:615)
	at java.lang.Thread.run(Thread.java:745)
</pre></div><a href='#' onClick='toggleBox("stack-trace466205043", this, "Click to show all stack frames", "Click to hide stack frames")'>Click to show all stack frames</a>
<div class='stack-trace' id='stack-trace466205043'><pre>java.lang.NullPointerException
	at org.taxiforsure.utils.DataBaseUtils.closeConnection(DataBaseUtils.java:90)
	at org.taxiforsure.utils.DataBaseUtils.executeQuery(DataBaseUtils.java:43)
	at org.taxiforsure.answercall.AnswerCallScreen.getAllLocalities(AnswerCallScreen.java:541)
	at org.taxiforsure.answercall.AnswerCallScreen.getpickUpLocality(AnswerCallScreen.java:656)
	at org.taxiforsure.rtfs.TestVerifyNightFutureBooking.testVerifyHatchBackNight(TestVerifyNightFutureBooking.java:98)
	at sun.reflect.NativeMethodAccessorImpl.invoke0(Native Method)
	at sun.reflect.NativeMethodAccessorImpl.invoke(NativeMethodAccessorImpl.java:57)
	at sun.reflect.DelegatingMethodAccessorImpl.invoke(DelegatingMethodAccessorImpl.java:43)
	at java.lang.reflect.Method.invoke(Method.java:606)
	at org.testng.internal.MethodInvocationHelper.invokeMethod(MethodInvocationHelper.java:84)
	at org.testng.internal.Invoker.invokeMethod(Invoker.java:714)
	at org.testng.internal.Invoker.invokeTestMethod(Invoker.java:901)
	at org.testng.internal.Invoker.invokeTestMethods(Invoker.java:1231)
	at org.testng.internal.TestMethodWorker.invokeTestMethods(TestMethodWorker.java:127)
	at org.testng.internal.TestMethodWorker.run(TestMethodWorker.java:111)
	at java.util.concurrent.ThreadPoolExecutor.runWorker(ThreadPoolExecutor.java:1145)
	at java.util.concurrent.ThreadPoolExecutor$Worker.run(ThreadPoolExecutor.java:615)
	at java.lang.Thread.run(Thread.java:745)
</pre></div></td>
<td>26</td>
<td>org.taxiforsure.rtfs.TestVerifyNightFutureBooking@2648ff61</td></tr>
<tr>
<td title='org.taxiforsure.rtfs.TestVerifyNightFutureBooking.testVerifyHatchBackNight()'><b>testVerifyHatchBackNight</b><br>Test class: org.taxiforsure.rtfs.TestVerifyNightFutureBooking<br/>
<a href="#Output-1825614992" onClick='toggleBox("Output-1825614992", this, "Show output", "Hide output");'>Show output</a>

<a href="#Output-1825614992" onClick="toggleAllBoxes();">Show all outputs</a>
<div class='log' id="Output-1825614992">
<a href = file:////mnt/RTFS_WEBAUTOMATION/NewAutomationFrameWork/target/surefire-reports/screenshots/17_Nov_2014__05_49_37PM.png target='_blank'> <p align="left", style= "color: red; font: italic bold 12px/30px Georgia,serif;" >Click here for screen shot of Aurangabad Shirdi</p> </a><br/>
</div>
</td>
<td><div><pre>org.openqa.selenium.NoSuchElementException: Unable to locate element: {&quot;method&quot;:&quot;xpath&quot;,&quot;selector&quot;:&quot;//a[@class=&apos;submenu&apos;]/span[text()=&apos;Answer Call&apos;]&quot;}
For documentation on this error, please visit: http://seleniumhq.org/exceptions/no_such_element.html
Build info: version: &apos;2.43.0&apos;, revision: &apos;597b76b&apos;, time: &apos;2014-09-09 20:52:14&apos;
System info: host: &apos;chef&apos;, ip: &apos;127.0.1.1&apos;, os.name: &apos;Linux&apos;, os.arch: &apos;i386&apos;, os.version: &apos;3.13.0-32-generic&apos;, java.version: &apos;1.6.0_45&apos;
Driver info: driver.version: unknown
Command duration or timeout: 20.22 seconds
For documentation on this error, please visit: http://seleniumhq.org/exceptions/no_such_element.html
Build info: version: &apos;2.44.0&apos;, revision: &apos;76d78cf323ce037c5f92db6c1bba601c2ac43ad8&apos;, time: &apos;2014-10-23 13:11:40&apos;
System info: host: &apos;ip-10-146-7-231&apos;, ip: &apos;10.146.7.231&apos;, os.name: &apos;Linux&apos;, os.arch: &apos;amd64&apos;, os.version: &apos;3.13.0-24-generic&apos;, java.version: &apos;1.7.0_65&apos;
Session ID: 52a4d6d989614be4b5438c6335f63545
Driver info: org.openqa.selenium.remote.RemoteWebDriver
Capabilities [{platform=LINUX, acceptSslCerts=true, javascriptEnabled=true, hasMetadata=true, browserName=firefox, rotatable=false, locationContextEnabled=true, webdriver.remote.sessionid=52a4d6d989614be4b5438c6335f63545, version=32.0, cssSelectorsEnabled=true, databaseEnabled=true, handlesAlerts=true, webStorageEnabled=true, nativeEvents=false, applicationCacheEnabled=true, takesScreenshot=true}]
	at sun.reflect.NativeConstructorAccessorImpl.newInstance0(Native Method)
	at sun.reflect.NativeConstructorAccessorImpl.newInstance(NativeConstructorAccessorImpl.java:57)
	at sun.reflect.DelegatingConstructorAccessorImpl.newInstance(DelegatingConstructorAccessorImpl.java:45)
	at java.lang.reflect.Constructor.newInstance(Constructor.java:526)
	at org.openqa.selenium.remote.ErrorHandler.createThrowable(ErrorHandler.java:204)
	at org.openqa.selenium.remote.ErrorHandler.throwIfResponseFailed(ErrorHandler.java:156)
	at org.openqa.selenium.remote.RemoteWebDriver.execute(RemoteWebDriver.java:599)
	at org.openqa.selenium.remote.RemoteWebDriver.findElement(RemoteWebDriver.java:352)
	at org.openqa.selenium.remote.RemoteWebDriver.findElementByXPath(RemoteWebDriver.java:449)
	at org.openqa.selenium.By$ByXPath.findElement(By.java:357)
	at org.openqa.selenium.remote.RemoteWebDriver.findElement(RemoteWebDriver.java:344)
	at org.openqa.selenium.support.pagefactory.DefaultElementLocator.findElement(DefaultElementLocator.java:59)
	at org.openqa.selenium.support.pagefactory.internal.LocatingElementHandler.invoke(LocatingElementHandler.java:37)
	at com.sun.proxy.$Proxy4.getWrappedElement(Unknown Source)
	at org.openqa.selenium.remote.internal.WebElementToJsonConverter.apply(WebElementToJsonConverter.java:48)
	at com.google.common.collect.Iterators$8.transform(Iterators.java:799)
	at com.google.common.collect.TransformedIterator.next(TransformedIterator.java:48)
	at com.google.common.collect.Iterators.addAll(Iterators.java:362)
	at com.google.common.collect.Lists.newArrayList(Lists.java:160)
	at com.google.common.collect.Lists.newArrayList(Lists.java:144)
	at org.openqa.selenium.remote.RemoteWebDriver.executeScript(RemoteWebDriver.java:504)
	at org.taxiforsure.rtfscommonelements.CommonElements.clickAnswerCallLink(CommonElements.java:26)
	at org.taxiforsure.rtfs.TestVerifyNightFutureBooking.testVerifyHatchBackNight(TestVerifyNightFutureBooking.java:92)
	at sun.reflect.NativeMethodAccessorImpl.invoke0(Native Method)
	at sun.reflect.NativeMethodAccessorImpl.invoke(NativeMethodAccessorImpl.java:57)
	at sun.reflect.DelegatingMethodAccessorImpl.invoke(DelegatingMethodAccessorImpl.java:43)
	at java.lang.reflect.Method.invoke(Method.java:606)
	at org.testng.internal.MethodInvocationHelper.invokeMethod(MethodInvocationHelper.java:84)
	at org.testng.internal.Invoker.invokeMethod(Invoker.java:714)
	at org.testng.internal.Invoker.invokeTestMethod(Invoker.java:901)
	at org.testng.internal.Invoker.invokeTestMethods(Invoker.java:1231)
	at org.testng.internal.TestMethodWorker.invokeTestMethods(TestMethodWorker.java:127)
	at org.testng.internal.TestMethodWorker.run(TestMethodWorker.java:111)
	at java.util.concurrent.ThreadPoolExecutor.runWorker(ThreadPoolExecutor.java:1145)
	at java.util.concurrent.ThreadPoolExecutor$Worker.run(ThreadPoolExecutor.java:615)
	at java.lang.Thread.run(Thread.java:745)
Caused by: org.openqa.selenium.NoSuchElementException: Unable to locate element: {&quot;method&quot;:&quot;xpath&quot;,&quot;selector&quot;:&quot;//a[@class=&apos;submenu&apos;]/span[text()=&apos;Answer Call&apos;]&quot;}
For documentation on this error, please visit: http://seleniumhq.org/exceptions/no_such_element.html
Build info: version: &apos;2.43.0&apos;, revision: &apos;597b76b&apos;, time: &apos;2014-09-09 20:52:14&apos;
System info: host: &apos;chef&apos;, ip: &apos;127.0.1.1&apos;, os.name: &apos;Linux&apos;, os.arch: &apos;i386&apos;, os.version: &apos;3.13.0-32-generic&apos;, java.version: &apos;1.6.0_45&apos;
Driver info: driver.version: unknown
For documentation on this error, please visit: http://seleniumhq.org/exceptions/no_such_element.html
Build info: version: &apos;2.44.0&apos;, revision: &apos;76d78cf323ce037c5f92db6c1bba601c2ac43ad8&apos;, time: &apos;2014-10-23 13:11:40&apos;
System info: host: &apos;ip-10-146-7-231&apos;, ip: &apos;10.146.7.231&apos;, os.name: &apos;Linux&apos;, os.arch: &apos;amd64&apos;, os.version: &apos;3.13.0-24-generic&apos;, java.version: &apos;1.7.0_65&apos;
Driver info: driver.version: unknown
	at &lt;anonymous class&gt;.FirefoxDriver.prototype.findElementInternal_(file:///tmp/anonymous6142360968841556817webdriver-profile/extensions/fxdriver@googlecode.com/components/driver-component.js:9618:133)
	at &lt;anonymous class&gt;.fxdriver.Timer.prototype.setTimeout/&lt;.notify(file:///tmp/anonymous6142360968841556817webdriver-profile/extensions/fxdriver@googlecode.com/components/driver-component.js:548:5)
</pre></div><a href='#' onClick='toggleBox("stack-trace1825614992", this, "Click to show all stack frames", "Click to hide stack frames")'>Click to show all stack frames</a>
<div class='stack-trace' id='stack-trace1825614992'><pre>org.openqa.selenium.NoSuchElementException: Unable to locate element: {&quot;method&quot;:&quot;xpath&quot;,&quot;selector&quot;:&quot;//a[@class=&apos;submenu&apos;]/span[text()=&apos;Answer Call&apos;]&quot;}
For documentation on this error, please visit: http://seleniumhq.org/exceptions/no_such_element.html
Build info: version: &apos;2.43.0&apos;, revision: &apos;597b76b&apos;, time: &apos;2014-09-09 20:52:14&apos;
System info: host: &apos;chef&apos;, ip: &apos;127.0.1.1&apos;, os.name: &apos;Linux&apos;, os.arch: &apos;i386&apos;, os.version: &apos;3.13.0-32-generic&apos;, java.version: &apos;1.6.0_45&apos;
Driver info: driver.version: unknown
Command duration or timeout: 20.22 seconds
For documentation on this error, please visit: http://seleniumhq.org/exceptions/no_such_element.html
Build info: version: &apos;2.44.0&apos;, revision: &apos;76d78cf323ce037c5f92db6c1bba601c2ac43ad8&apos;, time: &apos;2014-10-23 13:11:40&apos;
System info: host: &apos;ip-10-146-7-231&apos;, ip: &apos;10.146.7.231&apos;, os.name: &apos;Linux&apos;, os.arch: &apos;amd64&apos;, os.version: &apos;3.13.0-24-generic&apos;, java.version: &apos;1.7.0_65&apos;
Session ID: 52a4d6d989614be4b5438c6335f63545
Driver info: org.openqa.selenium.remote.RemoteWebDriver
Capabilities [{platform=LINUX, acceptSslCerts=true, javascriptEnabled=true, hasMetadata=true, browserName=firefox, rotatable=false, locationContextEnabled=true, webdriver.remote.sessionid=52a4d6d989614be4b5438c6335f63545, version=32.0, cssSelectorsEnabled=true, databaseEnabled=true, handlesAlerts=true, webStorageEnabled=true, nativeEvents=false, applicationCacheEnabled=true, takesScreenshot=true}]
	at sun.reflect.NativeConstructorAccessorImpl.newInstance0(Native Method)
	at sun.reflect.NativeConstructorAccessorImpl.newInstance(NativeConstructorAccessorImpl.java:57)
	at sun.reflect.DelegatingConstructorAccessorImpl.newInstance(DelegatingConstructorAccessorImpl.java:45)
	at java.lang.reflect.Constructor.newInstance(Constructor.java:526)
	at org.openqa.selenium.remote.ErrorHandler.createThrowable(ErrorHandler.java:204)
	at org.openqa.selenium.remote.ErrorHandler.throwIfResponseFailed(ErrorHandler.java:156)
	at org.openqa.selenium.remote.RemoteWebDriver.execute(RemoteWebDriver.java:599)
	at org.openqa.selenium.remote.RemoteWebDriver.findElement(RemoteWebDriver.java:352)
	at org.openqa.selenium.remote.RemoteWebDriver.findElementByXPath(RemoteWebDriver.java:449)
	at org.openqa.selenium.By$ByXPath.findElement(By.java:357)
	at org.openqa.selenium.remote.RemoteWebDriver.findElement(RemoteWebDriver.java:344)
	at org.openqa.selenium.support.pagefactory.DefaultElementLocator.findElement(DefaultElementLocator.java:59)
	at org.openqa.selenium.support.pagefactory.internal.LocatingElementHandler.invoke(LocatingElementHandler.java:37)
	at com.sun.proxy.$Proxy4.getWrappedElement(Unknown Source)
	at org.openqa.selenium.remote.internal.WebElementToJsonConverter.apply(WebElementToJsonConverter.java:48)
	at com.google.common.collect.Iterators$8.transform(Iterators.java:799)
	at com.google.common.collect.TransformedIterator.next(TransformedIterator.java:48)
	at com.google.common.collect.Iterators.addAll(Iterators.java:362)
	at com.google.common.collect.Lists.newArrayList(Lists.java:160)
	at com.google.common.collect.Lists.newArrayList(Lists.java:144)
	at org.openqa.selenium.remote.RemoteWebDriver.executeScript(RemoteWebDriver.java:504)
	at org.taxiforsure.rtfscommonelements.CommonElements.clickAnswerCallLink(CommonElements.java:26)
	at org.taxiforsure.rtfs.TestVerifyNightFutureBooking.testVerifyHatchBackNight(TestVerifyNightFutureBooking.java:92)
	at sun.reflect.NativeMethodAccessorImpl.invoke0(Native Method)
	at sun.reflect.NativeMethodAccessorImpl.invoke(NativeMethodAccessorImpl.java:57)
	at sun.reflect.DelegatingMethodAccessorImpl.invoke(DelegatingMethodAccessorImpl.java:43)
	at java.lang.reflect.Method.invoke(Method.java:606)
	at org.testng.internal.MethodInvocationHelper.invokeMethod(MethodInvocationHelper.java:84)
	at org.testng.internal.Invoker.invokeMethod(Invoker.java:714)
	at org.testng.internal.Invoker.invokeTestMethod(Invoker.java:901)
	at org.testng.internal.Invoker.invokeTestMethods(Invoker.java:1231)
	at org.testng.internal.TestMethodWorker.invokeTestMethods(TestMethodWorker.java:127)
	at org.testng.internal.TestMethodWorker.run(TestMethodWorker.java:111)
	at java.util.concurrent.ThreadPoolExecutor.runWorker(ThreadPoolExecutor.java:1145)
	at java.util.concurrent.ThreadPoolExecutor$Worker.run(ThreadPoolExecutor.java:615)
	at java.lang.Thread.run(Thread.java:745)
Caused by: org.openqa.selenium.NoSuchElementException: Unable to locate element: {&quot;method&quot;:&quot;xpath&quot;,&quot;selector&quot;:&quot;//a[@class=&apos;submenu&apos;]/span[text()=&apos;Answer Call&apos;]&quot;}
For documentation on this error, please visit: http://seleniumhq.org/exceptions/no_such_element.html
Build info: version: &apos;2.43.0&apos;, revision: &apos;597b76b&apos;, time: &apos;2014-09-09 20:52:14&apos;
System info: host: &apos;chef&apos;, ip: &apos;127.0.1.1&apos;, os.name: &apos;Linux&apos;, os.arch: &apos;i386&apos;, os.version: &apos;3.13.0-32-generic&apos;, java.version: &apos;1.6.0_45&apos;
Driver info: driver.version: unknown
For documentation on this error, please visit: http://seleniumhq.org/exceptions/no_such_element.html
Build info: version: &apos;2.44.0&apos;, revision: &apos;76d78cf323ce037c5f92db6c1bba601c2ac43ad8&apos;, time: &apos;2014-10-23 13:11:40&apos;
System info: host: &apos;ip-10-146-7-231&apos;, ip: &apos;10.146.7.231&apos;, os.name: &apos;Linux&apos;, os.arch: &apos;amd64&apos;, os.version: &apos;3.13.0-24-generic&apos;, java.version: &apos;1.7.0_65&apos;
Driver info: driver.version: unknown
	at &lt;anonymous class&gt;.FirefoxDriver.prototype.findElementInternal_(file:///tmp/anonymous6142360968841556817webdriver-profile/extensions/fxdriver@googlecode.com/components/driver-component.js:9618:133)
	at &lt;anonymous class&gt;.fxdriver.Timer.prototype.setTimeout/&lt;.notify(file:///tmp/anonymous6142360968841556817webdriver-profile/extensions/fxdriver@googlecode.com/components/driver-component.js:548:5)
</pre></div></td>
<td>33</td>
<td>org.taxiforsure.rtfs.TestVerifyNightFutureBooking@24b397e9</td></tr>
<tr>
<td title='org.taxiforsure.rtfs.TestVerifyNightFutureBooking.testVerifyHatchBackNight()'><b>testVerifyHatchBackNight</b><br>Test class: org.taxiforsure.rtfs.TestVerifyNightFutureBooking<br/>
<a href="#Output-1975473085" onClick='toggleBox("Output-1975473085", this, "Show output", "Hide output");'>Show output</a>

<a href="#Output-1975473085" onClick="toggleAllBoxes();">Show all outputs</a>
<div class='log' id="Output-1975473085">
<a href = file:////mnt/RTFS_WEBAUTOMATION/NewAutomationFrameWork/target/surefire-reports/screenshots/17_Nov_2014__05_50_36PM.png target='_blank'> <p align="left", style= "color: red; font: italic bold 12px/30px Georgia,serif;" >Click here for screen shot of Aurangabad Point to Point</p> </a><br/>
</div>
</td>
<td><div><pre>java.lang.NullPointerException
	at org.taxiforsure.utils.DataBaseUtils.closeConnection(DataBaseUtils.java:90)
	at org.taxiforsure.utils.DataBaseUtils.executeQuery(DataBaseUtils.java:43)
	at org.taxiforsure.answercall.AnswerCallScreen.getAllLocalities(AnswerCallScreen.java:541)
	at org.taxiforsure.answercall.AnswerCallScreen.getpickUpLocality(AnswerCallScreen.java:656)
	at org.taxiforsure.rtfs.TestVerifyNightFutureBooking.testVerifyHatchBackNight(TestVerifyNightFutureBooking.java:98)
	at sun.reflect.NativeMethodAccessorImpl.invoke0(Native Method)
	at sun.reflect.NativeMethodAccessorImpl.invoke(NativeMethodAccessorImpl.java:57)
	at sun.reflect.DelegatingMethodAccessorImpl.invoke(DelegatingMethodAccessorImpl.java:43)
	at java.lang.reflect.Method.invoke(Method.java:606)
	at org.testng.internal.MethodInvocationHelper.invokeMethod(MethodInvocationHelper.java:84)
	at org.testng.internal.Invoker.invokeMethod(Invoker.java:714)
	at org.testng.internal.Invoker.invokeTestMethod(Invoker.java:901)
	at org.testng.internal.Invoker.invokeTestMethods(Invoker.java:1231)
	at org.testng.internal.TestMethodWorker.invokeTestMethods(TestMethodWorker.java:127)
	at org.testng.internal.TestMethodWorker.run(TestMethodWorker.java:111)
	at java.util.concurrent.ThreadPoolExecutor.runWorker(ThreadPoolExecutor.java:1145)
	at java.util.concurrent.ThreadPoolExecutor$Worker.run(ThreadPoolExecutor.java:615)
	at java.lang.Thread.run(Thread.java:745)
</pre></div><a href='#' onClick='toggleBox("stack-trace1975473085", this, "Click to show all stack frames", "Click to hide stack frames")'>Click to show all stack frames</a>
<div class='stack-trace' id='stack-trace1975473085'><pre>java.lang.NullPointerException
	at org.taxiforsure.utils.DataBaseUtils.closeConnection(DataBaseUtils.java:90)
	at org.taxiforsure.utils.DataBaseUtils.executeQuery(DataBaseUtils.java:43)
	at org.taxiforsure.answercall.AnswerCallScreen.getAllLocalities(AnswerCallScreen.java:541)
	at org.taxiforsure.answercall.AnswerCallScreen.getpickUpLocality(AnswerCallScreen.java:656)
	at org.taxiforsure.rtfs.TestVerifyNightFutureBooking.testVerifyHatchBackNight(TestVerifyNightFutureBooking.java:98)
	at sun.reflect.NativeMethodAccessorImpl.invoke0(Native Method)
	at sun.reflect.NativeMethodAccessorImpl.invoke(NativeMethodAccessorImpl.java:57)
	at sun.reflect.DelegatingMethodAccessorImpl.invoke(DelegatingMethodAccessorImpl.java:43)
	at java.lang.reflect.Method.invoke(Method.java:606)
	at org.testng.internal.MethodInvocationHelper.invokeMethod(MethodInvocationHelper.java:84)
	at org.testng.internal.Invoker.invokeMethod(Invoker.java:714)
	at org.testng.internal.Invoker.invokeTestMethod(Invoker.java:901)
	at org.testng.internal.Invoker.invokeTestMethods(Invoker.java:1231)
	at org.testng.internal.TestMethodWorker.invokeTestMethods(TestMethodWorker.java:127)
	at org.testng.internal.TestMethodWorker.run(TestMethodWorker.java:111)
	at java.util.concurrent.ThreadPoolExecutor.runWorker(ThreadPoolExecutor.java:1145)
	at java.util.concurrent.ThreadPoolExecutor$Worker.run(ThreadPoolExecutor.java:615)
	at java.lang.Thread.run(Thread.java:745)
</pre></div></td>
<td>19</td>
<td>org.taxiforsure.rtfs.TestVerifyNightFutureBooking@37e66f47</td></tr>
<tr>
<td title='org.taxiforsure.rtfs.TestVerifyNightFutureBooking.testVerifyHatchBackNight()'><b>testVerifyHatchBackNight</b><br>Test class: org.taxiforsure.rtfs.TestVerifyNightFutureBooking<br/>
<a href="#Output-1994131911" onClick='toggleBox("Output-1994131911", this, "Show output", "Hide output");'>Show output</a>

<a href="#Output-1994131911" onClick="toggleAllBoxes();">Show all outputs</a>
<div class='log' id="Output-1994131911">
<a href = file:////mnt/RTFS_WEBAUTOMATION/NewAutomationFrameWork/target/surefire-reports/screenshots/17_Nov_2014__05_50_43PM.png target='_blank'> <p align="left", style= "color: red; font: italic bold 12px/30px Georgia,serif;" >Click here for screen shot of Aurangabad Shirdi</p> </a><br/>
</div>
</td>
<td><div><pre>java.lang.ArrayIndexOutOfBoundsException: 2
	at org.taxiforsure.actions.DoOperation.type(DoOperation.java:36)
	at org.taxiforsure.answercall.AnswerCallScreen.setPhoneNumber(AnswerCallScreen.java:189)
	at org.taxiforsure.rtfs.TestVerifyNightFutureBooking.testVerifyHatchBackNight(TestVerifyNightFutureBooking.java:95)
	at sun.reflect.NativeMethodAccessorImpl.invoke0(Native Method)
	at sun.reflect.NativeMethodAccessorImpl.invoke(NativeMethodAccessorImpl.java:57)
	at sun.reflect.DelegatingMethodAccessorImpl.invoke(DelegatingMethodAccessorImpl.java:43)
	at java.lang.reflect.Method.invoke(Method.java:606)
	at org.testng.internal.MethodInvocationHelper.invokeMethod(MethodInvocationHelper.java:84)
	at org.testng.internal.Invoker.invokeMethod(Invoker.java:714)
	at org.testng.internal.Invoker.invokeTestMethod(Invoker.java:901)
	at org.testng.internal.Invoker.invokeTestMethods(Invoker.java:1231)
	at org.testng.internal.TestMethodWorker.invokeTestMethods(TestMethodWorker.java:127)
	at org.testng.internal.TestMethodWorker.run(TestMethodWorker.java:111)
	at java.util.concurrent.ThreadPoolExecutor.runWorker(ThreadPoolExecutor.java:1145)
	at java.util.concurrent.ThreadPoolExecutor$Worker.run(ThreadPoolExecutor.java:615)
	at java.lang.Thread.run(Thread.java:745)
</pre></div><a href='#' onClick='toggleBox("stack-trace1994131911", this, "Click to show all stack frames", "Click to hide stack frames")'>Click to show all stack frames</a>
<div class='stack-trace' id='stack-trace1994131911'><pre>java.lang.ArrayIndexOutOfBoundsException: 2
	at org.taxiforsure.actions.DoOperation.type(DoOperation.java:36)
	at org.taxiforsure.answercall.AnswerCallScreen.setPhoneNumber(AnswerCallScreen.java:189)
	at org.taxiforsure.rtfs.TestVerifyNightFutureBooking.testVerifyHatchBackNight(TestVerifyNightFutureBooking.java:95)
	at sun.reflect.NativeMethodAccessorImpl.invoke0(Native Method)
	at sun.reflect.NativeMethodAccessorImpl.invoke(NativeMethodAccessorImpl.java:57)
	at sun.reflect.DelegatingMethodAccessorImpl.invoke(DelegatingMethodAccessorImpl.java:43)
	at java.lang.reflect.Method.invoke(Method.java:606)
	at org.testng.internal.MethodInvocationHelper.invokeMethod(MethodInvocationHelper.java:84)
	at org.testng.internal.Invoker.invokeMethod(Invoker.java:714)
	at org.testng.internal.Invoker.invokeTestMethod(Invoker.java:901)
	at org.testng.internal.Invoker.invokeTestMethods(Invoker.java:1231)
	at org.testng.internal.TestMethodWorker.invokeTestMethods(TestMethodWorker.java:127)
	at org.testng.internal.TestMethodWorker.run(TestMethodWorker.java:111)
	at java.util.concurrent.ThreadPoolExecutor.runWorker(ThreadPoolExecutor.java:1145)
	at java.util.concurrent.ThreadPoolExecutor$Worker.run(ThreadPoolExecutor.java:615)
	at java.lang.Thread.run(Thread.java:745)
</pre></div></td>
<td>35</td>
<td>org.taxiforsure.rtfs.TestVerifyNightFutureBooking@2764cea</td></tr>
<tr>
<td title='org.taxiforsure.rtfs.TestVerifyNightFutureBooking.testVerifyHatchBackNight()'><b>testVerifyHatchBackNight</b><br>Test class: org.taxiforsure.rtfs.TestVerifyNightFutureBooking<br/>
<a href="#Output-131519745" onClick='toggleBox("Output-131519745", this, "Show output", "Hide output");'>Show output</a>

<a href="#Output-131519745" onClick="toggleAllBoxes();">Show all outputs</a>
<div class='log' id="Output-131519745">
<a href = file:////mnt/RTFS_WEBAUTOMATION/NewAutomationFrameWork/target/surefire-reports/screenshots/17_Nov_2014__05_51_31PM.png target='_blank'> <p align="left", style= "color: red; font: italic bold 12px/30px Georgia,serif;" >Click here for screen shot of Aurangabad 4hrs 40Kms</p> </a><br/>
</div>
</td>
<td><div><pre>java.lang.NullPointerException
	at org.taxiforsure.utils.DataBaseUtils.closeConnection(DataBaseUtils.java:90)
	at org.taxiforsure.utils.DataBaseUtils.executeQuery(DataBaseUtils.java:43)
	at org.taxiforsure.answercall.AnswerCallScreen.getAllLocalities(AnswerCallScreen.java:541)
	at org.taxiforsure.answercall.AnswerCallScreen.getpickUpLocality(AnswerCallScreen.java:656)
	at org.taxiforsure.rtfs.TestVerifyNightFutureBooking.testVerifyHatchBackNight(TestVerifyNightFutureBooking.java:98)
	at sun.reflect.NativeMethodAccessorImpl.invoke0(Native Method)
	at sun.reflect.NativeMethodAccessorImpl.invoke(NativeMethodAccessorImpl.java:57)
	at sun.reflect.DelegatingMethodAccessorImpl.invoke(DelegatingMethodAccessorImpl.java:43)
	at java.lang.reflect.Method.invoke(Method.java:606)
	at org.testng.internal.MethodInvocationHelper.invokeMethod(MethodInvocationHelper.java:84)
	at org.testng.internal.Invoker.invokeMethod(Invoker.java:714)
	at org.testng.internal.Invoker.invokeTestMethod(Invoker.java:901)
	at org.testng.internal.Invoker.invokeTestMethods(Invoker.java:1231)
	at org.testng.internal.TestMethodWorker.invokeTestMethods(TestMethodWorker.java:127)
	at org.testng.internal.TestMethodWorker.run(TestMethodWorker.java:111)
	at java.util.concurrent.ThreadPoolExecutor.runWorker(ThreadPoolExecutor.java:1145)
	at java.util.concurrent.ThreadPoolExecutor$Worker.run(ThreadPoolExecutor.java:615)
	at java.lang.Thread.run(Thread.java:745)
</pre></div><a href='#' onClick='toggleBox("stack-trace131519745", this, "Click to show all stack frames", "Click to hide stack frames")'>Click to show all stack frames</a>
<div class='stack-trace' id='stack-trace131519745'><pre>java.lang.NullPointerException
	at org.taxiforsure.utils.DataBaseUtils.closeConnection(DataBaseUtils.java:90)
	at org.taxiforsure.utils.DataBaseUtils.executeQuery(DataBaseUtils.java:43)
	at org.taxiforsure.answercall.AnswerCallScreen.getAllLocalities(AnswerCallScreen.java:541)
	at org.taxiforsure.answercall.AnswerCallScreen.getpickUpLocality(AnswerCallScreen.java:656)
	at org.taxiforsure.rtfs.TestVerifyNightFutureBooking.testVerifyHatchBackNight(TestVerifyNightFutureBooking.java:98)
	at sun.reflect.NativeMethodAccessorImpl.invoke0(Native Method)
	at sun.reflect.NativeMethodAccessorImpl.invoke(NativeMethodAccessorImpl.java:57)
	at sun.reflect.DelegatingMethodAccessorImpl.invoke(DelegatingMethodAccessorImpl.java:43)
	at java.lang.reflect.Method.invoke(Method.java:606)
	at org.testng.internal.MethodInvocationHelper.invokeMethod(MethodInvocationHelper.java:84)
	at org.testng.internal.Invoker.invokeMethod(Invoker.java:714)
	at org.testng.internal.Invoker.invokeTestMethod(Invoker.java:901)
	at org.testng.internal.Invoker.invokeTestMethods(Invoker.java:1231)
	at org.testng.internal.TestMethodWorker.invokeTestMethods(TestMethodWorker.java:127)
	at org.testng.internal.TestMethodWorker.run(TestMethodWorker.java:111)
	at java.util.concurrent.ThreadPoolExecutor.runWorker(ThreadPoolExecutor.java:1145)
	at java.util.concurrent.ThreadPoolExecutor$Worker.run(ThreadPoolExecutor.java:615)
	at java.lang.Thread.run(Thread.java:745)
</pre></div></td>
<td>18</td>
<td>org.taxiforsure.rtfs.TestVerifyNightFutureBooking@3f6e4f00</td></tr>
<tr>
<td title='org.taxiforsure.rtfs.TestVerifyNightFutureBooking.testVerifyHatchBackNight()'><b>testVerifyHatchBackNight</b><br>Test class: org.taxiforsure.rtfs.TestVerifyNightFutureBooking<br/>
<a href="#Output-911682090" onClick='toggleBox("Output-911682090", this, "Show output", "Hide output");'>Show output</a>

<a href="#Output-911682090" onClick="toggleAllBoxes();">Show all outputs</a>
<div class='log' id="Output-911682090">
<a href = file:////mnt/RTFS_WEBAUTOMATION/NewAutomationFrameWork/target/surefire-reports/screenshots/17_Nov_2014__05_51_41PM.png target='_blank'> <p align="left", style= "color: red; font: italic bold 12px/30px Georgia,serif;" >Click here for screen shot of Aurangabad Ajanta Caves</p> </a><br/>
</div>
</td>
<td><div><pre>java.lang.NullPointerException
	at org.taxiforsure.utils.DataBaseUtils.closeConnection(DataBaseUtils.java:90)
	at org.taxiforsure.utils.DataBaseUtils.executeQuery(DataBaseUtils.java:43)
	at org.taxiforsure.answercall.AnswerCallScreen.getAllLocalities(AnswerCallScreen.java:541)
	at org.taxiforsure.answercall.AnswerCallScreen.getpickUpLocality(AnswerCallScreen.java:656)
	at org.taxiforsure.rtfs.TestVerifyNightFutureBooking.testVerifyHatchBackNight(TestVerifyNightFutureBooking.java:98)
	at sun.reflect.NativeMethodAccessorImpl.invoke0(Native Method)
	at sun.reflect.NativeMethodAccessorImpl.invoke(NativeMethodAccessorImpl.java:57)
	at sun.reflect.DelegatingMethodAccessorImpl.invoke(DelegatingMethodAccessorImpl.java:43)
	at java.lang.reflect.Method.invoke(Method.java:606)
	at org.testng.internal.MethodInvocationHelper.invokeMethod(MethodInvocationHelper.java:84)
	at org.testng.internal.Invoker.invokeMethod(Invoker.java:714)
	at org.testng.internal.Invoker.invokeTestMethod(Invoker.java:901)
	at org.testng.internal.Invoker.invokeTestMethods(Invoker.java:1231)
	at org.testng.internal.TestMethodWorker.invokeTestMethods(TestMethodWorker.java:127)
	at org.testng.internal.TestMethodWorker.run(TestMethodWorker.java:111)
	at java.util.concurrent.ThreadPoolExecutor.runWorker(ThreadPoolExecutor.java:1145)
	at java.util.concurrent.ThreadPoolExecutor$Worker.run(ThreadPoolExecutor.java:615)
	at java.lang.Thread.run(Thread.java:745)
</pre></div><a href='#' onClick='toggleBox("stack-trace911682090", this, "Click to show all stack frames", "Click to hide stack frames")'>Click to show all stack frames</a>
<div class='stack-trace' id='stack-trace911682090'><pre>java.lang.NullPointerException
	at org.taxiforsure.utils.DataBaseUtils.closeConnection(DataBaseUtils.java:90)
	at org.taxiforsure.utils.DataBaseUtils.executeQuery(DataBaseUtils.java:43)
	at org.taxiforsure.answercall.AnswerCallScreen.getAllLocalities(AnswerCallScreen.java:541)
	at org.taxiforsure.answercall.AnswerCallScreen.getpickUpLocality(AnswerCallScreen.java:656)
	at org.taxiforsure.rtfs.TestVerifyNightFutureBooking.testVerifyHatchBackNight(TestVerifyNightFutureBooking.java:98)
	at sun.reflect.NativeMethodAccessorImpl.invoke0(Native Method)
	at sun.reflect.NativeMethodAccessorImpl.invoke(NativeMethodAccessorImpl.java:57)
	at sun.reflect.DelegatingMethodAccessorImpl.invoke(DelegatingMethodAccessorImpl.java:43)
	at java.lang.reflect.Method.invoke(Method.java:606)
	at org.testng.internal.MethodInvocationHelper.invokeMethod(MethodInvocationHelper.java:84)
	at org.testng.internal.Invoker.invokeMethod(Invoker.java:714)
	at org.testng.internal.Invoker.invokeTestMethod(Invoker.java:901)
	at org.testng.internal.Invoker.invokeTestMethods(Invoker.java:1231)
	at org.testng.internal.TestMethodWorker.invokeTestMethods(TestMethodWorker.java:127)
	at org.testng.internal.TestMethodWorker.run(TestMethodWorker.java:111)
	at java.util.concurrent.ThreadPoolExecutor.runWorker(ThreadPoolExecutor.java:1145)
	at java.util.concurrent.ThreadPoolExecutor$Worker.run(ThreadPoolExecutor.java:615)
	at java.lang.Thread.run(Thread.java:745)
</pre></div></td>
<td>19</td>
<td>org.taxiforsure.rtfs.TestVerifyNightFutureBooking@42e094cc</td></tr>
<tr>
<td title='org.taxiforsure.rtfs.TestVerifyNightFutureBooking.testVerifyHatchBackNight()'><b>testVerifyHatchBackNight</b><br>Test class: org.taxiforsure.rtfs.TestVerifyNightFutureBooking<br/>
<a href="#Output-381721599" onClick='toggleBox("Output-381721599", this, "Show output", "Hide output");'>Show output</a>

<a href="#Output-381721599" onClick="toggleAllBoxes();">Show all outputs</a>
<div class='log' id="Output-381721599">
<a href = file:////mnt/RTFS_WEBAUTOMATION/NewAutomationFrameWork/target/surefire-reports/screenshots/17_Nov_2014__05_52_37PM.png target='_blank'> <p align="left", style= "color: red; font: italic bold 12px/30px Georgia,serif;" >Click here for screen shot of Aurangabad Ajanta Caves</p> </a><br/>
</div>
</td>
<td><div><pre>java.lang.NullPointerException
	at org.taxiforsure.utils.DataBaseUtils.closeConnection(DataBaseUtils.java:90)
	at org.taxiforsure.utils.DataBaseUtils.executeQuery(DataBaseUtils.java:43)
	at org.taxiforsure.answercall.AnswerCallScreen.getAllLocalities(AnswerCallScreen.java:541)
	at org.taxiforsure.answercall.AnswerCallScreen.getpickUpLocality(AnswerCallScreen.java:656)
	at org.taxiforsure.rtfs.TestVerifyNightFutureBooking.testVerifyHatchBackNight(TestVerifyNightFutureBooking.java:98)
	at sun.reflect.NativeMethodAccessorImpl.invoke0(Native Method)
	at sun.reflect.NativeMethodAccessorImpl.invoke(NativeMethodAccessorImpl.java:57)
	at sun.reflect.DelegatingMethodAccessorImpl.invoke(DelegatingMethodAccessorImpl.java:43)
	at java.lang.reflect.Method.invoke(Method.java:606)
	at org.testng.internal.MethodInvocationHelper.invokeMethod(MethodInvocationHelper.java:84)
	at org.testng.internal.Invoker.invokeMethod(Invoker.java:714)
	at org.testng.internal.Invoker.invokeTestMethod(Invoker.java:901)
	at org.testng.internal.Invoker.invokeTestMethods(Invoker.java:1231)
	at org.testng.internal.TestMethodWorker.invokeTestMethods(TestMethodWorker.java:127)
	at org.testng.internal.TestMethodWorker.run(TestMethodWorker.java:111)
	at java.util.concurrent.ThreadPoolExecutor.runWorker(ThreadPoolExecutor.java:1145)
	at java.util.concurrent.ThreadPoolExecutor$Worker.run(ThreadPoolExecutor.java:615)
	at java.lang.Thread.run(Thread.java:745)
</pre></div><a href='#' onClick='toggleBox("stack-trace381721599", this, "Click to show all stack frames", "Click to hide stack frames")'>Click to show all stack frames</a>
<div class='stack-trace' id='stack-trace381721599'><pre>java.lang.NullPointerException
	at org.taxiforsure.utils.DataBaseUtils.closeConnection(DataBaseUtils.java:90)
	at org.taxiforsure.utils.DataBaseUtils.executeQuery(DataBaseUtils.java:43)
	at org.taxiforsure.answercall.AnswerCallScreen.getAllLocalities(AnswerCallScreen.java:541)
	at org.taxiforsure.answercall.AnswerCallScreen.getpickUpLocality(AnswerCallScreen.java:656)
	at org.taxiforsure.rtfs.TestVerifyNightFutureBooking.testVerifyHatchBackNight(TestVerifyNightFutureBooking.java:98)
	at sun.reflect.NativeMethodAccessorImpl.invoke0(Native Method)
	at sun.reflect.NativeMethodAccessorImpl.invoke(NativeMethodAccessorImpl.java:57)
	at sun.reflect.DelegatingMethodAccessorImpl.invoke(DelegatingMethodAccessorImpl.java:43)
	at java.lang.reflect.Method.invoke(Method.java:606)
	at org.testng.internal.MethodInvocationHelper.invokeMethod(MethodInvocationHelper.java:84)
	at org.testng.internal.Invoker.invokeMethod(Invoker.java:714)
	at org.testng.internal.Invoker.invokeTestMethod(Invoker.java:901)
	at org.testng.internal.Invoker.invokeTestMethods(Invoker.java:1231)
	at org.testng.internal.TestMethodWorker.invokeTestMethods(TestMethodWorker.java:127)
	at org.testng.internal.TestMethodWorker.run(TestMethodWorker.java:111)
	at java.util.concurrent.ThreadPoolExecutor.runWorker(ThreadPoolExecutor.java:1145)
	at java.util.concurrent.ThreadPoolExecutor$Worker.run(ThreadPoolExecutor.java:615)
	at java.lang.Thread.run(Thread.java:745)
</pre></div></td>
<td>19</td>
<td>org.taxiforsure.rtfs.TestVerifyNightFutureBooking@51485b22</td></tr>
<tr>
<td title='org.taxiforsure.rtfs.TestVerifyNightFutureBooking.testVerifyHatchBackNight()'><b>testVerifyHatchBackNight</b><br>Test class: org.taxiforsure.rtfs.TestVerifyNightFutureBooking<br/>
<a href="#Output-495863707" onClick='toggleBox("Output-495863707", this, "Show output", "Hide output");'>Show output</a>

<a href="#Output-495863707" onClick="toggleAllBoxes();">Show all outputs</a>
<div class='log' id="Output-495863707">
<a href = file:////mnt/RTFS_WEBAUTOMATION/NewAutomationFrameWork/target/surefire-reports/screenshots/17_Nov_2014__05_52_44PM.png target='_blank'> <p align="left", style= "color: red; font: italic bold 12px/30px Georgia,serif;" >Click here for screen shot of Aurangabad 8hrs 80Kms</p> </a><br/>
</div>
</td>
<td><div><pre>java.lang.ArrayIndexOutOfBoundsException: 2
	at org.taxiforsure.actions.DoOperation.type(DoOperation.java:36)
	at org.taxiforsure.answercall.AnswerCallScreen.setPhoneNumber(AnswerCallScreen.java:189)
	at org.taxiforsure.rtfs.TestVerifyNightFutureBooking.testVerifyHatchBackNight(TestVerifyNightFutureBooking.java:95)
	at sun.reflect.NativeMethodAccessorImpl.invoke0(Native Method)
	at sun.reflect.NativeMethodAccessorImpl.invoke(NativeMethodAccessorImpl.java:57)
	at sun.reflect.DelegatingMethodAccessorImpl.invoke(DelegatingMethodAccessorImpl.java:43)
	at java.lang.reflect.Method.invoke(Method.java:606)
	at org.testng.internal.MethodInvocationHelper.invokeMethod(MethodInvocationHelper.java:84)
	at org.testng.internal.Invoker.invokeMethod(Invoker.java:714)
	at org.testng.internal.Invoker.invokeTestMethod(Invoker.java:901)
	at org.testng.internal.Invoker.invokeTestMethods(Invoker.java:1231)
	at org.testng.internal.TestMethodWorker.invokeTestMethods(TestMethodWorker.java:127)
	at org.testng.internal.TestMethodWorker.run(TestMethodWorker.java:111)
	at java.util.concurrent.ThreadPoolExecutor.runWorker(ThreadPoolExecutor.java:1145)
	at java.util.concurrent.ThreadPoolExecutor$Worker.run(ThreadPoolExecutor.java:615)
	at java.lang.Thread.run(Thread.java:745)
</pre></div><a href='#' onClick='toggleBox("stack-trace495863707", this, "Click to show all stack frames", "Click to hide stack frames")'>Click to show all stack frames</a>
<div class='stack-trace' id='stack-trace495863707'><pre>java.lang.ArrayIndexOutOfBoundsException: 2
	at org.taxiforsure.actions.DoOperation.type(DoOperation.java:36)
	at org.taxiforsure.answercall.AnswerCallScreen.setPhoneNumber(AnswerCallScreen.java:189)
	at org.taxiforsure.rtfs.TestVerifyNightFutureBooking.testVerifyHatchBackNight(TestVerifyNightFutureBooking.java:95)
	at sun.reflect.NativeMethodAccessorImpl.invoke0(Native Method)
	at sun.reflect.NativeMethodAccessorImpl.invoke(NativeMethodAccessorImpl.java:57)
	at sun.reflect.DelegatingMethodAccessorImpl.invoke(DelegatingMethodAccessorImpl.java:43)
	at java.lang.reflect.Method.invoke(Method.java:606)
	at org.testng.internal.MethodInvocationHelper.invokeMethod(MethodInvocationHelper.java:84)
	at org.testng.internal.Invoker.invokeMethod(Invoker.java:714)
	at org.testng.internal.Invoker.invokeTestMethod(Invoker.java:901)
	at org.testng.internal.Invoker.invokeTestMethods(Invoker.java:1231)
	at org.testng.internal.TestMethodWorker.invokeTestMethods(TestMethodWorker.java:127)
	at org.testng.internal.TestMethodWorker.run(TestMethodWorker.java:111)
	at java.util.concurrent.ThreadPoolExecutor.runWorker(ThreadPoolExecutor.java:1145)
	at java.util.concurrent.ThreadPoolExecutor$Worker.run(ThreadPoolExecutor.java:615)
	at java.lang.Thread.run(Thread.java:745)
</pre></div></td>
<td>34</td>
<td>org.taxiforsure.rtfs.TestVerifyNightFutureBooking@47165281</td></tr>
<tr>
<td title='org.taxiforsure.rtfs.TestVerifyNightFutureBooking.testVerifyHatchBackNight()'><b>testVerifyHatchBackNight</b><br>Test class: org.taxiforsure.rtfs.TestVerifyNightFutureBooking<br/>
<a href="#Output-37624522" onClick='toggleBox("Output-37624522", this, "Show output", "Hide output");'>Show output</a>

<a href="#Output-37624522" onClick="toggleAllBoxes();">Show all outputs</a>
<div class='log' id="Output-37624522">
<a href = file:////mnt/RTFS_WEBAUTOMATION/NewAutomationFrameWork/target/surefire-reports/screenshots/17_Nov_2014__05_53_52PM.png target='_blank'> <p align="left", style= "color: red; font: italic bold 12px/30px Georgia,serif;" >Click here for screen shot of Aurangabad Railway Transfer</p> </a><br/>
</div>
</td>
<td><div><pre>java.lang.NullPointerException
	at org.taxiforsure.utils.DataBaseUtils.closeConnection(DataBaseUtils.java:90)
	at org.taxiforsure.utils.DataBaseUtils.executeQuery(DataBaseUtils.java:43)
	at org.taxiforsure.answercall.AnswerCallScreen.getAllLocalities(AnswerCallScreen.java:541)
	at org.taxiforsure.answercall.AnswerCallScreen.getpickUpLocality(AnswerCallScreen.java:656)
	at org.taxiforsure.rtfs.TestVerifyNightFutureBooking.testVerifyHatchBackNight(TestVerifyNightFutureBooking.java:98)
	at sun.reflect.NativeMethodAccessorImpl.invoke0(Native Method)
	at sun.reflect.NativeMethodAccessorImpl.invoke(NativeMethodAccessorImpl.java:57)
	at sun.reflect.DelegatingMethodAccessorImpl.invoke(DelegatingMethodAccessorImpl.java:43)
	at java.lang.reflect.Method.invoke(Method.java:606)
	at org.testng.internal.MethodInvocationHelper.invokeMethod(MethodInvocationHelper.java:84)
	at org.testng.internal.Invoker.invokeMethod(Invoker.java:714)
	at org.testng.internal.Invoker.invokeTestMethod(Invoker.java:901)
	at org.testng.internal.Invoker.invokeTestMethods(Invoker.java:1231)
	at org.testng.internal.TestMethodWorker.invokeTestMethods(TestMethodWorker.java:127)
	at org.testng.internal.TestMethodWorker.run(TestMethodWorker.java:111)
	at java.util.concurrent.ThreadPoolExecutor.runWorker(ThreadPoolExecutor.java:1145)
	at java.util.concurrent.ThreadPoolExecutor$Worker.run(ThreadPoolExecutor.java:615)
	at java.lang.Thread.run(Thread.java:745)
</pre></div><a href='#' onClick='toggleBox("stack-trace37624522", this, "Click to show all stack frames", "Click to hide stack frames")'>Click to show all stack frames</a>
<div class='stack-trace' id='stack-trace37624522'><pre>java.lang.NullPointerException
	at org.taxiforsure.utils.DataBaseUtils.closeConnection(DataBaseUtils.java:90)
	at org.taxiforsure.utils.DataBaseUtils.executeQuery(DataBaseUtils.java:43)
	at org.taxiforsure.answercall.AnswerCallScreen.getAllLocalities(AnswerCallScreen.java:541)
	at org.taxiforsure.answercall.AnswerCallScreen.getpickUpLocality(AnswerCallScreen.java:656)
	at org.taxiforsure.rtfs.TestVerifyNightFutureBooking.testVerifyHatchBackNight(TestVerifyNightFutureBooking.java:98)
	at sun.reflect.NativeMethodAccessorImpl.invoke0(Native Method)
	at sun.reflect.NativeMethodAccessorImpl.invoke(NativeMethodAccessorImpl.java:57)
	at sun.reflect.DelegatingMethodAccessorImpl.invoke(DelegatingMethodAccessorImpl.java:43)
	at java.lang.reflect.Method.invoke(Method.java:606)
	at org.testng.internal.MethodInvocationHelper.invokeMethod(MethodInvocationHelper.java:84)
	at org.testng.internal.Invoker.invokeMethod(Invoker.java:714)
	at org.testng.internal.Invoker.invokeTestMethod(Invoker.java:901)
	at org.testng.internal.Invoker.invokeTestMethods(Invoker.java:1231)
	at org.testng.internal.TestMethodWorker.invokeTestMethods(TestMethodWorker.java:127)
	at org.testng.internal.TestMethodWorker.run(TestMethodWorker.java:111)
	at java.util.concurrent.ThreadPoolExecutor.runWorker(ThreadPoolExecutor.java:1145)
	at java.util.concurrent.ThreadPoolExecutor$Worker.run(ThreadPoolExecutor.java:615)
	at java.lang.Thread.run(Thread.java:745)
</pre></div></td>
<td>26</td>
<td>org.taxiforsure.rtfs.TestVerifyNightFutureBooking@51d934bf</td></tr>
<tr>
<td title='org.taxiforsure.rtfs.TestVerifyNightFutureBooking.testVerifyHatchBackNight()'><b>testVerifyHatchBackNight</b><br>Test class: org.taxiforsure.rtfs.TestVerifyNightFutureBooking<br/>
<a href="#Output-1552852586" onClick='toggleBox("Output-1552852586", this, "Show output", "Hide output");'>Show output</a>

<a href="#Output-1552852586" onClick="toggleAllBoxes();">Show all outputs</a>
<div class='log' id="Output-1552852586">
<a href = file:////mnt/RTFS_WEBAUTOMATION/NewAutomationFrameWork/target/surefire-reports/screenshots/17_Nov_2014__05_53_52PM.png target='_blank'> <p align="left", style= "color: red; font: italic bold 12px/30px Georgia,serif;" >Click here for screen shot of Aurangabad Outstation</p> </a><br/>
</div>
</td>
<td><div><pre>java.lang.NullPointerException
	at org.taxiforsure.utils.DataBaseUtils.closeConnection(DataBaseUtils.java:90)
	at org.taxiforsure.utils.DataBaseUtils.executeQuery(DataBaseUtils.java:43)
	at org.taxiforsure.answercall.AnswerCallScreen.getAllLocalities(AnswerCallScreen.java:541)
	at org.taxiforsure.answercall.AnswerCallScreen.getpickUpLocality(AnswerCallScreen.java:656)
	at org.taxiforsure.rtfs.TestVerifyNightFutureBooking.testVerifyHatchBackNight(TestVerifyNightFutureBooking.java:98)
	at sun.reflect.NativeMethodAccessorImpl.invoke0(Native Method)
	at sun.reflect.NativeMethodAccessorImpl.invoke(NativeMethodAccessorImpl.java:57)
	at sun.reflect.DelegatingMethodAccessorImpl.invoke(DelegatingMethodAccessorImpl.java:43)
	at java.lang.reflect.Method.invoke(Method.java:606)
	at org.testng.internal.MethodInvocationHelper.invokeMethod(MethodInvocationHelper.java:84)
	at org.testng.internal.Invoker.invokeMethod(Invoker.java:714)
	at org.testng.internal.Invoker.invokeTestMethod(Invoker.java:901)
	at org.testng.internal.Invoker.invokeTestMethods(Invoker.java:1231)
	at org.testng.internal.TestMethodWorker.invokeTestMethods(TestMethodWorker.java:127)
	at org.testng.internal.TestMethodWorker.run(TestMethodWorker.java:111)
	at java.util.concurrent.ThreadPoolExecutor.runWorker(ThreadPoolExecutor.java:1145)
	at java.util.concurrent.ThreadPoolExecutor$Worker.run(ThreadPoolExecutor.java:615)
	at java.lang.Thread.run(Thread.java:745)
</pre></div><a href='#' onClick='toggleBox("stack-trace1552852586", this, "Click to show all stack frames", "Click to hide stack frames")'>Click to show all stack frames</a>
<div class='stack-trace' id='stack-trace1552852586'><pre>java.lang.NullPointerException
	at org.taxiforsure.utils.DataBaseUtils.closeConnection(DataBaseUtils.java:90)
	at org.taxiforsure.utils.DataBaseUtils.executeQuery(DataBaseUtils.java:43)
	at org.taxiforsure.answercall.AnswerCallScreen.getAllLocalities(AnswerCallScreen.java:541)
	at org.taxiforsure.answercall.AnswerCallScreen.getpickUpLocality(AnswerCallScreen.java:656)
	at org.taxiforsure.rtfs.TestVerifyNightFutureBooking.testVerifyHatchBackNight(TestVerifyNightFutureBooking.java:98)
	at sun.reflect.NativeMethodAccessorImpl.invoke0(Native Method)
	at sun.reflect.NativeMethodAccessorImpl.invoke(NativeMethodAccessorImpl.java:57)
	at sun.reflect.DelegatingMethodAccessorImpl.invoke(DelegatingMethodAccessorImpl.java:43)
	at java.lang.reflect.Method.invoke(Method.java:606)
	at org.testng.internal.MethodInvocationHelper.invokeMethod(MethodInvocationHelper.java:84)
	at org.testng.internal.Invoker.invokeMethod(Invoker.java:714)
	at org.testng.internal.Invoker.invokeTestMethod(Invoker.java:901)
	at org.testng.internal.Invoker.invokeTestMethods(Invoker.java:1231)
	at org.testng.internal.TestMethodWorker.invokeTestMethods(TestMethodWorker.java:127)
	at org.testng.internal.TestMethodWorker.run(TestMethodWorker.java:111)
	at java.util.concurrent.ThreadPoolExecutor.runWorker(ThreadPoolExecutor.java:1145)
	at java.util.concurrent.ThreadPoolExecutor$Worker.run(ThreadPoolExecutor.java:615)
	at java.lang.Thread.run(Thread.java:745)
</pre></div></td>
<td>26</td>
<td>org.taxiforsure.rtfs.TestVerifyNightFutureBooking@52b0cc28</td></tr>
<tr>
<td title='org.taxiforsure.rtfs.TestVerifyNightFutureBooking.testVerifyHatchBackNight()'><b>testVerifyHatchBackNight</b><br>Test class: org.taxiforsure.rtfs.TestVerifyNightFutureBooking<br/>
<a href="#Output-1834309838" onClick='toggleBox("Output-1834309838", this, "Show output", "Hide output");'>Show output</a>

<a href="#Output-1834309838" onClick="toggleAllBoxes();">Show all outputs</a>
<div class='log' id="Output-1834309838">
<a href = file:////mnt/RTFS_WEBAUTOMATION/NewAutomationFrameWork/target/surefire-reports/screenshots/17_Nov_2014__05_54_50PM.png target='_blank'> <p align="left", style= "color: red; font: italic bold 12px/30px Georgia,serif;" >Click here for screen shot of Aurangabad Outstation</p> </a><br/>
</div>
</td>
<td><div><pre>java.lang.NullPointerException
	at org.taxiforsure.utils.DataBaseUtils.closeConnection(DataBaseUtils.java:90)
	at org.taxiforsure.utils.DataBaseUtils.executeQuery(DataBaseUtils.java:43)
	at org.taxiforsure.answercall.AnswerCallScreen.getAllLocalities(AnswerCallScreen.java:541)
	at org.taxiforsure.answercall.AnswerCallScreen.getpickUpLocality(AnswerCallScreen.java:656)
	at org.taxiforsure.rtfs.TestVerifyNightFutureBooking.testVerifyHatchBackNight(TestVerifyNightFutureBooking.java:98)
	at sun.reflect.NativeMethodAccessorImpl.invoke0(Native Method)
	at sun.reflect.NativeMethodAccessorImpl.invoke(NativeMethodAccessorImpl.java:57)
	at sun.reflect.DelegatingMethodAccessorImpl.invoke(DelegatingMethodAccessorImpl.java:43)
	at java.lang.reflect.Method.invoke(Method.java:606)
	at org.testng.internal.MethodInvocationHelper.invokeMethod(MethodInvocationHelper.java:84)
	at org.testng.internal.Invoker.invokeMethod(Invoker.java:714)
	at org.testng.internal.Invoker.invokeTestMethod(Invoker.java:901)
	at org.testng.internal.Invoker.invokeTestMethods(Invoker.java:1231)
	at org.testng.internal.TestMethodWorker.invokeTestMethods(TestMethodWorker.java:127)
	at org.testng.internal.TestMethodWorker.run(TestMethodWorker.java:111)
	at java.util.concurrent.ThreadPoolExecutor.runWorker(ThreadPoolExecutor.java:1145)
	at java.util.concurrent.ThreadPoolExecutor$Worker.run(ThreadPoolExecutor.java:615)
	at java.lang.Thread.run(Thread.java:745)
</pre></div><a href='#' onClick='toggleBox("stack-trace1834309838", this, "Click to show all stack frames", "Click to hide stack frames")'>Click to show all stack frames</a>
<div class='stack-trace' id='stack-trace1834309838'><pre>java.lang.NullPointerException
	at org.taxiforsure.utils.DataBaseUtils.closeConnection(DataBaseUtils.java:90)
	at org.taxiforsure.utils.DataBaseUtils.executeQuery(DataBaseUtils.java:43)
	at org.taxiforsure.answercall.AnswerCallScreen.getAllLocalities(AnswerCallScreen.java:541)
	at org.taxiforsure.answercall.AnswerCallScreen.getpickUpLocality(AnswerCallScreen.java:656)
	at org.taxiforsure.rtfs.TestVerifyNightFutureBooking.testVerifyHatchBackNight(TestVerifyNightFutureBooking.java:98)
	at sun.reflect.NativeMethodAccessorImpl.invoke0(Native Method)
	at sun.reflect.NativeMethodAccessorImpl.invoke(NativeMethodAccessorImpl.java:57)
	at sun.reflect.DelegatingMethodAccessorImpl.invoke(DelegatingMethodAccessorImpl.java:43)
	at java.lang.reflect.Method.invoke(Method.java:606)
	at org.testng.internal.MethodInvocationHelper.invokeMethod(MethodInvocationHelper.java:84)
	at org.testng.internal.Invoker.invokeMethod(Invoker.java:714)
	at org.testng.internal.Invoker.invokeTestMethod(Invoker.java:901)
	at org.testng.internal.Invoker.invokeTestMethods(Invoker.java:1231)
	at org.testng.internal.TestMethodWorker.invokeTestMethods(TestMethodWorker.java:127)
	at org.testng.internal.TestMethodWorker.run(TestMethodWorker.java:111)
	at java.util.concurrent.ThreadPoolExecutor.runWorker(ThreadPoolExecutor.java:1145)
	at java.util.concurrent.ThreadPoolExecutor$Worker.run(ThreadPoolExecutor.java:615)
	at java.lang.Thread.run(Thread.java:745)
</pre></div></td>
<td>20</td>
<td>org.taxiforsure.rtfs.TestVerifyNightFutureBooking@55dc113b</td></tr>
<tr>
<td title='org.taxiforsure.rtfs.TestVerifyNightFutureBooking.testVerifyHatchBackNight()'><b>testVerifyHatchBackNight</b><br>Test class: org.taxiforsure.rtfs.TestVerifyNightFutureBooking<br/>
<a href="#Output-1292981053" onClick='toggleBox("Output-1292981053", this, "Show output", "Hide output");'>Show output</a>

<a href="#Output-1292981053" onClick="toggleAllBoxes();">Show all outputs</a>
<div class='log' id="Output-1292981053">
<a href = file:////mnt/RTFS_WEBAUTOMATION/NewAutomationFrameWork/target/surefire-reports/screenshots/17_Nov_2014__05_54_51PM.png target='_blank'> <p align="left", style= "color: red; font: italic bold 12px/30px Georgia,serif;" >Click here for screen shot of Aurangabad Intercity</p> </a><br/>
</div>
</td>
<td><div><pre>java.lang.NullPointerException
	at org.taxiforsure.utils.DataBaseUtils.closeConnection(DataBaseUtils.java:90)
	at org.taxiforsure.utils.DataBaseUtils.executeQuery(DataBaseUtils.java:43)
	at org.taxiforsure.answercall.AnswerCallScreen.getAllLocalities(AnswerCallScreen.java:541)
	at org.taxiforsure.answercall.AnswerCallScreen.getpickUpLocality(AnswerCallScreen.java:656)
	at org.taxiforsure.rtfs.TestVerifyNightFutureBooking.testVerifyHatchBackNight(TestVerifyNightFutureBooking.java:98)
	at sun.reflect.NativeMethodAccessorImpl.invoke0(Native Method)
	at sun.reflect.NativeMethodAccessorImpl.invoke(NativeMethodAccessorImpl.java:57)
	at sun.reflect.DelegatingMethodAccessorImpl.invoke(DelegatingMethodAccessorImpl.java:43)
	at java.lang.reflect.Method.invoke(Method.java:606)
	at org.testng.internal.MethodInvocationHelper.invokeMethod(MethodInvocationHelper.java:84)
	at org.testng.internal.Invoker.invokeMethod(Invoker.java:714)
	at org.testng.internal.Invoker.invokeTestMethod(Invoker.java:901)
	at org.testng.internal.Invoker.invokeTestMethods(Invoker.java:1231)
	at org.testng.internal.TestMethodWorker.invokeTestMethods(TestMethodWorker.java:127)
	at org.testng.internal.TestMethodWorker.run(TestMethodWorker.java:111)
	at java.util.concurrent.ThreadPoolExecutor.runWorker(ThreadPoolExecutor.java:1145)
	at java.util.concurrent.ThreadPoolExecutor$Worker.run(ThreadPoolExecutor.java:615)
	at java.lang.Thread.run(Thread.java:745)
</pre></div><a href='#' onClick='toggleBox("stack-trace1292981053", this, "Click to show all stack frames", "Click to hide stack frames")'>Click to show all stack frames</a>
<div class='stack-trace' id='stack-trace1292981053'><pre>java.lang.NullPointerException
	at org.taxiforsure.utils.DataBaseUtils.closeConnection(DataBaseUtils.java:90)
	at org.taxiforsure.utils.DataBaseUtils.executeQuery(DataBaseUtils.java:43)
	at org.taxiforsure.answercall.AnswerCallScreen.getAllLocalities(AnswerCallScreen.java:541)
	at org.taxiforsure.answercall.AnswerCallScreen.getpickUpLocality(AnswerCallScreen.java:656)
	at org.taxiforsure.rtfs.TestVerifyNightFutureBooking.testVerifyHatchBackNight(TestVerifyNightFutureBooking.java:98)
	at sun.reflect.NativeMethodAccessorImpl.invoke0(Native Method)
	at sun.reflect.NativeMethodAccessorImpl.invoke(NativeMethodAccessorImpl.java:57)
	at sun.reflect.DelegatingMethodAccessorImpl.invoke(DelegatingMethodAccessorImpl.java:43)
	at java.lang.reflect.Method.invoke(Method.java:606)
	at org.testng.internal.MethodInvocationHelper.invokeMethod(MethodInvocationHelper.java:84)
	at org.testng.internal.Invoker.invokeMethod(Invoker.java:714)
	at org.testng.internal.Invoker.invokeTestMethod(Invoker.java:901)
	at org.testng.internal.Invoker.invokeTestMethods(Invoker.java:1231)
	at org.testng.internal.TestMethodWorker.invokeTestMethods(TestMethodWorker.java:127)
	at org.testng.internal.TestMethodWorker.run(TestMethodWorker.java:111)
	at java.util.concurrent.ThreadPoolExecutor.runWorker(ThreadPoolExecutor.java:1145)
	at java.util.concurrent.ThreadPoolExecutor$Worker.run(ThreadPoolExecutor.java:615)
	at java.lang.Thread.run(Thread.java:745)
</pre></div></td>
<td>21</td>
<td>org.taxiforsure.rtfs.TestVerifyNightFutureBooking@552b8081</td></tr>
<tr>
<td title='org.taxiforsure.rtfs.TestVerifyNightFutureBooking.testVerifyHatchBackNight()'><b>testVerifyHatchBackNight</b><br>Test class: org.taxiforsure.rtfs.TestVerifyNightFutureBooking<br/>
<a href="#Output-1716999669" onClick='toggleBox("Output-1716999669", this, "Show output", "Hide output");'>Show output</a>

<a href="#Output-1716999669" onClick="toggleAllBoxes();">Show all outputs</a>
<div class='log' id="Output-1716999669">
<a href = file:////mnt/RTFS_WEBAUTOMATION/NewAutomationFrameWork/target/surefire-reports/screenshots/17_Nov_2014__05_55_54PM.png target='_blank'> <p align="left", style= "color: red; font: italic bold 12px/30px Georgia,serif;" >Click here for screen shot of Aurangabad 4hrs 40Kms</p> </a><br/>
</div>
</td>
<td><div><pre>java.lang.NullPointerException
	at org.taxiforsure.utils.DataBaseUtils.closeConnection(DataBaseUtils.java:90)
	at org.taxiforsure.utils.DataBaseUtils.executeQuery(DataBaseUtils.java:43)
	at org.taxiforsure.answercall.AnswerCallScreen.getAllLocalities(AnswerCallScreen.java:541)
	at org.taxiforsure.answercall.AnswerCallScreen.getpickUpLocality(AnswerCallScreen.java:656)
	at org.taxiforsure.rtfs.TestVerifyNightFutureBooking.testVerifyHatchBackNight(TestVerifyNightFutureBooking.java:98)
	at sun.reflect.NativeMethodAccessorImpl.invoke0(Native Method)
	at sun.reflect.NativeMethodAccessorImpl.invoke(NativeMethodAccessorImpl.java:57)
	at sun.reflect.DelegatingMethodAccessorImpl.invoke(DelegatingMethodAccessorImpl.java:43)
	at java.lang.reflect.Method.invoke(Method.java:606)
	at org.testng.internal.MethodInvocationHelper.invokeMethod(MethodInvocationHelper.java:84)
	at org.testng.internal.Invoker.invokeMethod(Invoker.java:714)
	at org.testng.internal.Invoker.invokeTestMethod(Invoker.java:901)
	at org.testng.internal.Invoker.invokeTestMethods(Invoker.java:1231)
	at org.testng.internal.TestMethodWorker.invokeTestMethods(TestMethodWorker.java:127)
	at org.testng.internal.TestMethodWorker.run(TestMethodWorker.java:111)
	at java.util.concurrent.ThreadPoolExecutor.runWorker(ThreadPoolExecutor.java:1145)
	at java.util.concurrent.ThreadPoolExecutor$Worker.run(ThreadPoolExecutor.java:615)
	at java.lang.Thread.run(Thread.java:745)
</pre></div><a href='#' onClick='toggleBox("stack-trace1716999669", this, "Click to show all stack frames", "Click to hide stack frames")'>Click to show all stack frames</a>
<div class='stack-trace' id='stack-trace1716999669'><pre>java.lang.NullPointerException
	at org.taxiforsure.utils.DataBaseUtils.closeConnection(DataBaseUtils.java:90)
	at org.taxiforsure.utils.DataBaseUtils.executeQuery(DataBaseUtils.java:43)
	at org.taxiforsure.answercall.AnswerCallScreen.getAllLocalities(AnswerCallScreen.java:541)
	at org.taxiforsure.answercall.AnswerCallScreen.getpickUpLocality(AnswerCallScreen.java:656)
	at org.taxiforsure.rtfs.TestVerifyNightFutureBooking.testVerifyHatchBackNight(TestVerifyNightFutureBooking.java:98)
	at sun.reflect.NativeMethodAccessorImpl.invoke0(Native Method)
	at sun.reflect.NativeMethodAccessorImpl.invoke(NativeMethodAccessorImpl.java:57)
	at sun.reflect.DelegatingMethodAccessorImpl.invoke(DelegatingMethodAccessorImpl.java:43)
	at java.lang.reflect.Method.invoke(Method.java:606)
	at org.testng.internal.MethodInvocationHelper.invokeMethod(MethodInvocationHelper.java:84)
	at org.testng.internal.Invoker.invokeMethod(Invoker.java:714)
	at org.testng.internal.Invoker.invokeTestMethod(Invoker.java:901)
	at org.testng.internal.Invoker.invokeTestMethods(Invoker.java:1231)
	at org.testng.internal.TestMethodWorker.invokeTestMethods(TestMethodWorker.java:127)
	at org.testng.internal.TestMethodWorker.run(TestMethodWorker.java:111)
	at java.util.concurrent.ThreadPoolExecutor.runWorker(ThreadPoolExecutor.java:1145)
	at java.util.concurrent.ThreadPoolExecutor$Worker.run(ThreadPoolExecutor.java:615)
	at java.lang.Thread.run(Thread.java:745)
</pre></div></td>
<td>25</td>
<td>org.taxiforsure.rtfs.TestVerifyNightFutureBooking@6304a988</td></tr>
<tr>
<td title='org.taxiforsure.rtfs.TestVerifyNightFutureBooking.testVerifyHatchBackNight()'><b>testVerifyHatchBackNight</b><br>Test class: org.taxiforsure.rtfs.TestVerifyNightFutureBooking<br/>
<a href="#Output-238158180" onClick='toggleBox("Output-238158180", this, "Show output", "Hide output");'>Show output</a>

<a href="#Output-238158180" onClick="toggleAllBoxes();">Show all outputs</a>
<div class='log' id="Output-238158180">
<a href = file:////mnt/RTFS_WEBAUTOMATION/NewAutomationFrameWork/target/surefire-reports/screenshots/17_Nov_2014__05_55_59PM.png target='_blank'> <p align="left", style= "color: red; font: italic bold 12px/30px Georgia,serif;" >Click here for screen shot of Aurangabad Outstation</p> </a><br/>
</div>
</td>
<td><div><pre>org.openqa.selenium.NoSuchElementException: Unable to locate element: {&quot;method&quot;:&quot;xpath&quot;,&quot;selector&quot;:&quot;//a[@class=&apos;submenu&apos;]/span[text()=&apos;Answer Call&apos;]&quot;}
For documentation on this error, please visit: http://seleniumhq.org/exceptions/no_such_element.html
Build info: version: &apos;2.43.0&apos;, revision: &apos;597b76b&apos;, time: &apos;2014-09-09 20:52:14&apos;
System info: host: &apos;chef&apos;, ip: &apos;127.0.1.1&apos;, os.name: &apos;Linux&apos;, os.arch: &apos;i386&apos;, os.version: &apos;3.13.0-32-generic&apos;, java.version: &apos;1.6.0_45&apos;
Driver info: driver.version: unknown
Command duration or timeout: 21.03 seconds
For documentation on this error, please visit: http://seleniumhq.org/exceptions/no_such_element.html
Build info: version: &apos;2.44.0&apos;, revision: &apos;76d78cf323ce037c5f92db6c1bba601c2ac43ad8&apos;, time: &apos;2014-10-23 13:11:40&apos;
System info: host: &apos;ip-10-146-7-231&apos;, ip: &apos;10.146.7.231&apos;, os.name: &apos;Linux&apos;, os.arch: &apos;amd64&apos;, os.version: &apos;3.13.0-24-generic&apos;, java.version: &apos;1.7.0_65&apos;
Session ID: 3616a4831d71498f87e9802d4b204a2e
Driver info: org.openqa.selenium.remote.RemoteWebDriver
Capabilities [{platform=LINUX, acceptSslCerts=true, javascriptEnabled=true, hasMetadata=true, browserName=firefox, rotatable=false, locationContextEnabled=true, webdriver.remote.sessionid=3616a4831d71498f87e9802d4b204a2e, version=32.0, cssSelectorsEnabled=true, databaseEnabled=true, handlesAlerts=true, webStorageEnabled=true, nativeEvents=false, applicationCacheEnabled=true, takesScreenshot=true}]
	at sun.reflect.NativeConstructorAccessorImpl.newInstance0(Native Method)
	at sun.reflect.NativeConstructorAccessorImpl.newInstance(NativeConstructorAccessorImpl.java:57)
	at sun.reflect.DelegatingConstructorAccessorImpl.newInstance(DelegatingConstructorAccessorImpl.java:45)
	at java.lang.reflect.Constructor.newInstance(Constructor.java:526)
	at org.openqa.selenium.remote.ErrorHandler.createThrowable(ErrorHandler.java:204)
	at org.openqa.selenium.remote.ErrorHandler.throwIfResponseFailed(ErrorHandler.java:156)
	at org.openqa.selenium.remote.RemoteWebDriver.execute(RemoteWebDriver.java:599)
	at org.openqa.selenium.remote.RemoteWebDriver.findElement(RemoteWebDriver.java:352)
	at org.openqa.selenium.remote.RemoteWebDriver.findElementByXPath(RemoteWebDriver.java:449)
	at org.openqa.selenium.By$ByXPath.findElement(By.java:357)
	at org.openqa.selenium.remote.RemoteWebDriver.findElement(RemoteWebDriver.java:344)
	at org.openqa.selenium.support.pagefactory.DefaultElementLocator.findElement(DefaultElementLocator.java:59)
	at org.openqa.selenium.support.pagefactory.internal.LocatingElementHandler.invoke(LocatingElementHandler.java:37)
	at com.sun.proxy.$Proxy4.getWrappedElement(Unknown Source)
	at org.openqa.selenium.remote.internal.WebElementToJsonConverter.apply(WebElementToJsonConverter.java:48)
	at com.google.common.collect.Iterators$8.transform(Iterators.java:799)
	at com.google.common.collect.TransformedIterator.next(TransformedIterator.java:48)
	at com.google.common.collect.Iterators.addAll(Iterators.java:362)
	at com.google.common.collect.Lists.newArrayList(Lists.java:160)
	at com.google.common.collect.Lists.newArrayList(Lists.java:144)
	at org.openqa.selenium.remote.RemoteWebDriver.executeScript(RemoteWebDriver.java:504)
	at org.taxiforsure.rtfscommonelements.CommonElements.clickAnswerCallLink(CommonElements.java:26)
	at org.taxiforsure.rtfs.TestVerifyNightFutureBooking.testVerifyHatchBackNight(TestVerifyNightFutureBooking.java:92)
	at sun.reflect.NativeMethodAccessorImpl.invoke0(Native Method)
	at sun.reflect.NativeMethodAccessorImpl.invoke(NativeMethodAccessorImpl.java:57)
	at sun.reflect.DelegatingMethodAccessorImpl.invoke(DelegatingMethodAccessorImpl.java:43)
	at java.lang.reflect.Method.invoke(Method.java:606)
	at org.testng.internal.MethodInvocationHelper.invokeMethod(MethodInvocationHelper.java:84)
	at org.testng.internal.Invoker.invokeMethod(Invoker.java:714)
	at org.testng.internal.Invoker.invokeTestMethod(Invoker.java:901)
	at org.testng.internal.Invoker.invokeTestMethods(Invoker.java:1231)
	at org.testng.internal.TestMethodWorker.invokeTestMethods(TestMethodWorker.java:127)
	at org.testng.internal.TestMethodWorker.run(TestMethodWorker.java:111)
	at java.util.concurrent.ThreadPoolExecutor.runWorker(ThreadPoolExecutor.java:1145)
	at java.util.concurrent.ThreadPoolExecutor$Worker.run(ThreadPoolExecutor.java:615)
	at java.lang.Thread.run(Thread.java:745)
Caused by: org.openqa.selenium.NoSuchElementException: Unable to locate element: {&quot;method&quot;:&quot;xpath&quot;,&quot;selector&quot;:&quot;//a[@class=&apos;submenu&apos;]/span[text()=&apos;Answer Call&apos;]&quot;}
For documentation on this error, please visit: http://seleniumhq.org/exceptions/no_such_element.html
Build info: version: &apos;2.43.0&apos;, revision: &apos;597b76b&apos;, time: &apos;2014-09-09 20:52:14&apos;
System info: host: &apos;chef&apos;, ip: &apos;127.0.1.1&apos;, os.name: &apos;Linux&apos;, os.arch: &apos;i386&apos;, os.version: &apos;3.13.0-32-generic&apos;, java.version: &apos;1.6.0_45&apos;
Driver info: driver.version: unknown
For documentation on this error, please visit: http://seleniumhq.org/exceptions/no_such_element.html
Build info: version: &apos;2.44.0&apos;, revision: &apos;76d78cf323ce037c5f92db6c1bba601c2ac43ad8&apos;, time: &apos;2014-10-23 13:11:40&apos;
System info: host: &apos;ip-10-146-7-231&apos;, ip: &apos;10.146.7.231&apos;, os.name: &apos;Linux&apos;, os.arch: &apos;amd64&apos;, os.version: &apos;3.13.0-24-generic&apos;, java.version: &apos;1.7.0_65&apos;
Driver info: driver.version: unknown
	at &lt;anonymous class&gt;.FirefoxDriver.prototype.findElementInternal_(file:///tmp/anonymous4038410279284937151webdriver-profile/extensions/fxdriver@googlecode.com/components/driver-component.js:9618:133)
	at &lt;anonymous class&gt;.fxdriver.Timer.prototype.setTimeout/&lt;.notify(file:///tmp/anonymous4038410279284937151webdriver-profile/extensions/fxdriver@googlecode.com/components/driver-component.js:548:5)
</pre></div><a href='#' onClick='toggleBox("stack-trace238158180", this, "Click to show all stack frames", "Click to hide stack frames")'>Click to show all stack frames</a>
<div class='stack-trace' id='stack-trace238158180'><pre>org.openqa.selenium.NoSuchElementException: Unable to locate element: {&quot;method&quot;:&quot;xpath&quot;,&quot;selector&quot;:&quot;//a[@class=&apos;submenu&apos;]/span[text()=&apos;Answer Call&apos;]&quot;}
For documentation on this error, please visit: http://seleniumhq.org/exceptions/no_such_element.html
Build info: version: &apos;2.43.0&apos;, revision: &apos;597b76b&apos;, time: &apos;2014-09-09 20:52:14&apos;
System info: host: &apos;chef&apos;, ip: &apos;127.0.1.1&apos;, os.name: &apos;Linux&apos;, os.arch: &apos;i386&apos;, os.version: &apos;3.13.0-32-generic&apos;, java.version: &apos;1.6.0_45&apos;
Driver info: driver.version: unknown
Command duration or timeout: 21.03 seconds
For documentation on this error, please visit: http://seleniumhq.org/exceptions/no_such_element.html
Build info: version: &apos;2.44.0&apos;, revision: &apos;76d78cf323ce037c5f92db6c1bba601c2ac43ad8&apos;, time: &apos;2014-10-23 13:11:40&apos;
System info: host: &apos;ip-10-146-7-231&apos;, ip: &apos;10.146.7.231&apos;, os.name: &apos;Linux&apos;, os.arch: &apos;amd64&apos;, os.version: &apos;3.13.0-24-generic&apos;, java.version: &apos;1.7.0_65&apos;
Session ID: 3616a4831d71498f87e9802d4b204a2e
Driver info: org.openqa.selenium.remote.RemoteWebDriver
Capabilities [{platform=LINUX, acceptSslCerts=true, javascriptEnabled=true, hasMetadata=true, browserName=firefox, rotatable=false, locationContextEnabled=true, webdriver.remote.sessionid=3616a4831d71498f87e9802d4b204a2e, version=32.0, cssSelectorsEnabled=true, databaseEnabled=true, handlesAlerts=true, webStorageEnabled=true, nativeEvents=false, applicationCacheEnabled=true, takesScreenshot=true}]
	at sun.reflect.NativeConstructorAccessorImpl.newInstance0(Native Method)
	at sun.reflect.NativeConstructorAccessorImpl.newInstance(NativeConstructorAccessorImpl.java:57)
	at sun.reflect.DelegatingConstructorAccessorImpl.newInstance(DelegatingConstructorAccessorImpl.java:45)
	at java.lang.reflect.Constructor.newInstance(Constructor.java:526)
	at org.openqa.selenium.remote.ErrorHandler.createThrowable(ErrorHandler.java:204)
	at org.openqa.selenium.remote.ErrorHandler.throwIfResponseFailed(ErrorHandler.java:156)
	at org.openqa.selenium.remote.RemoteWebDriver.execute(RemoteWebDriver.java:599)
	at org.openqa.selenium.remote.RemoteWebDriver.findElement(RemoteWebDriver.java:352)
	at org.openqa.selenium.remote.RemoteWebDriver.findElementByXPath(RemoteWebDriver.java:449)
	at org.openqa.selenium.By$ByXPath.findElement(By.java:357)
	at org.openqa.selenium.remote.RemoteWebDriver.findElement(RemoteWebDriver.java:344)
	at org.openqa.selenium.support.pagefactory.DefaultElementLocator.findElement(DefaultElementLocator.java:59)
	at org.openqa.selenium.support.pagefactory.internal.LocatingElementHandler.invoke(LocatingElementHandler.java:37)
	at com.sun.proxy.$Proxy4.getWrappedElement(Unknown Source)
	at org.openqa.selenium.remote.internal.WebElementToJsonConverter.apply(WebElementToJsonConverter.java:48)
	at com.google.common.collect.Iterators$8.transform(Iterators.java:799)
	at com.google.common.collect.TransformedIterator.next(TransformedIterator.java:48)
	at com.google.common.collect.Iterators.addAll(Iterators.java:362)
	at com.google.common.collect.Lists.newArrayList(Lists.java:160)
	at com.google.common.collect.Lists.newArrayList(Lists.java:144)
	at org.openqa.selenium.remote.RemoteWebDriver.executeScript(RemoteWebDriver.java:504)
	at org.taxiforsure.rtfscommonelements.CommonElements.clickAnswerCallLink(CommonElements.java:26)
	at org.taxiforsure.rtfs.TestVerifyNightFutureBooking.testVerifyHatchBackNight(TestVerifyNightFutureBooking.java:92)
	at sun.reflect.NativeMethodAccessorImpl.invoke0(Native Method)
	at sun.reflect.NativeMethodAccessorImpl.invoke(NativeMethodAccessorImpl.java:57)
	at sun.reflect.DelegatingMethodAccessorImpl.invoke(DelegatingMethodAccessorImpl.java:43)
	at java.lang.reflect.Method.invoke(Method.java:606)
	at org.testng.internal.MethodInvocationHelper.invokeMethod(MethodInvocationHelper.java:84)
	at org.testng.internal.Invoker.invokeMethod(Invoker.java:714)
	at org.testng.internal.Invoker.invokeTestMethod(Invoker.java:901)
	at org.testng.internal.Invoker.invokeTestMethods(Invoker.java:1231)
	at org.testng.internal.TestMethodWorker.invokeTestMethods(TestMethodWorker.java:127)
	at org.testng.internal.TestMethodWorker.run(TestMethodWorker.java:111)
	at java.util.concurrent.ThreadPoolExecutor.runWorker(ThreadPoolExecutor.java:1145)
	at java.util.concurrent.ThreadPoolExecutor$Worker.run(ThreadPoolExecutor.java:615)
	at java.lang.Thread.run(Thread.java:745)
Caused by: org.openqa.selenium.NoSuchElementException: Unable to locate element: {&quot;method&quot;:&quot;xpath&quot;,&quot;selector&quot;:&quot;//a[@class=&apos;submenu&apos;]/span[text()=&apos;Answer Call&apos;]&quot;}
For documentation on this error, please visit: http://seleniumhq.org/exceptions/no_such_element.html
Build info: version: &apos;2.43.0&apos;, revision: &apos;597b76b&apos;, time: &apos;2014-09-09 20:52:14&apos;
System info: host: &apos;chef&apos;, ip: &apos;127.0.1.1&apos;, os.name: &apos;Linux&apos;, os.arch: &apos;i386&apos;, os.version: &apos;3.13.0-32-generic&apos;, java.version: &apos;1.6.0_45&apos;
Driver info: driver.version: unknown
For documentation on this error, please visit: http://seleniumhq.org/exceptions/no_such_element.html
Build info: version: &apos;2.44.0&apos;, revision: &apos;76d78cf323ce037c5f92db6c1bba601c2ac43ad8&apos;, time: &apos;2014-10-23 13:11:40&apos;
System info: host: &apos;ip-10-146-7-231&apos;, ip: &apos;10.146.7.231&apos;, os.name: &apos;Linux&apos;, os.arch: &apos;amd64&apos;, os.version: &apos;3.13.0-24-generic&apos;, java.version: &apos;1.7.0_65&apos;
Driver info: driver.version: unknown
	at &lt;anonymous class&gt;.FirefoxDriver.prototype.findElementInternal_(file:///tmp/anonymous4038410279284937151webdriver-profile/extensions/fxdriver@googlecode.com/components/driver-component.js:9618:133)
	at &lt;anonymous class&gt;.fxdriver.Timer.prototype.setTimeout/&lt;.notify(file:///tmp/anonymous4038410279284937151webdriver-profile/extensions/fxdriver@googlecode.com/components/driver-component.js:548:5)
</pre></div></td>
<td>32</td>
<td>org.taxiforsure.rtfs.TestVerifyNightFutureBooking@62ef6486</td></tr>
<tr>
<td title='org.taxiforsure.rtfs.TestVerifyNightFutureBooking.testVerifyHatchBackNight()'><b>testVerifyHatchBackNight</b><br>Test class: org.taxiforsure.rtfs.TestVerifyNightFutureBooking<br/>
<a href="#Output-1218270469" onClick='toggleBox("Output-1218270469", this, "Show output", "Hide output");'>Show output</a>

<a href="#Output-1218270469" onClick="toggleAllBoxes();">Show all outputs</a>
<div class='log' id="Output-1218270469">
<a href = file:////mnt/RTFS_WEBAUTOMATION/NewAutomationFrameWork/target/surefire-reports/screenshots/17_Nov_2014__05_56_53PM.png target='_blank'> <p align="left", style= "color: red; font: italic bold 12px/30px Georgia,serif;" >Click here for screen shot of Aurangabad Ajanta Caves</p> </a><br/>
</div>
</td>
<td><div><pre>java.lang.NullPointerException
	at org.taxiforsure.utils.DataBaseUtils.closeConnection(DataBaseUtils.java:90)
	at org.taxiforsure.utils.DataBaseUtils.executeQuery(DataBaseUtils.java:43)
	at org.taxiforsure.answercall.AnswerCallScreen.getAllLocalities(AnswerCallScreen.java:541)
	at org.taxiforsure.answercall.AnswerCallScreen.getpickUpLocality(AnswerCallScreen.java:656)
	at org.taxiforsure.rtfs.TestVerifyNightFutureBooking.testVerifyHatchBackNight(TestVerifyNightFutureBooking.java:98)
	at sun.reflect.GeneratedMethodAccessor20.invoke(Unknown Source)
	at sun.reflect.DelegatingMethodAccessorImpl.invoke(DelegatingMethodAccessorImpl.java:43)
	at java.lang.reflect.Method.invoke(Method.java:606)
	at org.testng.internal.MethodInvocationHelper.invokeMethod(MethodInvocationHelper.java:84)
	at org.testng.internal.Invoker.invokeMethod(Invoker.java:714)
	at org.testng.internal.Invoker.invokeTestMethod(Invoker.java:901)
	at org.testng.internal.Invoker.invokeTestMethods(Invoker.java:1231)
	at org.testng.internal.TestMethodWorker.invokeTestMethods(TestMethodWorker.java:127)
	at org.testng.internal.TestMethodWorker.run(TestMethodWorker.java:111)
	at java.util.concurrent.ThreadPoolExecutor.runWorker(ThreadPoolExecutor.java:1145)
	at java.util.concurrent.ThreadPoolExecutor$Worker.run(ThreadPoolExecutor.java:615)
	at java.lang.Thread.run(Thread.java:745)
</pre></div><a href='#' onClick='toggleBox("stack-trace1218270469", this, "Click to show all stack frames", "Click to hide stack frames")'>Click to show all stack frames</a>
<div class='stack-trace' id='stack-trace1218270469'><pre>java.lang.NullPointerException
	at org.taxiforsure.utils.DataBaseUtils.closeConnection(DataBaseUtils.java:90)
	at org.taxiforsure.utils.DataBaseUtils.executeQuery(DataBaseUtils.java:43)
	at org.taxiforsure.answercall.AnswerCallScreen.getAllLocalities(AnswerCallScreen.java:541)
	at org.taxiforsure.answercall.AnswerCallScreen.getpickUpLocality(AnswerCallScreen.java:656)
	at org.taxiforsure.rtfs.TestVerifyNightFutureBooking.testVerifyHatchBackNight(TestVerifyNightFutureBooking.java:98)
	at sun.reflect.GeneratedMethodAccessor20.invoke(Unknown Source)
	at sun.reflect.DelegatingMethodAccessorImpl.invoke(DelegatingMethodAccessorImpl.java:43)
	at java.lang.reflect.Method.invoke(Method.java:606)
	at org.testng.internal.MethodInvocationHelper.invokeMethod(MethodInvocationHelper.java:84)
	at org.testng.internal.Invoker.invokeMethod(Invoker.java:714)
	at org.testng.internal.Invoker.invokeTestMethod(Invoker.java:901)
	at org.testng.internal.Invoker.invokeTestMethods(Invoker.java:1231)
	at org.testng.internal.TestMethodWorker.invokeTestMethods(TestMethodWorker.java:127)
	at org.testng.internal.TestMethodWorker.run(TestMethodWorker.java:111)
	at java.util.concurrent.ThreadPoolExecutor.runWorker(ThreadPoolExecutor.java:1145)
	at java.util.concurrent.ThreadPoolExecutor$Worker.run(ThreadPoolExecutor.java:615)
	at java.lang.Thread.run(Thread.java:745)
</pre></div></td>
<td>21</td>
<td>org.taxiforsure.rtfs.TestVerifyNightFutureBooking@65573ede</td></tr>
<tr>
<td title='org.taxiforsure.rtfs.TestVerifyNightFutureBooking.testVerifyHatchBackNight()'><b>testVerifyHatchBackNight</b><br>Test class: org.taxiforsure.rtfs.TestVerifyNightFutureBooking<br/>
<a href="#Output-1994118637" onClick='toggleBox("Output-1994118637", this, "Show output", "Hide output");'>Show output</a>

<a href="#Output-1994118637" onClick="toggleAllBoxes();">Show all outputs</a>
<div class='log' id="Output-1994118637">
<a href = file:////mnt/RTFS_WEBAUTOMATION/NewAutomationFrameWork/target/surefire-reports/screenshots/17_Nov_2014__05_56_57PM.png target='_blank'> <p align="left", style= "color: red; font: italic bold 12px/30px Georgia,serif;" >Click here for screen shot of Aurangabad 4hrs 40Kms</p> </a><br/>
</div>
</td>
<td><div><pre>java.lang.NullPointerException
	at org.taxiforsure.utils.DataBaseUtils.closeConnection(DataBaseUtils.java:90)
	at org.taxiforsure.utils.DataBaseUtils.executeQuery(DataBaseUtils.java:43)
	at org.taxiforsure.answercall.AnswerCallScreen.getAllLocalities(AnswerCallScreen.java:541)
	at org.taxiforsure.answercall.AnswerCallScreen.getpickUpLocality(AnswerCallScreen.java:656)
	at org.taxiforsure.rtfs.TestVerifyNightFutureBooking.testVerifyHatchBackNight(TestVerifyNightFutureBooking.java:98)
	at sun.reflect.GeneratedMethodAccessor20.invoke(Unknown Source)
	at sun.reflect.DelegatingMethodAccessorImpl.invoke(DelegatingMethodAccessorImpl.java:43)
	at java.lang.reflect.Method.invoke(Method.java:606)
	at org.testng.internal.MethodInvocationHelper.invokeMethod(MethodInvocationHelper.java:84)
	at org.testng.internal.Invoker.invokeMethod(Invoker.java:714)
	at org.testng.internal.Invoker.invokeTestMethod(Invoker.java:901)
	at org.testng.internal.Invoker.invokeTestMethods(Invoker.java:1231)
	at org.testng.internal.TestMethodWorker.invokeTestMethods(TestMethodWorker.java:127)
	at org.testng.internal.TestMethodWorker.run(TestMethodWorker.java:111)
	at java.util.concurrent.ThreadPoolExecutor.runWorker(ThreadPoolExecutor.java:1145)
	at java.util.concurrent.ThreadPoolExecutor$Worker.run(ThreadPoolExecutor.java:615)
	at java.lang.Thread.run(Thread.java:745)
</pre></div><a href='#' onClick='toggleBox("stack-trace1994118637", this, "Click to show all stack frames", "Click to hide stack frames")'>Click to show all stack frames</a>
<div class='stack-trace' id='stack-trace1994118637'><pre>java.lang.NullPointerException
	at org.taxiforsure.utils.DataBaseUtils.closeConnection(DataBaseUtils.java:90)
	at org.taxiforsure.utils.DataBaseUtils.executeQuery(DataBaseUtils.java:43)
	at org.taxiforsure.answercall.AnswerCallScreen.getAllLocalities(AnswerCallScreen.java:541)
	at org.taxiforsure.answercall.AnswerCallScreen.getpickUpLocality(AnswerCallScreen.java:656)
	at org.taxiforsure.rtfs.TestVerifyNightFutureBooking.testVerifyHatchBackNight(TestVerifyNightFutureBooking.java:98)
	at sun.reflect.GeneratedMethodAccessor20.invoke(Unknown Source)
	at sun.reflect.DelegatingMethodAccessorImpl.invoke(DelegatingMethodAccessorImpl.java:43)
	at java.lang.reflect.Method.invoke(Method.java:606)
	at org.testng.internal.MethodInvocationHelper.invokeMethod(MethodInvocationHelper.java:84)
	at org.testng.internal.Invoker.invokeMethod(Invoker.java:714)
	at org.testng.internal.Invoker.invokeTestMethod(Invoker.java:901)
	at org.testng.internal.Invoker.invokeTestMethods(Invoker.java:1231)
	at org.testng.internal.TestMethodWorker.invokeTestMethods(TestMethodWorker.java:127)
	at org.testng.internal.TestMethodWorker.run(TestMethodWorker.java:111)
	at java.util.concurrent.ThreadPoolExecutor.runWorker(ThreadPoolExecutor.java:1145)
	at java.util.concurrent.ThreadPoolExecutor$Worker.run(ThreadPoolExecutor.java:615)
	at java.lang.Thread.run(Thread.java:745)
</pre></div></td>
<td>20</td>
<td>org.taxiforsure.rtfs.TestVerifyNightFutureBooking@68c870ee</td></tr>
<tr>
<td title='org.taxiforsure.rtfs.TestVerifyNightFutureBooking.testVerifyHatchBackNight()'><b>testVerifyHatchBackNight</b><br>Test class: org.taxiforsure.rtfs.TestVerifyNightFutureBooking<br/>
<a href="#Output-1233822747" onClick='toggleBox("Output-1233822747", this, "Show output", "Hide output");'>Show output</a>

<a href="#Output-1233822747" onClick="toggleAllBoxes();">Show all outputs</a>
<div class='log' id="Output-1233822747">
<a href = file:////mnt/RTFS_WEBAUTOMATION/NewAutomationFrameWork/target/surefire-reports/screenshots/17_Nov_2014__05_57_58PM.png target='_blank'> <p align="left", style= "color: red; font: italic bold 12px/30px Georgia,serif;" >Click here for screen shot of Aurangabad 8hrs 80Kms</p> </a><br/>
</div>
</td>
<td><div><pre>java.lang.NullPointerException
	at org.taxiforsure.utils.DataBaseUtils.closeConnection(DataBaseUtils.java:90)
	at org.taxiforsure.utils.DataBaseUtils.executeQuery(DataBaseUtils.java:43)
	at org.taxiforsure.answercall.AnswerCallScreen.getAllLocalities(AnswerCallScreen.java:541)
	at org.taxiforsure.answercall.AnswerCallScreen.getpickUpLocality(AnswerCallScreen.java:656)
	at org.taxiforsure.rtfs.TestVerifyNightFutureBooking.testVerifyHatchBackNight(TestVerifyNightFutureBooking.java:98)
	at sun.reflect.GeneratedMethodAccessor20.invoke(Unknown Source)
	at sun.reflect.DelegatingMethodAccessorImpl.invoke(DelegatingMethodAccessorImpl.java:43)
	at java.lang.reflect.Method.invoke(Method.java:606)
	at org.testng.internal.MethodInvocationHelper.invokeMethod(MethodInvocationHelper.java:84)
	at org.testng.internal.Invoker.invokeMethod(Invoker.java:714)
	at org.testng.internal.Invoker.invokeTestMethod(Invoker.java:901)
	at org.testng.internal.Invoker.invokeTestMethods(Invoker.java:1231)
	at org.testng.internal.TestMethodWorker.invokeTestMethods(TestMethodWorker.java:127)
	at org.testng.internal.TestMethodWorker.run(TestMethodWorker.java:111)
	at java.util.concurrent.ThreadPoolExecutor.runWorker(ThreadPoolExecutor.java:1145)
	at java.util.concurrent.ThreadPoolExecutor$Worker.run(ThreadPoolExecutor.java:615)
	at java.lang.Thread.run(Thread.java:745)
</pre></div><a href='#' onClick='toggleBox("stack-trace1233822747", this, "Click to show all stack frames", "Click to hide stack frames")'>Click to show all stack frames</a>
<div class='stack-trace' id='stack-trace1233822747'><pre>java.lang.NullPointerException
	at org.taxiforsure.utils.DataBaseUtils.closeConnection(DataBaseUtils.java:90)
	at org.taxiforsure.utils.DataBaseUtils.executeQuery(DataBaseUtils.java:43)
	at org.taxiforsure.answercall.AnswerCallScreen.getAllLocalities(AnswerCallScreen.java:541)
	at org.taxiforsure.answercall.AnswerCallScreen.getpickUpLocality(AnswerCallScreen.java:656)
	at org.taxiforsure.rtfs.TestVerifyNightFutureBooking.testVerifyHatchBackNight(TestVerifyNightFutureBooking.java:98)
	at sun.reflect.GeneratedMethodAccessor20.invoke(Unknown Source)
	at sun.reflect.DelegatingMethodAccessorImpl.invoke(DelegatingMethodAccessorImpl.java:43)
	at java.lang.reflect.Method.invoke(Method.java:606)
	at org.testng.internal.MethodInvocationHelper.invokeMethod(MethodInvocationHelper.java:84)
	at org.testng.internal.Invoker.invokeMethod(Invoker.java:714)
	at org.testng.internal.Invoker.invokeTestMethod(Invoker.java:901)
	at org.testng.internal.Invoker.invokeTestMethods(Invoker.java:1231)
	at org.testng.internal.TestMethodWorker.invokeTestMethods(TestMethodWorker.java:127)
	at org.testng.internal.TestMethodWorker.run(TestMethodWorker.java:111)
	at java.util.concurrent.ThreadPoolExecutor.runWorker(ThreadPoolExecutor.java:1145)
	at java.util.concurrent.ThreadPoolExecutor$Worker.run(ThreadPoolExecutor.java:615)
	at java.lang.Thread.run(Thread.java:745)
</pre></div></td>
<td>20</td>
<td>org.taxiforsure.rtfs.TestVerifyNightFutureBooking@a82b79d</td></tr>
<tr>
<td title='org.taxiforsure.rtfs.TestVerifyNightFutureBooking.testVerifyHatchBackNight()'><b>testVerifyHatchBackNight</b><br>Test class: org.taxiforsure.rtfs.TestVerifyNightFutureBooking<br/>
<a href="#Output-1011673291" onClick='toggleBox("Output-1011673291", this, "Show output", "Hide output");'>Show output</a>

<a href="#Output-1011673291" onClick="toggleAllBoxes();">Show all outputs</a>
<div class='log' id="Output-1011673291">
<a href = file:////mnt/RTFS_WEBAUTOMATION/NewAutomationFrameWork/target/surefire-reports/screenshots/17_Nov_2014__05_58_04PM.png target='_blank'> <p align="left", style= "color: red; font: italic bold 12px/30px Georgia,serif;" >Click here for screen shot of Aurangabad Point to Point</p> </a><br/>
</div>
</td>
<td><div><pre>org.openqa.selenium.NoSuchElementException: Unable to locate element: {&quot;method&quot;:&quot;xpath&quot;,&quot;selector&quot;:&quot;//a[@class=&apos;submenu&apos;]/span[text()=&apos;Answer Call&apos;]&quot;}
For documentation on this error, please visit: http://seleniumhq.org/exceptions/no_such_element.html
Build info: version: &apos;2.43.0&apos;, revision: &apos;597b76b&apos;, time: &apos;2014-09-09 20:52:14&apos;
System info: host: &apos;chef&apos;, ip: &apos;127.0.1.1&apos;, os.name: &apos;Linux&apos;, os.arch: &apos;i386&apos;, os.version: &apos;3.13.0-32-generic&apos;, java.version: &apos;1.6.0_45&apos;
Driver info: driver.version: unknown
Command duration or timeout: 20.28 seconds
For documentation on this error, please visit: http://seleniumhq.org/exceptions/no_such_element.html
Build info: version: &apos;2.44.0&apos;, revision: &apos;76d78cf323ce037c5f92db6c1bba601c2ac43ad8&apos;, time: &apos;2014-10-23 13:11:40&apos;
System info: host: &apos;ip-10-146-7-231&apos;, ip: &apos;10.146.7.231&apos;, os.name: &apos;Linux&apos;, os.arch: &apos;amd64&apos;, os.version: &apos;3.13.0-24-generic&apos;, java.version: &apos;1.7.0_65&apos;
Session ID: 1e9f40759b8b411bbe4cc4bfc4418bb7
Driver info: org.openqa.selenium.remote.RemoteWebDriver
Capabilities [{platform=LINUX, acceptSslCerts=true, javascriptEnabled=true, hasMetadata=true, browserName=firefox, rotatable=false, locationContextEnabled=true, webdriver.remote.sessionid=1e9f40759b8b411bbe4cc4bfc4418bb7, version=32.0, cssSelectorsEnabled=true, databaseEnabled=true, handlesAlerts=true, webStorageEnabled=true, nativeEvents=false, applicationCacheEnabled=true, takesScreenshot=true}]
	at sun.reflect.NativeConstructorAccessorImpl.newInstance0(Native Method)
	at sun.reflect.NativeConstructorAccessorImpl.newInstance(NativeConstructorAccessorImpl.java:57)
	at sun.reflect.DelegatingConstructorAccessorImpl.newInstance(DelegatingConstructorAccessorImpl.java:45)
	at java.lang.reflect.Constructor.newInstance(Constructor.java:526)
	at org.openqa.selenium.remote.ErrorHandler.createThrowable(ErrorHandler.java:204)
	at org.openqa.selenium.remote.ErrorHandler.throwIfResponseFailed(ErrorHandler.java:156)
	at org.openqa.selenium.remote.RemoteWebDriver.execute(RemoteWebDriver.java:599)
	at org.openqa.selenium.remote.RemoteWebDriver.findElement(RemoteWebDriver.java:352)
	at org.openqa.selenium.remote.RemoteWebDriver.findElementByXPath(RemoteWebDriver.java:449)
	at org.openqa.selenium.By$ByXPath.findElement(By.java:357)
	at org.openqa.selenium.remote.RemoteWebDriver.findElement(RemoteWebDriver.java:344)
	at org.openqa.selenium.support.pagefactory.DefaultElementLocator.findElement(DefaultElementLocator.java:59)
	at org.openqa.selenium.support.pagefactory.internal.LocatingElementHandler.invoke(LocatingElementHandler.java:37)
	at com.sun.proxy.$Proxy4.getWrappedElement(Unknown Source)
	at org.openqa.selenium.remote.internal.WebElementToJsonConverter.apply(WebElementToJsonConverter.java:48)
	at com.google.common.collect.Iterators$8.transform(Iterators.java:799)
	at com.google.common.collect.TransformedIterator.next(TransformedIterator.java:48)
	at com.google.common.collect.Iterators.addAll(Iterators.java:362)
	at com.google.common.collect.Lists.newArrayList(Lists.java:160)
	at com.google.common.collect.Lists.newArrayList(Lists.java:144)
	at org.openqa.selenium.remote.RemoteWebDriver.executeScript(RemoteWebDriver.java:504)
	at org.taxiforsure.rtfscommonelements.CommonElements.clickAnswerCallLink(CommonElements.java:26)
	at org.taxiforsure.rtfs.TestVerifyNightFutureBooking.testVerifyHatchBackNight(TestVerifyNightFutureBooking.java:92)
	at sun.reflect.GeneratedMethodAccessor20.invoke(Unknown Source)
	at sun.reflect.DelegatingMethodAccessorImpl.invoke(DelegatingMethodAccessorImpl.java:43)
	at java.lang.reflect.Method.invoke(Method.java:606)
	at org.testng.internal.MethodInvocationHelper.invokeMethod(MethodInvocationHelper.java:84)
	at org.testng.internal.Invoker.invokeMethod(Invoker.java:714)
	at org.testng.internal.Invoker.invokeTestMethod(Invoker.java:901)
	at org.testng.internal.Invoker.invokeTestMethods(Invoker.java:1231)
	at org.testng.internal.TestMethodWorker.invokeTestMethods(TestMethodWorker.java:127)
	at org.testng.internal.TestMethodWorker.run(TestMethodWorker.java:111)
	at java.util.concurrent.ThreadPoolExecutor.runWorker(ThreadPoolExecutor.java:1145)
	at java.util.concurrent.ThreadPoolExecutor$Worker.run(ThreadPoolExecutor.java:615)
	at java.lang.Thread.run(Thread.java:745)
Caused by: org.openqa.selenium.NoSuchElementException: Unable to locate element: {&quot;method&quot;:&quot;xpath&quot;,&quot;selector&quot;:&quot;//a[@class=&apos;submenu&apos;]/span[text()=&apos;Answer Call&apos;]&quot;}
For documentation on this error, please visit: http://seleniumhq.org/exceptions/no_such_element.html
Build info: version: &apos;2.43.0&apos;, revision: &apos;597b76b&apos;, time: &apos;2014-09-09 20:52:14&apos;
System info: host: &apos;chef&apos;, ip: &apos;127.0.1.1&apos;, os.name: &apos;Linux&apos;, os.arch: &apos;i386&apos;, os.version: &apos;3.13.0-32-generic&apos;, java.version: &apos;1.6.0_45&apos;
Driver info: driver.version: unknown
For documentation on this error, please visit: http://seleniumhq.org/exceptions/no_such_element.html
Build info: version: &apos;2.44.0&apos;, revision: &apos;76d78cf323ce037c5f92db6c1bba601c2ac43ad8&apos;, time: &apos;2014-10-23 13:11:40&apos;
System info: host: &apos;ip-10-146-7-231&apos;, ip: &apos;10.146.7.231&apos;, os.name: &apos;Linux&apos;, os.arch: &apos;amd64&apos;, os.version: &apos;3.13.0-24-generic&apos;, java.version: &apos;1.7.0_65&apos;
Driver info: driver.version: unknown
	at &lt;anonymous class&gt;.FirefoxDriver.prototype.findElementInternal_(file:///tmp/anonymous3026341837752938746webdriver-profile/extensions/fxdriver@googlecode.com/components/driver-component.js:9618:133)
	at &lt;anonymous class&gt;.fxdriver.Timer.prototype.setTimeout/&lt;.notify(file:///tmp/anonymous3026341837752938746webdriver-profile/extensions/fxdriver@googlecode.com/components/driver-component.js:548:5)
</pre></div><a href='#' onClick='toggleBox("stack-trace1011673291", this, "Click to show all stack frames", "Click to hide stack frames")'>Click to show all stack frames</a>
<div class='stack-trace' id='stack-trace1011673291'><pre>org.openqa.selenium.NoSuchElementException: Unable to locate element: {&quot;method&quot;:&quot;xpath&quot;,&quot;selector&quot;:&quot;//a[@class=&apos;submenu&apos;]/span[text()=&apos;Answer Call&apos;]&quot;}
For documentation on this error, please visit: http://seleniumhq.org/exceptions/no_such_element.html
Build info: version: &apos;2.43.0&apos;, revision: &apos;597b76b&apos;, time: &apos;2014-09-09 20:52:14&apos;
System info: host: &apos;chef&apos;, ip: &apos;127.0.1.1&apos;, os.name: &apos;Linux&apos;, os.arch: &apos;i386&apos;, os.version: &apos;3.13.0-32-generic&apos;, java.version: &apos;1.6.0_45&apos;
Driver info: driver.version: unknown
Command duration or timeout: 20.28 seconds
For documentation on this error, please visit: http://seleniumhq.org/exceptions/no_such_element.html
Build info: version: &apos;2.44.0&apos;, revision: &apos;76d78cf323ce037c5f92db6c1bba601c2ac43ad8&apos;, time: &apos;2014-10-23 13:11:40&apos;
System info: host: &apos;ip-10-146-7-231&apos;, ip: &apos;10.146.7.231&apos;, os.name: &apos;Linux&apos;, os.arch: &apos;amd64&apos;, os.version: &apos;3.13.0-24-generic&apos;, java.version: &apos;1.7.0_65&apos;
Session ID: 1e9f40759b8b411bbe4cc4bfc4418bb7
Driver info: org.openqa.selenium.remote.RemoteWebDriver
Capabilities [{platform=LINUX, acceptSslCerts=true, javascriptEnabled=true, hasMetadata=true, browserName=firefox, rotatable=false, locationContextEnabled=true, webdriver.remote.sessionid=1e9f40759b8b411bbe4cc4bfc4418bb7, version=32.0, cssSelectorsEnabled=true, databaseEnabled=true, handlesAlerts=true, webStorageEnabled=true, nativeEvents=false, applicationCacheEnabled=true, takesScreenshot=true}]
	at sun.reflect.NativeConstructorAccessorImpl.newInstance0(Native Method)
	at sun.reflect.NativeConstructorAccessorImpl.newInstance(NativeConstructorAccessorImpl.java:57)
	at sun.reflect.DelegatingConstructorAccessorImpl.newInstance(DelegatingConstructorAccessorImpl.java:45)
	at java.lang.reflect.Constructor.newInstance(Constructor.java:526)
	at org.openqa.selenium.remote.ErrorHandler.createThrowable(ErrorHandler.java:204)
	at org.openqa.selenium.remote.ErrorHandler.throwIfResponseFailed(ErrorHandler.java:156)
	at org.openqa.selenium.remote.RemoteWebDriver.execute(RemoteWebDriver.java:599)
	at org.openqa.selenium.remote.RemoteWebDriver.findElement(RemoteWebDriver.java:352)
	at org.openqa.selenium.remote.RemoteWebDriver.findElementByXPath(RemoteWebDriver.java:449)
	at org.openqa.selenium.By$ByXPath.findElement(By.java:357)
	at org.openqa.selenium.remote.RemoteWebDriver.findElement(RemoteWebDriver.java:344)
	at org.openqa.selenium.support.pagefactory.DefaultElementLocator.findElement(DefaultElementLocator.java:59)
	at org.openqa.selenium.support.pagefactory.internal.LocatingElementHandler.invoke(LocatingElementHandler.java:37)
	at com.sun.proxy.$Proxy4.getWrappedElement(Unknown Source)
	at org.openqa.selenium.remote.internal.WebElementToJsonConverter.apply(WebElementToJsonConverter.java:48)
	at com.google.common.collect.Iterators$8.transform(Iterators.java:799)
	at com.google.common.collect.TransformedIterator.next(TransformedIterator.java:48)
	at com.google.common.collect.Iterators.addAll(Iterators.java:362)
	at com.google.common.collect.Lists.newArrayList(Lists.java:160)
	at com.google.common.collect.Lists.newArrayList(Lists.java:144)
	at org.openqa.selenium.remote.RemoteWebDriver.executeScript(RemoteWebDriver.java:504)
	at org.taxiforsure.rtfscommonelements.CommonElements.clickAnswerCallLink(CommonElements.java:26)
	at org.taxiforsure.rtfs.TestVerifyNightFutureBooking.testVerifyHatchBackNight(TestVerifyNightFutureBooking.java:92)
	at sun.reflect.GeneratedMethodAccessor20.invoke(Unknown Source)
	at sun.reflect.DelegatingMethodAccessorImpl.invoke(DelegatingMethodAccessorImpl.java:43)
	at java.lang.reflect.Method.invoke(Method.java:606)
	at org.testng.internal.MethodInvocationHelper.invokeMethod(MethodInvocationHelper.java:84)
	at org.testng.internal.Invoker.invokeMethod(Invoker.java:714)
	at org.testng.internal.Invoker.invokeTestMethod(Invoker.java:901)
	at org.testng.internal.Invoker.invokeTestMethods(Invoker.java:1231)
	at org.testng.internal.TestMethodWorker.invokeTestMethods(TestMethodWorker.java:127)
	at org.testng.internal.TestMethodWorker.run(TestMethodWorker.java:111)
	at java.util.concurrent.ThreadPoolExecutor.runWorker(ThreadPoolExecutor.java:1145)
	at java.util.concurrent.ThreadPoolExecutor$Worker.run(ThreadPoolExecutor.java:615)
	at java.lang.Thread.run(Thread.java:745)
Caused by: org.openqa.selenium.NoSuchElementException: Unable to locate element: {&quot;method&quot;:&quot;xpath&quot;,&quot;selector&quot;:&quot;//a[@class=&apos;submenu&apos;]/span[text()=&apos;Answer Call&apos;]&quot;}
For documentation on this error, please visit: http://seleniumhq.org/exceptions/no_such_element.html
Build info: version: &apos;2.43.0&apos;, revision: &apos;597b76b&apos;, time: &apos;2014-09-09 20:52:14&apos;
System info: host: &apos;chef&apos;, ip: &apos;127.0.1.1&apos;, os.name: &apos;Linux&apos;, os.arch: &apos;i386&apos;, os.version: &apos;3.13.0-32-generic&apos;, java.version: &apos;1.6.0_45&apos;
Driver info: driver.version: unknown
For documentation on this error, please visit: http://seleniumhq.org/exceptions/no_such_element.html
Build info: version: &apos;2.44.0&apos;, revision: &apos;76d78cf323ce037c5f92db6c1bba601c2ac43ad8&apos;, time: &apos;2014-10-23 13:11:40&apos;
System info: host: &apos;ip-10-146-7-231&apos;, ip: &apos;10.146.7.231&apos;, os.name: &apos;Linux&apos;, os.arch: &apos;amd64&apos;, os.version: &apos;3.13.0-24-generic&apos;, java.version: &apos;1.7.0_65&apos;
Driver info: driver.version: unknown
	at &lt;anonymous class&gt;.FirefoxDriver.prototype.findElementInternal_(file:///tmp/anonymous3026341837752938746webdriver-profile/extensions/fxdriver@googlecode.com/components/driver-component.js:9618:133)
	at &lt;anonymous class&gt;.fxdriver.Timer.prototype.setTimeout/&lt;.notify(file:///tmp/anonymous3026341837752938746webdriver-profile/extensions/fxdriver@googlecode.com/components/driver-component.js:548:5)
</pre></div></td>
<td>33</td>
<td>org.taxiforsure.rtfs.TestVerifyNightFutureBooking@7993bafc</td></tr>
<tr>
<td title='org.taxiforsure.rtfs.TestVerifyNightFutureBooking.testVerifyHatchBackNight()'><b>testVerifyHatchBackNight</b><br>Test class: org.taxiforsure.rtfs.TestVerifyNightFutureBooking<br/>
<a href="#Output-1290852433" onClick='toggleBox("Output-1290852433", this, "Show output", "Hide output");'>Show output</a>

<a href="#Output-1290852433" onClick="toggleAllBoxes();">Show all outputs</a>
<div class='log' id="Output-1290852433">
<a href = file:////mnt/RTFS_WEBAUTOMATION/NewAutomationFrameWork/target/surefire-reports/screenshots/17_Nov_2014__05_58_57PM.png target='_blank'> <p align="left", style= "color: red; font: italic bold 12px/30px Georgia,serif;" >Click here for screen shot of Aurangabad Railway Transfer</p> </a><br/>
</div>
</td>
<td><div><pre>java.lang.NullPointerException
	at org.taxiforsure.utils.DataBaseUtils.closeConnection(DataBaseUtils.java:90)
	at org.taxiforsure.utils.DataBaseUtils.executeQuery(DataBaseUtils.java:43)
	at org.taxiforsure.answercall.AnswerCallScreen.getAllLocalities(AnswerCallScreen.java:541)
	at org.taxiforsure.answercall.AnswerCallScreen.getpickUpLocality(AnswerCallScreen.java:656)
	at org.taxiforsure.rtfs.TestVerifyNightFutureBooking.testVerifyHatchBackNight(TestVerifyNightFutureBooking.java:98)
	at sun.reflect.GeneratedMethodAccessor20.invoke(Unknown Source)
	at sun.reflect.DelegatingMethodAccessorImpl.invoke(DelegatingMethodAccessorImpl.java:43)
	at java.lang.reflect.Method.invoke(Method.java:606)
	at org.testng.internal.MethodInvocationHelper.invokeMethod(MethodInvocationHelper.java:84)
	at org.testng.internal.Invoker.invokeMethod(Invoker.java:714)
	at org.testng.internal.Invoker.invokeTestMethod(Invoker.java:901)
	at org.testng.internal.Invoker.invokeTestMethods(Invoker.java:1231)
	at org.testng.internal.TestMethodWorker.invokeTestMethods(TestMethodWorker.java:127)
	at org.testng.internal.TestMethodWorker.run(TestMethodWorker.java:111)
	at java.util.concurrent.ThreadPoolExecutor.runWorker(ThreadPoolExecutor.java:1145)
	at java.util.concurrent.ThreadPoolExecutor$Worker.run(ThreadPoolExecutor.java:615)
	at java.lang.Thread.run(Thread.java:745)
</pre></div><a href='#' onClick='toggleBox("stack-trace1290852433", this, "Click to show all stack frames", "Click to hide stack frames")'>Click to show all stack frames</a>
<div class='stack-trace' id='stack-trace1290852433'><pre>java.lang.NullPointerException
	at org.taxiforsure.utils.DataBaseUtils.closeConnection(DataBaseUtils.java:90)
	at org.taxiforsure.utils.DataBaseUtils.executeQuery(DataBaseUtils.java:43)
	at org.taxiforsure.answercall.AnswerCallScreen.getAllLocalities(AnswerCallScreen.java:541)
	at org.taxiforsure.answercall.AnswerCallScreen.getpickUpLocality(AnswerCallScreen.java:656)
	at org.taxiforsure.rtfs.TestVerifyNightFutureBooking.testVerifyHatchBackNight(TestVerifyNightFutureBooking.java:98)
	at sun.reflect.GeneratedMethodAccessor20.invoke(Unknown Source)
	at sun.reflect.DelegatingMethodAccessorImpl.invoke(DelegatingMethodAccessorImpl.java:43)
	at java.lang.reflect.Method.invoke(Method.java:606)
	at org.testng.internal.MethodInvocationHelper.invokeMethod(MethodInvocationHelper.java:84)
	at org.testng.internal.Invoker.invokeMethod(Invoker.java:714)
	at org.testng.internal.Invoker.invokeTestMethod(Invoker.java:901)
	at org.testng.internal.Invoker.invokeTestMethods(Invoker.java:1231)
	at org.testng.internal.TestMethodWorker.invokeTestMethods(TestMethodWorker.java:127)
	at org.testng.internal.TestMethodWorker.run(TestMethodWorker.java:111)
	at java.util.concurrent.ThreadPoolExecutor.runWorker(ThreadPoolExecutor.java:1145)
	at java.util.concurrent.ThreadPoolExecutor$Worker.run(ThreadPoolExecutor.java:615)
	at java.lang.Thread.run(Thread.java:745)
</pre></div></td>
<td>21</td>
<td>org.taxiforsure.rtfs.TestVerifyNightFutureBooking@b161194</td></tr>
<tr>
<td title='org.taxiforsure.rtfs.TestVerifyNightFutureBooking.testVerifyHatchBackNight()'><b>testVerifyHatchBackNight</b><br>Test class: org.taxiforsure.rtfs.TestVerifyNightFutureBooking<br/>
<a href="#Output-1788925091" onClick='toggleBox("Output-1788925091", this, "Show output", "Hide output");'>Show output</a>

<a href="#Output-1788925091" onClick="toggleAllBoxes();">Show all outputs</a>
<div class='log' id="Output-1788925091">
<a href = file:////mnt/RTFS_WEBAUTOMATION/NewAutomationFrameWork/target/surefire-reports/screenshots/17_Nov_2014__05_59_03PM.png target='_blank'> <p align="left", style= "color: red; font: italic bold 12px/30px Georgia,serif;" >Click here for screen shot of Aurangabad 8hrs 80Kms</p> </a><br/>
</div>
</td>
<td><div><pre>java.lang.NullPointerException
	at org.taxiforsure.utils.DataBaseUtils.closeConnection(DataBaseUtils.java:90)
	at org.taxiforsure.utils.DataBaseUtils.executeQuery(DataBaseUtils.java:43)
	at org.taxiforsure.answercall.AnswerCallScreen.getAllLocalities(AnswerCallScreen.java:541)
	at org.taxiforsure.answercall.AnswerCallScreen.getpickUpLocality(AnswerCallScreen.java:656)
	at org.taxiforsure.rtfs.TestVerifyNightFutureBooking.testVerifyHatchBackNight(TestVerifyNightFutureBooking.java:98)
	at sun.reflect.GeneratedMethodAccessor20.invoke(Unknown Source)
	at sun.reflect.DelegatingMethodAccessorImpl.invoke(DelegatingMethodAccessorImpl.java:43)
	at java.lang.reflect.Method.invoke(Method.java:606)
	at org.testng.internal.MethodInvocationHelper.invokeMethod(MethodInvocationHelper.java:84)
	at org.testng.internal.Invoker.invokeMethod(Invoker.java:714)
	at org.testng.internal.Invoker.invokeTestMethod(Invoker.java:901)
	at org.testng.internal.Invoker.invokeTestMethods(Invoker.java:1231)
	at org.testng.internal.TestMethodWorker.invokeTestMethods(TestMethodWorker.java:127)
	at org.testng.internal.TestMethodWorker.run(TestMethodWorker.java:111)
	at java.util.concurrent.ThreadPoolExecutor.runWorker(ThreadPoolExecutor.java:1145)
	at java.util.concurrent.ThreadPoolExecutor$Worker.run(ThreadPoolExecutor.java:615)
	at java.lang.Thread.run(Thread.java:745)
</pre></div><a href='#' onClick='toggleBox("stack-trace1788925091", this, "Click to show all stack frames", "Click to hide stack frames")'>Click to show all stack frames</a>
<div class='stack-trace' id='stack-trace1788925091'><pre>java.lang.NullPointerException
	at org.taxiforsure.utils.DataBaseUtils.closeConnection(DataBaseUtils.java:90)
	at org.taxiforsure.utils.DataBaseUtils.executeQuery(DataBaseUtils.java:43)
	at org.taxiforsure.answercall.AnswerCallScreen.getAllLocalities(AnswerCallScreen.java:541)
	at org.taxiforsure.answercall.AnswerCallScreen.getpickUpLocality(AnswerCallScreen.java:656)
	at org.taxiforsure.rtfs.TestVerifyNightFutureBooking.testVerifyHatchBackNight(TestVerifyNightFutureBooking.java:98)
	at sun.reflect.GeneratedMethodAccessor20.invoke(Unknown Source)
	at sun.reflect.DelegatingMethodAccessorImpl.invoke(DelegatingMethodAccessorImpl.java:43)
	at java.lang.reflect.Method.invoke(Method.java:606)
	at org.testng.internal.MethodInvocationHelper.invokeMethod(MethodInvocationHelper.java:84)
	at org.testng.internal.Invoker.invokeMethod(Invoker.java:714)
	at org.testng.internal.Invoker.invokeTestMethod(Invoker.java:901)
	at org.testng.internal.Invoker.invokeTestMethods(Invoker.java:1231)
	at org.testng.internal.TestMethodWorker.invokeTestMethods(TestMethodWorker.java:127)
	at org.testng.internal.TestMethodWorker.run(TestMethodWorker.java:111)
	at java.util.concurrent.ThreadPoolExecutor.runWorker(ThreadPoolExecutor.java:1145)
	at java.util.concurrent.ThreadPoolExecutor$Worker.run(ThreadPoolExecutor.java:615)
	at java.lang.Thread.run(Thread.java:745)
</pre></div></td>
<td>19</td>
<td>org.taxiforsure.rtfs.TestVerifyNightFutureBooking@be4a9cf</td></tr>
</table><p>
</body>
</html>