<?xml version="1.0" encoding="UTF-8"?>
<!-- Generated by org.testng.reporters.JUnitXMLReporter -->
<testsuite hostname="SABYA-TI8237" name="TaxiForSureBookingsTest" tests="18" failures="8" timestamp="15 Sep 2014 08:09:41 GMT" time="1476.192" errors="0">
  <testcase name="pointToPointBookingTest" time="107.727" classname="com.taxiforsure.testCases.TaxiForSureTest"/>
  <testcase name="pointToPointBookingTest" time="105.225" classname="com.taxiforsure.testCases.TaxiForSureTest"/>
  <testcase name="pointToPointBookingTest" time="143.041" classname="com.taxiforsure.testCases.TaxiForSureTest"/>
  <testcase name="pointToPointBookingTest" time="128.927" classname="com.taxiforsure.testCases.TaxiForSureTest"/>
  <testcase name="goToAirportTest" time="96.924" classname="com.taxiforsure.testCases.TaxiForSureTest"/>
  <testcase name="goToAirportTest" time="94.579" classname="com.taxiforsure.testCases.TaxiForSureTest"/>
  <testcase name="goToAirportTest" time="95.013" classname="com.taxiforsure.testCases.TaxiForSureTest"/>
  <testcase name="goToAirportTest" time="97.764" classname="com.taxiforsure.testCases.TaxiForSureTest"/>
  <testcase name="commingFromAirportTest" time="35.321" classname="com.taxiforsure.testCases.TaxiForSureTest">
    <failure type="java.lang.AssertionError" message="Taxilist is missing ">
      <![CDATA[java.lang.AssertionError: Taxilist is missing 
	at org.hamcrest.MatcherAssert.assertThat(MatcherAssert.java:26)
	at com.taxiforsure.testCases.TaxiForSureTest.commingFromAirportTest(TaxiForSureTest.java:391)
... Removed 24 stack frames]]>
    </failure>
  </testcase> <!-- commingFromAirportTest -->
  <testcase name="commingFromAirportTest" time="49.856" classname="com.taxiforsure.testCases.TaxiForSureTest">
    <failure type="java.lang.AssertionError" message="Taxilist is missing ">
      <![CDATA[java.lang.AssertionError: Taxilist is missing 
	at org.hamcrest.MatcherAssert.assertThat(MatcherAssert.java:26)
	at com.taxiforsure.testCases.TaxiForSureTest.commingFromAirportTest(TaxiForSureTest.java:391)
... Removed 24 stack frames]]>
    </failure>
  </testcase> <!-- commingFromAirportTest -->
  <testcase name="commingFromAirportTest" time="32.95" classname="com.taxiforsure.testCases.TaxiForSureTest">
    <failure type="java.lang.AssertionError" message="Taxilist is missing ">
      <![CDATA[java.lang.AssertionError: Taxilist is missing 
	at org.hamcrest.MatcherAssert.assertThat(MatcherAssert.java:26)
	at com.taxiforsure.testCases.TaxiForSureTest.commingFromAirportTest(TaxiForSureTest.java:391)
... Removed 24 stack frames]]>
    </failure>
  </testcase> <!-- commingFromAirportTest -->
  <testcase name="commingFromAirportTest" time="167.133" classname="com.taxiforsure.testCases.TaxiForSureTest">
    <failure type="java.lang.AssertionError" message="Taxilist is missing ">
      <![CDATA[java.lang.AssertionError: Taxilist is missing 
	at org.hamcrest.MatcherAssert.assertThat(MatcherAssert.java:26)
	at com.taxiforsure.testCases.TaxiForSureTest.commingFromAirportTest(TaxiForSureTest.java:391)
... Removed 24 stack frames]]>
    </failure>
  </testcase> <!-- commingFromAirportTest -->
  <testcase name="HalfDayOrFullDayTest" time="102.407" classname="com.taxiforsure.testCases.TaxiForSureTest">
    <failure type="org.openqa.selenium.ElementNotVisibleException" message="Element is not currently visible and so may not be interacted with
Command duration or timeout: 20.02 seconds
Build info: version: &amp;apos;2.42.2&amp;apos;, revision: &amp;apos;6a6995d&amp;apos;, time: &amp;apos;2014-06-03 17:42:30&amp;apos;
System info: host: &amp;apos;SABYA-TI8237&amp;apos;, ip: &amp;apos;172.16.10.211&amp;apos;, os.name: &amp;apos;Windows 7&amp;apos;, os.arch: &amp;apos;x86&amp;apos;, os.version: &amp;apos;6.1&amp;apos;, java.version: &amp;apos;1.7.0_65&amp;apos;
Session ID: 02e6f9b0-7103-477e-8a20-c6a4664c018b
Driver info: org.openqa.selenium.firefox.FirefoxDriver
Capabilities [{platform=XP, databaseEnabled=true, cssSelectorsEnabled=true, javascriptEnabled=true, acceptSslCerts=true, handlesAlerts=true, browserName=firefox, webStorageEnabled=true, nativeEvents=false, rotatable=false, locationContextEnabled=true, applicationCacheEnabled=true, takesScreenshot=true, version=31.0}]">
      <![CDATA[org.openqa.selenium.ElementNotVisibleException: Element is not currently visible and so may not be interacted with
Command duration or timeout: 20.02 seconds
Build info: version: '2.42.2', revision: '6a6995d', time: '2014-06-03 17:42:30'
System info: host: 'SABYA-TI8237', ip: '172.16.10.211', os.name: 'Windows 7', os.arch: 'x86', os.version: '6.1', java.version: '1.7.0_65'
Session ID: 02e6f9b0-7103-477e-8a20-c6a4664c018b
Driver info: org.openqa.selenium.firefox.FirefoxDriver
Capabilities [{platform=XP, databaseEnabled=true, cssSelectorsEnabled=true, javascriptEnabled=true, acceptSslCerts=true, handlesAlerts=true, browserName=firefox, webStorageEnabled=true, nativeEvents=false, rotatable=false, locationContextEnabled=true, applicationCacheEnabled=true, takesScreenshot=true, version=31.0}]
	at org.openqa.selenium.remote.ErrorHandler.createThrowable(ErrorHandler.java:204)
	at org.openqa.selenium.remote.ErrorHandler.throwIfResponseFailed(ErrorHandler.java:156)
	at org.openqa.selenium.remote.RemoteWebDriver.execute(RemoteWebDriver.java:599)
	at org.openqa.selenium.remote.RemoteWebElement.execute(RemoteWebElement.java:268)
	at org.openqa.selenium.remote.RemoteWebElement.click(RemoteWebElement.java:79)
	at org.openqa.selenium.support.pagefactory.internal.LocatingElementHandler.invoke(LocatingElementHandler.java:41)
	at com.sun.proxy.$Proxy11.click(Unknown Source)
	at com.taxiforsure.testCases.TaxiForSureTest.HalfDayOrFullDayTest(TaxiForSureTest.java:526)
Caused by: org.openqa.selenium.remote.ErrorHandler$UnknownServerException: Element is not currently visible and so may not be interacted with
Build info: version: '2.42.2', revision: '6a6995d', time: '2014-06-03 17:42:30'
System info: host: 'SABYA-TI8237', ip: '172.16.10.211', os.name: 'Windows 7', os.arch: 'x86', os.version: '6.1', java.version: '1.7.0_65'
Driver info: driver.version: unknown
	at <anonymous class>.fxdriver.preconditions.visible(file:///C:/Users/SABYAS~1.MIS/AppData/Local/Temp/anonymous4458166091702773958webdriver-profile/extensions/fxdriver@googlecode.com/components/command_processor.js:8791:5)
	at <anonymous class>.DelayedCommand.prototype.checkPreconditions_(file:///C:/Users/SABYAS~1.MIS/AppData/Local/Temp/anonymous4458166091702773958webdriver-profile/extensions/fxdriver@googlecode.com/components/command_processor.js:11438:1)
	at <anonymous class>.DelayedCommand.prototype.executeInternal_/h(file:///C:/Users/SABYAS~1.MIS/AppData/Local/Temp/anonymous4458166091702773958webdriver-profile/extensions/fxdriver@googlecode.com/components/command_processor.js:11455:11)
	at <anonymous class>.fxdriver.Timer.prototype.setTimeout/<.notify(file:///C:/Users/SABYAS~1.MIS/AppData/Local/Temp/anonymous4458166091702773958webdriver-profile/extensions/fxdriver@googlecode.com/components/command_processor.js:407:5)
... Removed 31 stack frames]]>
    </failure>
  </testcase> <!-- HalfDayOrFullDayTest -->
  <testcase name="HalfDayOrFullDayTest" time="59.405" classname="com.taxiforsure.testCases.TaxiForSureTest">
    <failure type="java.lang.AssertionError" message="Taxilist is missing ">
      <![CDATA[java.lang.AssertionError: Taxilist is missing 
	at org.hamcrest.MatcherAssert.assertThat(MatcherAssert.java:26)
	at com.taxiforsure.testCases.TaxiForSureTest.HalfDayOrFullDayTest(TaxiForSureTest.java:513)
... Removed 24 stack frames]]>
    </failure>
  </testcase> <!-- HalfDayOrFullDayTest -->
  <testcase name="HalfDayOrFullDayTest" time="62.791" classname="com.taxiforsure.testCases.TaxiForSureTest">
    <failure type="java.lang.AssertionError" message="Taxilist is missing ">
      <![CDATA[java.lang.AssertionError: Taxilist is missing 
	at org.hamcrest.MatcherAssert.assertThat(MatcherAssert.java:26)
	at com.taxiforsure.testCases.TaxiForSureTest.HalfDayOrFullDayTest(TaxiForSureTest.java:513)
... Removed 24 stack frames]]>
    </failure>
  </testcase> <!-- HalfDayOrFullDayTest -->
  <testcase name="HalfDayOrFullDayTest" time="61.288" classname="com.taxiforsure.testCases.TaxiForSureTest">
    <failure type="java.lang.AssertionError" message="Taxilist is missing ">
      <![CDATA[java.lang.AssertionError: Taxilist is missing 
	at org.hamcrest.MatcherAssert.assertThat(MatcherAssert.java:26)
	at com.taxiforsure.testCases.TaxiForSureTest.HalfDayOrFullDayTest(TaxiForSureTest.java:513)
... Removed 24 stack frames]]>
    </failure>
  </testcase> <!-- HalfDayOrFullDayTest -->
  <testcase name="cityCheckTest" time="1.197" classname="com.taxiforsure.testCases.TaxiForSureTest"/>
  <testcase name="fairChartTest" time="1.278" classname="com.taxiforsure.testCases.TaxiForSureTest"/>
</testsuite> <!-- TaxiForSureBookingsTest -->
