<?xml version="1.0" encoding="UTF-8"?>
<!-- Generated by org.testng.reporters.JUnitXMLReporter -->
<testsuite hostname="SABYA-TI8158" name="TaxiforsureTest" tests="17" failures="0" timestamp="5 Nov 2014 09:53:41 GMT" time="21.941" errors="0">
  <testcase name="@BeforeClass configBeforeClass" time="0.0" classname="com.taxiforsure.testCases.TaxiForSureTest">
    <failure type="org.openqa.selenium.NoSuchElementException" message="Unable to locate element: {&amp;quot;method&amp;quot;:&amp;quot;xpath&amp;quot;,&amp;quot;selector&amp;quot;:&amp;quot;//img[@alt=&amp;apos;Book a Taxi&amp;apos;]&amp;quot;}
Command duration or timeout: 47 milliseconds
For documentation on this error, please visit: http://seleniumhq.org/exceptions/no_such_element.html
Build info: version: &amp;apos;2.44.0&amp;apos;, revision: &amp;apos;76d78cf&amp;apos;, time: &amp;apos;2014-10-23 20:03:00&amp;apos;
System info: host: &amp;apos;SABYA-TI8158&amp;apos;, ip: &amp;apos;172.16.10.175&amp;apos;, os.name: &amp;apos;Windows 7&amp;apos;, os.arch: &amp;apos;x86&amp;apos;, os.version: &amp;apos;6.1&amp;apos;, java.version: &amp;apos;1.7.0_71&amp;apos;
Session ID: 4c4cc91a-6c4d-497e-afe0-15601686f426
Driver info: org.openqa.selenium.firefox.FirefoxDriver
Capabilities [{platform=WINDOWS, acceptSslCerts=true, javascriptEnabled=true, cssSelectorsEnabled=true, databaseEnabled=true, browserName=firefox, handlesAlerts=true, nativeEvents=true, webStorageEnabled=true, rotatable=false, locationContextEnabled=true, applicationCacheEnabled=true, takesScreenshot=true, version=33.0.2}]">
      <![CDATA[org.openqa.selenium.NoSuchElementException: Unable to locate element: {"method":"xpath","selector":"//img[@alt='Book a Taxi']"}
Command duration or timeout: 47 milliseconds
For documentation on this error, please visit: http://seleniumhq.org/exceptions/no_such_element.html
Build info: version: '2.44.0', revision: '76d78cf', time: '2014-10-23 20:03:00'
System info: host: 'SABYA-TI8158', ip: '172.16.10.175', os.name: 'Windows 7', os.arch: 'x86', os.version: '6.1', java.version: '1.7.0_71'
Session ID: 4c4cc91a-6c4d-497e-afe0-15601686f426
Driver info: org.openqa.selenium.firefox.FirefoxDriver
Capabilities [{platform=WINDOWS, acceptSslCerts=true, javascriptEnabled=true, cssSelectorsEnabled=true, databaseEnabled=true, browserName=firefox, handlesAlerts=true, nativeEvents=true, webStorageEnabled=true, rotatable=false, locationContextEnabled=true, applicationCacheEnabled=true, takesScreenshot=true, version=33.0.2}]
	at org.openqa.selenium.remote.ErrorHandler.createThrowable(ErrorHandler.java:204)
	at org.openqa.selenium.remote.ErrorHandler.throwIfResponseFailed(ErrorHandler.java:156)
	at org.openqa.selenium.remote.RemoteWebDriver.execute(RemoteWebDriver.java:599)
	at org.openqa.selenium.remote.RemoteWebDriver.findElement(RemoteWebDriver.java:352)
	at org.openqa.selenium.remote.RemoteWebDriver.findElementByXPath(RemoteWebDriver.java:449)
	at org.openqa.selenium.By$ByXPath.findElement(By.java:357)
	at org.openqa.selenium.remote.RemoteWebDriver.findElement(RemoteWebDriver.java:344)
	at org.openqa.selenium.support.pagefactory.DefaultElementLocator.findElement(DefaultElementLocator.java:59)
	at org.openqa.selenium.support.pagefactory.internal.LocatingElementHandler.invoke(LocatingElementHandler.java:37)
	at com.sun.proxy.$Proxy8.click(Unknown Source)
	at com.taxiforsure.testCases.TaxiForSureTest.configBeforeClass(TaxiForSureTest.java:104)
Caused by: org.openqa.selenium.NoSuchElementException: Unable to locate element: {"method":"xpath","selector":"//img[@alt='Book a Taxi']"}
For documentation on this error, please visit: http://seleniumhq.org/exceptions/no_such_element.html
Build info: version: '2.44.0', revision: '76d78cf', time: '2014-10-23 20:03:00'
System info: host: 'SABYA-TI8158', ip: '172.16.10.175', os.name: 'Windows 7', os.arch: 'x86', os.version: '6.1', java.version: '1.7.0_71'
Driver info: driver.version: unknown
	at <anonymous class>.FirefoxDriver.prototype.findElementInternal_(file:///C:/Users/SABYAS~1.MIS/AppData/Local/Temp/anonymous8910743203062570352webdriver-profile/extensions/fxdriver@googlecode.com/components/driver-component.js:9641:26)
	at <anonymous class>.FirefoxDriver.prototype.findElement(file:///C:/Users/SABYAS~1.MIS/AppData/Local/Temp/anonymous8910743203062570352webdriver-profile/extensions/fxdriver@googlecode.com/components/driver-component.js:9650:3)
	at <anonymous class>.DelayedCommand.prototype.executeInternal_/h(file:///C:/Users/SABYAS~1.MIS/AppData/Local/Temp/anonymous8910743203062570352webdriver-profile/extensions/fxdriver@googlecode.com/components/command-processor.js:11635:16)
	at <anonymous class>.DelayedCommand.prototype.executeInternal_(file:///C:/Users/SABYAS~1.MIS/AppData/Local/Temp/anonymous8910743203062570352webdriver-profile/extensions/fxdriver@googlecode.com/components/command-processor.js:11640:7)
	at <anonymous class>.DelayedCommand.prototype.execute/<(file:///C:/Users/SABYAS~1.MIS/AppData/Local/Temp/anonymous8910743203062570352webdriver-profile/extensions/fxdriver@googlecode.com/components/command-processor.js:11582:5)
... Removed 28 stack frames]]>
    </failure>
  </testcase> <!-- @BeforeClass configBeforeClass -->
  <testcase name="@AfterClass showBookings" time="0.0" classname="com.taxiforsure.testCases.TaxiForSureTest">
    <skipped/>
  </testcase> <!-- @AfterClass showBookings -->
  <testcase name="pointToPointBookingTest" time="0.0" classname="com.taxiforsure.testCases.TaxiForSureTest">
    <skipped/>
  </testcase> <!-- pointToPointBookingTest -->
  <testcase name="pointToPointBookingTest" time="0.0" classname="com.taxiforsure.testCases.TaxiForSureTest">
    <skipped/>
  </testcase> <!-- pointToPointBookingTest -->
  <testcase name="pointToPointBookingTest" time="0.016" classname="com.taxiforsure.testCases.TaxiForSureTest">
    <skipped/>
  </testcase> <!-- pointToPointBookingTest -->
  <testcase name="pointToPointBookingTest" time="0.0" classname="com.taxiforsure.testCases.TaxiForSureTest">
    <skipped/>
  </testcase> <!-- pointToPointBookingTest -->
  <testcase name="goToAirportTest" time="0.0" classname="com.taxiforsure.testCases.TaxiForSureTest">
    <skipped/>
  </testcase> <!-- goToAirportTest -->
  <testcase name="goToAirportTest" time="0.0" classname="com.taxiforsure.testCases.TaxiForSureTest">
    <skipped/>
  </testcase> <!-- goToAirportTest -->
  <testcase name="goToAirportTest" time="0.016" classname="com.taxiforsure.testCases.TaxiForSureTest">
    <skipped/>
  </testcase> <!-- goToAirportTest -->
  <testcase name="goToAirportTest" time="0.0" classname="com.taxiforsure.testCases.TaxiForSureTest">
    <skipped/>
  </testcase> <!-- goToAirportTest -->
  <testcase name="commingFromAirportTest" time="0.0" classname="com.taxiforsure.testCases.TaxiForSureTest">
    <skipped/>
  </testcase> <!-- commingFromAirportTest -->
  <testcase name="commingFromAirportTest" time="0.0" classname="com.taxiforsure.testCases.TaxiForSureTest">
    <skipped/>
  </testcase> <!-- commingFromAirportTest -->
  <testcase name="commingFromAirportTest" time="0.0" classname="com.taxiforsure.testCases.TaxiForSureTest">
    <skipped/>
  </testcase> <!-- commingFromAirportTest -->
  <testcase name="commingFromAirportTest" time="0.0" classname="com.taxiforsure.testCases.TaxiForSureTest">
    <skipped/>
  </testcase> <!-- commingFromAirportTest -->
  <testcase name="HalfDayOrFullDayTest" time="0.0" classname="com.taxiforsure.testCases.TaxiForSureTest">
    <skipped/>
  </testcase> <!-- HalfDayOrFullDayTest -->
  <testcase name="HalfDayOrFullDayTest" time="0.0" classname="com.taxiforsure.testCases.TaxiForSureTest">
    <skipped/>
  </testcase> <!-- HalfDayOrFullDayTest -->
  <testcase name="HalfDayOrFullDayTest" time="0.0" classname="com.taxiforsure.testCases.TaxiForSureTest">
    <skipped/>
  </testcase> <!-- HalfDayOrFullDayTest -->
  <testcase name="HalfDayOrFullDayTest" time="0.0" classname="com.taxiforsure.testCases.TaxiForSureTest">
    <skipped/>
  </testcase> <!-- HalfDayOrFullDayTest -->
  <testcase name="outstationBookingTest" time="0.062" classname="com.taxiforsure.testCases.TaxiForSureTest">
    <skipped/>
  </testcase> <!-- outstationBookingTest -->
</testsuite> <!-- TaxiforsureTest -->
