<?xml version="1.0" encoding="UTF-8"?>
<!-- Generated by org.testng.reporters.JUnitXMLReporter -->
<testsuite hostname="SABYA-TI8237" name="Test" tests="2" failures="1" timestamp="10 Oct 2014 04:28:01 GMT" time="185.933" errors="0">
  <testcase name="outstationBookingTest" time="79.017" classname="com.taxiforsure.testCases.TaxiForSureTest">
    <failure type="org.openqa.selenium.NoSuchElementException" message="Unable to locate element: {&amp;quot;method&amp;quot;:&amp;quot;xpath&amp;quot;,&amp;quot;selector&amp;quot;:&amp;quot;//div[@class=&amp;apos;cchalf&amp;apos;]/h3&amp;quot;}
Command duration or timeout: 20.11 seconds
For documentation on this error, please visit: http://seleniumhq.org/exceptions/no_such_element.html
Build info: version: &amp;apos;2.42.2&amp;apos;, revision: &amp;apos;6a6995d&amp;apos;, time: &amp;apos;2014-06-03 17:42:30&amp;apos;
System info: host: &amp;apos;SABYA-TI8237&amp;apos;, ip: &amp;apos;172.16.10.211&amp;apos;, os.name: &amp;apos;Windows 7&amp;apos;, os.arch: &amp;apos;x86&amp;apos;, os.version: &amp;apos;6.1&amp;apos;, java.version: &amp;apos;1.7.0_03&amp;apos;
Session ID: 57c4053c-fbc0-4571-81ad-7eb33db8d4c5
Driver info: org.openqa.selenium.firefox.FirefoxDriver
Capabilities [{platform=XP, acceptSslCerts=true, javascriptEnabled=true, browserName=firefox, rotatable=false, locationContextEnabled=true, version=31.0, cssSelectorsEnabled=true, databaseEnabled=true, handlesAlerts=true, nativeEvents=false, webStorageEnabled=true, applicationCacheEnabled=true, takesScreenshot=true}]">
      <![CDATA[org.openqa.selenium.NoSuchElementException: Unable to locate element: {"method":"xpath","selector":"//div[@class='cchalf']/h3"}
Command duration or timeout: 20.11 seconds
For documentation on this error, please visit: http://seleniumhq.org/exceptions/no_such_element.html
Build info: version: '2.42.2', revision: '6a6995d', time: '2014-06-03 17:42:30'
System info: host: 'SABYA-TI8237', ip: '172.16.10.211', os.name: 'Windows 7', os.arch: 'x86', os.version: '6.1', java.version: '1.7.0_03'
Session ID: 57c4053c-fbc0-4571-81ad-7eb33db8d4c5
Driver info: org.openqa.selenium.firefox.FirefoxDriver
Capabilities [{platform=XP, acceptSslCerts=true, javascriptEnabled=true, browserName=firefox, rotatable=false, locationContextEnabled=true, version=31.0, cssSelectorsEnabled=true, databaseEnabled=true, handlesAlerts=true, nativeEvents=false, webStorageEnabled=true, applicationCacheEnabled=true, takesScreenshot=true}]
	at org.openqa.selenium.remote.ErrorHandler.createThrowable(ErrorHandler.java:204)
	at org.openqa.selenium.remote.ErrorHandler.throwIfResponseFailed(ErrorHandler.java:156)
	at org.openqa.selenium.remote.RemoteWebDriver.execute(RemoteWebDriver.java:599)
	at org.openqa.selenium.remote.RemoteWebDriver.findElement(RemoteWebDriver.java:352)
	at org.openqa.selenium.remote.RemoteWebDriver.findElementByXPath(RemoteWebDriver.java:449)
	at org.openqa.selenium.By$ByXPath.findElement(By.java:357)
	at org.openqa.selenium.remote.RemoteWebDriver.findElement(RemoteWebDriver.java:344)
	at org.openqa.selenium.support.pagefactory.DefaultElementLocator.findElement(DefaultElementLocator.java:59)
	at org.openqa.selenium.support.pagefactory.internal.LocatingElementHandler.invoke(LocatingElementHandler.java:34)
	at $Proxy12.getText(Unknown Source)
	at com.taxiforsure.projectCommonLib.ProjectCommonUtils.checkBookConfirm(ProjectCommonUtils.java:411)
	at com.taxiforsure.testCases.TaxiForSureTest.outstationBookingTest(TaxiForSureTest.java:802)
Caused by: org.openqa.selenium.remote.ErrorHandler$UnknownServerException: Unable to locate element: {"method":"xpath","selector":"//div[@class='cchalf']/h3"}
Build info: version: '2.42.2', revision: '6a6995d', time: '2014-06-03 17:42:30'
System info: host: 'SABYA-TI8237', ip: '172.16.10.211', os.name: 'Windows 7', os.arch: 'x86', os.version: '6.1', java.version: '1.7.0_03'
Driver info: driver.version: unknown
	at <anonymous class>.FirefoxDriver.prototype.findElementInternal_(file:///C:/Users/SABYAS~1.MIS/AppData/Local/Temp/anonymous8063490269582787276webdriver-profile/extensions/fxdriver@googlecode.com/components/driver_component.js:9470:133)
	at <anonymous class>.fxdriver.Timer.prototype.setTimeout/<.notify(file:///C:/Users/SABYAS~1.MIS/AppData/Local/Temp/anonymous8063490269582787276webdriver-profile/extensions/fxdriver@googlecode.com/components/driver_component.js:407:5)
... Removed 28 stack frames]]>
    </failure>
  </testcase> <!-- outstationBookingTest -->
  <testcase name="outstationBookingTest" time="62.906" classname="com.taxiforsure.testCases.TaxiForSureTest"/>
</testsuite> <!-- Test -->
